Trial No: 9
SLP Heuristic XorCount: 13, Depth: 3
, XOR2: 0, XOR3: 2, XOR4: 11
SLP Heuristic XorCost ASIC1: 61.5
SLP Heuristic XorCost ASIC2: 67.93
SLP Heuristic XorCost ASIC3: 77.15
SLP Heuristic XorCost ASIC4: 75.21
Timestamp: 06-02-2023 12-07-01
y02 = x01 + x02 + x04 + x11 (1) 
y03 = x00 + x07 + x09 + x11 (1) 
y10 = x00 + x05 + x08 + x11 (1) 
t03 = x05 + x06 + x09 + x10 (1) 
y00 = x03 + y02 + y10 + t03 (2) 
y04 = x02 + x08 + t03 (2) 
y05 = x04 + x10 + y02 + t03 (2) 
y06 = x11 + y03 + y10 + t03 (2) 
y07 = x00 + x03 + x11 + t03 (2) 
y01 = x00 + x07 + y05 + y07 (3) 
y08 = x01 + x07 + y04 + y07 (3) 
y09 = x01 + x03 + x10 + y00 (3) 
y11 = x03 + y02 + y04 (3) 
Row: 
10 3 1 7 11 6 0 2 9 4 5 8 
Col: 
7 1 6 3 10 11 4 9 0 2 8 5 

Trial No: 33
SLP Heuristic XorCount: 13, Depth: 3
, XOR2: 0, XOR3: 2, XOR4: 11
SLP Heuristic XorCost ASIC1: 61.5
SLP Heuristic XorCost ASIC2: 67.93
SLP Heuristic XorCost ASIC3: 77.15
SLP Heuristic XorCost ASIC4: 75.21
Timestamp: 06-02-2023 12-07-01
y02 = x01 + x02 + x04 + x11 (1) 
y03 = x00 + x07 + x09 + x11 (1) 
y10 = x00 + x05 + x08 + x11 (1) 
t03 = x05 + x06 + x09 + x10 (1) 
y00 = x03 + y02 + y10 + t03 (2) 
y04 = x02 + x08 + t03 (2) 
y05 = x04 + x10 + y02 + t03 (2) 
y06 = x11 + y03 + y10 + t03 (2) 
y07 = x00 + x03 + x11 + t03 (2) 
y01 = x00 + x07 + y05 + y07 (3) 
y08 = x01 + x07 + y04 + y07 (3) 
y09 = x01 + x03 + x10 + y00 (3) 
y11 = x03 + y02 + y04 (3) 
Row: 
10 3 1 7 11 6 0 2 9 4 5 8 
Col: 
7 1 6 3 10 11 4 9 0 2 8 5 

Trial No: 57
SLP Heuristic XorCount: 13, Depth: 3
, XOR2: 0, XOR3: 2, XOR4: 11
SLP Heuristic XorCost ASIC1: 61.5
SLP Heuristic XorCost ASIC2: 67.93
SLP Heuristic XorCost ASIC3: 77.15
SLP Heuristic XorCost ASIC4: 75.21
Timestamp: 06-02-2023 12-07-01
y02 = x01 + x02 + x04 + x11 (1) 
y03 = x00 + x07 + x09 + x11 (1) 
y10 = x00 + x05 + x08 + x11 (1) 
t03 = x05 + x06 + x09 + x10 (1) 
y00 = x03 + y02 + y10 + t03 (2) 
y04 = x02 + x08 + t03 (2) 
y05 = x04 + x10 + y02 + t03 (2) 
y06 = x11 + y03 + y10 + t03 (2) 
y07 = x00 + x03 + x11 + t03 (2) 
y01 = x00 + x07 + y05 + y07 (3) 
y08 = x01 + x07 + y04 + y07 (3) 
y09 = x01 + x03 + x10 + y00 (3) 
y11 = x03 + y02 + y04 (3) 
Row: 
10 3 1 7 11 6 0 2 9 4 5 8 
Col: 
7 1 6 3 10 11 4 9 0 2 8 5 

Trial No: 81
SLP Heuristic XorCount: 13, Depth: 3
, XOR2: 0, XOR3: 2, XOR4: 11
SLP Heuristic XorCost ASIC1: 61.5
SLP Heuristic XorCost ASIC2: 67.93
SLP Heuristic XorCost ASIC3: 77.15
SLP Heuristic XorCost ASIC4: 75.21
Timestamp: 06-02-2023 12-07-01
y02 = x01 + x02 + x04 + x11 (1) 
y03 = x00 + x07 + x09 + x11 (1) 
y10 = x00 + x05 + x08 + x11 (1) 
t03 = x05 + x06 + x09 + x10 (1) 
y00 = x03 + y02 + y10 + t03 (2) 
y04 = x02 + x08 + t03 (2) 
y05 = x04 + x10 + y02 + t03 (2) 
y06 = x11 + y03 + y10 + t03 (2) 
y07 = x00 + x03 + x11 + t03 (2) 
y01 = x00 + x07 + y05 + y07 (3) 
y08 = x01 + x07 + y04 + y07 (3) 
y09 = x01 + x03 + x10 + y00 (3) 
y11 = x03 + y02 + y04 (3) 
Row: 
10 3 1 7 11 6 0 2 9 4 5 8 
Col: 
7 1 6 3 10 11 4 9 0 2 8 5 

Trial No: 105
SLP Heuristic XorCount: 13, Depth: 3
, XOR2: 0, XOR3: 2, XOR4: 11
SLP Heuristic XorCost ASIC1: 61.5
SLP Heuristic XorCost ASIC2: 67.93
SLP Heuristic XorCost ASIC3: 77.15
SLP Heuristic XorCost ASIC4: 75.21
Timestamp: 06-02-2023 12-07-01
y02 = x01 + x02 + x04 + x11 (1) 
y03 = x00 + x07 + x09 + x11 (1) 
y10 = x00 + x05 + x08 + x11 (1) 
t03 = x05 + x06 + x09 + x10 (1) 
y00 = x03 + y02 + y10 + t03 (2) 
y04 = x02 + x08 + t03 (2) 
y05 = x04 + x10 + y02 + t03 (2) 
y06 = x11 + y03 + y10 + t03 (2) 
y07 = x00 + x03 + x11 + t03 (2) 
y01 = x00 + x07 + y05 + y07 (3) 
y08 = x01 + x07 + y04 + y07 (3) 
y09 = x01 + x03 + x10 + y00 (3) 
y11 = x03 + y02 + y04 (3) 
Row: 
10 3 1 7 11 6 0 2 9 4 5 8 
Col: 
7 1 6 3 10 11 4 9 0 2 8 5 

Trial No: 129
SLP Heuristic XorCount: 13, Depth: 3
, XOR2: 0, XOR3: 2, XOR4: 11
SLP Heuristic XorCost ASIC1: 61.5
SLP Heuristic XorCost ASIC2: 67.93
SLP Heuristic XorCost ASIC3: 77.15
SLP Heuristic XorCost ASIC4: 75.21
Timestamp: 06-02-2023 12-07-01
y02 = x01 + x02 + x04 + x11 (1) 
y03 = x00 + x07 + x09 + x11 (1) 
y10 = x00 + x05 + x08 + x11 (1) 
t03 = x05 + x06 + x09 + x10 (1) 
y00 = x03 + y02 + y10 + t03 (2) 
y04 = x02 + x08 + t03 (2) 
y05 = x04 + x10 + y02 + t03 (2) 
y06 = x11 + y03 + y10 + t03 (2) 
y07 = x00 + x03 + x11 + t03 (2) 
y01 = x00 + x07 + y05 + y07 (3) 
y08 = x01 + x07 + y04 + y07 (3) 
y09 = x01 + x03 + x10 + y00 (3) 
y11 = x03 + y02 + y04 (3) 
Row: 
10 3 1 7 11 6 0 2 9 4 5 8 
Col: 
7 1 6 3 10 11 4 9 0 2 8 5 

Trial No: 153
SLP Heuristic XorCount: 13, Depth: 3
, XOR2: 0, XOR3: 2, XOR4: 11
SLP Heuristic XorCost ASIC1: 61.5
SLP Heuristic XorCost ASIC2: 67.93
SLP Heuristic XorCost ASIC3: 77.15
SLP Heuristic XorCost ASIC4: 75.21
Timestamp: 06-02-2023 12-07-01
y02 = x01 + x02 + x04 + x11 (1) 
y03 = x00 + x07 + x09 + x11 (1) 
y10 = x00 + x05 + x08 + x11 (1) 
t03 = x05 + x06 + x09 + x10 (1) 
y00 = x03 + y02 + y10 + t03 (2) 
y04 = x02 + x08 + t03 (2) 
y05 = x04 + x10 + y02 + t03 (2) 
y06 = x11 + y03 + y10 + t03 (2) 
y07 = x00 + x03 + x11 + t03 (2) 
y01 = x00 + x07 + y05 + y07 (3) 
y08 = x01 + x07 + y04 + y07 (3) 
y09 = x01 + x03 + x10 + y00 (3) 
y11 = x03 + y02 + y04 (3) 
Row: 
10 3 1 7 11 6 0 2 9 4 5 8 
Col: 
7 1 6 3 10 11 4 9 0 2 8 5 

Trial No: 177
SLP Heuristic XorCount: 13, Depth: 3
, XOR2: 0, XOR3: 2, XOR4: 11
SLP Heuristic XorCost ASIC1: 61.5
SLP Heuristic XorCost ASIC2: 67.93
SLP Heuristic XorCost ASIC3: 77.15
SLP Heuristic XorCost ASIC4: 75.21
Timestamp: 06-02-2023 12-07-01
y02 = x01 + x02 + x04 + x11 (1) 
y03 = x00 + x07 + x09 + x11 (1) 
y10 = x00 + x05 + x08 + x11 (1) 
t03 = x05 + x06 + x09 + x10 (1) 
y00 = x03 + y02 + y10 + t03 (2) 
y04 = x02 + x08 + t03 (2) 
y05 = x04 + x10 + y02 + t03 (2) 
y06 = x11 + y03 + y10 + t03 (2) 
y07 = x00 + x03 + x11 + t03 (2) 
y01 = x00 + x07 + y05 + y07 (3) 
y08 = x01 + x07 + y04 + y07 (3) 
y09 = x01 + x03 + x10 + y00 (3) 
y11 = x03 + y02 + y04 (3) 
Row: 
10 3 1 7 11 6 0 2 9 4 5 8 
Col: 
7 1 6 3 10 11 4 9 0 2 8 5 

Trial No: 201
SLP Heuristic XorCount: 13, Depth: 3
, XOR2: 0, XOR3: 2, XOR4: 11
SLP Heuristic XorCost ASIC1: 61.5
SLP Heuristic XorCost ASIC2: 67.93
SLP Heuristic XorCost ASIC3: 77.15
SLP Heuristic XorCost ASIC4: 75.21
Timestamp: 06-02-2023 12-07-01
y02 = x01 + x02 + x04 + x11 (1) 
y03 = x00 + x07 + x09 + x11 (1) 
y10 = x00 + x05 + x08 + x11 (1) 
t03 = x05 + x06 + x09 + x10 (1) 
y00 = x03 + y02 + y10 + t03 (2) 
y04 = x02 + x08 + t03 (2) 
y05 = x04 + x10 + y02 + t03 (2) 
y06 = x11 + y03 + y10 + t03 (2) 
y07 = x00 + x03 + x11 + t03 (2) 
y01 = x00 + x07 + y05 + y07 (3) 
y08 = x01 + x07 + y04 + y07 (3) 
y09 = x01 + x03 + x10 + y00 (3) 
y11 = x03 + y02 + y04 (3) 
Row: 
10 3 1 7 11 6 0 2 9 4 5 8 
Col: 
7 1 6 3 10 11 4 9 0 2 8 5 

Trial No: 225
SLP Heuristic XorCount: 13, Depth: 3
, XOR2: 0, XOR3: 2, XOR4: 11
SLP Heuristic XorCost ASIC1: 61.5
SLP Heuristic XorCost ASIC2: 67.93
SLP Heuristic XorCost ASIC3: 77.15
SLP Heuristic XorCost ASIC4: 75.21
Timestamp: 06-02-2023 12-07-01
y02 = x01 + x02 + x04 + x11 (1) 
y03 = x00 + x07 + x09 + x11 (1) 
y10 = x00 + x05 + x08 + x11 (1) 
t03 = x05 + x06 + x09 + x10 (1) 
y00 = x03 + y02 + y10 + t03 (2) 
y04 = x02 + x08 + t03 (2) 
y05 = x04 + x10 + y02 + t03 (2) 
y06 = x11 + y03 + y10 + t03 (2) 
y07 = x00 + x03 + x11 + t03 (2) 
y01 = x00 + x07 + y05 + y07 (3) 
y08 = x01 + x07 + y04 + y07 (3) 
y09 = x01 + x03 + x10 + y00 (3) 
y11 = x03 + y02 + y04 (3) 
Row: 
10 3 1 7 11 6 0 2 9 4 5 8 
Col: 
7 1 6 3 10 11 4 9 0 2 8 5 

Trial No: 249
SLP Heuristic XorCount: 13, Depth: 3
, XOR2: 0, XOR3: 2, XOR4: 11
SLP Heuristic XorCost ASIC1: 61.5
SLP Heuristic XorCost ASIC2: 67.93
SLP Heuristic XorCost ASIC3: 77.15
SLP Heuristic XorCost ASIC4: 75.21
Timestamp: 06-02-2023 12-07-01
y02 = x01 + x02 + x04 + x11 (1) 
y03 = x00 + x07 + x09 + x11 (1) 
y10 = x00 + x05 + x08 + x11 (1) 
t03 = x05 + x06 + x09 + x10 (1) 
y00 = x03 + y02 + y10 + t03 (2) 
y04 = x02 + x08 + t03 (2) 
y05 = x04 + x10 + y02 + t03 (2) 
y06 = x11 + y03 + y10 + t03 (2) 
y07 = x00 + x03 + x11 + t03 (2) 
y01 = x00 + x07 + y05 + y07 (3) 
y08 = x01 + x07 + y04 + y07 (3) 
y09 = x01 + x03 + x10 + y00 (3) 
y11 = x03 + y02 + y04 (3) 
Row: 
10 3 1 7 11 6 0 2 9 4 5 8 
Col: 
7 1 6 3 10 11 4 9 0 2 8 5 

Trial No: 273
SLP Heuristic XorCount: 13, Depth: 3
, XOR2: 0, XOR3: 2, XOR4: 11
SLP Heuristic XorCost ASIC1: 61.5
SLP Heuristic XorCost ASIC2: 67.93
SLP Heuristic XorCost ASIC3: 77.15
SLP Heuristic XorCost ASIC4: 75.21
Timestamp: 06-02-2023 12-07-01
y02 = x01 + x02 + x04 + x11 (1) 
y03 = x00 + x07 + x09 + x11 (1) 
y10 = x00 + x05 + x08 + x11 (1) 
t03 = x05 + x06 + x09 + x10 (1) 
y00 = x03 + y02 + y10 + t03 (2) 
y04 = x02 + x08 + t03 (2) 
y05 = x04 + x10 + y02 + t03 (2) 
y06 = x11 + y03 + y10 + t03 (2) 
y07 = x00 + x03 + x11 + t03 (2) 
y01 = x00 + x07 + y05 + y07 (3) 
y08 = x01 + x07 + y04 + y07 (3) 
y09 = x01 + x03 + x10 + y00 (3) 
y11 = x03 + y02 + y04 (3) 
Row: 
10 3 1 7 11 6 0 2 9 4 5 8 
Col: 
7 1 6 3 10 11 4 9 0 2 8 5 

Trial No: 297
SLP Heuristic XorCount: 13, Depth: 3
, XOR2: 0, XOR3: 2, XOR4: 11
SLP Heuristic XorCost ASIC1: 61.5
SLP Heuristic XorCost ASIC2: 67.93
SLP Heuristic XorCost ASIC3: 77.15
SLP Heuristic XorCost ASIC4: 75.21
Timestamp: 06-02-2023 12-07-01
y02 = x01 + x02 + x04 + x11 (1) 
y03 = x00 + x07 + x09 + x11 (1) 
y10 = x00 + x05 + x08 + x11 (1) 
t03 = x05 + x06 + x09 + x10 (1) 
y00 = x03 + y02 + y10 + t03 (2) 
y04 = x02 + x08 + t03 (2) 
y05 = x04 + x10 + y02 + t03 (2) 
y06 = x11 + y03 + y10 + t03 (2) 
y07 = x00 + x03 + x11 + t03 (2) 
y01 = x00 + x07 + y05 + y07 (3) 
y08 = x01 + x07 + y04 + y07 (3) 
y09 = x01 + x03 + x10 + y00 (3) 
y11 = x03 + y02 + y04 (3) 
Row: 
10 3 1 7 11 6 0 2 9 4 5 8 
Col: 
7 1 6 3 10 11 4 9 0 2 8 5 

Trial No: 321
SLP Heuristic XorCount: 13, Depth: 3
, XOR2: 0, XOR3: 2, XOR4: 11
SLP Heuristic XorCost ASIC1: 61.5
SLP Heuristic XorCost ASIC2: 67.93
SLP Heuristic XorCost ASIC3: 77.15
SLP Heuristic XorCost ASIC4: 75.21
Timestamp: 06-02-2023 12-07-01
y02 = x01 + x02 + x04 + x11 (1) 
y03 = x00 + x07 + x09 + x11 (1) 
y10 = x00 + x05 + x08 + x11 (1) 
t03 = x05 + x06 + x09 + x10 (1) 
y00 = x03 + y02 + y10 + t03 (2) 
y04 = x02 + x08 + t03 (2) 
y05 = x04 + x10 + y02 + t03 (2) 
y06 = x11 + y03 + y10 + t03 (2) 
y07 = x00 + x03 + x11 + t03 (2) 
y01 = x00 + x07 + y05 + y07 (3) 
y08 = x01 + x07 + y04 + y07 (3) 
y09 = x01 + x03 + x10 + y00 (3) 
y11 = x03 + y02 + y04 (3) 
Row: 
10 3 1 7 11 6 0 2 9 4 5 8 
Col: 
7 1 6 3 10 11 4 9 0 2 8 5 

Trial No: 351
SLP Heuristic XorCount: 13, Depth: 3
, XOR2: 0, XOR3: 2, XOR4: 11
SLP Heuristic XorCost ASIC1: 61.5
SLP Heuristic XorCost ASIC2: 67.93
SLP Heuristic XorCost ASIC3: 77.15
SLP Heuristic XorCost ASIC4: 75.21
Timestamp: 06-02-2023 12-07-02
y01 = x03 + x07 + x08 + x11 (1) 
y04 = x01 + x04 + x07 + x08 (1) 
y09 = x02 + x05 + x07 + x10 (1) 
t03 = x03 + x04 + x06 + x09 (1) 
y02 = x05 + x11 + t03 (2) 
y03 = x00 + x07 + x08 + t03 (2) 
y05 = x02 + x06 + y09 + t03 (2) 
y00 = x01 + x08 + y03 + y05 (3) 
y06 = x07 + y01 + y04 + t03 (2) 
y07 = x00 + y09 + y02 (3) 
y08 = x00 + y01 + y09 + t03 (2) 
y10 = x00 + x06 + x10 + y08 (3) 
y11 = x01 + x10 + y02 + y03 (3) 
Row: 
3 5 11 2 7 6 0 8 10 1 4 9 
Col: 
3 9 10 11 2 6 8 5 7 4 1 0 

Trial No: 384
SLP Heuristic XorCount: 13, Depth: 3
, XOR2: 0, XOR3: 2, XOR4: 11
SLP Heuristic XorCost ASIC1: 61.5
SLP Heuristic XorCost ASIC2: 67.93
SLP Heuristic XorCost ASIC3: 77.15
SLP Heuristic XorCost ASIC4: 75.21
Timestamp: 06-02-2023 12-07-02
y01 = x03 + x05 + x07 + x11 (1) 
y04 = x05 + x07 + x09 + x10 (1) 
y09 = x02 + x04 + x05 + x06 (1) 
t03 = x01 + x03 + x08 + x09 (1) 
y02 = x06 + x11 + t03 (2) 
y03 = x00 + x05 + x07 + t03 (2) 
y05 = x04 + x08 + y09 + t03 (2) 
y00 = x07 + x10 + y03 + y05 (3) 
y06 = x05 + y01 + y04 + t03 (2) 
y07 = x00 + y09 + y02 (3) 
y08 = x00 + y01 + y09 + t03 (2) 
y10 = x00 + x02 + x08 + y08 (3) 
y11 = x01 + y03 + y05 + y06 (3) 
Row: 
3 5 11 2 7 6 0 8 10 1 4 9 
Col: 
3 4 1 11 10 5 6 7 8 2 9 0 

Trial No: 417
SLP Heuristic XorCount: 13, Depth: 3
, XOR2: 0, XOR3: 2, XOR4: 11
SLP Heuristic XorCost ASIC1: 61.5
SLP Heuristic XorCost ASIC2: 67.93
SLP Heuristic XorCost ASIC3: 77.15
SLP Heuristic XorCost ASIC4: 75.21
Timestamp: 06-02-2023 12-07-02
y01 = x03 + x05 + x06 + x11 (1) 
y04 = x01 + x02 + x05 + x06 (1) 
y09 = x04 + x06 + x08 + x09 (1) 
t03 = x01 + x03 + x07 + x10 (1) 
y02 = x08 + x11 + t03 (2) 
y03 = x00 + x05 + x06 + t03 (2) 
y05 = x07 + x09 + y09 + t03 (2) 
y00 = x02 + x05 + y03 + y05 (3) 
y06 = x06 + y01 + y04 + t03 (2) 
y07 = x00 + y09 + y02 (3) 
y08 = x00 + y01 + y09 + t03 (2) 
y10 = x00 + x04 + x07 + y08 (3) 
y11 = x02 + x04 + y02 + y03 (3) 
Row: 
3 5 11 2 7 6 0 8 10 1 4 9 
Col: 
3 2 9 11 1 7 5 8 6 10 4 0 

Trial No: 426
SLP Heuristic XorCount: 13, Depth: 3
, XOR2: 0, XOR3: 2, XOR4: 11
SLP Heuristic XorCost ASIC1: 61.5
SLP Heuristic XorCost ASIC2: 67.93
SLP Heuristic XorCost ASIC3: 77.15
SLP Heuristic XorCost ASIC4: 75.21
Timestamp: 06-02-2023 12-07-02
y01 = x02 + x07 + x08 + x10 (1) 
y02 = x03 + x06 + x08 + x11 (1) 
y09 = x01 + x04 + x06 + x08 (1) 
t03 = x03 + x04 + x05 + x09 (1) 
y00 = x07 + x11 + t03 (2) 
y04 = x02 + x05 + y01 + t03 (2) 
y05 = x00 + x06 + x08 + t03 (2) 
y03 = x01 + x10 + y00 + y05 (3) 
y06 = x00 + y01 + y02 + t03 (2) 
y07 = x00 + y01 + y00 (3) 
y08 = x01 + x06 + y04 + y05 (3) 
y10 = x08 + y02 + y09 + t03 (2) 
y11 = x00 + x05 + x10 + y06 (3) 
Row: 
11 1 5 9 6 2 10 8 3 7 0 4 
Col: 
3 9 10 11 2 8 7 6 5 4 1 0 

Trial No: 450
SLP Heuristic XorCount: 13, Depth: 3
, XOR2: 0, XOR3: 2, XOR4: 11
SLP Heuristic XorCost ASIC1: 61.5
SLP Heuristic XorCost ASIC2: 67.93
SLP Heuristic XorCost ASIC3: 77.15
SLP Heuristic XorCost ASIC4: 75.21
Timestamp: 06-02-2023 12-07-02
y01 = x03 + x06 + x08 + x11 (1) 
y04 = x04 + x06 + x08 + x10 (1) 
y09 = x01 + x07 + x08 + x09 (1) 
t03 = x02 + x03 + x05 + x10 (1) 
y02 = x07 + x11 + t03 (2) 
y03 = x00 + x06 + x08 + t03 (2) 
y05 = x01 + x05 + y09 + t03 (2) 
y00 = x04 + x06 + y03 + y05 (3) 
y06 = x08 + y01 + y04 + t03 (2) 
y07 = x00 + y09 + y02 (3) 
y08 = x00 + y01 + y09 + t03 (2) 
y10 = x00 + x05 + x09 + y08 (3) 
y11 = x02 + y03 + y05 + y06 (3) 
Row: 
3 5 11 2 7 6 0 8 10 1 4 9 
Col: 
3 10 4 11 9 8 7 6 5 1 2 0 

Trial No: 483
SLP Heuristic XorCount: 13, Depth: 3
, XOR2: 0, XOR3: 2, XOR4: 11
SLP Heuristic XorCost ASIC1: 61.5
SLP Heuristic XorCost ASIC2: 67.93
SLP Heuristic XorCost ASIC3: 77.15
SLP Heuristic XorCost ASIC4: 75.21
Timestamp: 06-02-2023 12-07-02
y01 = x03 + x07 + x08 + x11 (1) 
y04 = x02 + x07 + x08 + x09 (1) 
y09 = x01 + x05 + x07 + x10 (1) 
t03 = x02 + x03 + x04 + x06 (1) 
y02 = x05 + x11 + t03 (2) 
y03 = x00 + x07 + x08 + t03 (2) 
y05 = x06 + x10 + y09 + t03 (2) 
y00 = x08 + x09 + y03 + y05 (3) 
y06 = x07 + y01 + y04 + t03 (2) 
y07 = x00 + y09 + y02 (3) 
y08 = x00 + y01 + y09 + t03 (2) 
y10 = x00 + x01 + x06 + y08 (3) 
y11 = x01 + x09 + y02 + y03 (3) 
Row: 
3 5 11 2 7 6 0 8 10 1 4 9 
Col: 
3 1 2 11 4 6 8 5 7 9 10 0 

Trial No: 492
SLP Heuristic XorCount: 13, Depth: 3
, XOR2: 0, XOR3: 2, XOR4: 11
SLP Heuristic XorCost ASIC1: 61.5
SLP Heuristic XorCost ASIC2: 67.93
SLP Heuristic XorCost ASIC3: 77.15
SLP Heuristic XorCost ASIC4: 75.21
Timestamp: 06-02-2023 12-07-02
y01 = x04 + x05 + x06 + x09 (1) 
y02 = x03 + x05 + x07 + x11 (1) 
y09 = x01 + x02 + x05 + x07 (1) 
t03 = x01 + x03 + x08 + x10 (1) 
y00 = x06 + x11 + t03 (2) 
y04 = x08 + x09 + y01 + t03 (2) 
y05 = x00 + x05 + x07 + t03 (2) 
y03 = x02 + x04 + y00 + y05 (3) 
y06 = x00 + y01 + y02 + t03 (2) 
y07 = x00 + y01 + y00 (3) 
y08 = x02 + x07 + y04 + y05 (3) 
y10 = x05 + y02 + y09 + t03 (2) 
y11 = x00 + x04 + x08 + y06 (3) 
Row: 
11 1 5 9 6 2 10 8 3 7 0 4 
Col: 
3 2 9 11 1 5 6 7 8 10 4 0 

