Trial No: 19
SLP Heuristic XorCount: 13, Depth: 3
, XOR2: 0, XOR3: 1, XOR4: 12
SLP Heuristic XorCost ASIC1: 63.25
SLP Heuristic XorCost ASIC2: 69.715
SLP Heuristic XorCost ASIC3: 79.2
SLP Heuristic XorCost ASIC4: 76.54
Timestamp: 06-02-2023 17-01-12
y00 = x02 + x05 + x06 + x10 (1) 
y08 = x01 + x04 + x06 + x07 (1) 
y11 = x00 + x01 + x06 + x09 (1) 
t03 = x00 + x03 + x07 + x08 (1) 
y01 = x06 + y08 + y11 + t03 (2) 
y02 = x03 + x10 + y00 + t03 (2) 
y03 = x11 + y00 + y08 + t03 (2) 
y04 = x01 + x06 + x11 + t03 (2) 
y05 = x02 + x04 + y08 + y03 (3) 
y06 = x02 + x04 + t03 (2) 
y07 = x05 + x09 + y04 + y06 (3) 
y09 = x03 + x05 + x11 + y03 (3) 
y10 = x01 + x09 + y02 + y04 (3) 
Row: 
4 3 6 10 5 8 11 9 2 1 0 7 
Col: 
5 7 6 8 3 4 2 11 1 9 10 0 

Trial No: 43
SLP Heuristic XorCount: 13, Depth: 3
, XOR2: 0, XOR3: 1, XOR4: 12
SLP Heuristic XorCost ASIC1: 63.25
SLP Heuristic XorCost ASIC2: 69.715
SLP Heuristic XorCost ASIC3: 79.2
SLP Heuristic XorCost ASIC4: 76.54
Timestamp: 06-02-2023 17-01-12
y00 = x02 + x05 + x06 + x10 (1) 
y08 = x01 + x04 + x06 + x07 (1) 
y11 = x00 + x01 + x06 + x09 (1) 
t03 = x00 + x03 + x07 + x08 (1) 
y01 = x06 + y08 + y11 + t03 (2) 
y02 = x03 + x10 + y00 + t03 (2) 
y03 = x11 + y00 + y08 + t03 (2) 
y04 = x01 + x06 + x11 + t03 (2) 
y05 = x02 + x04 + y08 + y03 (3) 
y06 = x02 + x04 + t03 (2) 
y07 = x05 + x09 + y04 + y06 (3) 
y09 = x03 + x05 + x11 + y03 (3) 
y10 = x01 + x09 + y02 + y04 (3) 
Row: 
4 3 6 10 5 8 11 9 2 1 0 7 
Col: 
5 7 6 8 3 4 2 11 1 9 10 0 

Trial No: 67
SLP Heuristic XorCount: 13, Depth: 3
, XOR2: 0, XOR3: 1, XOR4: 12
SLP Heuristic XorCost ASIC1: 63.25
SLP Heuristic XorCost ASIC2: 69.715
SLP Heuristic XorCost ASIC3: 79.2
SLP Heuristic XorCost ASIC4: 76.54
Timestamp: 06-02-2023 17-01-12
y00 = x02 + x05 + x06 + x10 (1) 
y08 = x01 + x04 + x06 + x07 (1) 
y11 = x00 + x01 + x06 + x09 (1) 
t03 = x00 + x03 + x07 + x08 (1) 
y01 = x06 + y08 + y11 + t03 (2) 
y02 = x03 + x10 + y00 + t03 (2) 
y03 = x11 + y00 + y08 + t03 (2) 
y04 = x01 + x06 + x11 + t03 (2) 
y05 = x02 + x04 + y08 + y03 (3) 
y06 = x02 + x04 + t03 (2) 
y07 = x05 + x09 + y04 + y06 (3) 
y09 = x03 + x05 + x11 + y03 (3) 
y10 = x01 + x09 + y02 + y04 (3) 
Row: 
4 3 6 10 5 8 11 9 2 1 0 7 
Col: 
5 7 6 8 3 4 2 11 1 9 10 0 

Trial No: 91
SLP Heuristic XorCount: 13, Depth: 3
, XOR2: 0, XOR3: 1, XOR4: 12
SLP Heuristic XorCost ASIC1: 63.25
SLP Heuristic XorCost ASIC2: 69.715
SLP Heuristic XorCost ASIC3: 79.2
SLP Heuristic XorCost ASIC4: 76.54
Timestamp: 06-02-2023 17-01-12
y00 = x02 + x05 + x06 + x10 (1) 
y08 = x01 + x04 + x06 + x07 (1) 
y11 = x00 + x01 + x06 + x09 (1) 
t03 = x00 + x03 + x07 + x08 (1) 
y01 = x06 + y08 + y11 + t03 (2) 
y02 = x03 + x10 + y00 + t03 (2) 
y03 = x11 + y00 + y08 + t03 (2) 
y04 = x01 + x06 + x11 + t03 (2) 
y05 = x02 + x04 + y08 + y03 (3) 
y06 = x02 + x04 + t03 (2) 
y07 = x05 + x09 + y04 + y06 (3) 
y09 = x03 + x05 + x11 + y03 (3) 
y10 = x01 + x09 + y02 + y04 (3) 
Row: 
4 3 6 10 5 8 11 9 2 1 0 7 
Col: 
5 7 6 8 3 4 2 11 1 9 10 0 

Trial No: 115
SLP Heuristic XorCount: 13, Depth: 3
, XOR2: 0, XOR3: 1, XOR4: 12
SLP Heuristic XorCost ASIC1: 63.25
SLP Heuristic XorCost ASIC2: 69.715
SLP Heuristic XorCost ASIC3: 79.2
SLP Heuristic XorCost ASIC4: 76.54
Timestamp: 06-02-2023 17-01-12
y00 = x02 + x05 + x06 + x10 (1) 
y08 = x01 + x04 + x06 + x07 (1) 
y11 = x00 + x01 + x06 + x09 (1) 
t03 = x00 + x03 + x07 + x08 (1) 
y01 = x06 + y08 + y11 + t03 (2) 
y02 = x03 + x10 + y00 + t03 (2) 
y03 = x11 + y00 + y08 + t03 (2) 
y04 = x01 + x06 + x11 + t03 (2) 
y05 = x02 + x04 + y08 + y03 (3) 
y06 = x02 + x04 + t03 (2) 
y07 = x05 + x09 + y04 + y06 (3) 
y09 = x03 + x05 + x11 + y03 (3) 
y10 = x01 + x09 + y02 + y04 (3) 
Row: 
4 3 6 10 5 8 11 9 2 1 0 7 
Col: 
5 7 6 8 3 4 2 11 1 9 10 0 

Trial No: 139
SLP Heuristic XorCount: 13, Depth: 3
, XOR2: 0, XOR3: 1, XOR4: 12
SLP Heuristic XorCost ASIC1: 63.25
SLP Heuristic XorCost ASIC2: 69.715
SLP Heuristic XorCost ASIC3: 79.2
SLP Heuristic XorCost ASIC4: 76.54
Timestamp: 06-02-2023 17-01-12
y00 = x02 + x05 + x06 + x10 (1) 
y08 = x01 + x04 + x06 + x07 (1) 
y11 = x00 + x01 + x06 + x09 (1) 
t03 = x00 + x03 + x07 + x08 (1) 
y01 = x06 + y08 + y11 + t03 (2) 
y02 = x03 + x10 + y00 + t03 (2) 
y03 = x11 + y00 + y08 + t03 (2) 
y04 = x01 + x06 + x11 + t03 (2) 
y05 = x02 + x04 + y08 + y03 (3) 
y06 = x02 + x04 + t03 (2) 
y07 = x05 + x09 + y04 + y06 (3) 
y09 = x03 + x05 + x11 + y03 (3) 
y10 = x01 + x09 + y02 + y04 (3) 
Row: 
4 3 6 10 5 8 11 9 2 1 0 7 
Col: 
5 7 6 8 3 4 2 11 1 9 10 0 

Trial No: 145
SLP Heuristic XorCount: 13, Depth: 3
, XOR2: 0, XOR3: 2, XOR4: 11
SLP Heuristic XorCost ASIC1: 61.5
SLP Heuristic XorCost ASIC2: 67.93
SLP Heuristic XorCost ASIC3: 77.15
SLP Heuristic XorCost ASIC4: 75.21
Timestamp: 06-02-2023 17-01-13
y06 = x01 + x03 + x07 + x08 (1) 
y08 = x02 + x03 + x05 + x09 (1) 
y09 = x00 + x03 + x04 + x08 (1) 
t03 = x04 + x07 + x10 + x11 (1) 
y01 = x09 + x10 + y08 + t03 (2) 
y02 = x00 + x05 + t03 (2) 
y00 = x06 + y08 + y02 (3) 
y05 = x03 + x06 + x08 + t03 (2) 
y03 = x01 + x02 + y02 + y05 (3) 
y04 = x01 + x08 + y01 + y05 (3) 
y07 = x02 + x09 + y09 + y01 (3) 
y10 = x00 + x04 + y08 + y05 (3) 
y11 = x03 + y06 + y09 + t03 (2) 
Row: 
8 6 11 9 0 5 7 1 4 2 10 3 
Col: 
3 9 4 2 11 6 0 5 7 10 8 1 

Trial No: 157
SLP Heuristic XorCount: 13, Depth: 3
, XOR2: 0, XOR3: 2, XOR4: 11
SLP Heuristic XorCost ASIC1: 61.5
SLP Heuristic XorCost ASIC2: 67.93
SLP Heuristic XorCost ASIC3: 77.15
SLP Heuristic XorCost ASIC4: 75.21
Timestamp: 06-02-2023 17-01-13
y06 = x01 + x03 + x07 + x08 (1) 
y08 = x02 + x03 + x05 + x09 (1) 
y09 = x00 + x03 + x04 + x08 (1) 
t03 = x04 + x07 + x10 + x11 (1) 
y01 = x09 + x10 + y08 + t03 (2) 
y02 = x00 + x05 + t03 (2) 
y00 = x06 + y08 + y02 (3) 
y05 = x03 + x06 + x08 + t03 (2) 
y03 = x01 + x02 + y02 + y05 (3) 
y04 = x01 + x08 + y01 + y05 (3) 
y07 = x02 + x09 + y09 + y01 (3) 
y10 = x00 + x04 + y08 + y05 (3) 
y11 = x03 + y06 + y09 + t03 (2) 
Row: 
8 6 11 9 0 5 7 1 4 2 10 3 
Col: 
3 9 4 2 11 6 0 5 7 10 8 1 

Trial No: 169
SLP Heuristic XorCount: 13, Depth: 3
, XOR2: 0, XOR3: 2, XOR4: 11
SLP Heuristic XorCost ASIC1: 61.5
SLP Heuristic XorCost ASIC2: 67.93
SLP Heuristic XorCost ASIC3: 77.15
SLP Heuristic XorCost ASIC4: 75.21
Timestamp: 06-02-2023 17-01-13
y06 = x01 + x03 + x07 + x08 (1) 
y08 = x02 + x03 + x05 + x09 (1) 
y09 = x00 + x03 + x04 + x08 (1) 
t03 = x04 + x07 + x10 + x11 (1) 
y01 = x09 + x10 + y08 + t03 (2) 
y02 = x00 + x05 + t03 (2) 
y00 = x06 + y08 + y02 (3) 
y05 = x03 + x06 + x08 + t03 (2) 
y03 = x01 + x02 + y02 + y05 (3) 
y04 = x01 + x08 + y01 + y05 (3) 
y07 = x02 + x09 + y09 + y01 (3) 
y10 = x00 + x04 + y08 + y05 (3) 
y11 = x03 + y06 + y09 + t03 (2) 
Row: 
8 6 11 9 0 5 7 1 4 2 10 3 
Col: 
3 9 4 2 11 6 0 5 7 10 8 1 

Trial No: 181
SLP Heuristic XorCount: 13, Depth: 3
, XOR2: 0, XOR3: 2, XOR4: 11
SLP Heuristic XorCost ASIC1: 61.5
SLP Heuristic XorCost ASIC2: 67.93
SLP Heuristic XorCost ASIC3: 77.15
SLP Heuristic XorCost ASIC4: 75.21
Timestamp: 06-02-2023 17-01-13
y06 = x01 + x03 + x07 + x08 (1) 
y08 = x02 + x03 + x05 + x09 (1) 
y09 = x00 + x03 + x04 + x08 (1) 
t03 = x04 + x07 + x10 + x11 (1) 
y01 = x09 + x10 + y08 + t03 (2) 
y02 = x00 + x05 + t03 (2) 
y00 = x06 + y08 + y02 (3) 
y05 = x03 + x06 + x08 + t03 (2) 
y03 = x01 + x02 + y02 + y05 (3) 
y04 = x01 + x08 + y01 + y05 (3) 
y07 = x02 + x09 + y09 + y01 (3) 
y10 = x00 + x04 + y08 + y05 (3) 
y11 = x03 + y06 + y09 + t03 (2) 
Row: 
8 6 11 9 0 5 7 1 4 2 10 3 
Col: 
3 9 4 2 11 6 0 5 7 10 8 1 

Trial No: 193
SLP Heuristic XorCount: 13, Depth: 3
, XOR2: 0, XOR3: 2, XOR4: 11
SLP Heuristic XorCost ASIC1: 61.5
SLP Heuristic XorCost ASIC2: 67.93
SLP Heuristic XorCost ASIC3: 77.15
SLP Heuristic XorCost ASIC4: 75.21
Timestamp: 06-02-2023 17-01-13
y06 = x01 + x03 + x07 + x08 (1) 
y08 = x02 + x03 + x05 + x09 (1) 
y09 = x00 + x03 + x04 + x08 (1) 
t03 = x04 + x07 + x10 + x11 (1) 
y01 = x09 + x10 + y08 + t03 (2) 
y02 = x00 + x05 + t03 (2) 
y00 = x06 + y08 + y02 (3) 
y05 = x03 + x06 + x08 + t03 (2) 
y03 = x01 + x02 + y02 + y05 (3) 
y04 = x01 + x08 + y01 + y05 (3) 
y07 = x02 + x09 + y09 + y01 (3) 
y10 = x00 + x04 + y08 + y05 (3) 
y11 = x03 + y06 + y09 + t03 (2) 
Row: 
8 6 11 9 0 5 7 1 4 2 10 3 
Col: 
3 9 4 2 11 6 0 5 7 10 8 1 

Trial No: 205
SLP Heuristic XorCount: 13, Depth: 3
, XOR2: 0, XOR3: 2, XOR4: 11
SLP Heuristic XorCost ASIC1: 61.5
SLP Heuristic XorCost ASIC2: 67.93
SLP Heuristic XorCost ASIC3: 77.15
SLP Heuristic XorCost ASIC4: 75.21
Timestamp: 06-02-2023 17-01-13
y06 = x01 + x03 + x07 + x08 (1) 
y08 = x02 + x03 + x05 + x09 (1) 
y09 = x00 + x03 + x04 + x08 (1) 
t03 = x04 + x07 + x10 + x11 (1) 
y01 = x09 + x10 + y08 + t03 (2) 
y02 = x00 + x05 + t03 (2) 
y00 = x06 + y08 + y02 (3) 
y05 = x03 + x06 + x08 + t03 (2) 
y03 = x01 + x02 + y02 + y05 (3) 
y04 = x01 + x08 + y01 + y05 (3) 
y07 = x02 + x09 + y09 + y01 (3) 
y10 = x00 + x04 + y08 + y05 (3) 
y11 = x03 + y06 + y09 + t03 (2) 
Row: 
8 6 11 9 0 5 7 1 4 2 10 3 
Col: 
3 9 4 2 11 6 0 5 7 10 8 1 

Trial No: 217
SLP Heuristic XorCount: 13, Depth: 3
, XOR2: 0, XOR3: 2, XOR4: 11
SLP Heuristic XorCost ASIC1: 61.5
SLP Heuristic XorCost ASIC2: 67.93
SLP Heuristic XorCost ASIC3: 77.15
SLP Heuristic XorCost ASIC4: 75.21
Timestamp: 06-02-2023 17-01-13
y06 = x01 + x03 + x07 + x08 (1) 
y08 = x02 + x03 + x05 + x09 (1) 
y09 = x00 + x03 + x04 + x08 (1) 
t03 = x04 + x07 + x10 + x11 (1) 
y01 = x09 + x10 + y08 + t03 (2) 
y02 = x00 + x05 + t03 (2) 
y00 = x06 + y08 + y02 (3) 
y05 = x03 + x06 + x08 + t03 (2) 
y03 = x01 + x02 + y02 + y05 (3) 
y04 = x01 + x08 + y01 + y05 (3) 
y07 = x02 + x09 + y09 + y01 (3) 
y10 = x00 + x04 + y08 + y05 (3) 
y11 = x03 + y06 + y09 + t03 (2) 
Row: 
8 6 11 9 0 5 7 1 4 2 10 3 
Col: 
3 9 4 2 11 6 0 5 7 10 8 1 

Trial No: 229
SLP Heuristic XorCount: 13, Depth: 3
, XOR2: 0, XOR3: 2, XOR4: 11
SLP Heuristic XorCost ASIC1: 61.5
SLP Heuristic XorCost ASIC2: 67.93
SLP Heuristic XorCost ASIC3: 77.15
SLP Heuristic XorCost ASIC4: 75.21
Timestamp: 06-02-2023 17-01-13
y06 = x01 + x03 + x07 + x08 (1) 
y08 = x02 + x03 + x05 + x09 (1) 
y09 = x00 + x03 + x04 + x08 (1) 
t03 = x04 + x07 + x10 + x11 (1) 
y01 = x09 + x10 + y08 + t03 (2) 
y02 = x00 + x05 + t03 (2) 
y00 = x06 + y08 + y02 (3) 
y05 = x03 + x06 + x08 + t03 (2) 
y03 = x01 + x02 + y02 + y05 (3) 
y04 = x01 + x08 + y01 + y05 (3) 
y07 = x02 + x09 + y09 + y01 (3) 
y10 = x00 + x04 + y08 + y05 (3) 
y11 = x03 + y06 + y09 + t03 (2) 
Row: 
8 6 11 9 0 5 7 1 4 2 10 3 
Col: 
3 9 4 2 11 6 0 5 7 10 8 1 

Trial No: 241
SLP Heuristic XorCount: 13, Depth: 3
, XOR2: 0, XOR3: 2, XOR4: 11
SLP Heuristic XorCost ASIC1: 61.5
SLP Heuristic XorCost ASIC2: 67.93
SLP Heuristic XorCost ASIC3: 77.15
SLP Heuristic XorCost ASIC4: 75.21
Timestamp: 06-02-2023 17-01-13
y06 = x01 + x03 + x07 + x08 (1) 
y08 = x02 + x03 + x05 + x09 (1) 
y09 = x00 + x03 + x04 + x08 (1) 
t03 = x04 + x07 + x10 + x11 (1) 
y01 = x09 + x10 + y08 + t03 (2) 
y02 = x00 + x05 + t03 (2) 
y00 = x06 + y08 + y02 (3) 
y05 = x03 + x06 + x08 + t03 (2) 
y03 = x01 + x02 + y02 + y05 (3) 
y04 = x01 + x08 + y01 + y05 (3) 
y07 = x02 + x09 + y09 + y01 (3) 
y10 = x00 + x04 + y08 + y05 (3) 
y11 = x03 + y06 + y09 + t03 (2) 
Row: 
8 6 11 9 0 5 7 1 4 2 10 3 
Col: 
3 9 4 2 11 6 0 5 7 10 8 1 

Trial No: 253
SLP Heuristic XorCount: 13, Depth: 3
, XOR2: 0, XOR3: 2, XOR4: 11
SLP Heuristic XorCost ASIC1: 61.5
SLP Heuristic XorCost ASIC2: 67.93
SLP Heuristic XorCost ASIC3: 77.15
SLP Heuristic XorCost ASIC4: 75.21
Timestamp: 06-02-2023 17-01-13
y06 = x01 + x03 + x07 + x08 (1) 
y08 = x02 + x03 + x05 + x09 (1) 
y09 = x00 + x03 + x04 + x08 (1) 
t03 = x04 + x07 + x10 + x11 (1) 
y01 = x09 + x10 + y08 + t03 (2) 
y02 = x00 + x05 + t03 (2) 
y00 = x06 + y08 + y02 (3) 
y05 = x03 + x06 + x08 + t03 (2) 
y03 = x01 + x02 + y02 + y05 (3) 
y04 = x01 + x08 + y01 + y05 (3) 
y07 = x02 + x09 + y09 + y01 (3) 
y10 = x00 + x04 + y08 + y05 (3) 
y11 = x03 + y06 + y09 + t03 (2) 
Row: 
8 6 11 9 0 5 7 1 4 2 10 3 
Col: 
3 9 4 2 11 6 0 5 7 10 8 1 

Trial No: 265
SLP Heuristic XorCount: 13, Depth: 3
, XOR2: 0, XOR3: 2, XOR4: 11
SLP Heuristic XorCost ASIC1: 61.5
SLP Heuristic XorCost ASIC2: 67.93
SLP Heuristic XorCost ASIC3: 77.15
SLP Heuristic XorCost ASIC4: 75.21
Timestamp: 06-02-2023 17-01-13
y06 = x01 + x03 + x07 + x08 (1) 
y08 = x02 + x03 + x05 + x09 (1) 
y09 = x00 + x03 + x04 + x08 (1) 
t03 = x04 + x07 + x10 + x11 (1) 
y01 = x09 + x10 + y08 + t03 (2) 
y02 = x00 + x05 + t03 (2) 
y00 = x06 + y08 + y02 (3) 
y05 = x03 + x06 + x08 + t03 (2) 
y03 = x01 + x02 + y02 + y05 (3) 
y04 = x01 + x08 + y01 + y05 (3) 
y07 = x02 + x09 + y09 + y01 (3) 
y10 = x00 + x04 + y08 + y05 (3) 
y11 = x03 + y06 + y09 + t03 (2) 
Row: 
8 6 11 9 0 5 7 1 4 2 10 3 
Col: 
3 9 4 2 11 6 0 5 7 10 8 1 

Trial No: 277
SLP Heuristic XorCount: 13, Depth: 3
, XOR2: 0, XOR3: 2, XOR4: 11
SLP Heuristic XorCost ASIC1: 61.5
SLP Heuristic XorCost ASIC2: 67.93
SLP Heuristic XorCost ASIC3: 77.15
SLP Heuristic XorCost ASIC4: 75.21
Timestamp: 06-02-2023 17-01-13
y06 = x01 + x03 + x07 + x08 (1) 
y08 = x02 + x03 + x05 + x09 (1) 
y09 = x00 + x03 + x04 + x08 (1) 
t03 = x04 + x07 + x10 + x11 (1) 
y01 = x09 + x10 + y08 + t03 (2) 
y02 = x00 + x05 + t03 (2) 
y00 = x06 + y08 + y02 (3) 
y05 = x03 + x06 + x08 + t03 (2) 
y03 = x01 + x02 + y02 + y05 (3) 
y04 = x01 + x08 + y01 + y05 (3) 
y07 = x02 + x09 + y09 + y01 (3) 
y10 = x00 + x04 + y08 + y05 (3) 
y11 = x03 + y06 + y09 + t03 (2) 
Row: 
8 6 11 9 0 5 7 1 4 2 10 3 
Col: 
3 9 4 2 11 6 0 5 7 10 8 1 

Trial No: 289
SLP Heuristic XorCount: 13, Depth: 3
, XOR2: 0, XOR3: 2, XOR4: 11
SLP Heuristic XorCost ASIC1: 61.5
SLP Heuristic XorCost ASIC2: 67.93
SLP Heuristic XorCost ASIC3: 77.15
SLP Heuristic XorCost ASIC4: 75.21
Timestamp: 06-02-2023 17-01-13
y06 = x01 + x03 + x07 + x08 (1) 
y08 = x02 + x03 + x05 + x09 (1) 
y09 = x00 + x03 + x04 + x08 (1) 
t03 = x04 + x07 + x10 + x11 (1) 
y01 = x09 + x10 + y08 + t03 (2) 
y02 = x00 + x05 + t03 (2) 
y00 = x06 + y08 + y02 (3) 
y05 = x03 + x06 + x08 + t03 (2) 
y03 = x01 + x02 + y02 + y05 (3) 
y04 = x01 + x08 + y01 + y05 (3) 
y07 = x02 + x09 + y09 + y01 (3) 
y10 = x00 + x04 + y08 + y05 (3) 
y11 = x03 + y06 + y09 + t03 (2) 
Row: 
8 6 11 9 0 5 7 1 4 2 10 3 
Col: 
3 9 4 2 11 6 0 5 7 10 8 1 

Trial No: 301
SLP Heuristic XorCount: 13, Depth: 3
, XOR2: 0, XOR3: 2, XOR4: 11
SLP Heuristic XorCost ASIC1: 61.5
SLP Heuristic XorCost ASIC2: 67.93
SLP Heuristic XorCost ASIC3: 77.15
SLP Heuristic XorCost ASIC4: 75.21
Timestamp: 06-02-2023 17-01-13
y06 = x01 + x03 + x07 + x08 (1) 
y08 = x02 + x03 + x05 + x09 (1) 
y09 = x00 + x03 + x04 + x08 (1) 
t03 = x04 + x07 + x10 + x11 (1) 
y01 = x09 + x10 + y08 + t03 (2) 
y02 = x00 + x05 + t03 (2) 
y00 = x06 + y08 + y02 (3) 
y05 = x03 + x06 + x08 + t03 (2) 
y03 = x01 + x02 + y02 + y05 (3) 
y04 = x01 + x08 + y01 + y05 (3) 
y07 = x02 + x09 + y09 + y01 (3) 
y10 = x00 + x04 + y08 + y05 (3) 
y11 = x03 + y06 + y09 + t03 (2) 
Row: 
8 6 11 9 0 5 7 1 4 2 10 3 
Col: 
3 9 4 2 11 6 0 5 7 10 8 1 

Trial No: 313
SLP Heuristic XorCount: 13, Depth: 3
, XOR2: 0, XOR3: 2, XOR4: 11
SLP Heuristic XorCost ASIC1: 61.5
SLP Heuristic XorCost ASIC2: 67.93
SLP Heuristic XorCost ASIC3: 77.15
SLP Heuristic XorCost ASIC4: 75.21
Timestamp: 06-02-2023 17-01-13
y06 = x01 + x03 + x07 + x08 (1) 
y08 = x02 + x03 + x05 + x09 (1) 
y09 = x00 + x03 + x04 + x08 (1) 
t03 = x04 + x07 + x10 + x11 (1) 
y01 = x09 + x10 + y08 + t03 (2) 
y02 = x00 + x05 + t03 (2) 
y00 = x06 + y08 + y02 (3) 
y05 = x03 + x06 + x08 + t03 (2) 
y03 = x01 + x02 + y02 + y05 (3) 
y04 = x01 + x08 + y01 + y05 (3) 
y07 = x02 + x09 + y09 + y01 (3) 
y10 = x00 + x04 + y08 + y05 (3) 
y11 = x03 + y06 + y09 + t03 (2) 
Row: 
8 6 11 9 0 5 7 1 4 2 10 3 
Col: 
3 9 4 2 11 6 0 5 7 10 8 1 

Trial No: 325
SLP Heuristic XorCount: 13, Depth: 3
, XOR2: 0, XOR3: 2, XOR4: 11
SLP Heuristic XorCost ASIC1: 61.5
SLP Heuristic XorCost ASIC2: 67.93
SLP Heuristic XorCost ASIC3: 77.15
SLP Heuristic XorCost ASIC4: 75.21
Timestamp: 06-02-2023 17-01-13
y06 = x01 + x03 + x07 + x08 (1) 
y08 = x02 + x03 + x05 + x09 (1) 
y09 = x00 + x03 + x04 + x08 (1) 
t03 = x04 + x07 + x10 + x11 (1) 
y01 = x09 + x10 + y08 + t03 (2) 
y02 = x00 + x05 + t03 (2) 
y00 = x06 + y08 + y02 (3) 
y05 = x03 + x06 + x08 + t03 (2) 
y03 = x01 + x02 + y02 + y05 (3) 
y04 = x01 + x08 + y01 + y05 (3) 
y07 = x02 + x09 + y09 + y01 (3) 
y10 = x00 + x04 + y08 + y05 (3) 
y11 = x03 + y06 + y09 + t03 (2) 
Row: 
8 6 11 9 0 5 7 1 4 2 10 3 
Col: 
3 9 4 2 11 6 0 5 7 10 8 1 

Trial No: 337
SLP Heuristic XorCount: 13, Depth: 3
, XOR2: 0, XOR3: 2, XOR4: 11
SLP Heuristic XorCost ASIC1: 61.5
SLP Heuristic XorCost ASIC2: 67.93
SLP Heuristic XorCost ASIC3: 77.15
SLP Heuristic XorCost ASIC4: 75.21
Timestamp: 06-02-2023 17-01-13
y06 = x01 + x03 + x07 + x08 (1) 
y08 = x02 + x03 + x05 + x09 (1) 
y09 = x00 + x03 + x04 + x08 (1) 
t03 = x04 + x07 + x10 + x11 (1) 
y01 = x09 + x10 + y08 + t03 (2) 
y02 = x00 + x05 + t03 (2) 
y00 = x06 + y08 + y02 (3) 
y05 = x03 + x06 + x08 + t03 (2) 
y03 = x01 + x02 + y02 + y05 (3) 
y04 = x01 + x08 + y01 + y05 (3) 
y07 = x02 + x09 + y09 + y01 (3) 
y10 = x00 + x04 + y08 + y05 (3) 
y11 = x03 + y06 + y09 + t03 (2) 
Row: 
8 6 11 9 0 5 7 1 4 2 10 3 
Col: 
3 9 4 2 11 6 0 5 7 10 8 1 

Trial No: 349
SLP Heuristic XorCount: 13, Depth: 3
, XOR2: 0, XOR3: 2, XOR4: 11
SLP Heuristic XorCost ASIC1: 61.5
SLP Heuristic XorCost ASIC2: 67.93
SLP Heuristic XorCost ASIC3: 77.15
SLP Heuristic XorCost ASIC4: 75.21
Timestamp: 06-02-2023 17-01-13
y06 = x01 + x03 + x07 + x08 (1) 
y08 = x02 + x03 + x05 + x09 (1) 
y09 = x00 + x03 + x04 + x08 (1) 
t03 = x04 + x07 + x10 + x11 (1) 
y01 = x09 + x10 + y08 + t03 (2) 
y02 = x00 + x05 + t03 (2) 
y00 = x06 + y08 + y02 (3) 
y05 = x03 + x06 + x08 + t03 (2) 
y03 = x01 + x02 + y02 + y05 (3) 
y04 = x01 + x08 + y01 + y05 (3) 
y07 = x02 + x09 + y09 + y01 (3) 
y10 = x00 + x04 + y08 + y05 (3) 
y11 = x03 + y06 + y09 + t03 (2) 
Row: 
8 6 11 9 0 5 7 1 4 2 10 3 
Col: 
3 9 4 2 11 6 0 5 7 10 8 1 

Trial No: 361
SLP Heuristic XorCount: 13, Depth: 3
, XOR2: 0, XOR3: 2, XOR4: 11
SLP Heuristic XorCost ASIC1: 61.5
SLP Heuristic XorCost ASIC2: 67.93
SLP Heuristic XorCost ASIC3: 77.15
SLP Heuristic XorCost ASIC4: 75.21
Timestamp: 06-02-2023 17-01-13
y06 = x01 + x03 + x07 + x08 (1) 
y08 = x02 + x03 + x05 + x09 (1) 
y09 = x00 + x03 + x04 + x08 (1) 
t03 = x04 + x07 + x10 + x11 (1) 
y01 = x09 + x10 + y08 + t03 (2) 
y02 = x00 + x05 + t03 (2) 
y00 = x06 + y08 + y02 (3) 
y05 = x03 + x06 + x08 + t03 (2) 
y03 = x01 + x02 + y02 + y05 (3) 
y04 = x01 + x08 + y01 + y05 (3) 
y07 = x02 + x09 + y09 + y01 (3) 
y10 = x00 + x04 + y08 + y05 (3) 
y11 = x03 + y06 + y09 + t03 (2) 
Row: 
8 6 11 9 0 5 7 1 4 2 10 3 
Col: 
3 9 4 2 11 6 0 5 7 10 8 1 

Trial No: 373
SLP Heuristic XorCount: 13, Depth: 3
, XOR2: 0, XOR3: 2, XOR4: 11
SLP Heuristic XorCost ASIC1: 61.5
SLP Heuristic XorCost ASIC2: 67.93
SLP Heuristic XorCost ASIC3: 77.15
SLP Heuristic XorCost ASIC4: 75.21
Timestamp: 06-02-2023 17-01-13
y06 = x01 + x03 + x07 + x08 (1) 
y08 = x02 + x03 + x05 + x09 (1) 
y09 = x00 + x03 + x04 + x08 (1) 
t03 = x04 + x07 + x10 + x11 (1) 
y01 = x09 + x10 + y08 + t03 (2) 
y02 = x00 + x05 + t03 (2) 
y00 = x06 + y08 + y02 (3) 
y05 = x03 + x06 + x08 + t03 (2) 
y03 = x01 + x02 + y02 + y05 (3) 
y04 = x01 + x08 + y01 + y05 (3) 
y07 = x02 + x09 + y09 + y01 (3) 
y10 = x00 + x04 + y08 + y05 (3) 
y11 = x03 + y06 + y09 + t03 (2) 
Row: 
8 6 11 9 0 5 7 1 4 2 10 3 
Col: 
3 9 4 2 11 6 0 5 7 10 8 1 

Trial No: 385
SLP Heuristic XorCount: 13, Depth: 3
, XOR2: 0, XOR3: 2, XOR4: 11
SLP Heuristic XorCost ASIC1: 61.5
SLP Heuristic XorCost ASIC2: 67.93
SLP Heuristic XorCost ASIC3: 77.15
SLP Heuristic XorCost ASIC4: 75.21
Timestamp: 06-02-2023 17-01-13
y06 = x01 + x03 + x07 + x08 (1) 
y08 = x02 + x03 + x05 + x09 (1) 
y09 = x00 + x03 + x04 + x08 (1) 
t03 = x04 + x07 + x10 + x11 (1) 
y01 = x09 + x10 + y08 + t03 (2) 
y02 = x00 + x05 + t03 (2) 
y00 = x06 + y08 + y02 (3) 
y05 = x03 + x06 + x08 + t03 (2) 
y03 = x01 + x02 + y02 + y05 (3) 
y04 = x01 + x08 + y01 + y05 (3) 
y07 = x02 + x09 + y09 + y01 (3) 
y10 = x00 + x04 + y08 + y05 (3) 
y11 = x03 + y06 + y09 + t03 (2) 
Row: 
8 6 11 9 0 5 7 1 4 2 10 3 
Col: 
3 9 4 2 11 6 0 5 7 10 8 1 

Trial No: 397
SLP Heuristic XorCount: 13, Depth: 3
, XOR2: 0, XOR3: 2, XOR4: 11
SLP Heuristic XorCost ASIC1: 61.5
SLP Heuristic XorCost ASIC2: 67.93
SLP Heuristic XorCost ASIC3: 77.15
SLP Heuristic XorCost ASIC4: 75.21
Timestamp: 06-02-2023 17-01-13
y06 = x01 + x03 + x07 + x08 (1) 
y08 = x02 + x03 + x05 + x09 (1) 
y09 = x00 + x03 + x04 + x08 (1) 
t03 = x04 + x07 + x10 + x11 (1) 
y01 = x09 + x10 + y08 + t03 (2) 
y02 = x00 + x05 + t03 (2) 
y00 = x06 + y08 + y02 (3) 
y05 = x03 + x06 + x08 + t03 (2) 
y03 = x01 + x02 + y02 + y05 (3) 
y04 = x01 + x08 + y01 + y05 (3) 
y07 = x02 + x09 + y09 + y01 (3) 
y10 = x00 + x04 + y08 + y05 (3) 
y11 = x03 + y06 + y09 + t03 (2) 
Row: 
8 6 11 9 0 5 7 1 4 2 10 3 
Col: 
3 9 4 2 11 6 0 5 7 10 8 1 

Trial No: 409
SLP Heuristic XorCount: 13, Depth: 3
, XOR2: 0, XOR3: 2, XOR4: 11
SLP Heuristic XorCost ASIC1: 61.5
SLP Heuristic XorCost ASIC2: 67.93
SLP Heuristic XorCost ASIC3: 77.15
SLP Heuristic XorCost ASIC4: 75.21
Timestamp: 06-02-2023 17-01-13
y06 = x01 + x03 + x07 + x08 (1) 
y08 = x02 + x03 + x05 + x09 (1) 
y09 = x00 + x03 + x04 + x08 (1) 
t03 = x04 + x07 + x10 + x11 (1) 
y01 = x09 + x10 + y08 + t03 (2) 
y02 = x00 + x05 + t03 (2) 
y00 = x06 + y08 + y02 (3) 
y05 = x03 + x06 + x08 + t03 (2) 
y03 = x01 + x02 + y02 + y05 (3) 
y04 = x01 + x08 + y01 + y05 (3) 
y07 = x02 + x09 + y09 + y01 (3) 
y10 = x00 + x04 + y08 + y05 (3) 
y11 = x03 + y06 + y09 + t03 (2) 
Row: 
8 6 11 9 0 5 7 1 4 2 10 3 
Col: 
3 9 4 2 11 6 0 5 7 10 8 1 

Trial No: 421
SLP Heuristic XorCount: 13, Depth: 3
, XOR2: 0, XOR3: 2, XOR4: 11
SLP Heuristic XorCost ASIC1: 61.5
SLP Heuristic XorCost ASIC2: 67.93
SLP Heuristic XorCost ASIC3: 77.15
SLP Heuristic XorCost ASIC4: 75.21
Timestamp: 06-02-2023 17-01-13
y06 = x01 + x03 + x07 + x08 (1) 
y08 = x02 + x03 + x05 + x09 (1) 
y09 = x00 + x03 + x04 + x08 (1) 
t03 = x04 + x07 + x10 + x11 (1) 
y01 = x09 + x10 + y08 + t03 (2) 
y02 = x00 + x05 + t03 (2) 
y00 = x06 + y08 + y02 (3) 
y05 = x03 + x06 + x08 + t03 (2) 
y03 = x01 + x02 + y02 + y05 (3) 
y04 = x01 + x08 + y01 + y05 (3) 
y07 = x02 + x09 + y09 + y01 (3) 
y10 = x00 + x04 + y08 + y05 (3) 
y11 = x03 + y06 + y09 + t03 (2) 
Row: 
8 6 11 9 0 5 7 1 4 2 10 3 
Col: 
3 9 4 2 11 6 0 5 7 10 8 1 

Trial No: 433
SLP Heuristic XorCount: 13, Depth: 3
, XOR2: 0, XOR3: 2, XOR4: 11
SLP Heuristic XorCost ASIC1: 61.5
SLP Heuristic XorCost ASIC2: 67.93
SLP Heuristic XorCost ASIC3: 77.15
SLP Heuristic XorCost ASIC4: 75.21
Timestamp: 06-02-2023 17-01-13
y06 = x01 + x03 + x07 + x08 (1) 
y08 = x02 + x03 + x05 + x09 (1) 
y09 = x00 + x03 + x04 + x08 (1) 
t03 = x04 + x07 + x10 + x11 (1) 
y01 = x09 + x10 + y08 + t03 (2) 
y02 = x00 + x05 + t03 (2) 
y00 = x06 + y08 + y02 (3) 
y05 = x03 + x06 + x08 + t03 (2) 
y03 = x01 + x02 + y02 + y05 (3) 
y04 = x01 + x08 + y01 + y05 (3) 
y07 = x02 + x09 + y09 + y01 (3) 
y10 = x00 + x04 + y08 + y05 (3) 
y11 = x03 + y06 + y09 + t03 (2) 
Row: 
8 6 11 9 0 5 7 1 4 2 10 3 
Col: 
3 9 4 2 11 6 0 5 7 10 8 1 

Trial No: 445
SLP Heuristic XorCount: 13, Depth: 3
, XOR2: 0, XOR3: 2, XOR4: 11
SLP Heuristic XorCost ASIC1: 61.5
SLP Heuristic XorCost ASIC2: 67.93
SLP Heuristic XorCost ASIC3: 77.15
SLP Heuristic XorCost ASIC4: 75.21
Timestamp: 06-02-2023 17-01-13
y06 = x01 + x03 + x07 + x08 (1) 
y08 = x02 + x03 + x05 + x09 (1) 
y09 = x00 + x03 + x04 + x08 (1) 
t03 = x04 + x07 + x10 + x11 (1) 
y01 = x09 + x10 + y08 + t03 (2) 
y02 = x00 + x05 + t03 (2) 
y00 = x06 + y08 + y02 (3) 
y05 = x03 + x06 + x08 + t03 (2) 
y03 = x01 + x02 + y02 + y05 (3) 
y04 = x01 + x08 + y01 + y05 (3) 
y07 = x02 + x09 + y09 + y01 (3) 
y10 = x00 + x04 + y08 + y05 (3) 
y11 = x03 + y06 + y09 + t03 (2) 
Row: 
8 6 11 9 0 5 7 1 4 2 10 3 
Col: 
3 9 4 2 11 6 0 5 7 10 8 1 

Trial No: 457
SLP Heuristic XorCount: 13, Depth: 3
, XOR2: 0, XOR3: 2, XOR4: 11
SLP Heuristic XorCost ASIC1: 61.5
SLP Heuristic XorCost ASIC2: 67.93
SLP Heuristic XorCost ASIC3: 77.15
SLP Heuristic XorCost ASIC4: 75.21
Timestamp: 06-02-2023 17-01-13
y06 = x01 + x03 + x07 + x08 (1) 
y08 = x02 + x03 + x05 + x09 (1) 
y09 = x00 + x03 + x04 + x08 (1) 
t03 = x04 + x07 + x10 + x11 (1) 
y01 = x09 + x10 + y08 + t03 (2) 
y02 = x00 + x05 + t03 (2) 
y00 = x06 + y08 + y02 (3) 
y05 = x03 + x06 + x08 + t03 (2) 
y03 = x01 + x02 + y02 + y05 (3) 
y04 = x01 + x08 + y01 + y05 (3) 
y07 = x02 + x09 + y09 + y01 (3) 
y10 = x00 + x04 + y08 + y05 (3) 
y11 = x03 + y06 + y09 + t03 (2) 
Row: 
8 6 11 9 0 5 7 1 4 2 10 3 
Col: 
3 9 4 2 11 6 0 5 7 10 8 1 

Trial No: 469
SLP Heuristic XorCount: 13, Depth: 3
, XOR2: 0, XOR3: 2, XOR4: 11
SLP Heuristic XorCost ASIC1: 61.5
SLP Heuristic XorCost ASIC2: 67.93
SLP Heuristic XorCost ASIC3: 77.15
SLP Heuristic XorCost ASIC4: 75.21
Timestamp: 06-02-2023 17-01-13
y06 = x01 + x03 + x07 + x08 (1) 
y08 = x02 + x03 + x05 + x09 (1) 
y09 = x00 + x03 + x04 + x08 (1) 
t03 = x04 + x07 + x10 + x11 (1) 
y01 = x09 + x10 + y08 + t03 (2) 
y02 = x00 + x05 + t03 (2) 
y00 = x06 + y08 + y02 (3) 
y05 = x03 + x06 + x08 + t03 (2) 
y03 = x01 + x02 + y02 + y05 (3) 
y04 = x01 + x08 + y01 + y05 (3) 
y07 = x02 + x09 + y09 + y01 (3) 
y10 = x00 + x04 + y08 + y05 (3) 
y11 = x03 + y06 + y09 + t03 (2) 
Row: 
8 6 11 9 0 5 7 1 4 2 10 3 
Col: 
3 9 4 2 11 6 0 5 7 10 8 1 

Trial No: 481
SLP Heuristic XorCount: 13, Depth: 3
, XOR2: 0, XOR3: 2, XOR4: 11
SLP Heuristic XorCost ASIC1: 61.5
SLP Heuristic XorCost ASIC2: 67.93
SLP Heuristic XorCost ASIC3: 77.15
SLP Heuristic XorCost ASIC4: 75.21
Timestamp: 06-02-2023 17-01-13
y06 = x01 + x03 + x07 + x08 (1) 
y08 = x02 + x03 + x05 + x09 (1) 
y09 = x00 + x03 + x04 + x08 (1) 
t03 = x04 + x07 + x10 + x11 (1) 
y01 = x09 + x10 + y08 + t03 (2) 
y02 = x00 + x05 + t03 (2) 
y00 = x06 + y08 + y02 (3) 
y05 = x03 + x06 + x08 + t03 (2) 
y03 = x01 + x02 + y02 + y05 (3) 
y04 = x01 + x08 + y01 + y05 (3) 
y07 = x02 + x09 + y09 + y01 (3) 
y10 = x00 + x04 + y08 + y05 (3) 
y11 = x03 + y06 + y09 + t03 (2) 
Row: 
8 6 11 9 0 5 7 1 4 2 10 3 
Col: 
3 9 4 2 11 6 0 5 7 10 8 1 

Trial No: 493
SLP Heuristic XorCount: 13, Depth: 3
, XOR2: 0, XOR3: 2, XOR4: 11
SLP Heuristic XorCost ASIC1: 61.5
SLP Heuristic XorCost ASIC2: 67.93
SLP Heuristic XorCost ASIC3: 77.15
SLP Heuristic XorCost ASIC4: 75.21
Timestamp: 06-02-2023 17-01-13
y06 = x01 + x03 + x07 + x08 (1) 
y08 = x02 + x03 + x05 + x09 (1) 
y09 = x00 + x03 + x04 + x08 (1) 
t03 = x04 + x07 + x10 + x11 (1) 
y01 = x09 + x10 + y08 + t03 (2) 
y02 = x00 + x05 + t03 (2) 
y00 = x06 + y08 + y02 (3) 
y05 = x03 + x06 + x08 + t03 (2) 
y03 = x01 + x02 + y02 + y05 (3) 
y04 = x01 + x08 + y01 + y05 (3) 
y07 = x02 + x09 + y09 + y01 (3) 
y10 = x00 + x04 + y08 + y05 (3) 
y11 = x03 + y06 + y09 + t03 (2) 
Row: 
8 6 11 9 0 5 7 1 4 2 10 3 
Col: 
3 9 4 2 11 6 0 5 7 10 8 1 

