Trial No: 7
SLP Heuristic XorCount: 13, Depth: 3
, XOR2: 0, XOR3: 2, XOR4: 11
SLP Heuristic XorCost ASIC1: 61.5
SLP Heuristic XorCost ASIC2: 67.93
SLP Heuristic XorCost ASIC3: 77.15
SLP Heuristic XorCost ASIC4: 75.21
Timestamp: 06-02-2023 17-45-54
y04 = x02 + x04 + x08 + x09 (1) 
y07 = x01 + x03 + x04 + x05 (1) 
y11 = x02 + x04 + x06 + x11 (1) 
t03 = x06 + x07 + x08 + x10 (1) 
y00 = x01 + x11 + t03 (2) 
y01 = x00 + y07 + y11 + t03 (2) 
y03 = x03 + x07 + y07 + t03 (2) 
y05 = x00 + y07 + y00 (3) 
y06 = x04 + y04 + y11 + t03 (2) 
y08 = x00 + x02 + x04 + t03 (2) 
y02 = x02 + x09 + y03 + y08 (3) 
y09 = x05 + x09 + y00 + y08 (3) 
y10 = x00 + x05 + x07 + y01 (3) 
Row: 
2 1 9 3 4 5 6 7 8 0 10 11 
Col: 
9 3 4 1 11 7 2 5 8 0 10 6 

