Trial No: 323
SLP Heuristic XorCount: 13, Depth: 3
, XOR2: 0, XOR3: 2, XOR4: 11
SLP Heuristic XorCost ASIC1: 61.5
SLP Heuristic XorCost ASIC2: 67.93
SLP Heuristic XorCost ASIC3: 77.15
SLP Heuristic XorCost ASIC4: 75.21
Timestamp: 06-02-2023 13-31-13
y05 = x02 + x03 + x10 + x11 (1) 
y06 = x03 + x05 + x06 + x07 (1) 
y08 = x03 + x08 + x09 + x11 (1) 
t03 = x00 + x04 + x08 + x10 (1) 
y00 = x01 + x03 + x11 + t03 (2) 
y01 = x03 + y05 + y08 + t03 (2) 
y02 = x04 + x06 + y06 + t03 (2) 
y03 = x05 + x09 + t03 (2) 
y04 = x01 + y06 + y08 + t03 (2) 
y07 = x02 + x11 + y00 + y02 (3) 
y09 = x01 + y06 + y03 (3) 
y10 = x01 + x04 + x07 + y04 (3) 
y11 = x00 + y00 + y01 + y02 (3) 
Row: 
2 0 9 8 7 10 1 3 5 11 4 6 
Col: 
4 3 6 5 11 9 7 1 8 0 2 10 

Trial No: 379
SLP Heuristic XorCount: 13, Depth: 3
, XOR2: 0, XOR3: 2, XOR4: 11
SLP Heuristic XorCost ASIC1: 61.5
SLP Heuristic XorCost ASIC2: 67.93
SLP Heuristic XorCost ASIC3: 77.15
SLP Heuristic XorCost ASIC4: 75.21
Timestamp: 06-02-2023 13-31-13
y05 = x02 + x03 + x10 + x11 (1) 
y06 = x03 + x05 + x06 + x07 (1) 
y08 = x03 + x08 + x09 + x11 (1) 
t03 = x00 + x04 + x08 + x10 (1) 
y00 = x01 + x03 + x11 + t03 (2) 
y01 = x03 + y05 + y08 + t03 (2) 
y02 = x04 + x06 + y06 + t03 (2) 
y03 = x05 + x09 + t03 (2) 
y04 = x01 + y06 + y08 + t03 (2) 
y07 = x02 + x11 + y00 + y02 (3) 
y09 = x01 + y06 + y03 (3) 
y10 = x01 + x04 + x07 + y04 (3) 
y11 = x00 + y00 + y01 + y02 (3) 
Row: 
2 0 9 8 7 10 1 3 5 11 4 6 
Col: 
4 3 6 5 11 9 7 1 8 0 2 10 

Trial No: 435
SLP Heuristic XorCount: 13, Depth: 3
, XOR2: 0, XOR3: 2, XOR4: 11
SLP Heuristic XorCost ASIC1: 61.5
SLP Heuristic XorCost ASIC2: 67.93
SLP Heuristic XorCost ASIC3: 77.15
SLP Heuristic XorCost ASIC4: 75.21
Timestamp: 06-02-2023 13-31-13
y05 = x02 + x03 + x10 + x11 (1) 
y06 = x03 + x05 + x06 + x07 (1) 
y08 = x03 + x08 + x09 + x11 (1) 
t03 = x00 + x04 + x08 + x10 (1) 
y00 = x01 + x03 + x11 + t03 (2) 
y01 = x03 + y05 + y08 + t03 (2) 
y02 = x04 + x06 + y06 + t03 (2) 
y03 = x05 + x09 + t03 (2) 
y04 = x01 + y06 + y08 + t03 (2) 
y07 = x02 + x11 + y00 + y02 (3) 
y09 = x01 + y06 + y03 (3) 
y10 = x01 + x04 + x07 + y04 (3) 
y11 = x00 + y00 + y01 + y02 (3) 
Row: 
2 0 9 8 7 10 1 3 5 11 4 6 
Col: 
4 3 6 5 11 9 7 1 8 0 2 10 

Trial No: 491
SLP Heuristic XorCount: 13, Depth: 3
, XOR2: 0, XOR3: 2, XOR4: 11
SLP Heuristic XorCost ASIC1: 61.5
SLP Heuristic XorCost ASIC2: 67.93
SLP Heuristic XorCost ASIC3: 77.15
SLP Heuristic XorCost ASIC4: 75.21
Timestamp: 06-02-2023 13-31-13
y05 = x02 + x03 + x10 + x11 (1) 
y06 = x03 + x05 + x06 + x07 (1) 
y08 = x03 + x08 + x09 + x11 (1) 
t03 = x00 + x04 + x08 + x10 (1) 
y00 = x01 + x03 + x11 + t03 (2) 
y01 = x03 + y05 + y08 + t03 (2) 
y02 = x04 + x06 + y06 + t03 (2) 
y03 = x05 + x09 + t03 (2) 
y04 = x01 + y06 + y08 + t03 (2) 
y07 = x02 + x11 + y00 + y02 (3) 
y09 = x01 + y06 + y03 (3) 
y10 = x01 + x04 + x07 + y04 (3) 
y11 = x00 + y00 + y01 + y02 (3) 
Row: 
2 0 9 8 7 10 1 3 5 11 4 6 
Col: 
4 3 6 5 11 9 7 1 8 0 2 10 

