Trial No: 18
SLP Heuristic XorCount: 13, Depth: 3
, XOR2: 0, XOR3: 2, XOR4: 11
SLP Heuristic XorCost ASIC1: 61.5
SLP Heuristic XorCost ASIC2: 67.93
SLP Heuristic XorCost ASIC3: 77.15
SLP Heuristic XorCost ASIC4: 75.21
Timestamp: 06-02-2023 17-32-14
y01 = x01 + x04 + x06 + x11 (1) 
y07 = x02 + x03 + x07 + x11 (1) 
y11 = x00 + x05 + x07 + x11 (1) 
t03 = x02 + x05 + x08 + x10 (1) 
y00 = x11 + y07 + y11 + t03 (2) 
y02 = x07 + x09 + x11 + t03 (2) 
y04 = x00 + x05 + y01 + y02 (3) 
y05 = x00 + x06 + t03 (2) 
y03 = x01 + x03 + y02 + y05 (3) 
y06 = x04 + x08 + y01 + t03 (2) 
y08 = x09 + y01 + y05 (3) 
y09 = x03 + x07 + y02 + y06 (3) 
y10 = x01 + x04 + y11 + y06 (3) 
Row: 
0 1 2 3 4 5 6 7 8 9 10 11 
Col: 
0 1 2 3 4 5 6 7 8 9 10 11 

Trial No: 36
SLP Heuristic XorCount: 13, Depth: 3
, XOR2: 0, XOR3: 2, XOR4: 11
SLP Heuristic XorCost ASIC1: 61.5
SLP Heuristic XorCost ASIC2: 67.93
SLP Heuristic XorCost ASIC3: 77.15
SLP Heuristic XorCost ASIC4: 75.21
Timestamp: 06-02-2023 17-32-14
y01 = x01 + x04 + x06 + x11 (1) 
y07 = x02 + x03 + x07 + x11 (1) 
y11 = x00 + x05 + x07 + x11 (1) 
t03 = x02 + x05 + x08 + x10 (1) 
y00 = x11 + y07 + y11 + t03 (2) 
y02 = x07 + x09 + x11 + t03 (2) 
y04 = x00 + x05 + y01 + y02 (3) 
y05 = x00 + x06 + t03 (2) 
y03 = x01 + x03 + y02 + y05 (3) 
y06 = x04 + x08 + y01 + t03 (2) 
y08 = x09 + y01 + y05 (3) 
y09 = x03 + x07 + y02 + y06 (3) 
y10 = x01 + x04 + y11 + y06 (3) 
Row: 
0 1 2 3 4 5 6 7 8 9 10 11 
Col: 
0 1 2 3 4 5 6 7 8 9 10 11 

Trial No: 54
SLP Heuristic XorCount: 13, Depth: 3
, XOR2: 0, XOR3: 2, XOR4: 11
SLP Heuristic XorCost ASIC1: 61.5
SLP Heuristic XorCost ASIC2: 67.93
SLP Heuristic XorCost ASIC3: 77.15
SLP Heuristic XorCost ASIC4: 75.21
Timestamp: 06-02-2023 17-32-14
y01 = x01 + x04 + x06 + x11 (1) 
y07 = x02 + x03 + x07 + x11 (1) 
y11 = x00 + x05 + x07 + x11 (1) 
t03 = x02 + x05 + x08 + x10 (1) 
y00 = x11 + y07 + y11 + t03 (2) 
y02 = x07 + x09 + x11 + t03 (2) 
y04 = x00 + x05 + y01 + y02 (3) 
y05 = x00 + x06 + t03 (2) 
y03 = x01 + x03 + y02 + y05 (3) 
y06 = x04 + x08 + y01 + t03 (2) 
y08 = x09 + y01 + y05 (3) 
y09 = x03 + x07 + y02 + y06 (3) 
y10 = x01 + x04 + y11 + y06 (3) 
Row: 
0 1 2 3 4 5 6 7 8 9 10 11 
Col: 
0 1 2 3 4 5 6 7 8 9 10 11 

Trial No: 72
SLP Heuristic XorCount: 13, Depth: 3
, XOR2: 0, XOR3: 2, XOR4: 11
SLP Heuristic XorCost ASIC1: 61.5
SLP Heuristic XorCost ASIC2: 67.93
SLP Heuristic XorCost ASIC3: 77.15
SLP Heuristic XorCost ASIC4: 75.21
Timestamp: 06-02-2023 17-32-14
y01 = x01 + x04 + x06 + x11 (1) 
y07 = x02 + x03 + x07 + x11 (1) 
y11 = x00 + x05 + x07 + x11 (1) 
t03 = x02 + x05 + x08 + x10 (1) 
y00 = x11 + y07 + y11 + t03 (2) 
y02 = x07 + x09 + x11 + t03 (2) 
y04 = x00 + x05 + y01 + y02 (3) 
y05 = x00 + x06 + t03 (2) 
y03 = x01 + x03 + y02 + y05 (3) 
y06 = x04 + x08 + y01 + t03 (2) 
y08 = x09 + y01 + y05 (3) 
y09 = x03 + x07 + y02 + y06 (3) 
y10 = x01 + x04 + y11 + y06 (3) 
Row: 
0 1 2 3 4 5 6 7 8 9 10 11 
Col: 
0 1 2 3 4 5 6 7 8 9 10 11 

Trial No: 90
SLP Heuristic XorCount: 13, Depth: 3
, XOR2: 0, XOR3: 2, XOR4: 11
SLP Heuristic XorCost ASIC1: 61.5
SLP Heuristic XorCost ASIC2: 67.93
SLP Heuristic XorCost ASIC3: 77.15
SLP Heuristic XorCost ASIC4: 75.21
Timestamp: 06-02-2023 17-32-14
y01 = x01 + x04 + x06 + x11 (1) 
y07 = x02 + x03 + x07 + x11 (1) 
y11 = x00 + x05 + x07 + x11 (1) 
t03 = x02 + x05 + x08 + x10 (1) 
y00 = x11 + y07 + y11 + t03 (2) 
y02 = x07 + x09 + x11 + t03 (2) 
y04 = x00 + x05 + y01 + y02 (3) 
y05 = x00 + x06 + t03 (2) 
y03 = x01 + x03 + y02 + y05 (3) 
y06 = x04 + x08 + y01 + t03 (2) 
y08 = x09 + y01 + y05 (3) 
y09 = x03 + x07 + y02 + y06 (3) 
y10 = x01 + x04 + y11 + y06 (3) 
Row: 
0 1 2 3 4 5 6 7 8 9 10 11 
Col: 
0 1 2 3 4 5 6 7 8 9 10 11 

Trial No: 108
SLP Heuristic XorCount: 13, Depth: 3
, XOR2: 0, XOR3: 2, XOR4: 11
SLP Heuristic XorCost ASIC1: 61.5
SLP Heuristic XorCost ASIC2: 67.93
SLP Heuristic XorCost ASIC3: 77.15
SLP Heuristic XorCost ASIC4: 75.21
Timestamp: 06-02-2023 17-32-14
y01 = x01 + x04 + x06 + x11 (1) 
y07 = x02 + x03 + x07 + x11 (1) 
y11 = x00 + x05 + x07 + x11 (1) 
t03 = x02 + x05 + x08 + x10 (1) 
y00 = x11 + y07 + y11 + t03 (2) 
y02 = x07 + x09 + x11 + t03 (2) 
y04 = x00 + x05 + y01 + y02 (3) 
y05 = x00 + x06 + t03 (2) 
y03 = x01 + x03 + y02 + y05 (3) 
y06 = x04 + x08 + y01 + t03 (2) 
y08 = x09 + y01 + y05 (3) 
y09 = x03 + x07 + y02 + y06 (3) 
y10 = x01 + x04 + y11 + y06 (3) 
Row: 
0 1 2 3 4 5 6 7 8 9 10 11 
Col: 
0 1 2 3 4 5 6 7 8 9 10 11 

Trial No: 126
SLP Heuristic XorCount: 13, Depth: 3
, XOR2: 0, XOR3: 2, XOR4: 11
SLP Heuristic XorCost ASIC1: 61.5
SLP Heuristic XorCost ASIC2: 67.93
SLP Heuristic XorCost ASIC3: 77.15
SLP Heuristic XorCost ASIC4: 75.21
Timestamp: 06-02-2023 17-32-14
y01 = x01 + x04 + x06 + x11 (1) 
y07 = x02 + x03 + x07 + x11 (1) 
y11 = x00 + x05 + x07 + x11 (1) 
t03 = x02 + x05 + x08 + x10 (1) 
y00 = x11 + y07 + y11 + t03 (2) 
y02 = x07 + x09 + x11 + t03 (2) 
y04 = x00 + x05 + y01 + y02 (3) 
y05 = x00 + x06 + t03 (2) 
y03 = x01 + x03 + y02 + y05 (3) 
y06 = x04 + x08 + y01 + t03 (2) 
y08 = x09 + y01 + y05 (3) 
y09 = x03 + x07 + y02 + y06 (3) 
y10 = x01 + x04 + y11 + y06 (3) 
Row: 
0 1 2 3 4 5 6 7 8 9 10 11 
Col: 
0 1 2 3 4 5 6 7 8 9 10 11 

Trial No: 144
SLP Heuristic XorCount: 13, Depth: 3
, XOR2: 0, XOR3: 2, XOR4: 11
SLP Heuristic XorCost ASIC1: 61.5
SLP Heuristic XorCost ASIC2: 67.93
SLP Heuristic XorCost ASIC3: 77.15
SLP Heuristic XorCost ASIC4: 75.21
Timestamp: 06-02-2023 17-32-14
y01 = x01 + x04 + x06 + x11 (1) 
y07 = x02 + x03 + x07 + x11 (1) 
y11 = x00 + x05 + x07 + x11 (1) 
t03 = x02 + x05 + x08 + x10 (1) 
y00 = x11 + y07 + y11 + t03 (2) 
y02 = x07 + x09 + x11 + t03 (2) 
y04 = x00 + x05 + y01 + y02 (3) 
y05 = x00 + x06 + t03 (2) 
y03 = x01 + x03 + y02 + y05 (3) 
y06 = x04 + x08 + y01 + t03 (2) 
y08 = x09 + y01 + y05 (3) 
y09 = x03 + x07 + y02 + y06 (3) 
y10 = x01 + x04 + y11 + y06 (3) 
Row: 
0 1 2 3 4 5 6 7 8 9 10 11 
Col: 
0 1 2 3 4 5 6 7 8 9 10 11 

Trial No: 162
SLP Heuristic XorCount: 13, Depth: 3
, XOR2: 0, XOR3: 2, XOR4: 11
SLP Heuristic XorCost ASIC1: 61.5
SLP Heuristic XorCost ASIC2: 67.93
SLP Heuristic XorCost ASIC3: 77.15
SLP Heuristic XorCost ASIC4: 75.21
Timestamp: 06-02-2023 17-32-14
y01 = x01 + x04 + x06 + x11 (1) 
y07 = x02 + x03 + x07 + x11 (1) 
y11 = x00 + x05 + x07 + x11 (1) 
t03 = x02 + x05 + x08 + x10 (1) 
y00 = x11 + y07 + y11 + t03 (2) 
y02 = x07 + x09 + x11 + t03 (2) 
y04 = x00 + x05 + y01 + y02 (3) 
y05 = x00 + x06 + t03 (2) 
y03 = x01 + x03 + y02 + y05 (3) 
y06 = x04 + x08 + y01 + t03 (2) 
y08 = x09 + y01 + y05 (3) 
y09 = x03 + x07 + y02 + y06 (3) 
y10 = x01 + x04 + y11 + y06 (3) 
Row: 
0 1 2 3 4 5 6 7 8 9 10 11 
Col: 
0 1 2 3 4 5 6 7 8 9 10 11 

Trial No: 180
SLP Heuristic XorCount: 13, Depth: 3
, XOR2: 0, XOR3: 2, XOR4: 11
SLP Heuristic XorCost ASIC1: 61.5
SLP Heuristic XorCost ASIC2: 67.93
SLP Heuristic XorCost ASIC3: 77.15
SLP Heuristic XorCost ASIC4: 75.21
Timestamp: 06-02-2023 17-32-14
y01 = x01 + x04 + x06 + x11 (1) 
y07 = x02 + x03 + x07 + x11 (1) 
y11 = x00 + x05 + x07 + x11 (1) 
t03 = x02 + x05 + x08 + x10 (1) 
y00 = x11 + y07 + y11 + t03 (2) 
y02 = x07 + x09 + x11 + t03 (2) 
y04 = x00 + x05 + y01 + y02 (3) 
y05 = x00 + x06 + t03 (2) 
y03 = x01 + x03 + y02 + y05 (3) 
y06 = x04 + x08 + y01 + t03 (2) 
y08 = x09 + y01 + y05 (3) 
y09 = x03 + x07 + y02 + y06 (3) 
y10 = x01 + x04 + y11 + y06 (3) 
Row: 
0 1 2 3 4 5 6 7 8 9 10 11 
Col: 
0 1 2 3 4 5 6 7 8 9 10 11 

Trial No: 198
SLP Heuristic XorCount: 13, Depth: 3
, XOR2: 0, XOR3: 2, XOR4: 11
SLP Heuristic XorCost ASIC1: 61.5
SLP Heuristic XorCost ASIC2: 67.93
SLP Heuristic XorCost ASIC3: 77.15
SLP Heuristic XorCost ASIC4: 75.21
Timestamp: 06-02-2023 17-32-14
y01 = x01 + x04 + x06 + x11 (1) 
y07 = x02 + x03 + x07 + x11 (1) 
y11 = x00 + x05 + x07 + x11 (1) 
t03 = x02 + x05 + x08 + x10 (1) 
y00 = x11 + y07 + y11 + t03 (2) 
y02 = x07 + x09 + x11 + t03 (2) 
y04 = x00 + x05 + y01 + y02 (3) 
y05 = x00 + x06 + t03 (2) 
y03 = x01 + x03 + y02 + y05 (3) 
y06 = x04 + x08 + y01 + t03 (2) 
y08 = x09 + y01 + y05 (3) 
y09 = x03 + x07 + y02 + y06 (3) 
y10 = x01 + x04 + y11 + y06 (3) 
Row: 
0 1 2 3 4 5 6 7 8 9 10 11 
Col: 
0 1 2 3 4 5 6 7 8 9 10 11 

Trial No: 216
SLP Heuristic XorCount: 13, Depth: 3
, XOR2: 0, XOR3: 2, XOR4: 11
SLP Heuristic XorCost ASIC1: 61.5
SLP Heuristic XorCost ASIC2: 67.93
SLP Heuristic XorCost ASIC3: 77.15
SLP Heuristic XorCost ASIC4: 75.21
Timestamp: 06-02-2023 17-32-14
y01 = x01 + x04 + x06 + x11 (1) 
y07 = x02 + x03 + x07 + x11 (1) 
y11 = x00 + x05 + x07 + x11 (1) 
t03 = x02 + x05 + x08 + x10 (1) 
y00 = x11 + y07 + y11 + t03 (2) 
y02 = x07 + x09 + x11 + t03 (2) 
y04 = x00 + x05 + y01 + y02 (3) 
y05 = x00 + x06 + t03 (2) 
y03 = x01 + x03 + y02 + y05 (3) 
y06 = x04 + x08 + y01 + t03 (2) 
y08 = x09 + y01 + y05 (3) 
y09 = x03 + x07 + y02 + y06 (3) 
y10 = x01 + x04 + y11 + y06 (3) 
Row: 
0 1 2 3 4 5 6 7 8 9 10 11 
Col: 
0 1 2 3 4 5 6 7 8 9 10 11 

Trial No: 234
SLP Heuristic XorCount: 13, Depth: 3
, XOR2: 0, XOR3: 2, XOR4: 11
SLP Heuristic XorCost ASIC1: 61.5
SLP Heuristic XorCost ASIC2: 67.93
SLP Heuristic XorCost ASIC3: 77.15
SLP Heuristic XorCost ASIC4: 75.21
Timestamp: 06-02-2023 17-32-14
y01 = x01 + x04 + x06 + x11 (1) 
y07 = x02 + x03 + x07 + x11 (1) 
y11 = x00 + x05 + x07 + x11 (1) 
t03 = x02 + x05 + x08 + x10 (1) 
y00 = x11 + y07 + y11 + t03 (2) 
y02 = x07 + x09 + x11 + t03 (2) 
y04 = x00 + x05 + y01 + y02 (3) 
y05 = x00 + x06 + t03 (2) 
y03 = x01 + x03 + y02 + y05 (3) 
y06 = x04 + x08 + y01 + t03 (2) 
y08 = x09 + y01 + y05 (3) 
y09 = x03 + x07 + y02 + y06 (3) 
y10 = x01 + x04 + y11 + y06 (3) 
Row: 
0 1 2 3 4 5 6 7 8 9 10 11 
Col: 
0 1 2 3 4 5 6 7 8 9 10 11 

Trial No: 252
SLP Heuristic XorCount: 13, Depth: 3
, XOR2: 0, XOR3: 2, XOR4: 11
SLP Heuristic XorCost ASIC1: 61.5
SLP Heuristic XorCost ASIC2: 67.93
SLP Heuristic XorCost ASIC3: 77.15
SLP Heuristic XorCost ASIC4: 75.21
Timestamp: 06-02-2023 17-32-14
y01 = x01 + x04 + x06 + x11 (1) 
y07 = x02 + x03 + x07 + x11 (1) 
y11 = x00 + x05 + x07 + x11 (1) 
t03 = x02 + x05 + x08 + x10 (1) 
y00 = x11 + y07 + y11 + t03 (2) 
y02 = x07 + x09 + x11 + t03 (2) 
y04 = x00 + x05 + y01 + y02 (3) 
y05 = x00 + x06 + t03 (2) 
y03 = x01 + x03 + y02 + y05 (3) 
y06 = x04 + x08 + y01 + t03 (2) 
y08 = x09 + y01 + y05 (3) 
y09 = x03 + x07 + y02 + y06 (3) 
y10 = x01 + x04 + y11 + y06 (3) 
Row: 
0 1 2 3 4 5 6 7 8 9 10 11 
Col: 
0 1 2 3 4 5 6 7 8 9 10 11 

Trial No: 270
SLP Heuristic XorCount: 13, Depth: 3
, XOR2: 0, XOR3: 2, XOR4: 11
SLP Heuristic XorCost ASIC1: 61.5
SLP Heuristic XorCost ASIC2: 67.93
SLP Heuristic XorCost ASIC3: 77.15
SLP Heuristic XorCost ASIC4: 75.21
Timestamp: 06-02-2023 17-32-14
y01 = x01 + x04 + x06 + x11 (1) 
y07 = x02 + x03 + x07 + x11 (1) 
y11 = x00 + x05 + x07 + x11 (1) 
t03 = x02 + x05 + x08 + x10 (1) 
y00 = x11 + y07 + y11 + t03 (2) 
y02 = x07 + x09 + x11 + t03 (2) 
y04 = x00 + x05 + y01 + y02 (3) 
y05 = x00 + x06 + t03 (2) 
y03 = x01 + x03 + y02 + y05 (3) 
y06 = x04 + x08 + y01 + t03 (2) 
y08 = x09 + y01 + y05 (3) 
y09 = x03 + x07 + y02 + y06 (3) 
y10 = x01 + x04 + y11 + y06 (3) 
Row: 
0 1 2 3 4 5 6 7 8 9 10 11 
Col: 
0 1 2 3 4 5 6 7 8 9 10 11 

Trial No: 288
SLP Heuristic XorCount: 13, Depth: 3
, XOR2: 0, XOR3: 2, XOR4: 11
SLP Heuristic XorCost ASIC1: 61.5
SLP Heuristic XorCost ASIC2: 67.93
SLP Heuristic XorCost ASIC3: 77.15
SLP Heuristic XorCost ASIC4: 75.21
Timestamp: 06-02-2023 17-32-14
y01 = x01 + x04 + x06 + x11 (1) 
y07 = x02 + x03 + x07 + x11 (1) 
y11 = x00 + x05 + x07 + x11 (1) 
t03 = x02 + x05 + x08 + x10 (1) 
y00 = x11 + y07 + y11 + t03 (2) 
y02 = x07 + x09 + x11 + t03 (2) 
y04 = x00 + x05 + y01 + y02 (3) 
y05 = x00 + x06 + t03 (2) 
y03 = x01 + x03 + y02 + y05 (3) 
y06 = x04 + x08 + y01 + t03 (2) 
y08 = x09 + y01 + y05 (3) 
y09 = x03 + x07 + y02 + y06 (3) 
y10 = x01 + x04 + y11 + y06 (3) 
Row: 
0 1 2 3 4 5 6 7 8 9 10 11 
Col: 
0 1 2 3 4 5 6 7 8 9 10 11 

Trial No: 306
SLP Heuristic XorCount: 13, Depth: 3
, XOR2: 0, XOR3: 2, XOR4: 11
SLP Heuristic XorCost ASIC1: 61.5
SLP Heuristic XorCost ASIC2: 67.93
SLP Heuristic XorCost ASIC3: 77.15
SLP Heuristic XorCost ASIC4: 75.21
Timestamp: 06-02-2023 17-32-14
y01 = x01 + x04 + x06 + x11 (1) 
y07 = x02 + x03 + x07 + x11 (1) 
y11 = x00 + x05 + x07 + x11 (1) 
t03 = x02 + x05 + x08 + x10 (1) 
y00 = x11 + y07 + y11 + t03 (2) 
y02 = x07 + x09 + x11 + t03 (2) 
y04 = x00 + x05 + y01 + y02 (3) 
y05 = x00 + x06 + t03 (2) 
y03 = x01 + x03 + y02 + y05 (3) 
y06 = x04 + x08 + y01 + t03 (2) 
y08 = x09 + y01 + y05 (3) 
y09 = x03 + x07 + y02 + y06 (3) 
y10 = x01 + x04 + y11 + y06 (3) 
Row: 
0 1 2 3 4 5 6 7 8 9 10 11 
Col: 
0 1 2 3 4 5 6 7 8 9 10 11 

Trial No: 324
SLP Heuristic XorCount: 13, Depth: 3
, XOR2: 0, XOR3: 2, XOR4: 11
SLP Heuristic XorCost ASIC1: 61.5
SLP Heuristic XorCost ASIC2: 67.93
SLP Heuristic XorCost ASIC3: 77.15
SLP Heuristic XorCost ASIC4: 75.21
Timestamp: 06-02-2023 17-32-14
y01 = x01 + x04 + x06 + x11 (1) 
y07 = x02 + x03 + x07 + x11 (1) 
y11 = x00 + x05 + x07 + x11 (1) 
t03 = x02 + x05 + x08 + x10 (1) 
y00 = x11 + y07 + y11 + t03 (2) 
y02 = x07 + x09 + x11 + t03 (2) 
y04 = x00 + x05 + y01 + y02 (3) 
y05 = x00 + x06 + t03 (2) 
y03 = x01 + x03 + y02 + y05 (3) 
y06 = x04 + x08 + y01 + t03 (2) 
y08 = x09 + y01 + y05 (3) 
y09 = x03 + x07 + y02 + y06 (3) 
y10 = x01 + x04 + y11 + y06 (3) 
Row: 
0 1 2 3 4 5 6 7 8 9 10 11 
Col: 
0 1 2 3 4 5 6 7 8 9 10 11 

Trial No: 342
SLP Heuristic XorCount: 13, Depth: 3
, XOR2: 0, XOR3: 2, XOR4: 11
SLP Heuristic XorCost ASIC1: 61.5
SLP Heuristic XorCost ASIC2: 67.93
SLP Heuristic XorCost ASIC3: 77.15
SLP Heuristic XorCost ASIC4: 75.21
Timestamp: 06-02-2023 17-32-14
y01 = x01 + x04 + x06 + x11 (1) 
y07 = x02 + x03 + x07 + x11 (1) 
y11 = x00 + x05 + x07 + x11 (1) 
t03 = x02 + x05 + x08 + x10 (1) 
y00 = x11 + y07 + y11 + t03 (2) 
y02 = x07 + x09 + x11 + t03 (2) 
y04 = x00 + x05 + y01 + y02 (3) 
y05 = x00 + x06 + t03 (2) 
y03 = x01 + x03 + y02 + y05 (3) 
y06 = x04 + x08 + y01 + t03 (2) 
y08 = x09 + y01 + y05 (3) 
y09 = x03 + x07 + y02 + y06 (3) 
y10 = x01 + x04 + y11 + y06 (3) 
Row: 
0 1 2 3 4 5 6 7 8 9 10 11 
Col: 
0 1 2 3 4 5 6 7 8 9 10 11 

Trial No: 360
SLP Heuristic XorCount: 13, Depth: 3
, XOR2: 0, XOR3: 2, XOR4: 11
SLP Heuristic XorCost ASIC1: 61.5
SLP Heuristic XorCost ASIC2: 67.93
SLP Heuristic XorCost ASIC3: 77.15
SLP Heuristic XorCost ASIC4: 75.21
Timestamp: 06-02-2023 17-32-14
y01 = x01 + x04 + x06 + x11 (1) 
y07 = x02 + x03 + x07 + x11 (1) 
y11 = x00 + x05 + x07 + x11 (1) 
t03 = x02 + x05 + x08 + x10 (1) 
y00 = x11 + y07 + y11 + t03 (2) 
y02 = x07 + x09 + x11 + t03 (2) 
y04 = x00 + x05 + y01 + y02 (3) 
y05 = x00 + x06 + t03 (2) 
y03 = x01 + x03 + y02 + y05 (3) 
y06 = x04 + x08 + y01 + t03 (2) 
y08 = x09 + y01 + y05 (3) 
y09 = x03 + x07 + y02 + y06 (3) 
y10 = x01 + x04 + y11 + y06 (3) 
Row: 
0 1 2 3 4 5 6 7 8 9 10 11 
Col: 
0 1 2 3 4 5 6 7 8 9 10 11 

Trial No: 378
SLP Heuristic XorCount: 13, Depth: 3
, XOR2: 0, XOR3: 2, XOR4: 11
SLP Heuristic XorCost ASIC1: 61.5
SLP Heuristic XorCost ASIC2: 67.93
SLP Heuristic XorCost ASIC3: 77.15
SLP Heuristic XorCost ASIC4: 75.21
Timestamp: 06-02-2023 17-32-14
y01 = x01 + x04 + x06 + x11 (1) 
y07 = x02 + x03 + x07 + x11 (1) 
y11 = x00 + x05 + x07 + x11 (1) 
t03 = x02 + x05 + x08 + x10 (1) 
y00 = x11 + y07 + y11 + t03 (2) 
y02 = x07 + x09 + x11 + t03 (2) 
y04 = x00 + x05 + y01 + y02 (3) 
y05 = x00 + x06 + t03 (2) 
y03 = x01 + x03 + y02 + y05 (3) 
y06 = x04 + x08 + y01 + t03 (2) 
y08 = x09 + y01 + y05 (3) 
y09 = x03 + x07 + y02 + y06 (3) 
y10 = x01 + x04 + y11 + y06 (3) 
Row: 
0 1 2 3 4 5 6 7 8 9 10 11 
Col: 
0 1 2 3 4 5 6 7 8 9 10 11 

Trial No: 396
SLP Heuristic XorCount: 13, Depth: 3
, XOR2: 0, XOR3: 2, XOR4: 11
SLP Heuristic XorCost ASIC1: 61.5
SLP Heuristic XorCost ASIC2: 67.93
SLP Heuristic XorCost ASIC3: 77.15
SLP Heuristic XorCost ASIC4: 75.21
Timestamp: 06-02-2023 17-32-14
y01 = x01 + x04 + x06 + x11 (1) 
y07 = x02 + x03 + x07 + x11 (1) 
y11 = x00 + x05 + x07 + x11 (1) 
t03 = x02 + x05 + x08 + x10 (1) 
y00 = x11 + y07 + y11 + t03 (2) 
y02 = x07 + x09 + x11 + t03 (2) 
y04 = x00 + x05 + y01 + y02 (3) 
y05 = x00 + x06 + t03 (2) 
y03 = x01 + x03 + y02 + y05 (3) 
y06 = x04 + x08 + y01 + t03 (2) 
y08 = x09 + y01 + y05 (3) 
y09 = x03 + x07 + y02 + y06 (3) 
y10 = x01 + x04 + y11 + y06 (3) 
Row: 
0 1 2 3 4 5 6 7 8 9 10 11 
Col: 
0 1 2 3 4 5 6 7 8 9 10 11 

Trial No: 414
SLP Heuristic XorCount: 13, Depth: 3
, XOR2: 0, XOR3: 2, XOR4: 11
SLP Heuristic XorCost ASIC1: 61.5
SLP Heuristic XorCost ASIC2: 67.93
SLP Heuristic XorCost ASIC3: 77.15
SLP Heuristic XorCost ASIC4: 75.21
Timestamp: 06-02-2023 17-32-14
y01 = x01 + x04 + x06 + x11 (1) 
y07 = x02 + x03 + x07 + x11 (1) 
y11 = x00 + x05 + x07 + x11 (1) 
t03 = x02 + x05 + x08 + x10 (1) 
y00 = x11 + y07 + y11 + t03 (2) 
y02 = x07 + x09 + x11 + t03 (2) 
y04 = x00 + x05 + y01 + y02 (3) 
y05 = x00 + x06 + t03 (2) 
y03 = x01 + x03 + y02 + y05 (3) 
y06 = x04 + x08 + y01 + t03 (2) 
y08 = x09 + y01 + y05 (3) 
y09 = x03 + x07 + y02 + y06 (3) 
y10 = x01 + x04 + y11 + y06 (3) 
Row: 
0 1 2 3 4 5 6 7 8 9 10 11 
Col: 
0 1 2 3 4 5 6 7 8 9 10 11 

Trial No: 432
SLP Heuristic XorCount: 13, Depth: 3
, XOR2: 0, XOR3: 2, XOR4: 11
SLP Heuristic XorCost ASIC1: 61.5
SLP Heuristic XorCost ASIC2: 67.93
SLP Heuristic XorCost ASIC3: 77.15
SLP Heuristic XorCost ASIC4: 75.21
Timestamp: 06-02-2023 17-32-14
y01 = x01 + x04 + x06 + x11 (1) 
y07 = x02 + x03 + x07 + x11 (1) 
y11 = x00 + x05 + x07 + x11 (1) 
t03 = x02 + x05 + x08 + x10 (1) 
y00 = x11 + y07 + y11 + t03 (2) 
y02 = x07 + x09 + x11 + t03 (2) 
y04 = x00 + x05 + y01 + y02 (3) 
y05 = x00 + x06 + t03 (2) 
y03 = x01 + x03 + y02 + y05 (3) 
y06 = x04 + x08 + y01 + t03 (2) 
y08 = x09 + y01 + y05 (3) 
y09 = x03 + x07 + y02 + y06 (3) 
y10 = x01 + x04 + y11 + y06 (3) 
Row: 
0 1 2 3 4 5 6 7 8 9 10 11 
Col: 
0 1 2 3 4 5 6 7 8 9 10 11 

Trial No: 450
SLP Heuristic XorCount: 13, Depth: 3
, XOR2: 0, XOR3: 2, XOR4: 11
SLP Heuristic XorCost ASIC1: 61.5
SLP Heuristic XorCost ASIC2: 67.93
SLP Heuristic XorCost ASIC3: 77.15
SLP Heuristic XorCost ASIC4: 75.21
Timestamp: 06-02-2023 17-32-14
y01 = x01 + x04 + x06 + x11 (1) 
y07 = x02 + x03 + x07 + x11 (1) 
y11 = x00 + x05 + x07 + x11 (1) 
t03 = x02 + x05 + x08 + x10 (1) 
y00 = x11 + y07 + y11 + t03 (2) 
y02 = x07 + x09 + x11 + t03 (2) 
y04 = x00 + x05 + y01 + y02 (3) 
y05 = x00 + x06 + t03 (2) 
y03 = x01 + x03 + y02 + y05 (3) 
y06 = x04 + x08 + y01 + t03 (2) 
y08 = x09 + y01 + y05 (3) 
y09 = x03 + x07 + y02 + y06 (3) 
y10 = x01 + x04 + y11 + y06 (3) 
Row: 
0 1 2 3 4 5 6 7 8 9 10 11 
Col: 
0 1 2 3 4 5 6 7 8 9 10 11 

Trial No: 458
SLP Heuristic XorCount: 13, Depth: 3
, XOR2: 0, XOR3: 2, XOR4: 11
SLP Heuristic XorCost ASIC1: 61.5
SLP Heuristic XorCost ASIC2: 67.93
SLP Heuristic XorCost ASIC3: 77.15
SLP Heuristic XorCost ASIC4: 75.21
Timestamp: 06-02-2023 17-32-15
y01 = x01 + x02 + x07 + x09 (1) 
y02 = x02 + x05 + x09 + x10 (1) 
y04 = x02 + x03 + x04 + x11 (1) 
t03 = x05 + x06 + x07 + x08 (1) 
y00 = x03 + x08 + y04 + t03 (2) 
y03 = x00 + x02 + x09 + t03 (2) 
y05 = x10 + x11 + t03 (2) 
y06 = x00 + y02 + y04 + t03 (2) 
y07 = x00 + y04 + y05 (3) 
y08 = x02 + y01 + y02 + t03 (2) 
y09 = x01 + x04 + y03 + y05 (3) 
y10 = x00 + x04 + x08 + y06 (3) 
y11 = x01 + x09 + y00 + y03 (3) 
Row: 
6 7 11 2 1 5 4 8 0 3 10 9 
Col: 
9 3 11 4 1 5 10 2 8 7 0 6 

Trial No: 468
SLP Heuristic XorCount: 13, Depth: 3
, XOR2: 0, XOR3: 2, XOR4: 11
SLP Heuristic XorCost ASIC1: 61.5
SLP Heuristic XorCost ASIC2: 67.93
SLP Heuristic XorCost ASIC3: 77.15
SLP Heuristic XorCost ASIC4: 75.21
Timestamp: 06-02-2023 17-32-15
y01 = x02 + x03 + x07 + x09 (1) 
y02 = x02 + x05 + x09 + x10 (1) 
y04 = x01 + x02 + x04 + x11 (1) 
t03 = x03 + x05 + x06 + x08 (1) 
y00 = x10 + x11 + t03 (2) 
y03 = x00 + x02 + x09 + t03 (2) 
y05 = x01 + x08 + y04 + t03 (2) 
y06 = x00 + y02 + y04 + t03 (2) 
y07 = x00 + y04 + y00 (3) 
y08 = x02 + y01 + y02 + t03 (2) 
y09 = x07 + x09 + y03 + y05 (3) 
y10 = x00 + x04 + x08 + y06 (3) 
y11 = x04 + x07 + y00 + y03 (3) 
Row: 
5 7 11 2 1 6 4 8 0 9 10 3 
Col: 
9 4 11 2 1 5 10 3 8 7 0 6 

Trial No: 478
SLP Heuristic XorCount: 13, Depth: 3
, XOR2: 0, XOR3: 2, XOR4: 11
SLP Heuristic XorCost ASIC1: 61.5
SLP Heuristic XorCost ASIC2: 67.93
SLP Heuristic XorCost ASIC3: 77.15
SLP Heuristic XorCost ASIC4: 75.21
Timestamp: 06-02-2023 17-32-15
y01 = x01 + x02 + x03 + x09 (1) 
y02 = x02 + x05 + x09 + x10 (1) 
y04 = x02 + x04 + x07 + x11 (1) 
t03 = x01 + x05 + x06 + x08 (1) 
y00 = x07 + x08 + y04 + t03 (2) 
y03 = x00 + x02 + x09 + t03 (2) 
y05 = x10 + x11 + t03 (2) 
y06 = x00 + y02 + y04 + t03 (2) 
y07 = x00 + y04 + y05 (3) 
y08 = x02 + y01 + y02 + t03 (2) 
y09 = x03 + x04 + y03 + y05 (3) 
y10 = x00 + x04 + x08 + y06 (3) 
y11 = x03 + x09 + y00 + y03 (3) 
Row: 
6 7 11 2 1 5 4 8 0 3 10 9 
Col: 
9 2 11 3 1 5 10 4 8 7 0 6 

Trial No: 488
SLP Heuristic XorCount: 13, Depth: 3
, XOR2: 0, XOR3: 2, XOR4: 11
SLP Heuristic XorCost ASIC1: 61.5
SLP Heuristic XorCost ASIC2: 67.93
SLP Heuristic XorCost ASIC3: 77.15
SLP Heuristic XorCost ASIC4: 75.21
Timestamp: 06-02-2023 17-32-15
y01 = x01 + x02 + x07 + x09 (1) 
y02 = x02 + x05 + x09 + x10 (1) 
y04 = x02 + x03 + x04 + x11 (1) 
t03 = x05 + x06 + x07 + x08 (1) 
y00 = x10 + x11 + t03 (2) 
y03 = x00 + x02 + x09 + t03 (2) 
y05 = x03 + x08 + y04 + t03 (2) 
y06 = x00 + y02 + y04 + t03 (2) 
y07 = x00 + y04 + y00 (3) 
y08 = x02 + y01 + y02 + t03 (2) 
y09 = x01 + x09 + y03 + y05 (3) 
y10 = x00 + x04 + x08 + y06 (3) 
y11 = x01 + x04 + y00 + y03 (3) 
Row: 
5 7 11 2 1 6 4 8 0 9 10 3 
Col: 
9 3 11 4 1 5 10 2 8 7 0 6 

