Trial No: 11
SLP Heuristic XorCount: 13, Depth: 3
, XOR2: 0, XOR3: 2, XOR4: 11
SLP Heuristic XorCost ASIC1: 61.5
SLP Heuristic XorCost ASIC2: 67.93
SLP Heuristic XorCost ASIC3: 77.15
SLP Heuristic XorCost ASIC4: 75.21
Timestamp: 06-02-2023 01-28-59
y01 = x01 + x02 + x05 + x10 (1) 
y07 = x04 + x08 + x10 + x11 (1) 
y10 = x02 + x07 + x09 + x10 (1) 
t03 = x01 + x03 + x06 + x07 (1) 
y00 = x10 + y01 + y10 + t03 (2) 
y03 = x09 + x11 + t03 (2) 
y04 = x00 + x02 + x10 + t03 (2) 
y05 = x00 + y07 + y10 + t03 (2) 
y02 = x00 + x06 + x08 + y05 (3) 
y06 = x04 + x06 + y07 + t03 (2) 
y08 = x00 + y07 + y03 (3) 
y09 = x03 + y00 + y04 + y06 (3) 
y11 = x02 + x05 + y04 + y06 (3) 
Row: 
6 1 4 11 8 10 0 7 2 9 5 3 
Col: 
3 8 1 4 10 9 2 11 7 6 5 0 

Trial No: 23
SLP Heuristic XorCount: 13, Depth: 3
, XOR2: 0, XOR3: 2, XOR4: 11
SLP Heuristic XorCost ASIC1: 61.5
SLP Heuristic XorCost ASIC2: 67.93
SLP Heuristic XorCost ASIC3: 77.15
SLP Heuristic XorCost ASIC4: 75.21
Timestamp: 06-02-2023 01-28-59
y01 = x01 + x02 + x05 + x10 (1) 
y07 = x04 + x08 + x10 + x11 (1) 
y10 = x02 + x07 + x09 + x10 (1) 
t03 = x01 + x03 + x06 + x07 (1) 
y00 = x10 + y01 + y10 + t03 (2) 
y03 = x09 + x11 + t03 (2) 
y04 = x00 + x02 + x10 + t03 (2) 
y05 = x00 + y07 + y10 + t03 (2) 
y02 = x00 + x06 + x08 + y05 (3) 
y06 = x04 + x06 + y07 + t03 (2) 
y08 = x00 + y07 + y03 (3) 
y09 = x03 + y00 + y04 + y06 (3) 
y11 = x02 + x05 + y04 + y06 (3) 
Row: 
6 1 4 11 8 10 0 7 2 9 5 3 
Col: 
3 8 1 4 10 9 2 11 7 6 5 0 

Trial No: 35
SLP Heuristic XorCount: 13, Depth: 3
, XOR2: 0, XOR3: 2, XOR4: 11
SLP Heuristic XorCost ASIC1: 61.5
SLP Heuristic XorCost ASIC2: 67.93
SLP Heuristic XorCost ASIC3: 77.15
SLP Heuristic XorCost ASIC4: 75.21
Timestamp: 06-02-2023 01-28-59
y01 = x01 + x02 + x05 + x10 (1) 
y07 = x04 + x08 + x10 + x11 (1) 
y10 = x02 + x07 + x09 + x10 (1) 
t03 = x01 + x03 + x06 + x07 (1) 
y00 = x10 + y01 + y10 + t03 (2) 
y03 = x09 + x11 + t03 (2) 
y04 = x00 + x02 + x10 + t03 (2) 
y05 = x00 + y07 + y10 + t03 (2) 
y02 = x00 + x06 + x08 + y05 (3) 
y06 = x04 + x06 + y07 + t03 (2) 
y08 = x00 + y07 + y03 (3) 
y09 = x03 + y00 + y04 + y06 (3) 
y11 = x02 + x05 + y04 + y06 (3) 
Row: 
6 1 4 11 8 10 0 7 2 9 5 3 
Col: 
3 8 1 4 10 9 2 11 7 6 5 0 

Trial No: 47
SLP Heuristic XorCount: 13, Depth: 3
, XOR2: 0, XOR3: 2, XOR4: 11
SLP Heuristic XorCost ASIC1: 61.5
SLP Heuristic XorCost ASIC2: 67.93
SLP Heuristic XorCost ASIC3: 77.15
SLP Heuristic XorCost ASIC4: 75.21
Timestamp: 06-02-2023 01-28-59
y01 = x01 + x02 + x05 + x10 (1) 
y07 = x04 + x08 + x10 + x11 (1) 
y10 = x02 + x07 + x09 + x10 (1) 
t03 = x01 + x03 + x06 + x07 (1) 
y00 = x10 + y01 + y10 + t03 (2) 
y03 = x09 + x11 + t03 (2) 
y04 = x00 + x02 + x10 + t03 (2) 
y05 = x00 + y07 + y10 + t03 (2) 
y02 = x00 + x06 + x08 + y05 (3) 
y06 = x04 + x06 + y07 + t03 (2) 
y08 = x00 + y07 + y03 (3) 
y09 = x03 + y00 + y04 + y06 (3) 
y11 = x02 + x05 + y04 + y06 (3) 
Row: 
6 1 4 11 8 10 0 7 2 9 5 3 
Col: 
3 8 1 4 10 9 2 11 7 6 5 0 

Trial No: 59
SLP Heuristic XorCount: 13, Depth: 3
, XOR2: 0, XOR3: 2, XOR4: 11
SLP Heuristic XorCost ASIC1: 61.5
SLP Heuristic XorCost ASIC2: 67.93
SLP Heuristic XorCost ASIC3: 77.15
SLP Heuristic XorCost ASIC4: 75.21
Timestamp: 06-02-2023 01-28-59
y01 = x01 + x02 + x05 + x10 (1) 
y07 = x04 + x08 + x10 + x11 (1) 
y10 = x02 + x07 + x09 + x10 (1) 
t03 = x01 + x03 + x06 + x07 (1) 
y00 = x10 + y01 + y10 + t03 (2) 
y03 = x09 + x11 + t03 (2) 
y04 = x00 + x02 + x10 + t03 (2) 
y05 = x00 + y07 + y10 + t03 (2) 
y02 = x00 + x06 + x08 + y05 (3) 
y06 = x04 + x06 + y07 + t03 (2) 
y08 = x00 + y07 + y03 (3) 
y09 = x03 + y00 + y04 + y06 (3) 
y11 = x02 + x05 + y04 + y06 (3) 
Row: 
6 1 4 11 8 10 0 7 2 9 5 3 
Col: 
3 8 1 4 10 9 2 11 7 6 5 0 

Trial No: 71
SLP Heuristic XorCount: 13, Depth: 3
, XOR2: 0, XOR3: 2, XOR4: 11
SLP Heuristic XorCost ASIC1: 61.5
SLP Heuristic XorCost ASIC2: 67.93
SLP Heuristic XorCost ASIC3: 77.15
SLP Heuristic XorCost ASIC4: 75.21
Timestamp: 06-02-2023 01-28-59
y01 = x01 + x02 + x05 + x10 (1) 
y07 = x04 + x08 + x10 + x11 (1) 
y10 = x02 + x07 + x09 + x10 (1) 
t03 = x01 + x03 + x06 + x07 (1) 
y00 = x10 + y01 + y10 + t03 (2) 
y03 = x09 + x11 + t03 (2) 
y04 = x00 + x02 + x10 + t03 (2) 
y05 = x00 + y07 + y10 + t03 (2) 
y02 = x00 + x06 + x08 + y05 (3) 
y06 = x04 + x06 + y07 + t03 (2) 
y08 = x00 + y07 + y03 (3) 
y09 = x03 + y00 + y04 + y06 (3) 
y11 = x02 + x05 + y04 + y06 (3) 
Row: 
6 1 4 11 8 10 0 7 2 9 5 3 
Col: 
3 8 1 4 10 9 2 11 7 6 5 0 

Trial No: 83
SLP Heuristic XorCount: 13, Depth: 3
, XOR2: 0, XOR3: 2, XOR4: 11
SLP Heuristic XorCost ASIC1: 61.5
SLP Heuristic XorCost ASIC2: 67.93
SLP Heuristic XorCost ASIC3: 77.15
SLP Heuristic XorCost ASIC4: 75.21
Timestamp: 06-02-2023 01-28-59
y01 = x01 + x02 + x05 + x10 (1) 
y07 = x04 + x08 + x10 + x11 (1) 
y10 = x02 + x07 + x09 + x10 (1) 
t03 = x01 + x03 + x06 + x07 (1) 
y00 = x10 + y01 + y10 + t03 (2) 
y03 = x09 + x11 + t03 (2) 
y04 = x00 + x02 + x10 + t03 (2) 
y05 = x00 + y07 + y10 + t03 (2) 
y02 = x00 + x06 + x08 + y05 (3) 
y06 = x04 + x06 + y07 + t03 (2) 
y08 = x00 + y07 + y03 (3) 
y09 = x03 + y00 + y04 + y06 (3) 
y11 = x02 + x05 + y04 + y06 (3) 
Row: 
6 1 4 11 8 10 0 7 2 9 5 3 
Col: 
3 8 1 4 10 9 2 11 7 6 5 0 

Trial No: 95
SLP Heuristic XorCount: 13, Depth: 3
, XOR2: 0, XOR3: 2, XOR4: 11
SLP Heuristic XorCost ASIC1: 61.5
SLP Heuristic XorCost ASIC2: 67.93
SLP Heuristic XorCost ASIC3: 77.15
SLP Heuristic XorCost ASIC4: 75.21
Timestamp: 06-02-2023 01-28-59
y01 = x01 + x02 + x05 + x10 (1) 
y07 = x04 + x08 + x10 + x11 (1) 
y10 = x02 + x07 + x09 + x10 (1) 
t03 = x01 + x03 + x06 + x07 (1) 
y00 = x10 + y01 + y10 + t03 (2) 
y03 = x09 + x11 + t03 (2) 
y04 = x00 + x02 + x10 + t03 (2) 
y05 = x00 + y07 + y10 + t03 (2) 
y02 = x00 + x06 + x08 + y05 (3) 
y06 = x04 + x06 + y07 + t03 (2) 
y08 = x00 + y07 + y03 (3) 
y09 = x03 + y00 + y04 + y06 (3) 
y11 = x02 + x05 + y04 + y06 (3) 
Row: 
6 1 4 11 8 10 0 7 2 9 5 3 
Col: 
3 8 1 4 10 9 2 11 7 6 5 0 

Trial No: 107
SLP Heuristic XorCount: 13, Depth: 3
, XOR2: 0, XOR3: 2, XOR4: 11
SLP Heuristic XorCost ASIC1: 61.5
SLP Heuristic XorCost ASIC2: 67.93
SLP Heuristic XorCost ASIC3: 77.15
SLP Heuristic XorCost ASIC4: 75.21
Timestamp: 06-02-2023 01-28-59
y01 = x01 + x02 + x05 + x10 (1) 
y07 = x04 + x08 + x10 + x11 (1) 
y10 = x02 + x07 + x09 + x10 (1) 
t03 = x01 + x03 + x06 + x07 (1) 
y00 = x10 + y01 + y10 + t03 (2) 
y03 = x09 + x11 + t03 (2) 
y04 = x00 + x02 + x10 + t03 (2) 
y05 = x00 + y07 + y10 + t03 (2) 
y02 = x00 + x06 + x08 + y05 (3) 
y06 = x04 + x06 + y07 + t03 (2) 
y08 = x00 + y07 + y03 (3) 
y09 = x03 + y00 + y04 + y06 (3) 
y11 = x02 + x05 + y04 + y06 (3) 
Row: 
6 1 4 11 8 10 0 7 2 9 5 3 
Col: 
3 8 1 4 10 9 2 11 7 6 5 0 

Trial No: 119
SLP Heuristic XorCount: 13, Depth: 3
, XOR2: 0, XOR3: 2, XOR4: 11
SLP Heuristic XorCost ASIC1: 61.5
SLP Heuristic XorCost ASIC2: 67.93
SLP Heuristic XorCost ASIC3: 77.15
SLP Heuristic XorCost ASIC4: 75.21
Timestamp: 06-02-2023 01-28-59
y01 = x01 + x02 + x05 + x10 (1) 
y07 = x04 + x08 + x10 + x11 (1) 
y10 = x02 + x07 + x09 + x10 (1) 
t03 = x01 + x03 + x06 + x07 (1) 
y00 = x10 + y01 + y10 + t03 (2) 
y03 = x09 + x11 + t03 (2) 
y04 = x00 + x02 + x10 + t03 (2) 
y05 = x00 + y07 + y10 + t03 (2) 
y02 = x00 + x06 + x08 + y05 (3) 
y06 = x04 + x06 + y07 + t03 (2) 
y08 = x00 + y07 + y03 (3) 
y09 = x03 + y00 + y04 + y06 (3) 
y11 = x02 + x05 + y04 + y06 (3) 
Row: 
6 1 4 11 8 10 0 7 2 9 5 3 
Col: 
3 8 1 4 10 9 2 11 7 6 5 0 

Trial No: 131
SLP Heuristic XorCount: 13, Depth: 3
, XOR2: 0, XOR3: 2, XOR4: 11
SLP Heuristic XorCost ASIC1: 61.5
SLP Heuristic XorCost ASIC2: 67.93
SLP Heuristic XorCost ASIC3: 77.15
SLP Heuristic XorCost ASIC4: 75.21
Timestamp: 06-02-2023 01-28-59
y01 = x01 + x02 + x05 + x10 (1) 
y07 = x04 + x08 + x10 + x11 (1) 
y10 = x02 + x07 + x09 + x10 (1) 
t03 = x01 + x03 + x06 + x07 (1) 
y00 = x10 + y01 + y10 + t03 (2) 
y03 = x09 + x11 + t03 (2) 
y04 = x00 + x02 + x10 + t03 (2) 
y05 = x00 + y07 + y10 + t03 (2) 
y02 = x00 + x06 + x08 + y05 (3) 
y06 = x04 + x06 + y07 + t03 (2) 
y08 = x00 + y07 + y03 (3) 
y09 = x03 + y00 + y04 + y06 (3) 
y11 = x02 + x05 + y04 + y06 (3) 
Row: 
6 1 4 11 8 10 0 7 2 9 5 3 
Col: 
3 8 1 4 10 9 2 11 7 6 5 0 

Trial No: 143
SLP Heuristic XorCount: 13, Depth: 3
, XOR2: 0, XOR3: 2, XOR4: 11
SLP Heuristic XorCost ASIC1: 61.5
SLP Heuristic XorCost ASIC2: 67.93
SLP Heuristic XorCost ASIC3: 77.15
SLP Heuristic XorCost ASIC4: 75.21
Timestamp: 06-02-2023 01-28-59
y01 = x01 + x02 + x05 + x10 (1) 
y07 = x04 + x08 + x10 + x11 (1) 
y10 = x02 + x07 + x09 + x10 (1) 
t03 = x01 + x03 + x06 + x07 (1) 
y00 = x10 + y01 + y10 + t03 (2) 
y03 = x09 + x11 + t03 (2) 
y04 = x00 + x02 + x10 + t03 (2) 
y05 = x00 + y07 + y10 + t03 (2) 
y02 = x00 + x06 + x08 + y05 (3) 
y06 = x04 + x06 + y07 + t03 (2) 
y08 = x00 + y07 + y03 (3) 
y09 = x03 + y00 + y04 + y06 (3) 
y11 = x02 + x05 + y04 + y06 (3) 
Row: 
6 1 4 11 8 10 0 7 2 9 5 3 
Col: 
3 8 1 4 10 9 2 11 7 6 5 0 

Trial No: 155
SLP Heuristic XorCount: 13, Depth: 3
, XOR2: 0, XOR3: 2, XOR4: 11
SLP Heuristic XorCost ASIC1: 61.5
SLP Heuristic XorCost ASIC2: 67.93
SLP Heuristic XorCost ASIC3: 77.15
SLP Heuristic XorCost ASIC4: 75.21
Timestamp: 06-02-2023 01-28-59
y01 = x01 + x02 + x05 + x10 (1) 
y07 = x04 + x08 + x10 + x11 (1) 
y10 = x02 + x07 + x09 + x10 (1) 
t03 = x01 + x03 + x06 + x07 (1) 
y00 = x10 + y01 + y10 + t03 (2) 
y03 = x09 + x11 + t03 (2) 
y04 = x00 + x02 + x10 + t03 (2) 
y05 = x00 + y07 + y10 + t03 (2) 
y02 = x00 + x06 + x08 + y05 (3) 
y06 = x04 + x06 + y07 + t03 (2) 
y08 = x00 + y07 + y03 (3) 
y09 = x03 + y00 + y04 + y06 (3) 
y11 = x02 + x05 + y04 + y06 (3) 
Row: 
6 1 4 11 8 10 0 7 2 9 5 3 
Col: 
3 8 1 4 10 9 2 11 7 6 5 0 

Trial No: 167
SLP Heuristic XorCount: 13, Depth: 3
, XOR2: 0, XOR3: 2, XOR4: 11
SLP Heuristic XorCost ASIC1: 61.5
SLP Heuristic XorCost ASIC2: 67.93
SLP Heuristic XorCost ASIC3: 77.15
SLP Heuristic XorCost ASIC4: 75.21
Timestamp: 06-02-2023 01-28-59
y01 = x01 + x02 + x05 + x10 (1) 
y07 = x04 + x08 + x10 + x11 (1) 
y10 = x02 + x07 + x09 + x10 (1) 
t03 = x01 + x03 + x06 + x07 (1) 
y00 = x10 + y01 + y10 + t03 (2) 
y03 = x09 + x11 + t03 (2) 
y04 = x00 + x02 + x10 + t03 (2) 
y05 = x00 + y07 + y10 + t03 (2) 
y02 = x00 + x06 + x08 + y05 (3) 
y06 = x04 + x06 + y07 + t03 (2) 
y08 = x00 + y07 + y03 (3) 
y09 = x03 + y00 + y04 + y06 (3) 
y11 = x02 + x05 + y04 + y06 (3) 
Row: 
6 1 4 11 8 10 0 7 2 9 5 3 
Col: 
3 8 1 4 10 9 2 11 7 6 5 0 

Trial No: 179
SLP Heuristic XorCount: 13, Depth: 3
, XOR2: 0, XOR3: 2, XOR4: 11
SLP Heuristic XorCost ASIC1: 61.5
SLP Heuristic XorCost ASIC2: 67.93
SLP Heuristic XorCost ASIC3: 77.15
SLP Heuristic XorCost ASIC4: 75.21
Timestamp: 06-02-2023 01-28-59
y01 = x01 + x02 + x05 + x10 (1) 
y07 = x04 + x08 + x10 + x11 (1) 
y10 = x02 + x07 + x09 + x10 (1) 
t03 = x01 + x03 + x06 + x07 (1) 
y00 = x10 + y01 + y10 + t03 (2) 
y03 = x09 + x11 + t03 (2) 
y04 = x00 + x02 + x10 + t03 (2) 
y05 = x00 + y07 + y10 + t03 (2) 
y02 = x00 + x06 + x08 + y05 (3) 
y06 = x04 + x06 + y07 + t03 (2) 
y08 = x00 + y07 + y03 (3) 
y09 = x03 + y00 + y04 + y06 (3) 
y11 = x02 + x05 + y04 + y06 (3) 
Row: 
6 1 4 11 8 10 0 7 2 9 5 3 
Col: 
3 8 1 4 10 9 2 11 7 6 5 0 

Trial No: 191
SLP Heuristic XorCount: 13, Depth: 3
, XOR2: 0, XOR3: 2, XOR4: 11
SLP Heuristic XorCost ASIC1: 61.5
SLP Heuristic XorCost ASIC2: 67.93
SLP Heuristic XorCost ASIC3: 77.15
SLP Heuristic XorCost ASIC4: 75.21
Timestamp: 06-02-2023 01-28-59
y01 = x01 + x02 + x05 + x10 (1) 
y07 = x04 + x08 + x10 + x11 (1) 
y10 = x02 + x07 + x09 + x10 (1) 
t03 = x01 + x03 + x06 + x07 (1) 
y00 = x10 + y01 + y10 + t03 (2) 
y03 = x09 + x11 + t03 (2) 
y04 = x00 + x02 + x10 + t03 (2) 
y05 = x00 + y07 + y10 + t03 (2) 
y02 = x00 + x06 + x08 + y05 (3) 
y06 = x04 + x06 + y07 + t03 (2) 
y08 = x00 + y07 + y03 (3) 
y09 = x03 + y00 + y04 + y06 (3) 
y11 = x02 + x05 + y04 + y06 (3) 
Row: 
6 1 4 11 8 10 0 7 2 9 5 3 
Col: 
3 8 1 4 10 9 2 11 7 6 5 0 

Trial No: 204
SLP Heuristic XorCount: 13, Depth: 3
, XOR2: 0, XOR3: 2, XOR4: 11
SLP Heuristic XorCost ASIC1: 61.5
SLP Heuristic XorCost ASIC2: 67.93
SLP Heuristic XorCost ASIC3: 77.15
SLP Heuristic XorCost ASIC4: 75.21
Timestamp: 06-02-2023 01-29-00
y02 = x00 + x02 + x03 + x11 (1) 
y08 = x02 + x04 + x07 + x08 (1) 
y11 = x01 + x02 + x04 + x09 (1) 
t03 = x01 + x06 + x08 + x10 (1) 
y00 = x07 + x11 + t03 (2) 
y01 = x05 + y02 + y08 + t03 (2) 
y04 = x03 + x10 + y02 + t03 (2) 
y05 = x02 + x04 + x05 + t03 (2) 
y03 = x00 + x09 + y00 + y05 (3) 
y06 = x04 + x09 + y04 + y05 (3) 
y07 = x00 + x03 + y08 + y04 (3) 
y09 = x05 + y02 + y00 (3) 
y10 = x02 + y08 + y11 + t03 (2) 
Row: 
11 10 7 9 0 8 3 4 5 2 6 1 
Col: 
7 8 5 10 1 3 4 6 11 9 2 0 

Trial No: 222
SLP Heuristic XorCount: 13, Depth: 3
, XOR2: 0, XOR3: 2, XOR4: 11
SLP Heuristic XorCost ASIC1: 61.5
SLP Heuristic XorCost ASIC2: 67.93
SLP Heuristic XorCost ASIC3: 77.15
SLP Heuristic XorCost ASIC4: 75.21
Timestamp: 06-02-2023 01-29-00
y06 = x00 + x03 + x06 + x10 (1) 
y09 = x04 + x06 + x08 + x11 (1) 
y10 = x00 + x01 + x02 + x06 (1) 
t03 = x01 + x03 + x07 + x09 (1) 
y00 = x05 + y06 + y09 + t03 (2) 
y01 = x08 + x10 + t03 (2) 
y02 = x05 + y09 + y01 (3) 
y03 = x00 + x05 + x06 + t03 (2) 
y04 = x05 + x09 + x11 + y00 (3) 
y05 = x02 + x11 + y01 + y03 (3) 
y07 = x04 + x09 + y09 + t03 (2) 
y08 = x00 + x02 + y03 + y07 (3) 
y11 = x06 + y06 + y10 + t03 (2) 
Row: 
10 11 2 8 4 9 5 0 3 7 1 6 
Col: 
1 8 9 11 10 3 5 4 0 2 6 7 

Trial No: 223
SLP Heuristic XorCount: 13, Depth: 3
, XOR2: 0, XOR3: 2, XOR4: 11
SLP Heuristic XorCost ASIC1: 61.5
SLP Heuristic XorCost ASIC2: 67.93
SLP Heuristic XorCost ASIC3: 77.15
SLP Heuristic XorCost ASIC4: 75.21
Timestamp: 06-02-2023 01-29-00
y01 = x03 + x04 + x05 + x06 (1) 
y07 = x02 + x04 + x07 + x10 (1) 
y10 = x04 + x06 + x09 + x11 (1) 
t03 = x00 + x05 + x08 + x09 (1) 
y00 = x04 + y01 + y10 + t03 (2) 
y02 = x01 + x04 + x06 + t03 (2) 
y03 = x10 + x11 + t03 (2) 
y04 = x01 + y07 + y03 (3) 
y05 = x01 + y07 + y10 + t03 (2) 
y06 = x02 + x08 + y07 + t03 (2) 
y08 = x01 + x07 + x08 + y05 (3) 
y09 = x00 + y00 + y02 + y06 (3) 
y11 = x03 + x06 + y02 + y06 (3) 
Row: 
6 1 8 11 2 10 0 7 4 9 5 3 
Col: 
4 3 10 9 5 8 1 7 2 11 0 6 

Trial No: 264
SLP Heuristic XorCount: 13, Depth: 3
, XOR2: 0, XOR3: 2, XOR4: 11
SLP Heuristic XorCost ASIC1: 61.5
SLP Heuristic XorCost ASIC2: 67.93
SLP Heuristic XorCost ASIC3: 77.15
SLP Heuristic XorCost ASIC4: 75.21
Timestamp: 06-02-2023 01-29-00
y02 = x00 + x02 + x03 + x11 (1) 
y08 = x02 + x04 + x07 + x08 (1) 
y11 = x01 + x02 + x04 + x09 (1) 
t03 = x01 + x06 + x08 + x10 (1) 
y00 = x07 + x11 + t03 (2) 
y01 = x05 + y02 + y08 + t03 (2) 
y04 = x03 + x10 + y02 + t03 (2) 
y05 = x02 + x04 + x05 + t03 (2) 
y03 = x00 + x09 + y00 + y05 (3) 
y06 = x04 + x09 + y04 + y05 (3) 
y07 = x00 + x03 + y08 + y04 (3) 
y09 = x05 + y02 + y00 (3) 
y10 = x02 + y08 + y11 + t03 (2) 
Row: 
11 10 7 9 0 8 3 4 5 2 6 1 
Col: 
7 8 5 10 1 3 4 6 11 9 2 0 

Trial No: 282
SLP Heuristic XorCount: 13, Depth: 3
, XOR2: 0, XOR3: 2, XOR4: 11
SLP Heuristic XorCost ASIC1: 61.5
SLP Heuristic XorCost ASIC2: 67.93
SLP Heuristic XorCost ASIC3: 77.15
SLP Heuristic XorCost ASIC4: 75.21
Timestamp: 06-02-2023 01-29-00
y06 = x00 + x03 + x06 + x10 (1) 
y09 = x04 + x06 + x08 + x11 (1) 
y10 = x00 + x01 + x02 + x06 (1) 
t03 = x01 + x03 + x07 + x09 (1) 
y00 = x05 + y06 + y09 + t03 (2) 
y01 = x08 + x10 + t03 (2) 
y02 = x05 + y09 + y01 (3) 
y03 = x00 + x05 + x06 + t03 (2) 
y04 = x05 + x09 + x11 + y00 (3) 
y05 = x02 + x11 + y01 + y03 (3) 
y07 = x04 + x09 + y09 + t03 (2) 
y08 = x00 + x02 + y03 + y07 (3) 
y11 = x06 + y06 + y10 + t03 (2) 
Row: 
10 11 2 8 4 9 5 0 3 7 1 6 
Col: 
1 8 9 11 10 3 5 4 0 2 6 7 

Trial No: 283
SLP Heuristic XorCount: 13, Depth: 3
, XOR2: 0, XOR3: 2, XOR4: 11
SLP Heuristic XorCost ASIC1: 61.5
SLP Heuristic XorCost ASIC2: 67.93
SLP Heuristic XorCost ASIC3: 77.15
SLP Heuristic XorCost ASIC4: 75.21
Timestamp: 06-02-2023 01-29-00
y01 = x03 + x04 + x05 + x06 (1) 
y07 = x02 + x04 + x07 + x10 (1) 
y10 = x04 + x06 + x09 + x11 (1) 
t03 = x00 + x05 + x08 + x09 (1) 
y00 = x04 + y01 + y10 + t03 (2) 
y02 = x01 + x04 + x06 + t03 (2) 
y03 = x10 + x11 + t03 (2) 
y04 = x01 + y07 + y03 (3) 
y05 = x01 + y07 + y10 + t03 (2) 
y06 = x02 + x08 + y07 + t03 (2) 
y08 = x01 + x07 + x08 + y05 (3) 
y09 = x00 + y00 + y02 + y06 (3) 
y11 = x03 + x06 + y02 + y06 (3) 
Row: 
6 1 8 11 2 10 0 7 4 9 5 3 
Col: 
4 3 10 9 5 8 1 7 2 11 0 6 

Trial No: 324
SLP Heuristic XorCount: 13, Depth: 3
, XOR2: 0, XOR3: 2, XOR4: 11
SLP Heuristic XorCost ASIC1: 61.5
SLP Heuristic XorCost ASIC2: 67.93
SLP Heuristic XorCost ASIC3: 77.15
SLP Heuristic XorCost ASIC4: 75.21
Timestamp: 06-02-2023 01-29-00
y02 = x00 + x02 + x03 + x11 (1) 
y08 = x02 + x04 + x07 + x08 (1) 
y11 = x01 + x02 + x04 + x09 (1) 
t03 = x01 + x06 + x08 + x10 (1) 
y00 = x07 + x11 + t03 (2) 
y01 = x05 + y02 + y08 + t03 (2) 
y04 = x03 + x10 + y02 + t03 (2) 
y05 = x02 + x04 + x05 + t03 (2) 
y03 = x00 + x09 + y00 + y05 (3) 
y06 = x04 + x09 + y04 + y05 (3) 
y07 = x00 + x03 + y08 + y04 (3) 
y09 = x05 + y02 + y00 (3) 
y10 = x02 + y08 + y11 + t03 (2) 
Row: 
11 10 7 9 0 8 3 4 5 2 6 1 
Col: 
7 8 5 10 1 3 4 6 11 9 2 0 

Trial No: 342
SLP Heuristic XorCount: 13, Depth: 3
, XOR2: 0, XOR3: 2, XOR4: 11
SLP Heuristic XorCost ASIC1: 61.5
SLP Heuristic XorCost ASIC2: 67.93
SLP Heuristic XorCost ASIC3: 77.15
SLP Heuristic XorCost ASIC4: 75.21
Timestamp: 06-02-2023 01-29-00
y06 = x00 + x03 + x06 + x10 (1) 
y09 = x04 + x06 + x08 + x11 (1) 
y10 = x00 + x01 + x02 + x06 (1) 
t03 = x01 + x03 + x07 + x09 (1) 
y00 = x05 + y06 + y09 + t03 (2) 
y01 = x08 + x10 + t03 (2) 
y02 = x05 + y09 + y01 (3) 
y03 = x00 + x05 + x06 + t03 (2) 
y04 = x05 + x09 + x11 + y00 (3) 
y05 = x02 + x11 + y01 + y03 (3) 
y07 = x04 + x09 + y09 + t03 (2) 
y08 = x00 + x02 + y03 + y07 (3) 
y11 = x06 + y06 + y10 + t03 (2) 
Row: 
10 11 2 8 4 9 5 0 3 7 1 6 
Col: 
1 8 9 11 10 3 5 4 0 2 6 7 

Trial No: 343
SLP Heuristic XorCount: 13, Depth: 3
, XOR2: 0, XOR3: 2, XOR4: 11
SLP Heuristic XorCost ASIC1: 61.5
SLP Heuristic XorCost ASIC2: 67.93
SLP Heuristic XorCost ASIC3: 77.15
SLP Heuristic XorCost ASIC4: 75.21
Timestamp: 06-02-2023 01-29-00
y01 = x03 + x04 + x05 + x06 (1) 
y07 = x02 + x04 + x07 + x10 (1) 
y10 = x04 + x06 + x09 + x11 (1) 
t03 = x00 + x05 + x08 + x09 (1) 
y00 = x04 + y01 + y10 + t03 (2) 
y02 = x01 + x04 + x06 + t03 (2) 
y03 = x10 + x11 + t03 (2) 
y04 = x01 + y07 + y03 (3) 
y05 = x01 + y07 + y10 + t03 (2) 
y06 = x02 + x08 + y07 + t03 (2) 
y08 = x01 + x07 + x08 + y05 (3) 
y09 = x00 + y00 + y02 + y06 (3) 
y11 = x03 + x06 + y02 + y06 (3) 
Row: 
6 1 8 11 2 10 0 7 4 9 5 3 
Col: 
4 3 10 9 5 8 1 7 2 11 0 6 

Trial No: 384
SLP Heuristic XorCount: 13, Depth: 3
, XOR2: 0, XOR3: 2, XOR4: 11
SLP Heuristic XorCost ASIC1: 61.5
SLP Heuristic XorCost ASIC2: 67.93
SLP Heuristic XorCost ASIC3: 77.15
SLP Heuristic XorCost ASIC4: 75.21
Timestamp: 06-02-2023 01-29-00
y02 = x00 + x02 + x03 + x11 (1) 
y08 = x02 + x04 + x07 + x08 (1) 
y11 = x01 + x02 + x04 + x09 (1) 
t03 = x01 + x06 + x08 + x10 (1) 
y00 = x07 + x11 + t03 (2) 
y01 = x05 + y02 + y08 + t03 (2) 
y04 = x03 + x10 + y02 + t03 (2) 
y05 = x02 + x04 + x05 + t03 (2) 
y03 = x00 + x09 + y00 + y05 (3) 
y06 = x04 + x09 + y04 + y05 (3) 
y07 = x00 + x03 + y08 + y04 (3) 
y09 = x05 + y02 + y00 (3) 
y10 = x02 + y08 + y11 + t03 (2) 
Row: 
11 10 7 9 0 8 3 4 5 2 6 1 
Col: 
7 8 5 10 1 3 4 6 11 9 2 0 

Trial No: 402
SLP Heuristic XorCount: 13, Depth: 3
, XOR2: 0, XOR3: 2, XOR4: 11
SLP Heuristic XorCost ASIC1: 61.5
SLP Heuristic XorCost ASIC2: 67.93
SLP Heuristic XorCost ASIC3: 77.15
SLP Heuristic XorCost ASIC4: 75.21
Timestamp: 06-02-2023 01-29-00
y06 = x00 + x03 + x06 + x10 (1) 
y09 = x04 + x06 + x08 + x11 (1) 
y10 = x00 + x01 + x02 + x06 (1) 
t03 = x01 + x03 + x07 + x09 (1) 
y00 = x05 + y06 + y09 + t03 (2) 
y01 = x08 + x10 + t03 (2) 
y02 = x05 + y09 + y01 (3) 
y03 = x00 + x05 + x06 + t03 (2) 
y04 = x05 + x09 + x11 + y00 (3) 
y05 = x02 + x11 + y01 + y03 (3) 
y07 = x04 + x09 + y09 + t03 (2) 
y08 = x00 + x02 + y03 + y07 (3) 
y11 = x06 + y06 + y10 + t03 (2) 
Row: 
10 11 2 8 4 9 5 0 3 7 1 6 
Col: 
1 8 9 11 10 3 5 4 0 2 6 7 

Trial No: 403
SLP Heuristic XorCount: 13, Depth: 3
, XOR2: 0, XOR3: 2, XOR4: 11
SLP Heuristic XorCost ASIC1: 61.5
SLP Heuristic XorCost ASIC2: 67.93
SLP Heuristic XorCost ASIC3: 77.15
SLP Heuristic XorCost ASIC4: 75.21
Timestamp: 06-02-2023 01-29-00
y01 = x03 + x04 + x05 + x06 (1) 
y07 = x02 + x04 + x07 + x10 (1) 
y10 = x04 + x06 + x09 + x11 (1) 
t03 = x00 + x05 + x08 + x09 (1) 
y00 = x04 + y01 + y10 + t03 (2) 
y02 = x01 + x04 + x06 + t03 (2) 
y03 = x10 + x11 + t03 (2) 
y04 = x01 + y07 + y03 (3) 
y05 = x01 + y07 + y10 + t03 (2) 
y06 = x02 + x08 + y07 + t03 (2) 
y08 = x01 + x07 + x08 + y05 (3) 
y09 = x00 + y00 + y02 + y06 (3) 
y11 = x03 + x06 + y02 + y06 (3) 
Row: 
6 1 8 11 2 10 0 7 4 9 5 3 
Col: 
4 3 10 9 5 8 1 7 2 11 0 6 

Trial No: 444
SLP Heuristic XorCount: 13, Depth: 3
, XOR2: 0, XOR3: 2, XOR4: 11
SLP Heuristic XorCost ASIC1: 61.5
SLP Heuristic XorCost ASIC2: 67.93
SLP Heuristic XorCost ASIC3: 77.15
SLP Heuristic XorCost ASIC4: 75.21
Timestamp: 06-02-2023 01-29-00
y02 = x00 + x02 + x03 + x11 (1) 
y08 = x02 + x04 + x07 + x08 (1) 
y11 = x01 + x02 + x04 + x09 (1) 
t03 = x01 + x06 + x08 + x10 (1) 
y00 = x07 + x11 + t03 (2) 
y01 = x05 + y02 + y08 + t03 (2) 
y04 = x03 + x10 + y02 + t03 (2) 
y05 = x02 + x04 + x05 + t03 (2) 
y03 = x00 + x09 + y00 + y05 (3) 
y06 = x04 + x09 + y04 + y05 (3) 
y07 = x00 + x03 + y08 + y04 (3) 
y09 = x05 + y02 + y00 (3) 
y10 = x02 + y08 + y11 + t03 (2) 
Row: 
11 10 7 9 0 8 3 4 5 2 6 1 
Col: 
7 8 5 10 1 3 4 6 11 9 2 0 

Trial No: 462
SLP Heuristic XorCount: 13, Depth: 3
, XOR2: 0, XOR3: 2, XOR4: 11
SLP Heuristic XorCost ASIC1: 61.5
SLP Heuristic XorCost ASIC2: 67.93
SLP Heuristic XorCost ASIC3: 77.15
SLP Heuristic XorCost ASIC4: 75.21
Timestamp: 06-02-2023 01-29-00
y06 = x00 + x03 + x06 + x10 (1) 
y09 = x04 + x06 + x08 + x11 (1) 
y10 = x00 + x01 + x02 + x06 (1) 
t03 = x01 + x03 + x07 + x09 (1) 
y00 = x05 + y06 + y09 + t03 (2) 
y01 = x08 + x10 + t03 (2) 
y02 = x05 + y09 + y01 (3) 
y03 = x00 + x05 + x06 + t03 (2) 
y04 = x05 + x09 + x11 + y00 (3) 
y05 = x02 + x11 + y01 + y03 (3) 
y07 = x04 + x09 + y09 + t03 (2) 
y08 = x00 + x02 + y03 + y07 (3) 
y11 = x06 + y06 + y10 + t03 (2) 
Row: 
10 11 2 8 4 9 5 0 3 7 1 6 
Col: 
1 8 9 11 10 3 5 4 0 2 6 7 

Trial No: 463
SLP Heuristic XorCount: 13, Depth: 3
, XOR2: 0, XOR3: 2, XOR4: 11
SLP Heuristic XorCost ASIC1: 61.5
SLP Heuristic XorCost ASIC2: 67.93
SLP Heuristic XorCost ASIC3: 77.15
SLP Heuristic XorCost ASIC4: 75.21
Timestamp: 06-02-2023 01-29-00
y01 = x03 + x04 + x05 + x06 (1) 
y07 = x02 + x04 + x07 + x10 (1) 
y10 = x04 + x06 + x09 + x11 (1) 
t03 = x00 + x05 + x08 + x09 (1) 
y00 = x04 + y01 + y10 + t03 (2) 
y02 = x01 + x04 + x06 + t03 (2) 
y03 = x10 + x11 + t03 (2) 
y04 = x01 + y07 + y03 (3) 
y05 = x01 + y07 + y10 + t03 (2) 
y06 = x02 + x08 + y07 + t03 (2) 
y08 = x01 + x07 + x08 + y05 (3) 
y09 = x00 + y00 + y02 + y06 (3) 
y11 = x03 + x06 + y02 + y06 (3) 
Row: 
6 1 8 11 2 10 0 7 4 9 5 3 
Col: 
4 3 10 9 5 8 1 7 2 11 0 6 

