Trial No: 9
SLP Heuristic XorCount: 13, Depth: 3
, XOR2: 0, XOR3: 2, XOR4: 11
SLP Heuristic XorCost ASIC1: 61.5
SLP Heuristic XorCost ASIC2: 67.93
SLP Heuristic XorCost ASIC3: 77.15
SLP Heuristic XorCost ASIC4: 75.21
Timestamp: 06-02-2023 13-50-05
y06 = x00 + x06 + x07 + x11 (1) 
y07 = x00 + x02 + x05 + x06 (1) 
y10 = x04 + x06 + x08 + x10 (1) 
t03 = x01 + x02 + x09 + x11 (1) 
y00 = x00 + x03 + x06 + t03 (2) 
y02 = x03 + y06 + y10 + t03 (2) 
y03 = x01 + x03 + x10 + y02 (3) 
y04 = x07 + x08 + t03 (2) 
y01 = x05 + x10 + y00 + y04 (3) 
y05 = x01 + x04 + y10 + t03 (2) 
y08 = x03 + y10 + y04 (3) 
y09 = x00 + x05 + y00 + y05 (3) 
y11 = x06 + y06 + y07 + t03 (2) 
Row: 
2 3 4 7 5 9 8 10 11 6 1 0 
Col: 
10 11 2 6 4 3 8 0 9 7 1 5 

Trial No: 11
SLP Heuristic XorCount: 13, Depth: 3
, XOR2: 0, XOR3: 2, XOR4: 11
SLP Heuristic XorCost ASIC1: 61.5
SLP Heuristic XorCost ASIC2: 67.93
SLP Heuristic XorCost ASIC3: 77.15
SLP Heuristic XorCost ASIC4: 75.21
Timestamp: 06-02-2023 13-50-05
y01 = x01 + x02 + x06 + x09 (1) 
y03 = x04 + x07 + x09 + x11 (1) 
y05 = x01 + x03 + x09 + x10 (1) 
t03 = x00 + x02 + x03 + x05 (1) 
y00 = x07 + x10 + t03 (2) 
y02 = x04 + x05 + y03 + t03 (2) 
y06 = x09 + y01 + y05 + t03 (2) 
y08 = x01 + x08 + x09 + t03 (2) 
y04 = x01 + x06 + y02 + y08 (3) 
y07 = x00 + y02 + y06 + y08 (3) 
y09 = x08 + y03 + y00 (3) 
y10 = x04 + x11 + y05 + y02 (3) 
y11 = x03 + x10 + y03 + y08 (3) 
Row: 
5 10 9 1 6 8 0 3 2 11 7 4 
Col: 
7 10 2 5 4 11 3 9 6 8 0 1 

Trial No: 49
SLP Heuristic XorCount: 13, Depth: 3
, XOR2: 0, XOR3: 2, XOR4: 11
SLP Heuristic XorCost ASIC1: 61.5
SLP Heuristic XorCost ASIC2: 67.93
SLP Heuristic XorCost ASIC3: 77.15
SLP Heuristic XorCost ASIC4: 75.21
Timestamp: 06-02-2023 13-50-05
y06 = x00 + x06 + x07 + x11 (1) 
y07 = x00 + x02 + x05 + x06 (1) 
y10 = x04 + x06 + x08 + x10 (1) 
t03 = x01 + x02 + x09 + x11 (1) 
y00 = x00 + x03 + x06 + t03 (2) 
y02 = x03 + y06 + y10 + t03 (2) 
y03 = x01 + x03 + x10 + y02 (3) 
y04 = x07 + x08 + t03 (2) 
y01 = x05 + x10 + y00 + y04 (3) 
y05 = x01 + x04 + y10 + t03 (2) 
y08 = x03 + y10 + y04 (3) 
y09 = x00 + x05 + y00 + y05 (3) 
y11 = x06 + y06 + y07 + t03 (2) 
Row: 
2 3 4 7 5 9 8 10 11 6 1 0 
Col: 
10 11 2 6 4 3 8 0 9 7 1 5 

Trial No: 51
SLP Heuristic XorCount: 13, Depth: 3
, XOR2: 0, XOR3: 2, XOR4: 11
SLP Heuristic XorCost ASIC1: 61.5
SLP Heuristic XorCost ASIC2: 67.93
SLP Heuristic XorCost ASIC3: 77.15
SLP Heuristic XorCost ASIC4: 75.21
Timestamp: 06-02-2023 13-50-05
y01 = x01 + x02 + x06 + x09 (1) 
y03 = x04 + x07 + x09 + x11 (1) 
y05 = x01 + x03 + x09 + x10 (1) 
t03 = x00 + x02 + x03 + x05 (1) 
y00 = x07 + x10 + t03 (2) 
y02 = x04 + x05 + y03 + t03 (2) 
y06 = x09 + y01 + y05 + t03 (2) 
y08 = x01 + x08 + x09 + t03 (2) 
y04 = x01 + x06 + y02 + y08 (3) 
y07 = x00 + y02 + y06 + y08 (3) 
y09 = x08 + y03 + y00 (3) 
y10 = x04 + x11 + y05 + y02 (3) 
y11 = x03 + x10 + y03 + y08 (3) 
Row: 
5 10 9 1 6 8 0 3 2 11 7 4 
Col: 
7 10 2 5 4 11 3 9 6 8 0 1 

Trial No: 89
SLP Heuristic XorCount: 13, Depth: 3
, XOR2: 0, XOR3: 2, XOR4: 11
SLP Heuristic XorCost ASIC1: 61.5
SLP Heuristic XorCost ASIC2: 67.93
SLP Heuristic XorCost ASIC3: 77.15
SLP Heuristic XorCost ASIC4: 75.21
Timestamp: 06-02-2023 13-50-05
y06 = x00 + x06 + x07 + x11 (1) 
y07 = x00 + x02 + x05 + x06 (1) 
y10 = x04 + x06 + x08 + x10 (1) 
t03 = x01 + x02 + x09 + x11 (1) 
y00 = x00 + x03 + x06 + t03 (2) 
y02 = x03 + y06 + y10 + t03 (2) 
y03 = x01 + x03 + x10 + y02 (3) 
y04 = x07 + x08 + t03 (2) 
y01 = x05 + x10 + y00 + y04 (3) 
y05 = x01 + x04 + y10 + t03 (2) 
y08 = x03 + y10 + y04 (3) 
y09 = x00 + x05 + y00 + y05 (3) 
y11 = x06 + y06 + y07 + t03 (2) 
Row: 
2 3 4 7 5 9 8 10 11 6 1 0 
Col: 
10 11 2 6 4 3 8 0 9 7 1 5 

Trial No: 91
SLP Heuristic XorCount: 13, Depth: 3
, XOR2: 0, XOR3: 2, XOR4: 11
SLP Heuristic XorCost ASIC1: 61.5
SLP Heuristic XorCost ASIC2: 67.93
SLP Heuristic XorCost ASIC3: 77.15
SLP Heuristic XorCost ASIC4: 75.21
Timestamp: 06-02-2023 13-50-05
y01 = x01 + x02 + x06 + x09 (1) 
y03 = x04 + x07 + x09 + x11 (1) 
y05 = x01 + x03 + x09 + x10 (1) 
t03 = x00 + x02 + x03 + x05 (1) 
y00 = x07 + x10 + t03 (2) 
y02 = x04 + x05 + y03 + t03 (2) 
y06 = x09 + y01 + y05 + t03 (2) 
y08 = x01 + x08 + x09 + t03 (2) 
y04 = x01 + x06 + y02 + y08 (3) 
y07 = x00 + y02 + y06 + y08 (3) 
y09 = x08 + y03 + y00 (3) 
y10 = x04 + x11 + y05 + y02 (3) 
y11 = x03 + x10 + y03 + y08 (3) 
Row: 
5 10 9 1 6 8 0 3 2 11 7 4 
Col: 
7 10 2 5 4 11 3 9 6 8 0 1 

Trial No: 129
SLP Heuristic XorCount: 13, Depth: 3
, XOR2: 0, XOR3: 2, XOR4: 11
SLP Heuristic XorCost ASIC1: 61.5
SLP Heuristic XorCost ASIC2: 67.93
SLP Heuristic XorCost ASIC3: 77.15
SLP Heuristic XorCost ASIC4: 75.21
Timestamp: 06-02-2023 13-50-05
y06 = x00 + x06 + x07 + x11 (1) 
y07 = x00 + x02 + x05 + x06 (1) 
y10 = x04 + x06 + x08 + x10 (1) 
t03 = x01 + x02 + x09 + x11 (1) 
y00 = x00 + x03 + x06 + t03 (2) 
y02 = x03 + y06 + y10 + t03 (2) 
y03 = x01 + x03 + x10 + y02 (3) 
y04 = x07 + x08 + t03 (2) 
y01 = x05 + x10 + y00 + y04 (3) 
y05 = x01 + x04 + y10 + t03 (2) 
y08 = x03 + y10 + y04 (3) 
y09 = x00 + x05 + y00 + y05 (3) 
y11 = x06 + y06 + y07 + t03 (2) 
Row: 
2 3 4 7 5 9 8 10 11 6 1 0 
Col: 
10 11 2 6 4 3 8 0 9 7 1 5 

Trial No: 131
SLP Heuristic XorCount: 13, Depth: 3
, XOR2: 0, XOR3: 2, XOR4: 11
SLP Heuristic XorCost ASIC1: 61.5
SLP Heuristic XorCost ASIC2: 67.93
SLP Heuristic XorCost ASIC3: 77.15
SLP Heuristic XorCost ASIC4: 75.21
Timestamp: 06-02-2023 13-50-05
y01 = x01 + x02 + x06 + x09 (1) 
y03 = x04 + x07 + x09 + x11 (1) 
y05 = x01 + x03 + x09 + x10 (1) 
t03 = x00 + x02 + x03 + x05 (1) 
y00 = x07 + x10 + t03 (2) 
y02 = x04 + x05 + y03 + t03 (2) 
y06 = x09 + y01 + y05 + t03 (2) 
y08 = x01 + x08 + x09 + t03 (2) 
y04 = x01 + x06 + y02 + y08 (3) 
y07 = x00 + y02 + y06 + y08 (3) 
y09 = x08 + y03 + y00 (3) 
y10 = x04 + x11 + y05 + y02 (3) 
y11 = x03 + x10 + y03 + y08 (3) 
Row: 
5 10 9 1 6 8 0 3 2 11 7 4 
Col: 
7 10 2 5 4 11 3 9 6 8 0 1 

Trial No: 169
SLP Heuristic XorCount: 13, Depth: 3
, XOR2: 0, XOR3: 2, XOR4: 11
SLP Heuristic XorCost ASIC1: 61.5
SLP Heuristic XorCost ASIC2: 67.93
SLP Heuristic XorCost ASIC3: 77.15
SLP Heuristic XorCost ASIC4: 75.21
Timestamp: 06-02-2023 13-50-05
y06 = x00 + x06 + x07 + x11 (1) 
y07 = x00 + x02 + x05 + x06 (1) 
y10 = x04 + x06 + x08 + x10 (1) 
t03 = x01 + x02 + x09 + x11 (1) 
y00 = x00 + x03 + x06 + t03 (2) 
y02 = x03 + y06 + y10 + t03 (2) 
y03 = x01 + x03 + x10 + y02 (3) 
y04 = x07 + x08 + t03 (2) 
y01 = x05 + x10 + y00 + y04 (3) 
y05 = x01 + x04 + y10 + t03 (2) 
y08 = x03 + y10 + y04 (3) 
y09 = x00 + x05 + y00 + y05 (3) 
y11 = x06 + y06 + y07 + t03 (2) 
Row: 
2 3 4 7 5 9 8 10 11 6 1 0 
Col: 
10 11 2 6 4 3 8 0 9 7 1 5 

Trial No: 171
SLP Heuristic XorCount: 13, Depth: 3
, XOR2: 0, XOR3: 2, XOR4: 11
SLP Heuristic XorCost ASIC1: 61.5
SLP Heuristic XorCost ASIC2: 67.93
SLP Heuristic XorCost ASIC3: 77.15
SLP Heuristic XorCost ASIC4: 75.21
Timestamp: 06-02-2023 13-50-05
y01 = x01 + x02 + x06 + x09 (1) 
y03 = x04 + x07 + x09 + x11 (1) 
y05 = x01 + x03 + x09 + x10 (1) 
t03 = x00 + x02 + x03 + x05 (1) 
y00 = x07 + x10 + t03 (2) 
y02 = x04 + x05 + y03 + t03 (2) 
y06 = x09 + y01 + y05 + t03 (2) 
y08 = x01 + x08 + x09 + t03 (2) 
y04 = x01 + x06 + y02 + y08 (3) 
y07 = x00 + y02 + y06 + y08 (3) 
y09 = x08 + y03 + y00 (3) 
y10 = x04 + x11 + y05 + y02 (3) 
y11 = x03 + x10 + y03 + y08 (3) 
Row: 
5 10 9 1 6 8 0 3 2 11 7 4 
Col: 
7 10 2 5 4 11 3 9 6 8 0 1 

Trial No: 209
SLP Heuristic XorCount: 13, Depth: 3
, XOR2: 0, XOR3: 2, XOR4: 11
SLP Heuristic XorCost ASIC1: 61.5
SLP Heuristic XorCost ASIC2: 67.93
SLP Heuristic XorCost ASIC3: 77.15
SLP Heuristic XorCost ASIC4: 75.21
Timestamp: 06-02-2023 13-50-05
y06 = x00 + x06 + x07 + x11 (1) 
y07 = x00 + x02 + x05 + x06 (1) 
y10 = x04 + x06 + x08 + x10 (1) 
t03 = x01 + x02 + x09 + x11 (1) 
y00 = x00 + x03 + x06 + t03 (2) 
y02 = x03 + y06 + y10 + t03 (2) 
y03 = x01 + x03 + x10 + y02 (3) 
y04 = x07 + x08 + t03 (2) 
y01 = x05 + x10 + y00 + y04 (3) 
y05 = x01 + x04 + y10 + t03 (2) 
y08 = x03 + y10 + y04 (3) 
y09 = x00 + x05 + y00 + y05 (3) 
y11 = x06 + y06 + y07 + t03 (2) 
Row: 
2 3 4 7 5 9 8 10 11 6 1 0 
Col: 
10 11 2 6 4 3 8 0 9 7 1 5 

Trial No: 211
SLP Heuristic XorCount: 13, Depth: 3
, XOR2: 0, XOR3: 2, XOR4: 11
SLP Heuristic XorCost ASIC1: 61.5
SLP Heuristic XorCost ASIC2: 67.93
SLP Heuristic XorCost ASIC3: 77.15
SLP Heuristic XorCost ASIC4: 75.21
Timestamp: 06-02-2023 13-50-05
y01 = x01 + x02 + x06 + x09 (1) 
y03 = x04 + x07 + x09 + x11 (1) 
y05 = x01 + x03 + x09 + x10 (1) 
t03 = x00 + x02 + x03 + x05 (1) 
y00 = x07 + x10 + t03 (2) 
y02 = x04 + x05 + y03 + t03 (2) 
y06 = x09 + y01 + y05 + t03 (2) 
y08 = x01 + x08 + x09 + t03 (2) 
y04 = x01 + x06 + y02 + y08 (3) 
y07 = x00 + y02 + y06 + y08 (3) 
y09 = x08 + y03 + y00 (3) 
y10 = x04 + x11 + y05 + y02 (3) 
y11 = x03 + x10 + y03 + y08 (3) 
Row: 
5 10 9 1 6 8 0 3 2 11 7 4 
Col: 
7 10 2 5 4 11 3 9 6 8 0 1 

Trial No: 249
SLP Heuristic XorCount: 13, Depth: 3
, XOR2: 0, XOR3: 2, XOR4: 11
SLP Heuristic XorCost ASIC1: 61.5
SLP Heuristic XorCost ASIC2: 67.93
SLP Heuristic XorCost ASIC3: 77.15
SLP Heuristic XorCost ASIC4: 75.21
Timestamp: 06-02-2023 13-50-05
y06 = x00 + x06 + x07 + x11 (1) 
y07 = x00 + x02 + x05 + x06 (1) 
y10 = x04 + x06 + x08 + x10 (1) 
t03 = x01 + x02 + x09 + x11 (1) 
y00 = x00 + x03 + x06 + t03 (2) 
y02 = x03 + y06 + y10 + t03 (2) 
y03 = x01 + x03 + x10 + y02 (3) 
y04 = x07 + x08 + t03 (2) 
y01 = x05 + x10 + y00 + y04 (3) 
y05 = x01 + x04 + y10 + t03 (2) 
y08 = x03 + y10 + y04 (3) 
y09 = x00 + x05 + y00 + y05 (3) 
y11 = x06 + y06 + y07 + t03 (2) 
Row: 
2 3 4 7 5 9 8 10 11 6 1 0 
Col: 
10 11 2 6 4 3 8 0 9 7 1 5 

Trial No: 251
SLP Heuristic XorCount: 13, Depth: 3
, XOR2: 0, XOR3: 2, XOR4: 11
SLP Heuristic XorCost ASIC1: 61.5
SLP Heuristic XorCost ASIC2: 67.93
SLP Heuristic XorCost ASIC3: 77.15
SLP Heuristic XorCost ASIC4: 75.21
Timestamp: 06-02-2023 13-50-05
y01 = x01 + x02 + x06 + x09 (1) 
y03 = x04 + x07 + x09 + x11 (1) 
y05 = x01 + x03 + x09 + x10 (1) 
t03 = x00 + x02 + x03 + x05 (1) 
y00 = x07 + x10 + t03 (2) 
y02 = x04 + x05 + y03 + t03 (2) 
y06 = x09 + y01 + y05 + t03 (2) 
y08 = x01 + x08 + x09 + t03 (2) 
y04 = x01 + x06 + y02 + y08 (3) 
y07 = x00 + y02 + y06 + y08 (3) 
y09 = x08 + y03 + y00 (3) 
y10 = x04 + x11 + y05 + y02 (3) 
y11 = x03 + x10 + y03 + y08 (3) 
Row: 
5 10 9 1 6 8 0 3 2 11 7 4 
Col: 
7 10 2 5 4 11 3 9 6 8 0 1 

Trial No: 289
SLP Heuristic XorCount: 13, Depth: 3
, XOR2: 0, XOR3: 2, XOR4: 11
SLP Heuristic XorCost ASIC1: 61.5
SLP Heuristic XorCost ASIC2: 67.93
SLP Heuristic XorCost ASIC3: 77.15
SLP Heuristic XorCost ASIC4: 75.21
Timestamp: 06-02-2023 13-50-05
y06 = x00 + x06 + x07 + x11 (1) 
y07 = x00 + x02 + x05 + x06 (1) 
y10 = x04 + x06 + x08 + x10 (1) 
t03 = x01 + x02 + x09 + x11 (1) 
y00 = x00 + x03 + x06 + t03 (2) 
y02 = x03 + y06 + y10 + t03 (2) 
y03 = x01 + x03 + x10 + y02 (3) 
y04 = x07 + x08 + t03 (2) 
y01 = x05 + x10 + y00 + y04 (3) 
y05 = x01 + x04 + y10 + t03 (2) 
y08 = x03 + y10 + y04 (3) 
y09 = x00 + x05 + y00 + y05 (3) 
y11 = x06 + y06 + y07 + t03 (2) 
Row: 
2 3 4 7 5 9 8 10 11 6 1 0 
Col: 
10 11 2 6 4 3 8 0 9 7 1 5 

Trial No: 291
SLP Heuristic XorCount: 13, Depth: 3
, XOR2: 0, XOR3: 2, XOR4: 11
SLP Heuristic XorCost ASIC1: 61.5
SLP Heuristic XorCost ASIC2: 67.93
SLP Heuristic XorCost ASIC3: 77.15
SLP Heuristic XorCost ASIC4: 75.21
Timestamp: 06-02-2023 13-50-05
y01 = x01 + x02 + x06 + x09 (1) 
y03 = x04 + x07 + x09 + x11 (1) 
y05 = x01 + x03 + x09 + x10 (1) 
t03 = x00 + x02 + x03 + x05 (1) 
y00 = x07 + x10 + t03 (2) 
y02 = x04 + x05 + y03 + t03 (2) 
y06 = x09 + y01 + y05 + t03 (2) 
y08 = x01 + x08 + x09 + t03 (2) 
y04 = x01 + x06 + y02 + y08 (3) 
y07 = x00 + y02 + y06 + y08 (3) 
y09 = x08 + y03 + y00 (3) 
y10 = x04 + x11 + y05 + y02 (3) 
y11 = x03 + x10 + y03 + y08 (3) 
Row: 
5 10 9 1 6 8 0 3 2 11 7 4 
Col: 
7 10 2 5 4 11 3 9 6 8 0 1 

Trial No: 329
SLP Heuristic XorCount: 13, Depth: 3
, XOR2: 0, XOR3: 2, XOR4: 11
SLP Heuristic XorCost ASIC1: 61.5
SLP Heuristic XorCost ASIC2: 67.93
SLP Heuristic XorCost ASIC3: 77.15
SLP Heuristic XorCost ASIC4: 75.21
Timestamp: 06-02-2023 13-50-05
y06 = x00 + x06 + x07 + x11 (1) 
y07 = x00 + x02 + x05 + x06 (1) 
y10 = x04 + x06 + x08 + x10 (1) 
t03 = x01 + x02 + x09 + x11 (1) 
y00 = x00 + x03 + x06 + t03 (2) 
y02 = x03 + y06 + y10 + t03 (2) 
y03 = x01 + x03 + x10 + y02 (3) 
y04 = x07 + x08 + t03 (2) 
y01 = x05 + x10 + y00 + y04 (3) 
y05 = x01 + x04 + y10 + t03 (2) 
y08 = x03 + y10 + y04 (3) 
y09 = x00 + x05 + y00 + y05 (3) 
y11 = x06 + y06 + y07 + t03 (2) 
Row: 
2 3 4 7 5 9 8 10 11 6 1 0 
Col: 
10 11 2 6 4 3 8 0 9 7 1 5 

Trial No: 331
SLP Heuristic XorCount: 13, Depth: 3
, XOR2: 0, XOR3: 2, XOR4: 11
SLP Heuristic XorCost ASIC1: 61.5
SLP Heuristic XorCost ASIC2: 67.93
SLP Heuristic XorCost ASIC3: 77.15
SLP Heuristic XorCost ASIC4: 75.21
Timestamp: 06-02-2023 13-50-05
y01 = x01 + x02 + x06 + x09 (1) 
y03 = x04 + x07 + x09 + x11 (1) 
y05 = x01 + x03 + x09 + x10 (1) 
t03 = x00 + x02 + x03 + x05 (1) 
y00 = x07 + x10 + t03 (2) 
y02 = x04 + x05 + y03 + t03 (2) 
y06 = x09 + y01 + y05 + t03 (2) 
y08 = x01 + x08 + x09 + t03 (2) 
y04 = x01 + x06 + y02 + y08 (3) 
y07 = x00 + y02 + y06 + y08 (3) 
y09 = x08 + y03 + y00 (3) 
y10 = x04 + x11 + y05 + y02 (3) 
y11 = x03 + x10 + y03 + y08 (3) 
Row: 
5 10 9 1 6 8 0 3 2 11 7 4 
Col: 
7 10 2 5 4 11 3 9 6 8 0 1 

Trial No: 340
SLP Heuristic XorCount: 13, Depth: 3
, XOR2: 0, XOR3: 2, XOR4: 11
SLP Heuristic XorCost ASIC1: 61.5
SLP Heuristic XorCost ASIC2: 67.93
SLP Heuristic XorCost ASIC3: 77.15
SLP Heuristic XorCost ASIC4: 75.21
Timestamp: 06-02-2023 13-50-06
y06 = x00 + x01 + x06 + x09 (1) 
y07 = x00 + x01 + x07 + x11 (1) 
y11 = x00 + x03 + x04 + x05 (1) 
t03 = x06 + x08 + x10 + x11 (1) 
y00 = x02 + y06 + y11 + t03 (2) 
y01 = x00 + x01 + x02 + t03 (2) 
y02 = x04 + x09 + t03 (2) 
y03 = x03 + x10 + y11 + t03 (2) 
y04 = x02 + y11 + y02 (3) 
y05 = x01 + x07 + y01 + y03 (3) 
y08 = x05 + x07 + y01 + y02 (3) 
y09 = x00 + y06 + y07 + t03 (2) 
y10 = x02 + x05 + x10 + y00 (3) 
Row: 
4 2 5 9 11 6 8 10 3 0 7 1 
Col: 
8 10 6 4 9 1 5 3 7 0 11 2 

Trial No: 345
SLP Heuristic XorCount: 13, Depth: 3
, XOR2: 0, XOR3: 2, XOR4: 11
SLP Heuristic XorCost ASIC1: 61.5
SLP Heuristic XorCost ASIC2: 67.93
SLP Heuristic XorCost ASIC3: 77.15
SLP Heuristic XorCost ASIC4: 75.21
Timestamp: 06-02-2023 13-50-06
y03 = x01 + x03 + x04 + x06 (1) 
y04 = x02 + x04 + x05 + x11 (1) 
y08 = x04 + x07 + x08 + x11 (1) 
t03 = x05 + x07 + x09 + x10 (1) 
y00 = x00 + y03 + y08 + t03 (2) 
y05 = x01 + x08 + t03 (2) 
y06 = x06 + x10 + y03 + t03 (2) 
y07 = x00 + x04 + x11 + t03 (2) 
y01 = x02 + x03 + y05 + y07 (3) 
y02 = x02 + x11 + y06 + y07 (3) 
y09 = x00 + y03 + y05 (3) 
y10 = x04 + y04 + y08 + t03 (2) 
y11 = x00 + x03 + x10 + y00 (3) 
Row: 
4 3 6 1 10 5 9 2 8 11 0 7 
Col: 
6 9 3 1 8 2 4 5 0 7 11 10 

Trial No: 354
SLP Heuristic XorCount: 13, Depth: 3
, XOR2: 0, XOR3: 2, XOR4: 11
SLP Heuristic XorCost ASIC1: 61.5
SLP Heuristic XorCost ASIC2: 67.93
SLP Heuristic XorCost ASIC3: 77.15
SLP Heuristic XorCost ASIC4: 75.21
Timestamp: 06-02-2023 13-50-06
y03 = x01 + x03 + x04 + x06 (1) 
y04 = x02 + x04 + x05 + x11 (1) 
y08 = x04 + x07 + x09 + x11 (1) 
t03 = x05 + x07 + x08 + x10 (1) 
y00 = x00 + y03 + y08 + t03 (2) 
y02 = x01 + x09 + t03 (2) 
y06 = x06 + x10 + y03 + t03 (2) 
y07 = x00 + x04 + x11 + t03 (2) 
y01 = x02 + x03 + y02 + y07 (3) 
y05 = x02 + x11 + y06 + y07 (3) 
y09 = x00 + y03 + y02 (3) 
y10 = x04 + y04 + y08 + t03 (2) 
y11 = x00 + x03 + x10 + y00 (3) 
Row: 
4 3 5 1 10 6 9 2 8 11 0 7 
Col: 
6 9 3 1 8 2 4 5 7 0 11 10 

Trial No: 358
SLP Heuristic XorCount: 13, Depth: 3
, XOR2: 0, XOR3: 2, XOR4: 11
SLP Heuristic XorCost ASIC1: 61.5
SLP Heuristic XorCost ASIC2: 67.93
SLP Heuristic XorCost ASIC3: 77.15
SLP Heuristic XorCost ASIC4: 75.21
Timestamp: 06-02-2023 13-50-06
y06 = x00 + x01 + x06 + x09 (1) 
y07 = x00 + x01 + x07 + x11 (1) 
y11 = x00 + x03 + x04 + x05 (1) 
t03 = x06 + x08 + x10 + x11 (1) 
y00 = x02 + y06 + y11 + t03 (2) 
y01 = x00 + x01 + x02 + t03 (2) 
y02 = x04 + x09 + t03 (2) 
y03 = x03 + x10 + y11 + t03 (2) 
y04 = x02 + y11 + y02 (3) 
y05 = x01 + x07 + y01 + y03 (3) 
y08 = x05 + x07 + y01 + y02 (3) 
y09 = x00 + y06 + y07 + t03 (2) 
y10 = x02 + x05 + x10 + y00 (3) 
Row: 
4 2 5 9 11 6 8 10 3 0 7 1 
Col: 
8 10 6 4 9 1 5 3 7 0 11 2 

Trial No: 363
SLP Heuristic XorCount: 13, Depth: 3
, XOR2: 0, XOR3: 2, XOR4: 11
SLP Heuristic XorCost ASIC1: 61.5
SLP Heuristic XorCost ASIC2: 67.93
SLP Heuristic XorCost ASIC3: 77.15
SLP Heuristic XorCost ASIC4: 75.21
Timestamp: 06-02-2023 13-50-06
y03 = x01 + x03 + x04 + x06 (1) 
y04 = x02 + x04 + x05 + x11 (1) 
y08 = x04 + x07 + x08 + x11 (1) 
t03 = x05 + x07 + x09 + x10 (1) 
y00 = x00 + y03 + y08 + t03 (2) 
y05 = x01 + x08 + t03 (2) 
y06 = x06 + x10 + y03 + t03 (2) 
y07 = x00 + x04 + x11 + t03 (2) 
y01 = x02 + x03 + y05 + y07 (3) 
y02 = x02 + x11 + y06 + y07 (3) 
y09 = x00 + y03 + y05 (3) 
y10 = x04 + y04 + y08 + t03 (2) 
y11 = x00 + x03 + x10 + y00 (3) 
Row: 
4 3 6 1 10 5 9 2 8 11 0 7 
Col: 
6 9 3 1 8 2 4 5 0 7 11 10 

Trial No: 372
SLP Heuristic XorCount: 13, Depth: 3
, XOR2: 0, XOR3: 2, XOR4: 11
SLP Heuristic XorCost ASIC1: 61.5
SLP Heuristic XorCost ASIC2: 67.93
SLP Heuristic XorCost ASIC3: 77.15
SLP Heuristic XorCost ASIC4: 75.21
Timestamp: 06-02-2023 13-50-06
y03 = x01 + x03 + x04 + x06 (1) 
y04 = x02 + x04 + x05 + x11 (1) 
y08 = x04 + x07 + x09 + x11 (1) 
t03 = x05 + x07 + x08 + x10 (1) 
y00 = x00 + y03 + y08 + t03 (2) 
y02 = x01 + x09 + t03 (2) 
y06 = x06 + x10 + y03 + t03 (2) 
y07 = x00 + x04 + x11 + t03 (2) 
y01 = x02 + x03 + y02 + y07 (3) 
y05 = x02 + x11 + y06 + y07 (3) 
y09 = x00 + y03 + y02 (3) 
y10 = x04 + y04 + y08 + t03 (2) 
y11 = x00 + x03 + x10 + y00 (3) 
Row: 
4 3 5 1 10 6 9 2 8 11 0 7 
Col: 
6 9 3 1 8 2 4 5 7 0 11 10 

Trial No: 376
SLP Heuristic XorCount: 13, Depth: 3
, XOR2: 0, XOR3: 2, XOR4: 11
SLP Heuristic XorCost ASIC1: 61.5
SLP Heuristic XorCost ASIC2: 67.93
SLP Heuristic XorCost ASIC3: 77.15
SLP Heuristic XorCost ASIC4: 75.21
Timestamp: 06-02-2023 13-50-06
y06 = x00 + x01 + x06 + x09 (1) 
y07 = x00 + x01 + x07 + x11 (1) 
y11 = x00 + x03 + x04 + x05 (1) 
t03 = x06 + x08 + x10 + x11 (1) 
y00 = x02 + y06 + y11 + t03 (2) 
y01 = x00 + x01 + x02 + t03 (2) 
y02 = x04 + x09 + t03 (2) 
y03 = x03 + x10 + y11 + t03 (2) 
y04 = x02 + y11 + y02 (3) 
y05 = x01 + x07 + y01 + y03 (3) 
y08 = x05 + x07 + y01 + y02 (3) 
y09 = x00 + y06 + y07 + t03 (2) 
y10 = x02 + x05 + x10 + y00 (3) 
Row: 
4 2 5 9 11 6 8 10 3 0 7 1 
Col: 
8 10 6 4 9 1 5 3 7 0 11 2 

Trial No: 381
SLP Heuristic XorCount: 13, Depth: 3
, XOR2: 0, XOR3: 2, XOR4: 11
SLP Heuristic XorCost ASIC1: 61.5
SLP Heuristic XorCost ASIC2: 67.93
SLP Heuristic XorCost ASIC3: 77.15
SLP Heuristic XorCost ASIC4: 75.21
Timestamp: 06-02-2023 13-50-06
y03 = x01 + x03 + x04 + x06 (1) 
y04 = x02 + x04 + x05 + x11 (1) 
y08 = x04 + x07 + x08 + x11 (1) 
t03 = x05 + x07 + x09 + x10 (1) 
y00 = x00 + y03 + y08 + t03 (2) 
y05 = x01 + x08 + t03 (2) 
y06 = x06 + x10 + y03 + t03 (2) 
y07 = x00 + x04 + x11 + t03 (2) 
y01 = x02 + x03 + y05 + y07 (3) 
y02 = x02 + x11 + y06 + y07 (3) 
y09 = x00 + y03 + y05 (3) 
y10 = x04 + y04 + y08 + t03 (2) 
y11 = x00 + x03 + x10 + y00 (3) 
Row: 
4 3 6 1 10 5 9 2 8 11 0 7 
Col: 
6 9 3 1 8 2 4 5 0 7 11 10 

Trial No: 390
SLP Heuristic XorCount: 13, Depth: 3
, XOR2: 0, XOR3: 2, XOR4: 11
SLP Heuristic XorCost ASIC1: 61.5
SLP Heuristic XorCost ASIC2: 67.93
SLP Heuristic XorCost ASIC3: 77.15
SLP Heuristic XorCost ASIC4: 75.21
Timestamp: 06-02-2023 13-50-06
y03 = x01 + x03 + x04 + x06 (1) 
y04 = x02 + x04 + x05 + x11 (1) 
y08 = x04 + x07 + x09 + x11 (1) 
t03 = x05 + x07 + x08 + x10 (1) 
y00 = x00 + y03 + y08 + t03 (2) 
y02 = x01 + x09 + t03 (2) 
y06 = x06 + x10 + y03 + t03 (2) 
y07 = x00 + x04 + x11 + t03 (2) 
y01 = x02 + x03 + y02 + y07 (3) 
y05 = x02 + x11 + y06 + y07 (3) 
y09 = x00 + y03 + y02 (3) 
y10 = x04 + y04 + y08 + t03 (2) 
y11 = x00 + x03 + x10 + y00 (3) 
Row: 
4 3 5 1 10 6 9 2 8 11 0 7 
Col: 
6 9 3 1 8 2 4 5 7 0 11 10 

Trial No: 394
SLP Heuristic XorCount: 13, Depth: 3
, XOR2: 0, XOR3: 2, XOR4: 11
SLP Heuristic XorCost ASIC1: 61.5
SLP Heuristic XorCost ASIC2: 67.93
SLP Heuristic XorCost ASIC3: 77.15
SLP Heuristic XorCost ASIC4: 75.21
Timestamp: 06-02-2023 13-50-06
y06 = x00 + x01 + x06 + x09 (1) 
y07 = x00 + x01 + x07 + x11 (1) 
y11 = x00 + x03 + x04 + x05 (1) 
t03 = x06 + x08 + x10 + x11 (1) 
y00 = x02 + y06 + y11 + t03 (2) 
y01 = x00 + x01 + x02 + t03 (2) 
y02 = x04 + x09 + t03 (2) 
y03 = x03 + x10 + y11 + t03 (2) 
y04 = x02 + y11 + y02 (3) 
y05 = x01 + x07 + y01 + y03 (3) 
y08 = x05 + x07 + y01 + y02 (3) 
y09 = x00 + y06 + y07 + t03 (2) 
y10 = x02 + x05 + x10 + y00 (3) 
Row: 
4 2 5 9 11 6 8 10 3 0 7 1 
Col: 
8 10 6 4 9 1 5 3 7 0 11 2 

Trial No: 399
SLP Heuristic XorCount: 13, Depth: 3
, XOR2: 0, XOR3: 2, XOR4: 11
SLP Heuristic XorCost ASIC1: 61.5
SLP Heuristic XorCost ASIC2: 67.93
SLP Heuristic XorCost ASIC3: 77.15
SLP Heuristic XorCost ASIC4: 75.21
Timestamp: 06-02-2023 13-50-06
y03 = x01 + x03 + x04 + x06 (1) 
y04 = x02 + x04 + x05 + x11 (1) 
y08 = x04 + x07 + x08 + x11 (1) 
t03 = x05 + x07 + x09 + x10 (1) 
y00 = x00 + y03 + y08 + t03 (2) 
y05 = x01 + x08 + t03 (2) 
y06 = x06 + x10 + y03 + t03 (2) 
y07 = x00 + x04 + x11 + t03 (2) 
y01 = x02 + x03 + y05 + y07 (3) 
y02 = x02 + x11 + y06 + y07 (3) 
y09 = x00 + y03 + y05 (3) 
y10 = x04 + y04 + y08 + t03 (2) 
y11 = x00 + x03 + x10 + y00 (3) 
Row: 
4 3 6 1 10 5 9 2 8 11 0 7 
Col: 
6 9 3 1 8 2 4 5 0 7 11 10 

Trial No: 408
SLP Heuristic XorCount: 13, Depth: 3
, XOR2: 0, XOR3: 2, XOR4: 11
SLP Heuristic XorCost ASIC1: 61.5
SLP Heuristic XorCost ASIC2: 67.93
SLP Heuristic XorCost ASIC3: 77.15
SLP Heuristic XorCost ASIC4: 75.21
Timestamp: 06-02-2023 13-50-06
y03 = x01 + x03 + x04 + x06 (1) 
y04 = x02 + x04 + x05 + x11 (1) 
y08 = x04 + x07 + x09 + x11 (1) 
t03 = x05 + x07 + x08 + x10 (1) 
y00 = x00 + y03 + y08 + t03 (2) 
y02 = x01 + x09 + t03 (2) 
y06 = x06 + x10 + y03 + t03 (2) 
y07 = x00 + x04 + x11 + t03 (2) 
y01 = x02 + x03 + y02 + y07 (3) 
y05 = x02 + x11 + y06 + y07 (3) 
y09 = x00 + y03 + y02 (3) 
y10 = x04 + y04 + y08 + t03 (2) 
y11 = x00 + x03 + x10 + y00 (3) 
Row: 
4 3 5 1 10 6 9 2 8 11 0 7 
Col: 
6 9 3 1 8 2 4 5 7 0 11 10 

Trial No: 412
SLP Heuristic XorCount: 13, Depth: 3
, XOR2: 0, XOR3: 2, XOR4: 11
SLP Heuristic XorCost ASIC1: 61.5
SLP Heuristic XorCost ASIC2: 67.93
SLP Heuristic XorCost ASIC3: 77.15
SLP Heuristic XorCost ASIC4: 75.21
Timestamp: 06-02-2023 13-50-06
y06 = x00 + x01 + x06 + x09 (1) 
y07 = x00 + x01 + x07 + x11 (1) 
y11 = x00 + x03 + x04 + x05 (1) 
t03 = x06 + x08 + x10 + x11 (1) 
y00 = x02 + y06 + y11 + t03 (2) 
y01 = x00 + x01 + x02 + t03 (2) 
y02 = x04 + x09 + t03 (2) 
y03 = x03 + x10 + y11 + t03 (2) 
y04 = x02 + y11 + y02 (3) 
y05 = x01 + x07 + y01 + y03 (3) 
y08 = x05 + x07 + y01 + y02 (3) 
y09 = x00 + y06 + y07 + t03 (2) 
y10 = x02 + x05 + x10 + y00 (3) 
Row: 
4 2 5 9 11 6 8 10 3 0 7 1 
Col: 
8 10 6 4 9 1 5 3 7 0 11 2 

Trial No: 417
SLP Heuristic XorCount: 13, Depth: 3
, XOR2: 0, XOR3: 2, XOR4: 11
SLP Heuristic XorCost ASIC1: 61.5
SLP Heuristic XorCost ASIC2: 67.93
SLP Heuristic XorCost ASIC3: 77.15
SLP Heuristic XorCost ASIC4: 75.21
Timestamp: 06-02-2023 13-50-06
y03 = x01 + x03 + x04 + x06 (1) 
y04 = x02 + x04 + x05 + x11 (1) 
y08 = x04 + x07 + x08 + x11 (1) 
t03 = x05 + x07 + x09 + x10 (1) 
y00 = x00 + y03 + y08 + t03 (2) 
y05 = x01 + x08 + t03 (2) 
y06 = x06 + x10 + y03 + t03 (2) 
y07 = x00 + x04 + x11 + t03 (2) 
y01 = x02 + x03 + y05 + y07 (3) 
y02 = x02 + x11 + y06 + y07 (3) 
y09 = x00 + y03 + y05 (3) 
y10 = x04 + y04 + y08 + t03 (2) 
y11 = x00 + x03 + x10 + y00 (3) 
Row: 
4 3 6 1 10 5 9 2 8 11 0 7 
Col: 
6 9 3 1 8 2 4 5 0 7 11 10 

Trial No: 426
SLP Heuristic XorCount: 13, Depth: 3
, XOR2: 0, XOR3: 2, XOR4: 11
SLP Heuristic XorCost ASIC1: 61.5
SLP Heuristic XorCost ASIC2: 67.93
SLP Heuristic XorCost ASIC3: 77.15
SLP Heuristic XorCost ASIC4: 75.21
Timestamp: 06-02-2023 13-50-06
y03 = x01 + x03 + x04 + x06 (1) 
y04 = x02 + x04 + x05 + x11 (1) 
y08 = x04 + x07 + x09 + x11 (1) 
t03 = x05 + x07 + x08 + x10 (1) 
y00 = x00 + y03 + y08 + t03 (2) 
y02 = x01 + x09 + t03 (2) 
y06 = x06 + x10 + y03 + t03 (2) 
y07 = x00 + x04 + x11 + t03 (2) 
y01 = x02 + x03 + y02 + y07 (3) 
y05 = x02 + x11 + y06 + y07 (3) 
y09 = x00 + y03 + y02 (3) 
y10 = x04 + y04 + y08 + t03 (2) 
y11 = x00 + x03 + x10 + y00 (3) 
Row: 
4 3 5 1 10 6 9 2 8 11 0 7 
Col: 
6 9 3 1 8 2 4 5 7 0 11 10 

Trial No: 430
SLP Heuristic XorCount: 13, Depth: 3
, XOR2: 0, XOR3: 2, XOR4: 11
SLP Heuristic XorCost ASIC1: 61.5
SLP Heuristic XorCost ASIC2: 67.93
SLP Heuristic XorCost ASIC3: 77.15
SLP Heuristic XorCost ASIC4: 75.21
Timestamp: 06-02-2023 13-50-06
y06 = x00 + x01 + x06 + x09 (1) 
y07 = x00 + x01 + x07 + x11 (1) 
y11 = x00 + x03 + x04 + x05 (1) 
t03 = x06 + x08 + x10 + x11 (1) 
y00 = x02 + y06 + y11 + t03 (2) 
y01 = x00 + x01 + x02 + t03 (2) 
y02 = x04 + x09 + t03 (2) 
y03 = x03 + x10 + y11 + t03 (2) 
y04 = x02 + y11 + y02 (3) 
y05 = x01 + x07 + y01 + y03 (3) 
y08 = x05 + x07 + y01 + y02 (3) 
y09 = x00 + y06 + y07 + t03 (2) 
y10 = x02 + x05 + x10 + y00 (3) 
Row: 
4 2 5 9 11 6 8 10 3 0 7 1 
Col: 
8 10 6 4 9 1 5 3 7 0 11 2 

Trial No: 435
SLP Heuristic XorCount: 13, Depth: 3
, XOR2: 0, XOR3: 2, XOR4: 11
SLP Heuristic XorCost ASIC1: 61.5
SLP Heuristic XorCost ASIC2: 67.93
SLP Heuristic XorCost ASIC3: 77.15
SLP Heuristic XorCost ASIC4: 75.21
Timestamp: 06-02-2023 13-50-06
y03 = x01 + x03 + x04 + x06 (1) 
y04 = x02 + x04 + x05 + x11 (1) 
y08 = x04 + x07 + x08 + x11 (1) 
t03 = x05 + x07 + x09 + x10 (1) 
y00 = x00 + y03 + y08 + t03 (2) 
y05 = x01 + x08 + t03 (2) 
y06 = x06 + x10 + y03 + t03 (2) 
y07 = x00 + x04 + x11 + t03 (2) 
y01 = x02 + x03 + y05 + y07 (3) 
y02 = x02 + x11 + y06 + y07 (3) 
y09 = x00 + y03 + y05 (3) 
y10 = x04 + y04 + y08 + t03 (2) 
y11 = x00 + x03 + x10 + y00 (3) 
Row: 
4 3 6 1 10 5 9 2 8 11 0 7 
Col: 
6 9 3 1 8 2 4 5 0 7 11 10 

Trial No: 444
SLP Heuristic XorCount: 13, Depth: 3
, XOR2: 0, XOR3: 2, XOR4: 11
SLP Heuristic XorCost ASIC1: 61.5
SLP Heuristic XorCost ASIC2: 67.93
SLP Heuristic XorCost ASIC3: 77.15
SLP Heuristic XorCost ASIC4: 75.21
Timestamp: 06-02-2023 13-50-06
y03 = x01 + x03 + x04 + x06 (1) 
y04 = x02 + x04 + x05 + x11 (1) 
y08 = x04 + x07 + x09 + x11 (1) 
t03 = x05 + x07 + x08 + x10 (1) 
y00 = x00 + y03 + y08 + t03 (2) 
y02 = x01 + x09 + t03 (2) 
y06 = x06 + x10 + y03 + t03 (2) 
y07 = x00 + x04 + x11 + t03 (2) 
y01 = x02 + x03 + y02 + y07 (3) 
y05 = x02 + x11 + y06 + y07 (3) 
y09 = x00 + y03 + y02 (3) 
y10 = x04 + y04 + y08 + t03 (2) 
y11 = x00 + x03 + x10 + y00 (3) 
Row: 
4 3 5 1 10 6 9 2 8 11 0 7 
Col: 
6 9 3 1 8 2 4 5 7 0 11 10 

Trial No: 448
SLP Heuristic XorCount: 13, Depth: 3
, XOR2: 0, XOR3: 2, XOR4: 11
SLP Heuristic XorCost ASIC1: 61.5
SLP Heuristic XorCost ASIC2: 67.93
SLP Heuristic XorCost ASIC3: 77.15
SLP Heuristic XorCost ASIC4: 75.21
Timestamp: 06-02-2023 13-50-06
y06 = x00 + x01 + x06 + x09 (1) 
y07 = x00 + x01 + x07 + x11 (1) 
y11 = x00 + x03 + x04 + x05 (1) 
t03 = x06 + x08 + x10 + x11 (1) 
y00 = x02 + y06 + y11 + t03 (2) 
y01 = x00 + x01 + x02 + t03 (2) 
y02 = x04 + x09 + t03 (2) 
y03 = x03 + x10 + y11 + t03 (2) 
y04 = x02 + y11 + y02 (3) 
y05 = x01 + x07 + y01 + y03 (3) 
y08 = x05 + x07 + y01 + y02 (3) 
y09 = x00 + y06 + y07 + t03 (2) 
y10 = x02 + x05 + x10 + y00 (3) 
Row: 
4 2 5 9 11 6 8 10 3 0 7 1 
Col: 
8 10 6 4 9 1 5 3 7 0 11 2 

Trial No: 453
SLP Heuristic XorCount: 13, Depth: 3
, XOR2: 0, XOR3: 2, XOR4: 11
SLP Heuristic XorCost ASIC1: 61.5
SLP Heuristic XorCost ASIC2: 67.93
SLP Heuristic XorCost ASIC3: 77.15
SLP Heuristic XorCost ASIC4: 75.21
Timestamp: 06-02-2023 13-50-06
y03 = x01 + x03 + x04 + x06 (1) 
y04 = x02 + x04 + x05 + x11 (1) 
y08 = x04 + x07 + x08 + x11 (1) 
t03 = x05 + x07 + x09 + x10 (1) 
y00 = x00 + y03 + y08 + t03 (2) 
y05 = x01 + x08 + t03 (2) 
y06 = x06 + x10 + y03 + t03 (2) 
y07 = x00 + x04 + x11 + t03 (2) 
y01 = x02 + x03 + y05 + y07 (3) 
y02 = x02 + x11 + y06 + y07 (3) 
y09 = x00 + y03 + y05 (3) 
y10 = x04 + y04 + y08 + t03 (2) 
y11 = x00 + x03 + x10 + y00 (3) 
Row: 
4 3 6 1 10 5 9 2 8 11 0 7 
Col: 
6 9 3 1 8 2 4 5 0 7 11 10 

Trial No: 462
SLP Heuristic XorCount: 13, Depth: 3
, XOR2: 0, XOR3: 2, XOR4: 11
SLP Heuristic XorCost ASIC1: 61.5
SLP Heuristic XorCost ASIC2: 67.93
SLP Heuristic XorCost ASIC3: 77.15
SLP Heuristic XorCost ASIC4: 75.21
Timestamp: 06-02-2023 13-50-06
y03 = x01 + x03 + x04 + x06 (1) 
y04 = x02 + x04 + x05 + x11 (1) 
y08 = x04 + x07 + x09 + x11 (1) 
t03 = x05 + x07 + x08 + x10 (1) 
y00 = x00 + y03 + y08 + t03 (2) 
y02 = x01 + x09 + t03 (2) 
y06 = x06 + x10 + y03 + t03 (2) 
y07 = x00 + x04 + x11 + t03 (2) 
y01 = x02 + x03 + y02 + y07 (3) 
y05 = x02 + x11 + y06 + y07 (3) 
y09 = x00 + y03 + y02 (3) 
y10 = x04 + y04 + y08 + t03 (2) 
y11 = x00 + x03 + x10 + y00 (3) 
Row: 
4 3 5 1 10 6 9 2 8 11 0 7 
Col: 
6 9 3 1 8 2 4 5 7 0 11 10 

Trial No: 466
SLP Heuristic XorCount: 13, Depth: 3
, XOR2: 0, XOR3: 2, XOR4: 11
SLP Heuristic XorCost ASIC1: 61.5
SLP Heuristic XorCost ASIC2: 67.93
SLP Heuristic XorCost ASIC3: 77.15
SLP Heuristic XorCost ASIC4: 75.21
Timestamp: 06-02-2023 13-50-06
y06 = x00 + x01 + x06 + x09 (1) 
y07 = x00 + x01 + x07 + x11 (1) 
y11 = x00 + x03 + x04 + x05 (1) 
t03 = x06 + x08 + x10 + x11 (1) 
y00 = x02 + y06 + y11 + t03 (2) 
y01 = x00 + x01 + x02 + t03 (2) 
y02 = x04 + x09 + t03 (2) 
y03 = x03 + x10 + y11 + t03 (2) 
y04 = x02 + y11 + y02 (3) 
y05 = x01 + x07 + y01 + y03 (3) 
y08 = x05 + x07 + y01 + y02 (3) 
y09 = x00 + y06 + y07 + t03 (2) 
y10 = x02 + x05 + x10 + y00 (3) 
Row: 
4 2 5 9 11 6 8 10 3 0 7 1 
Col: 
8 10 6 4 9 1 5 3 7 0 11 2 

Trial No: 471
SLP Heuristic XorCount: 13, Depth: 3
, XOR2: 0, XOR3: 2, XOR4: 11
SLP Heuristic XorCost ASIC1: 61.5
SLP Heuristic XorCost ASIC2: 67.93
SLP Heuristic XorCost ASIC3: 77.15
SLP Heuristic XorCost ASIC4: 75.21
Timestamp: 06-02-2023 13-50-06
y03 = x01 + x03 + x04 + x06 (1) 
y04 = x02 + x04 + x05 + x11 (1) 
y08 = x04 + x07 + x08 + x11 (1) 
t03 = x05 + x07 + x09 + x10 (1) 
y00 = x00 + y03 + y08 + t03 (2) 
y05 = x01 + x08 + t03 (2) 
y06 = x06 + x10 + y03 + t03 (2) 
y07 = x00 + x04 + x11 + t03 (2) 
y01 = x02 + x03 + y05 + y07 (3) 
y02 = x02 + x11 + y06 + y07 (3) 
y09 = x00 + y03 + y05 (3) 
y10 = x04 + y04 + y08 + t03 (2) 
y11 = x00 + x03 + x10 + y00 (3) 
Row: 
4 3 6 1 10 5 9 2 8 11 0 7 
Col: 
6 9 3 1 8 2 4 5 0 7 11 10 

Trial No: 480
SLP Heuristic XorCount: 13, Depth: 3
, XOR2: 0, XOR3: 2, XOR4: 11
SLP Heuristic XorCost ASIC1: 61.5
SLP Heuristic XorCost ASIC2: 67.93
SLP Heuristic XorCost ASIC3: 77.15
SLP Heuristic XorCost ASIC4: 75.21
Timestamp: 06-02-2023 13-50-06
y03 = x01 + x03 + x04 + x06 (1) 
y04 = x02 + x04 + x05 + x11 (1) 
y08 = x04 + x07 + x09 + x11 (1) 
t03 = x05 + x07 + x08 + x10 (1) 
y00 = x00 + y03 + y08 + t03 (2) 
y02 = x01 + x09 + t03 (2) 
y06 = x06 + x10 + y03 + t03 (2) 
y07 = x00 + x04 + x11 + t03 (2) 
y01 = x02 + x03 + y02 + y07 (3) 
y05 = x02 + x11 + y06 + y07 (3) 
y09 = x00 + y03 + y02 (3) 
y10 = x04 + y04 + y08 + t03 (2) 
y11 = x00 + x03 + x10 + y00 (3) 
Row: 
4 3 5 1 10 6 9 2 8 11 0 7 
Col: 
6 9 3 1 8 2 4 5 7 0 11 10 

Trial No: 484
SLP Heuristic XorCount: 13, Depth: 3
, XOR2: 0, XOR3: 2, XOR4: 11
SLP Heuristic XorCost ASIC1: 61.5
SLP Heuristic XorCost ASIC2: 67.93
SLP Heuristic XorCost ASIC3: 77.15
SLP Heuristic XorCost ASIC4: 75.21
Timestamp: 06-02-2023 13-50-06
y06 = x00 + x01 + x06 + x09 (1) 
y07 = x00 + x01 + x07 + x11 (1) 
y11 = x00 + x03 + x04 + x05 (1) 
t03 = x06 + x08 + x10 + x11 (1) 
y00 = x02 + y06 + y11 + t03 (2) 
y01 = x00 + x01 + x02 + t03 (2) 
y02 = x04 + x09 + t03 (2) 
y03 = x03 + x10 + y11 + t03 (2) 
y04 = x02 + y11 + y02 (3) 
y05 = x01 + x07 + y01 + y03 (3) 
y08 = x05 + x07 + y01 + y02 (3) 
y09 = x00 + y06 + y07 + t03 (2) 
y10 = x02 + x05 + x10 + y00 (3) 
Row: 
4 2 5 9 11 6 8 10 3 0 7 1 
Col: 
8 10 6 4 9 1 5 3 7 0 11 2 

Trial No: 489
SLP Heuristic XorCount: 13, Depth: 3
, XOR2: 0, XOR3: 2, XOR4: 11
SLP Heuristic XorCost ASIC1: 61.5
SLP Heuristic XorCost ASIC2: 67.93
SLP Heuristic XorCost ASIC3: 77.15
SLP Heuristic XorCost ASIC4: 75.21
Timestamp: 06-02-2023 13-50-06
y03 = x01 + x03 + x04 + x06 (1) 
y04 = x02 + x04 + x05 + x11 (1) 
y08 = x04 + x07 + x08 + x11 (1) 
t03 = x05 + x07 + x09 + x10 (1) 
y00 = x00 + y03 + y08 + t03 (2) 
y05 = x01 + x08 + t03 (2) 
y06 = x06 + x10 + y03 + t03 (2) 
y07 = x00 + x04 + x11 + t03 (2) 
y01 = x02 + x03 + y05 + y07 (3) 
y02 = x02 + x11 + y06 + y07 (3) 
y09 = x00 + y03 + y05 (3) 
y10 = x04 + y04 + y08 + t03 (2) 
y11 = x00 + x03 + x10 + y00 (3) 
Row: 
4 3 6 1 10 5 9 2 8 11 0 7 
Col: 
6 9 3 1 8 2 4 5 0 7 11 10 

Trial No: 498
SLP Heuristic XorCount: 13, Depth: 3
, XOR2: 0, XOR3: 2, XOR4: 11
SLP Heuristic XorCost ASIC1: 61.5
SLP Heuristic XorCost ASIC2: 67.93
SLP Heuristic XorCost ASIC3: 77.15
SLP Heuristic XorCost ASIC4: 75.21
Timestamp: 06-02-2023 13-50-06
y03 = x01 + x03 + x04 + x06 (1) 
y04 = x02 + x04 + x05 + x11 (1) 
y08 = x04 + x07 + x09 + x11 (1) 
t03 = x05 + x07 + x08 + x10 (1) 
y00 = x00 + y03 + y08 + t03 (2) 
y02 = x01 + x09 + t03 (2) 
y06 = x06 + x10 + y03 + t03 (2) 
y07 = x00 + x04 + x11 + t03 (2) 
y01 = x02 + x03 + y02 + y07 (3) 
y05 = x02 + x11 + y06 + y07 (3) 
y09 = x00 + y03 + y02 (3) 
y10 = x04 + y04 + y08 + t03 (2) 
y11 = x00 + x03 + x10 + y00 (3) 
Row: 
4 3 5 1 10 6 9 2 8 11 0 7 
Col: 
6 9 3 1 8 2 4 5 7 0 11 10 

