Trial No: 5
SLP Heuristic XorCount: 13, Depth: 3
, XOR2: 0, XOR3: 2, XOR4: 11
SLP Heuristic XorCost ASIC1: 61.5
SLP Heuristic XorCost ASIC2: 67.93
SLP Heuristic XorCost ASIC3: 77.15
SLP Heuristic XorCost ASIC4: 75.21
Timestamp: 06-02-2023 17-51-31
y02 = x00 + x03 + x04 + x11 (1) 
y05 = x01 + x05 + x08 + x11 (1) 
y07 = x00 + x07 + x09 + x11 (1) 
t03 = x02 + x03 + x07 + x10 (1) 
y01 = x08 + x10 + y05 + t03 (2) 
y03 = x11 + y02 + y07 + t03 (2) 
y04 = x06 + y05 + y07 + t03 (2) 
y06 = x05 + x06 + x10 + y04 (3) 
y08 = x01 + x09 + t03 (2) 
y09 = x00 + x06 + x11 + t03 (2) 
y00 = x02 + y01 + y03 + y09 (3) 
y10 = x06 + y05 + y08 (3) 
y11 = x00 + x04 + y01 + y09 (3) 
Row: 
6 0 1 9 7 10 4 5 8 11 2 3 
Col: 
1 0 4 11 6 10 3 8 7 9 2 5 

Trial No: 11
SLP Heuristic XorCount: 13, Depth: 3
, XOR2: 0, XOR3: 1, XOR4: 12
SLP Heuristic XorCost ASIC1: 63.25
SLP Heuristic XorCost ASIC2: 69.715
SLP Heuristic XorCost ASIC3: 79.2
SLP Heuristic XorCost ASIC4: 76.54
Timestamp: 06-02-2023 17-51-31
y00 = x00 + x02 + x10 + x11 (1) 
y02 = x01 + x02 + x04 + x08 (1) 
y10 = x00 + x02 + x07 + x09 (1) 
t03 = x03 + x06 + x07 + x10 (1) 
y03 = x02 + y00 + y10 + t03 (2) 
y05 = x05 + y02 + y10 + t03 (2) 
y01 = x01 + x09 + y10 + y05 (3) 
y06 = x06 + x08 + y02 + t03 (2) 
y07 = x04 + x05 + x06 + y05 (3) 
y08 = x01 + x09 + t03 (2) 
y09 = x00 + x02 + x05 + t03 (2) 
y04 = x03 + y03 + y06 + y09 (3) 
y11 = x00 + x11 + y06 + y09 (3) 
Row: 
1 2 10 9 6 7 0 4 8 11 5 3 
Col: 
1 0 5 4 10 3 2 8 7 9 11 6 

Trial No: 17
SLP Heuristic XorCount: 13, Depth: 3
, XOR2: 0, XOR3: 1, XOR4: 12
SLP Heuristic XorCost ASIC1: 63.25
SLP Heuristic XorCost ASIC2: 69.715
SLP Heuristic XorCost ASIC3: 79.2
SLP Heuristic XorCost ASIC4: 76.54
Timestamp: 06-02-2023 17-51-31
y00 = x01 + x03 + x08 + x11 (1) 
y01 = x00 + x03 + x07 + x09 (1) 
y04 = x00 + x02 + x03 + x06 (1) 
t03 = x05 + x06 + x07 + x10 (1) 
y02 = x04 + y00 + y01 + t03 (2) 
y03 = x03 + y01 + y04 + t03 (2) 
y06 = x01 + x09 + y01 + y02 (3) 
y07 = x05 + x08 + y00 + t03 (2) 
y08 = x01 + x09 + t03 (2) 
y09 = x00 + x03 + x04 + t03 (2) 
y05 = x02 + x11 + y08 + y09 (3) 
y10 = x04 + x05 + x11 + y02 (3) 
y11 = x00 + x02 + y07 + y09 (3) 
Row: 
10 5 7 9 1 6 2 0 8 11 4 3 
Col: 
1 0 6 5 3 2 11 8 7 9 4 10 

Trial No: 29
SLP Heuristic XorCount: 13, Depth: 3
, XOR2: 0, XOR3: 2, XOR4: 11
SLP Heuristic XorCost ASIC1: 61.5
SLP Heuristic XorCost ASIC2: 67.93
SLP Heuristic XorCost ASIC3: 77.15
SLP Heuristic XorCost ASIC4: 75.21
Timestamp: 06-02-2023 17-51-31
y02 = x00 + x04 + x06 + x10 (1) 
y05 = x01 + x03 + x06 + x08 (1) 
y07 = x00 + x06 + x07 + x09 (1) 
t03 = x04 + x05 + x07 + x11 (1) 
y01 = x08 + x11 + y05 + t03 (2) 
y03 = x06 + y02 + y07 + t03 (2) 
y04 = x02 + y05 + y07 + t03 (2) 
y06 = x02 + x03 + x11 + y04 (3) 
y08 = x01 + x09 + t03 (2) 
y09 = x00 + x02 + x06 + t03 (2) 
y00 = x03 + x10 + y08 + y09 (3) 
y10 = x02 + y05 + y08 (3) 
y11 = x00 + x10 + y01 + y09 (3) 
Row: 
6 0 1 9 7 10 4 5 8 11 2 3 
Col: 
1 0 3 10 11 4 5 8 7 9 6 2 

Trial No: 35
SLP Heuristic XorCount: 13, Depth: 3
, XOR2: 0, XOR3: 1, XOR4: 12
SLP Heuristic XorCost ASIC1: 63.25
SLP Heuristic XorCost ASIC2: 69.715
SLP Heuristic XorCost ASIC3: 79.2
SLP Heuristic XorCost ASIC4: 76.54
Timestamp: 06-02-2023 17-51-31
y00 = x00 + x05 + x06 + x11 (1) 
y02 = x01 + x05 + x08 + x10 (1) 
y10 = x00 + x05 + x07 + x09 (1) 
t03 = x02 + x04 + x07 + x11 (1) 
y03 = x05 + y00 + y10 + t03 (2) 
y05 = x03 + y02 + y10 + t03 (2) 
y01 = x01 + x09 + y10 + y05 (3) 
y06 = x02 + x08 + y02 + t03 (2) 
y07 = x02 + x03 + x10 + y05 (3) 
y08 = x01 + x09 + t03 (2) 
y09 = x00 + x03 + x05 + t03 (2) 
y04 = x04 + y03 + y06 + y09 (3) 
y11 = x00 + x06 + y06 + y09 (3) 
Row: 
1 2 10 9 6 7 0 4 8 11 5 3 
Col: 
1 0 2 3 4 5 6 8 7 9 10 11 

Trial No: 41
SLP Heuristic XorCount: 13, Depth: 3
, XOR2: 0, XOR3: 1, XOR4: 12
SLP Heuristic XorCost ASIC1: 63.25
SLP Heuristic XorCost ASIC2: 69.715
SLP Heuristic XorCost ASIC3: 79.2
SLP Heuristic XorCost ASIC4: 76.54
Timestamp: 06-02-2023 17-51-31
y00 = x01 + x04 + x06 + x08 (1) 
y01 = x00 + x04 + x07 + x09 (1) 
y04 = x00 + x02 + x04 + x05 (1) 
t03 = x02 + x03 + x07 + x11 (1) 
y02 = x10 + y00 + y01 + t03 (2) 
y03 = x04 + y01 + y04 + t03 (2) 
y06 = x01 + x09 + y01 + y02 (3) 
y07 = x03 + x08 + y00 + t03 (2) 
y08 = x01 + x09 + t03 (2) 
y09 = x00 + x04 + x10 + t03 (2) 
y05 = x05 + x06 + y08 + y09 (3) 
y10 = x03 + x06 + x10 + y02 (3) 
y11 = x00 + x05 + y07 + y09 (3) 
Row: 
10 5 7 9 1 6 2 0 8 11 4 3 
Col: 
1 0 11 2 5 6 10 8 7 9 3 4 

Trial No: 53
SLP Heuristic XorCount: 13, Depth: 3
, XOR2: 0, XOR3: 2, XOR4: 11
SLP Heuristic XorCost ASIC1: 61.5
SLP Heuristic XorCost ASIC2: 67.93
SLP Heuristic XorCost ASIC3: 77.15
SLP Heuristic XorCost ASIC4: 75.21
Timestamp: 06-02-2023 17-51-31
y02 = x00 + x02 + x10 + x11 (1) 
y05 = x01 + x02 + x04 + x08 (1) 
y07 = x00 + x02 + x07 + x09 (1) 
t03 = x03 + x06 + x07 + x10 (1) 
y01 = x06 + x08 + y05 + t03 (2) 
y03 = x02 + y02 + y07 + t03 (2) 
y04 = x05 + y05 + y07 + t03 (2) 
y06 = x04 + x05 + x06 + y04 (3) 
y08 = x01 + x09 + t03 (2) 
y09 = x00 + x02 + x05 + t03 (2) 
y00 = x03 + y01 + y03 + y09 (3) 
y10 = x05 + y05 + y08 (3) 
y11 = x00 + x11 + y01 + y09 (3) 
Row: 
6 0 1 9 7 10 4 5 8 11 2 3 
Col: 
1 0 5 4 10 3 2 8 7 9 11 6 

Trial No: 59
SLP Heuristic XorCount: 13, Depth: 3
, XOR2: 0, XOR3: 1, XOR4: 12
SLP Heuristic XorCost ASIC1: 63.25
SLP Heuristic XorCost ASIC2: 69.715
SLP Heuristic XorCost ASIC3: 79.2
SLP Heuristic XorCost ASIC4: 76.54
Timestamp: 06-02-2023 17-51-31
y00 = x00 + x02 + x03 + x06 (1) 
y02 = x01 + x03 + x08 + x11 (1) 
y10 = x00 + x03 + x07 + x09 (1) 
t03 = x05 + x06 + x07 + x10 (1) 
y03 = x03 + y00 + y10 + t03 (2) 
y05 = x04 + y02 + y10 + t03 (2) 
y01 = x01 + x09 + y10 + y05 (3) 
y06 = x05 + x08 + y02 + t03 (2) 
y07 = x04 + x05 + x11 + y05 (3) 
y08 = x01 + x09 + t03 (2) 
y09 = x00 + x03 + x04 + t03 (2) 
y04 = x02 + x11 + y08 + y09 (3) 
y11 = x00 + x02 + y06 + y09 (3) 
Row: 
1 2 10 9 6 7 0 4 8 11 5 3 
Col: 
1 0 6 5 3 2 11 8 7 9 4 10 

Trial No: 65
SLP Heuristic XorCount: 13, Depth: 3
, XOR2: 0, XOR3: 1, XOR4: 12
SLP Heuristic XorCost ASIC1: 63.25
SLP Heuristic XorCost ASIC2: 69.715
SLP Heuristic XorCost ASIC3: 79.2
SLP Heuristic XorCost ASIC4: 76.54
Timestamp: 06-02-2023 17-51-31
y00 = x01 + x02 + x08 + x10 (1) 
y01 = x00 + x07 + x09 + x10 (1) 
y04 = x00 + x03 + x05 + x10 (1) 
t03 = x04 + x05 + x06 + x07 (1) 
y02 = x11 + y00 + y01 + t03 (2) 
y03 = x10 + y01 + y04 + t03 (2) 
y06 = x01 + x09 + y01 + y02 (3) 
y07 = x04 + x08 + y00 + t03 (2) 
y08 = x01 + x09 + t03 (2) 
y09 = x00 + x10 + x11 + t03 (2) 
y05 = x02 + x03 + y08 + y09 (3) 
y10 = x02 + x04 + x11 + y02 (3) 
y11 = x00 + x03 + y07 + y09 (3) 
Row: 
10 5 7 9 1 6 2 0 8 11 4 3 
Col: 
1 0 10 6 2 11 4 8 7 9 5 3 

Trial No: 67
SLP Heuristic XorCount: 13, Depth: 3
, XOR2: 0, XOR3: 1, XOR4: 12
SLP Heuristic XorCost ASIC1: 63.25
SLP Heuristic XorCost ASIC2: 69.715
SLP Heuristic XorCost ASIC3: 79.2
SLP Heuristic XorCost ASIC4: 76.54
Timestamp: 06-02-2023 17-51-31
y00 = x00 + x02 + x10 + x11 (1) 
y02 = x01 + x02 + x04 + x08 (1) 
y10 = x00 + x02 + x07 + x09 (1) 
t03 = x03 + x06 + x07 + x10 (1) 
y03 = x00 + x02 + x05 + t03 (2) 
y05 = x05 + y02 + y10 + t03 (2) 
y01 = x01 + x09 + y10 + y05 (3) 
y06 = x06 + x08 + y02 + t03 (2) 
y07 = x04 + x05 + x06 + y05 (3) 
y08 = x01 + x09 + t03 (2) 
y04 = x04 + x11 + y03 + y08 (3) 
y09 = x00 + x11 + y03 + y06 (3) 
y11 = x02 + y00 + y10 + t03 (2) 
Row: 
1 2 10 11 6 7 0 4 8 3 5 9 
Col: 
1 0 5 4 10 3 2 8 7 9 11 6 

Trial No: 77
SLP Heuristic XorCount: 13, Depth: 3
, XOR2: 0, XOR3: 2, XOR4: 11
SLP Heuristic XorCost ASIC1: 61.5
SLP Heuristic XorCost ASIC2: 67.93
SLP Heuristic XorCost ASIC3: 77.15
SLP Heuristic XorCost ASIC4: 75.21
Timestamp: 06-02-2023 17-51-31
y02 = x00 + x05 + x06 + x11 (1) 
y05 = x01 + x05 + x08 + x10 (1) 
y07 = x00 + x05 + x07 + x09 (1) 
t03 = x02 + x04 + x07 + x11 (1) 
y01 = x02 + x08 + y05 + t03 (2) 
y03 = x05 + y02 + y07 + t03 (2) 
y04 = x03 + y05 + y07 + t03 (2) 
y06 = x02 + x03 + x10 + y04 (3) 
y08 = x01 + x09 + t03 (2) 
y09 = x00 + x03 + x05 + t03 (2) 
y00 = x04 + y01 + y03 + y09 (3) 
y10 = x03 + y05 + y08 (3) 
y11 = x00 + x06 + y01 + y09 (3) 
Row: 
6 0 1 9 7 10 4 5 8 11 2 3 
Col: 
1 0 2 3 4 5 6 8 7 9 10 11 

Trial No: 83
SLP Heuristic XorCount: 13, Depth: 3
, XOR2: 0, XOR3: 1, XOR4: 12
SLP Heuristic XorCost ASIC1: 63.25
SLP Heuristic XorCost ASIC2: 69.715
SLP Heuristic XorCost ASIC3: 79.2
SLP Heuristic XorCost ASIC4: 76.54
Timestamp: 06-02-2023 17-51-31
y00 = x00 + x02 + x04 + x05 (1) 
y02 = x01 + x04 + x06 + x08 (1) 
y10 = x00 + x04 + x07 + x09 (1) 
t03 = x02 + x03 + x07 + x11 (1) 
y03 = x04 + y00 + y10 + t03 (2) 
y05 = x10 + y02 + y10 + t03 (2) 
y01 = x01 + x09 + y10 + y05 (3) 
y06 = x03 + x08 + y02 + t03 (2) 
y07 = x03 + x06 + x10 + y05 (3) 
y08 = x01 + x09 + t03 (2) 
y09 = x00 + x04 + x10 + t03 (2) 
y04 = x05 + x06 + y08 + y09 (3) 
y11 = x00 + x05 + y06 + y09 (3) 
Row: 
1 2 10 9 6 7 0 4 8 11 5 3 
Col: 
1 0 11 2 5 6 10 8 7 9 3 4 

Trial No: 89
SLP Heuristic XorCount: 13, Depth: 3
, XOR2: 0, XOR3: 1, XOR4: 12
SLP Heuristic XorCost ASIC1: 63.25
SLP Heuristic XorCost ASIC2: 69.715
SLP Heuristic XorCost ASIC3: 79.2
SLP Heuristic XorCost ASIC4: 76.54
Timestamp: 06-02-2023 17-51-31
y00 = x01 + x05 + x08 + x11 (1) 
y01 = x00 + x07 + x09 + x11 (1) 
y04 = x00 + x03 + x04 + x11 (1) 
t03 = x02 + x03 + x07 + x10 (1) 
y02 = x06 + y00 + y01 + t03 (2) 
y03 = x11 + y01 + y04 + t03 (2) 
y06 = x01 + x09 + y01 + y02 (3) 
y07 = x08 + x10 + y00 + t03 (2) 
y08 = x01 + x09 + t03 (2) 
y09 = x00 + x06 + x11 + t03 (2) 
y05 = x02 + y03 + y07 + y09 (3) 
y10 = x05 + x06 + x10 + y02 (3) 
y11 = x00 + x04 + y07 + y09 (3) 
Row: 
10 5 7 9 1 6 2 0 8 11 4 3 
Col: 
1 0 4 11 6 10 3 8 7 9 2 5 

Trial No: 101
SLP Heuristic XorCount: 13, Depth: 3
, XOR2: 0, XOR3: 2, XOR4: 11
SLP Heuristic XorCost ASIC1: 61.5
SLP Heuristic XorCost ASIC2: 67.93
SLP Heuristic XorCost ASIC3: 77.15
SLP Heuristic XorCost ASIC4: 75.21
Timestamp: 06-02-2023 17-51-31
y02 = x00 + x02 + x03 + x06 (1) 
y05 = x01 + x03 + x08 + x11 (1) 
y07 = x00 + x03 + x07 + x09 (1) 
t03 = x05 + x06 + x07 + x10 (1) 
y01 = x05 + x08 + y05 + t03 (2) 
y03 = x03 + y02 + y07 + t03 (2) 
y04 = x04 + y05 + y07 + t03 (2) 
y06 = x04 + x05 + x11 + y04 (3) 
y08 = x01 + x09 + t03 (2) 
y09 = x00 + x03 + x04 + t03 (2) 
y00 = x02 + x11 + y08 + y09 (3) 
y10 = x04 + y05 + y08 (3) 
y11 = x00 + x02 + y01 + y09 (3) 
Row: 
6 0 1 9 7 10 4 5 8 11 2 3 
Col: 
1 0 6 5 3 2 11 8 7 9 4 10 

Trial No: 107
SLP Heuristic XorCount: 13, Depth: 3
, XOR2: 0, XOR3: 1, XOR4: 12
SLP Heuristic XorCost ASIC1: 63.25
SLP Heuristic XorCost ASIC2: 69.715
SLP Heuristic XorCost ASIC3: 79.2
SLP Heuristic XorCost ASIC4: 76.54
Timestamp: 06-02-2023 17-51-31
y00 = x00 + x03 + x05 + x10 (1) 
y02 = x01 + x02 + x08 + x10 (1) 
y10 = x00 + x07 + x09 + x10 (1) 
t03 = x04 + x05 + x06 + x07 (1) 
y03 = x10 + y00 + y10 + t03 (2) 
y05 = x11 + y02 + y10 + t03 (2) 
y01 = x01 + x09 + y10 + y05 (3) 
y06 = x04 + x08 + y02 + t03 (2) 
y07 = x02 + x04 + x11 + y05 (3) 
y08 = x01 + x09 + t03 (2) 
y09 = x00 + x10 + x11 + t03 (2) 
y04 = x02 + x03 + y08 + y09 (3) 
y11 = x00 + x03 + y06 + y09 (3) 
Row: 
1 2 10 9 6 7 0 4 8 11 5 3 
Col: 
1 0 10 6 2 11 4 8 7 9 5 3 

Trial No: 109
SLP Heuristic XorCount: 13, Depth: 3
, XOR2: 0, XOR3: 2, XOR4: 11
SLP Heuristic XorCost ASIC1: 61.5
SLP Heuristic XorCost ASIC2: 67.93
SLP Heuristic XorCost ASIC3: 77.15
SLP Heuristic XorCost ASIC4: 75.21
Timestamp: 06-02-2023 17-51-31
y02 = x00 + x02 + x10 + x11 (1) 
y05 = x01 + x02 + x04 + x08 (1) 
y07 = x00 + x02 + x07 + x09 (1) 
t03 = x03 + x06 + x07 + x10 (1) 
y01 = x06 + x08 + y05 + t03 (2) 
y03 = x00 + x02 + x05 + t03 (2) 
y04 = x05 + y05 + y07 + t03 (2) 
y06 = x04 + x05 + x06 + y04 (3) 
y08 = x01 + x09 + t03 (2) 
y00 = x04 + x11 + y03 + y08 (3) 
y09 = x00 + x11 + y01 + y03 (3) 
y10 = x05 + y05 + y08 (3) 
y11 = x02 + y02 + y07 + t03 (2) 
Row: 
6 0 1 11 7 10 4 5 8 3 2 9 
Col: 
1 0 5 4 10 3 2 8 7 9 11 6 

Trial No: 113
SLP Heuristic XorCount: 13, Depth: 3
, XOR2: 0, XOR3: 1, XOR4: 12
SLP Heuristic XorCost ASIC1: 63.25
SLP Heuristic XorCost ASIC2: 69.715
SLP Heuristic XorCost ASIC3: 79.2
SLP Heuristic XorCost ASIC4: 76.54
Timestamp: 06-02-2023 17-51-31
y00 = x01 + x03 + x06 + x08 (1) 
y01 = x00 + x06 + x07 + x09 (1) 
y04 = x00 + x04 + x06 + x10 (1) 
t03 = x04 + x05 + x07 + x11 (1) 
y02 = x02 + y00 + y01 + t03 (2) 
y03 = x06 + y01 + y04 + t03 (2) 
y06 = x01 + x09 + y01 + y02 (3) 
y07 = x08 + x11 + y00 + t03 (2) 
y08 = x01 + x09 + t03 (2) 
y09 = x00 + x02 + x06 + t03 (2) 
y05 = x03 + x10 + y08 + y09 (3) 
y10 = x02 + x03 + x11 + y02 (3) 
y11 = x00 + x10 + y07 + y09 (3) 
Row: 
10 5 7 9 1 6 2 0 8 11 4 3 
Col: 
1 0 3 10 11 4 5 8 7 9 6 2 

Trial No: 115
SLP Heuristic XorCount: 13, Depth: 3
, XOR2: 0, XOR3: 1, XOR4: 12
SLP Heuristic XorCost ASIC1: 63.25
SLP Heuristic XorCost ASIC2: 69.715
SLP Heuristic XorCost ASIC3: 79.2
SLP Heuristic XorCost ASIC4: 76.54
Timestamp: 06-02-2023 17-51-31
y00 = x00 + x02 + x03 + x06 (1) 
y02 = x01 + x03 + x08 + x11 (1) 
y10 = x00 + x03 + x07 + x09 (1) 
t03 = x05 + x06 + x07 + x10 (1) 
y03 = x00 + x03 + x04 + t03 (2) 
y05 = x04 + y02 + y10 + t03 (2) 
y01 = x01 + x09 + y10 + y05 (3) 
y06 = x05 + x08 + y02 + t03 (2) 
y07 = x04 + x05 + x11 + y05 (3) 
y08 = x01 + x09 + t03 (2) 
y04 = x02 + x11 + y03 + y08 (3) 
y09 = x00 + x02 + y03 + y06 (3) 
y11 = x03 + y00 + y10 + t03 (2) 
Row: 
1 2 10 11 6 7 0 4 8 3 5 9 
Col: 
1 0 6 5 3 2 11 8 7 9 4 10 

Trial No: 119
SLP Heuristic XorCount: 13, Depth: 3
, XOR2: 0, XOR3: 1, XOR4: 12
SLP Heuristic XorCost ASIC1: 63.25
SLP Heuristic XorCost ASIC2: 69.715
SLP Heuristic XorCost ASIC3: 79.2
SLP Heuristic XorCost ASIC4: 76.54
Timestamp: 06-02-2023 17-51-31
y04 = x01 + x05 + x08 + x10 (1) 
y05 = x00 + x05 + x06 + x11 (1) 
y06 = x00 + x05 + x07 + x09 (1) 
t03 = x02 + x04 + x07 + x11 (1) 
y00 = x03 + y04 + y06 + t03 (2) 
y01 = x02 + x03 + x10 + y00 (3) 
y03 = x05 + y05 + y06 + t03 (2) 
y07 = x01 + x09 + y06 + y00 (3) 
y08 = x01 + x09 + t03 (2) 
y09 = x00 + x03 + x05 + t03 (2) 
y02 = x06 + x10 + y08 + y09 (3) 
y10 = x02 + x08 + y04 + t03 (2) 
y11 = x00 + x06 + y09 + y10 (3) 
Row: 
7 4 6 9 10 1 5 2 8 11 0 3 
Col: 
1 0 2 3 4 5 6 8 7 9 10 11 

Trial No: 125
SLP Heuristic XorCount: 13, Depth: 3
, XOR2: 0, XOR3: 2, XOR4: 11
SLP Heuristic XorCost ASIC1: 61.5
SLP Heuristic XorCost ASIC2: 67.93
SLP Heuristic XorCost ASIC3: 77.15
SLP Heuristic XorCost ASIC4: 75.21
Timestamp: 06-02-2023 17-51-31
y02 = x00 + x02 + x04 + x05 (1) 
y05 = x01 + x04 + x06 + x08 (1) 
y07 = x00 + x04 + x07 + x09 (1) 
t03 = x02 + x03 + x07 + x11 (1) 
y01 = x03 + x08 + y05 + t03 (2) 
y03 = x04 + y02 + y07 + t03 (2) 
y04 = x10 + y05 + y07 + t03 (2) 
y06 = x03 + x06 + x10 + y04 (3) 
y08 = x01 + x09 + t03 (2) 
y09 = x00 + x04 + x10 + t03 (2) 
y00 = x05 + x06 + y08 + y09 (3) 
y10 = x10 + y05 + y08 (3) 
y11 = x00 + x05 + y01 + y09 (3) 
Row: 
6 0 1 9 7 10 4 5 8 11 2 3 
Col: 
1 0 11 2 5 6 10 8 7 9 3 4 

Trial No: 131
SLP Heuristic XorCount: 13, Depth: 3
, XOR2: 0, XOR3: 1, XOR4: 12
SLP Heuristic XorCost ASIC1: 63.25
SLP Heuristic XorCost ASIC2: 69.715
SLP Heuristic XorCost ASIC3: 79.2
SLP Heuristic XorCost ASIC4: 76.54
Timestamp: 06-02-2023 17-51-31
y00 = x00 + x03 + x04 + x11 (1) 
y02 = x01 + x05 + x08 + x11 (1) 
y10 = x00 + x07 + x09 + x11 (1) 
t03 = x02 + x03 + x07 + x10 (1) 
y03 = x11 + y00 + y10 + t03 (2) 
y05 = x06 + y02 + y10 + t03 (2) 
y01 = x01 + x09 + y10 + y05 (3) 
y06 = x08 + x10 + y02 + t03 (2) 
y07 = x05 + x06 + x10 + y05 (3) 
y08 = x01 + x09 + t03 (2) 
y09 = x00 + x06 + x11 + t03 (2) 
y04 = x02 + y03 + y06 + y09 (3) 
y11 = x00 + x04 + y06 + y09 (3) 
Row: 
1 2 10 9 6 7 0 4 8 11 5 3 
Col: 
1 0 4 11 6 10 3 8 7 9 2 5 

Trial No: 137
SLP Heuristic XorCount: 13, Depth: 3
, XOR2: 0, XOR3: 1, XOR4: 12
SLP Heuristic XorCost ASIC1: 63.25
SLP Heuristic XorCost ASIC2: 69.715
SLP Heuristic XorCost ASIC3: 79.2
SLP Heuristic XorCost ASIC4: 76.54
Timestamp: 06-02-2023 17-51-31
y00 = x01 + x02 + x04 + x08 (1) 
y01 = x00 + x02 + x07 + x09 (1) 
y04 = x00 + x02 + x10 + x11 (1) 
t03 = x03 + x06 + x07 + x10 (1) 
y02 = x05 + y00 + y01 + t03 (2) 
y03 = x02 + y01 + y04 + t03 (2) 
y06 = x01 + x09 + y01 + y02 (3) 
y07 = x06 + x08 + y00 + t03 (2) 
y08 = x01 + x09 + t03 (2) 
y09 = x00 + x02 + x05 + t03 (2) 
y05 = x03 + y03 + y07 + y09 (3) 
y10 = x04 + x05 + x06 + y02 (3) 
y11 = x00 + x11 + y07 + y09 (3) 
Row: 
10 5 7 9 1 6 2 0 8 11 4 3 
Col: 
1 0 5 4 10 3 2 8 7 9 11 6 

Trial No: 143
SLP Heuristic XorCount: 13, Depth: 3
, XOR2: 0, XOR3: 1, XOR4: 12
SLP Heuristic XorCost ASIC1: 63.25
SLP Heuristic XorCost ASIC2: 69.715
SLP Heuristic XorCost ASIC3: 79.2
SLP Heuristic XorCost ASIC4: 76.54
Timestamp: 06-02-2023 17-51-31
y04 = x01 + x03 + x08 + x11 (1) 
y05 = x00 + x02 + x03 + x06 (1) 
y06 = x00 + x03 + x07 + x09 (1) 
t03 = x05 + x06 + x07 + x10 (1) 
y00 = x04 + y04 + y06 + t03 (2) 
y01 = x04 + x05 + x11 + y00 (3) 
y03 = x03 + y05 + y06 + t03 (2) 
y07 = x01 + x09 + y06 + y00 (3) 
y08 = x01 + x09 + t03 (2) 
y09 = x00 + x03 + x04 + t03 (2) 
y02 = x02 + x11 + y08 + y09 (3) 
y10 = x05 + x08 + y04 + t03 (2) 
y11 = x00 + x02 + y09 + y10 (3) 
Row: 
7 4 6 9 10 1 5 2 8 11 0 3 
Col: 
1 0 6 5 3 2 11 8 7 9 4 10 

Trial No: 149
SLP Heuristic XorCount: 13, Depth: 3
, XOR2: 0, XOR3: 2, XOR4: 11
SLP Heuristic XorCost ASIC1: 61.5
SLP Heuristic XorCost ASIC2: 67.93
SLP Heuristic XorCost ASIC3: 77.15
SLP Heuristic XorCost ASIC4: 75.21
Timestamp: 06-02-2023 17-51-31
y02 = x00 + x03 + x05 + x10 (1) 
y05 = x01 + x02 + x08 + x10 (1) 
y07 = x00 + x07 + x09 + x10 (1) 
t03 = x04 + x05 + x06 + x07 (1) 
y01 = x04 + x08 + y05 + t03 (2) 
y03 = x10 + y02 + y07 + t03 (2) 
y04 = x11 + y05 + y07 + t03 (2) 
y06 = x02 + x04 + x11 + y04 (3) 
y08 = x01 + x09 + t03 (2) 
y09 = x00 + x10 + x11 + t03 (2) 
y00 = x02 + x03 + y08 + y09 (3) 
y10 = x11 + y05 + y08 (3) 
y11 = x00 + x03 + y01 + y09 (3) 
Row: 
6 0 1 9 7 10 4 5 8 11 2 3 
Col: 
1 0 10 6 2 11 4 8 7 9 5 3 

Trial No: 155
SLP Heuristic XorCount: 13, Depth: 3
, XOR2: 0, XOR3: 1, XOR4: 12
SLP Heuristic XorCost ASIC1: 63.25
SLP Heuristic XorCost ASIC2: 69.715
SLP Heuristic XorCost ASIC3: 79.2
SLP Heuristic XorCost ASIC4: 76.54
Timestamp: 06-02-2023 17-51-31
y00 = x00 + x04 + x06 + x10 (1) 
y02 = x01 + x03 + x06 + x08 (1) 
y10 = x00 + x06 + x07 + x09 (1) 
t03 = x04 + x05 + x07 + x11 (1) 
y03 = x06 + y00 + y10 + t03 (2) 
y05 = x02 + y02 + y10 + t03 (2) 
y01 = x01 + x09 + y10 + y05 (3) 
y06 = x08 + x11 + y02 + t03 (2) 
y07 = x02 + x03 + x11 + y05 (3) 
y08 = x01 + x09 + t03 (2) 
y09 = x00 + x02 + x06 + t03 (2) 
y04 = x03 + x10 + y08 + y09 (3) 
y11 = x00 + x10 + y06 + y09 (3) 
Row: 
1 2 10 9 6 7 0 4 8 11 5 3 
Col: 
1 0 3 10 11 4 5 8 7 9 6 2 

Trial No: 157
SLP Heuristic XorCount: 13, Depth: 3
, XOR2: 0, XOR3: 2, XOR4: 11
SLP Heuristic XorCost ASIC1: 61.5
SLP Heuristic XorCost ASIC2: 67.93
SLP Heuristic XorCost ASIC3: 77.15
SLP Heuristic XorCost ASIC4: 75.21
Timestamp: 06-02-2023 17-51-31
y02 = x00 + x02 + x03 + x06 (1) 
y05 = x01 + x03 + x08 + x11 (1) 
y07 = x00 + x03 + x07 + x09 (1) 
t03 = x05 + x06 + x07 + x10 (1) 
y01 = x05 + x08 + y05 + t03 (2) 
y03 = x00 + x03 + x04 + t03 (2) 
y04 = x04 + y05 + y07 + t03 (2) 
y06 = x04 + x05 + x11 + y04 (3) 
y08 = x01 + x09 + t03 (2) 
y00 = x02 + x11 + y03 + y08 (3) 
y09 = x00 + x02 + y01 + y03 (3) 
y10 = x04 + y05 + y08 (3) 
y11 = x03 + y02 + y07 + t03 (2) 
Row: 
6 0 1 11 7 10 4 5 8 3 2 9 
Col: 
1 0 6 5 3 2 11 8 7 9 4 10 

Trial No: 161
SLP Heuristic XorCount: 13, Depth: 3
, XOR2: 0, XOR3: 1, XOR4: 12
SLP Heuristic XorCost ASIC1: 63.25
SLP Heuristic XorCost ASIC2: 69.715
SLP Heuristic XorCost ASIC3: 79.2
SLP Heuristic XorCost ASIC4: 76.54
Timestamp: 06-02-2023 17-51-31
y00 = x01 + x05 + x08 + x10 (1) 
y01 = x00 + x05 + x07 + x09 (1) 
y04 = x00 + x05 + x06 + x11 (1) 
t03 = x02 + x04 + x07 + x11 (1) 
y02 = x03 + y00 + y01 + t03 (2) 
y03 = x05 + y01 + y04 + t03 (2) 
y06 = x01 + x09 + y01 + y02 (3) 
y07 = x02 + x08 + y00 + t03 (2) 
y08 = x01 + x09 + t03 (2) 
y09 = x00 + x03 + x05 + t03 (2) 
y05 = x04 + y03 + y07 + y09 (3) 
y10 = x02 + x03 + x10 + y02 (3) 
y11 = x00 + x06 + y07 + y09 (3) 
Row: 
10 5 7 9 1 6 2 0 8 11 4 3 
Col: 
1 0 2 3 4 5 6 8 7 9 10 11 

Trial No: 167
SLP Heuristic XorCount: 13, Depth: 3
, XOR2: 0, XOR3: 1, XOR4: 12
SLP Heuristic XorCost ASIC1: 63.25
SLP Heuristic XorCost ASIC2: 69.715
SLP Heuristic XorCost ASIC3: 79.2
SLP Heuristic XorCost ASIC4: 76.54
Timestamp: 06-02-2023 17-51-31
y04 = x01 + x04 + x06 + x08 (1) 
y05 = x00 + x02 + x04 + x05 (1) 
y06 = x00 + x04 + x07 + x09 (1) 
t03 = x02 + x03 + x07 + x11 (1) 
y00 = x10 + y04 + y06 + t03 (2) 
y01 = x03 + x06 + x10 + y00 (3) 
y03 = x04 + y05 + y06 + t03 (2) 
y07 = x01 + x09 + y06 + y00 (3) 
y08 = x01 + x09 + t03 (2) 
y09 = x00 + x04 + x10 + t03 (2) 
y02 = x05 + x06 + y08 + y09 (3) 
y10 = x03 + x08 + y04 + t03 (2) 
y11 = x00 + x05 + y09 + y10 (3) 
Row: 
7 4 6 9 10 1 5 2 8 11 0 3 
Col: 
1 0 11 2 5 6 10 8 7 9 3 4 

Trial No: 173
SLP Heuristic XorCount: 13, Depth: 3
, XOR2: 0, XOR3: 2, XOR4: 11
SLP Heuristic XorCost ASIC1: 61.5
SLP Heuristic XorCost ASIC2: 67.93
SLP Heuristic XorCost ASIC3: 77.15
SLP Heuristic XorCost ASIC4: 75.21
Timestamp: 06-02-2023 17-51-31
y02 = x00 + x03 + x04 + x11 (1) 
y05 = x01 + x05 + x08 + x11 (1) 
y07 = x00 + x07 + x09 + x11 (1) 
t03 = x02 + x03 + x07 + x10 (1) 
y01 = x08 + x10 + y05 + t03 (2) 
y03 = x11 + y02 + y07 + t03 (2) 
y04 = x06 + y05 + y07 + t03 (2) 
y06 = x05 + x06 + x10 + y04 (3) 
y08 = x01 + x09 + t03 (2) 
y09 = x00 + x06 + x11 + t03 (2) 
y00 = x02 + y01 + y03 + y09 (3) 
y10 = x06 + y05 + y08 (3) 
y11 = x00 + x04 + y01 + y09 (3) 
Row: 
6 0 1 9 7 10 4 5 8 11 2 3 
Col: 
1 0 4 11 6 10 3 8 7 9 2 5 

Trial No: 179
SLP Heuristic XorCount: 13, Depth: 3
, XOR2: 0, XOR3: 1, XOR4: 12
SLP Heuristic XorCost ASIC1: 63.25
SLP Heuristic XorCost ASIC2: 69.715
SLP Heuristic XorCost ASIC3: 79.2
SLP Heuristic XorCost ASIC4: 76.54
Timestamp: 06-02-2023 17-51-31
y00 = x00 + x02 + x10 + x11 (1) 
y02 = x01 + x02 + x04 + x08 (1) 
y10 = x00 + x02 + x07 + x09 (1) 
t03 = x03 + x06 + x07 + x10 (1) 
y03 = x02 + y00 + y10 + t03 (2) 
y05 = x05 + y02 + y10 + t03 (2) 
y01 = x01 + x09 + y10 + y05 (3) 
y06 = x06 + x08 + y02 + t03 (2) 
y07 = x04 + x05 + x06 + y05 (3) 
y08 = x01 + x09 + t03 (2) 
y09 = x00 + x02 + x05 + t03 (2) 
y04 = x03 + y03 + y06 + y09 (3) 
y11 = x00 + x11 + y06 + y09 (3) 
Row: 
1 2 10 9 6 7 0 4 8 11 5 3 
Col: 
1 0 5 4 10 3 2 8 7 9 11 6 

Trial No: 185
SLP Heuristic XorCount: 13, Depth: 3
, XOR2: 0, XOR3: 1, XOR4: 12
SLP Heuristic XorCost ASIC1: 63.25
SLP Heuristic XorCost ASIC2: 69.715
SLP Heuristic XorCost ASIC3: 79.2
SLP Heuristic XorCost ASIC4: 76.54
Timestamp: 06-02-2023 17-51-31
y00 = x01 + x03 + x08 + x11 (1) 
y01 = x00 + x03 + x07 + x09 (1) 
y04 = x00 + x02 + x03 + x06 (1) 
t03 = x05 + x06 + x07 + x10 (1) 
y02 = x04 + y00 + y01 + t03 (2) 
y03 = x03 + y01 + y04 + t03 (2) 
y06 = x01 + x09 + y01 + y02 (3) 
y07 = x05 + x08 + y00 + t03 (2) 
y08 = x01 + x09 + t03 (2) 
y09 = x00 + x03 + x04 + t03 (2) 
y05 = x02 + x11 + y08 + y09 (3) 
y10 = x04 + x05 + x11 + y02 (3) 
y11 = x00 + x02 + y07 + y09 (3) 
Row: 
10 5 7 9 1 6 2 0 8 11 4 3 
Col: 
1 0 6 5 3 2 11 8 7 9 4 10 

Trial No: 197
SLP Heuristic XorCount: 13, Depth: 3
, XOR2: 0, XOR3: 2, XOR4: 11
SLP Heuristic XorCost ASIC1: 61.5
SLP Heuristic XorCost ASIC2: 67.93
SLP Heuristic XorCost ASIC3: 77.15
SLP Heuristic XorCost ASIC4: 75.21
Timestamp: 06-02-2023 17-51-31
y02 = x00 + x04 + x06 + x10 (1) 
y05 = x01 + x03 + x06 + x08 (1) 
y07 = x00 + x06 + x07 + x09 (1) 
t03 = x04 + x05 + x07 + x11 (1) 
y01 = x08 + x11 + y05 + t03 (2) 
y03 = x06 + y02 + y07 + t03 (2) 
y04 = x02 + y05 + y07 + t03 (2) 
y06 = x02 + x03 + x11 + y04 (3) 
y08 = x01 + x09 + t03 (2) 
y09 = x00 + x02 + x06 + t03 (2) 
y00 = x03 + x10 + y08 + y09 (3) 
y10 = x02 + y05 + y08 (3) 
y11 = x00 + x10 + y01 + y09 (3) 
Row: 
6 0 1 9 7 10 4 5 8 11 2 3 
Col: 
1 0 3 10 11 4 5 8 7 9 6 2 

Trial No: 203
SLP Heuristic XorCount: 13, Depth: 3
, XOR2: 0, XOR3: 1, XOR4: 12
SLP Heuristic XorCost ASIC1: 63.25
SLP Heuristic XorCost ASIC2: 69.715
SLP Heuristic XorCost ASIC3: 79.2
SLP Heuristic XorCost ASIC4: 76.54
Timestamp: 06-02-2023 17-51-32
y00 = x00 + x05 + x06 + x11 (1) 
y02 = x01 + x05 + x08 + x10 (1) 
y10 = x00 + x05 + x07 + x09 (1) 
t03 = x02 + x04 + x07 + x11 (1) 
y03 = x05 + y00 + y10 + t03 (2) 
y05 = x03 + y02 + y10 + t03 (2) 
y01 = x01 + x09 + y10 + y05 (3) 
y06 = x02 + x08 + y02 + t03 (2) 
y07 = x02 + x03 + x10 + y05 (3) 
y08 = x01 + x09 + t03 (2) 
y09 = x00 + x03 + x05 + t03 (2) 
y04 = x04 + y03 + y06 + y09 (3) 
y11 = x00 + x06 + y06 + y09 (3) 
Row: 
1 2 10 9 6 7 0 4 8 11 5 3 
Col: 
1 0 2 3 4 5 6 8 7 9 10 11 

Trial No: 274
SLP Heuristic XorCount: 13, Depth: 3
, XOR2: 0, XOR3: 2, XOR4: 11
SLP Heuristic XorCost ASIC1: 61.5
SLP Heuristic XorCost ASIC2: 67.93
SLP Heuristic XorCost ASIC3: 77.15
SLP Heuristic XorCost ASIC4: 75.21
Timestamp: 06-02-2023 17-51-32
y05 = x02 + x04 + x06 + x07 (1) 
y09 = x01 + x02 + x03 + x05 (1) 
y11 = x02 + x06 + x09 + x11 (1) 
t03 = x04 + x08 + x09 + x10 (1) 
y00 = x01 + x11 + t03 (2) 
y01 = x00 + y09 + y00 (3) 
y02 = x05 + x10 + y09 + t03 (2) 
y03 = x02 + y05 + y11 + t03 (2) 
y04 = x00 + y09 + y11 + t03 (2) 
y06 = x00 + x02 + x06 + t03 (2) 
y07 = x06 + x07 + y02 + y06 (3) 
y08 = x00 + x03 + x10 + y04 (3) 
y10 = x03 + x07 + y00 + y06 (3) 
Row: 
8 2 0 9 7 1 11 3 4 10 6 5 
Col: 
3 0 5 10 11 7 1 6 4 8 2 9 

Trial No: 280
SLP Heuristic XorCount: 13, Depth: 3
, XOR2: 0, XOR3: 1, XOR4: 12
SLP Heuristic XorCost ASIC1: 63.25
SLP Heuristic XorCost ASIC2: 69.715
SLP Heuristic XorCost ASIC3: 79.2
SLP Heuristic XorCost ASIC4: 76.54
Timestamp: 06-02-2023 17-51-32
y00 = x00 + x05 + x06 + x11 (1) 
y09 = x01 + x05 + x08 + x10 (1) 
y10 = x00 + x05 + x07 + x09 (1) 
t03 = x02 + x04 + x07 + x11 (1) 
y02 = x02 + x08 + y09 + t03 (2) 
y03 = x05 + y00 + y10 + t03 (2) 
y05 = x03 + y09 + y10 + t03 (2) 
y01 = x01 + x09 + y10 + y05 (3) 
y06 = x00 + x03 + x05 + t03 (2) 
y04 = x04 + y02 + y03 + y06 (3) 
y07 = x02 + x03 + x10 + y05 (3) 
y08 = x01 + x09 + t03 (2) 
y11 = x00 + x06 + y02 + y06 (3) 
Row: 
1 2 0 9 6 7 11 4 8 10 5 3 
Col: 
1 0 2 3 4 5 6 8 7 9 10 11 

Trial No: 357
SLP Heuristic XorCount: 13, Depth: 3
, XOR2: 0, XOR3: 1, XOR4: 12
SLP Heuristic XorCost ASIC1: 63.25
SLP Heuristic XorCost ASIC2: 69.715
SLP Heuristic XorCost ASIC3: 79.2
SLP Heuristic XorCost ASIC4: 76.54
Timestamp: 06-02-2023 17-51-32
y00 = x00 + x05 + x06 + x11 (1) 
y06 = x01 + x05 + x08 + x10 (1) 
y10 = x00 + x05 + x07 + x09 (1) 
t03 = x02 + x04 + x07 + x11 (1) 
y02 = x00 + x03 + x05 + t03 (2) 
y03 = x05 + y00 + y10 + t03 (2) 
y05 = x03 + y06 + y10 + t03 (2) 
y01 = x01 + x09 + y10 + y05 (3) 
y07 = x02 + x03 + x10 + y05 (3) 
y08 = x01 + x09 + t03 (2) 
y04 = x06 + x10 + y02 + y08 (3) 
y09 = x02 + x08 + y06 + t03 (2) 
y11 = x00 + x06 + y02 + y09 (3) 
Row: 
1 2 11 9 6 7 10 4 8 0 5 3 
Col: 
1 0 2 3 4 5 6 8 7 9 10 11 

Trial No: 434
SLP Heuristic XorCount: 13, Depth: 3
, XOR2: 0, XOR3: 1, XOR4: 12
SLP Heuristic XorCost ASIC1: 63.25
SLP Heuristic XorCost ASIC2: 69.715
SLP Heuristic XorCost ASIC3: 79.2
SLP Heuristic XorCost ASIC4: 76.54
Timestamp: 06-02-2023 17-51-32
y00 = x00 + x05 + x06 + x11 (1) 
y02 = x01 + x05 + x08 + x10 (1) 
y10 = x00 + x05 + x07 + x09 (1) 
t03 = x02 + x04 + x07 + x11 (1) 
y03 = x05 + y00 + y10 + t03 (2) 
y05 = x03 + y02 + y10 + t03 (2) 
y01 = x01 + x09 + y10 + y05 (3) 
y06 = x02 + x08 + y02 + t03 (2) 
y07 = x02 + x03 + x10 + y05 (3) 
y08 = x01 + x09 + t03 (2) 
y09 = x00 + x03 + x05 + t03 (2) 
y04 = x04 + y03 + y06 + y09 (3) 
y11 = x00 + x06 + y06 + y09 (3) 
Row: 
1 2 10 9 6 7 0 4 8 11 5 3 
Col: 
1 0 2 3 4 5 6 8 7 9 10 11 

