Trial No: 22
SLP Heuristic XorCount: 13, Depth: 3
, XOR2: 2, XOR3: 1, XOR4: 10
SLP Heuristic XorCost ASIC1: 57.25
SLP Heuristic XorCost ASIC2: 62.677
SLP Heuristic XorCost ASIC3: 71.7
SLP Heuristic XorCost ASIC4: 71.22
Timestamp: 06-02-2023 14-21-53
y02 = x01 + x03 + x07 + x09 (1) 
y04 = x00 + x05 + x06 + x11 (1) 
y11 = x01 + x04 + x06 + x11 (1) 
t03 = x03 + x06 + x08 + x10 (1) 
y01 = x00 + x01 + y04 + t03 (2) 
y03 = x05 + y04 + t03 (2) 
y06 = x02 + x07 + x09 + t03 (2) 
y00 = x10 + x11 + y01 + y06 (3) 
y07 = x02 + y02 + y01 + y03 (3) 
y08 = x00 + y02 + y11 + t03 (2) 
y05 = x00 + y03 + y06 + y08 (3) 
y09 = x09 + y08 (3) 
y10 = x11 + y06 (3) 
Row: 
5 1 9 8 11 10 2 7 0 4 3 6 
Col: 
0 1 2 3 4 5 6 7 8 9 10 11 

Trial No: 52
SLP Heuristic XorCount: 13, Depth: 3
, XOR2: 2, XOR3: 1, XOR4: 10
SLP Heuristic XorCost ASIC1: 57.25
SLP Heuristic XorCost ASIC2: 62.677
SLP Heuristic XorCost ASIC3: 71.7
SLP Heuristic XorCost ASIC4: 71.22
Timestamp: 06-02-2023 14-21-53
y02 = x00 + x01 + x07 + x08 (1) 
y04 = x02 + x06 + x09 + x10 (1) 
y11 = x04 + x06 + x07 + x09 (1) 
t03 = x05 + x08 + x09 + x11 (1) 
y01 = x02 + x07 + y04 + t03 (2) 
y03 = x10 + y04 + t03 (2) 
y06 = x00 + x01 + x03 + t03 (2) 
y00 = x06 + x11 + y01 + y06 (3) 
y07 = x03 + y02 + y01 + y03 (3) 
y08 = x02 + y02 + y11 + t03 (2) 
y05 = x02 + y03 + y06 + y08 (3) 
y09 = x01 + y08 (3) 
y10 = x06 + y06 (3) 
Row: 
5 1 9 8 11 10 2 7 0 4 3 6 
Col: 
7 9 0 2 4 8 11 1 3 6 5 10 

Trial No: 77
SLP Heuristic XorCount: 13, Depth: 3
, XOR2: 2, XOR3: 1, XOR4: 10
SLP Heuristic XorCost ASIC1: 57.25
SLP Heuristic XorCost ASIC2: 62.677
SLP Heuristic XorCost ASIC3: 71.7
SLP Heuristic XorCost ASIC4: 71.22
Timestamp: 06-02-2023 14-21-53
y02 = x01 + x03 + x07 + x09 (1) 
y04 = x00 + x05 + x06 + x11 (1) 
y11 = x01 + x04 + x06 + x11 (1) 
t03 = x03 + x06 + x08 + x10 (1) 
y01 = x00 + x01 + y04 + t03 (2) 
y03 = x05 + y04 + t03 (2) 
y06 = x02 + x07 + x09 + t03 (2) 
y00 = x10 + x11 + y01 + y06 (3) 
y07 = x02 + y02 + y01 + y03 (3) 
y08 = x00 + y02 + y11 + t03 (2) 
y05 = x00 + y03 + y06 + y08 (3) 
y09 = x09 + y08 (3) 
y10 = x11 + y06 (3) 
Row: 
5 1 9 8 11 10 2 7 0 4 3 6 
Col: 
0 1 2 3 4 5 6 7 8 9 10 11 

Trial No: 107
SLP Heuristic XorCount: 13, Depth: 3
, XOR2: 2, XOR3: 1, XOR4: 10
SLP Heuristic XorCost ASIC1: 57.25
SLP Heuristic XorCost ASIC2: 62.677
SLP Heuristic XorCost ASIC3: 71.7
SLP Heuristic XorCost ASIC4: 71.22
Timestamp: 06-02-2023 14-21-53
y02 = x00 + x01 + x07 + x08 (1) 
y04 = x02 + x06 + x09 + x10 (1) 
y11 = x04 + x06 + x07 + x09 (1) 
t03 = x05 + x08 + x09 + x11 (1) 
y01 = x02 + x07 + y04 + t03 (2) 
y03 = x10 + y04 + t03 (2) 
y06 = x00 + x01 + x03 + t03 (2) 
y00 = x06 + x11 + y01 + y06 (3) 
y07 = x03 + y02 + y01 + y03 (3) 
y08 = x02 + y02 + y11 + t03 (2) 
y05 = x02 + y03 + y06 + y08 (3) 
y09 = x01 + y08 (3) 
y10 = x06 + y06 (3) 
Row: 
5 1 9 8 11 10 2 7 0 4 3 6 
Col: 
7 9 0 2 4 8 11 1 3 6 5 10 

Trial No: 132
SLP Heuristic XorCount: 13, Depth: 3
, XOR2: 2, XOR3: 1, XOR4: 10
SLP Heuristic XorCost ASIC1: 57.25
SLP Heuristic XorCost ASIC2: 62.677
SLP Heuristic XorCost ASIC3: 71.7
SLP Heuristic XorCost ASIC4: 71.22
Timestamp: 06-02-2023 14-21-53
y02 = x01 + x03 + x07 + x09 (1) 
y04 = x00 + x05 + x06 + x11 (1) 
y11 = x01 + x04 + x06 + x11 (1) 
t03 = x03 + x06 + x08 + x10 (1) 
y01 = x00 + x01 + y04 + t03 (2) 
y03 = x05 + y04 + t03 (2) 
y06 = x02 + x07 + x09 + t03 (2) 
y00 = x10 + x11 + y01 + y06 (3) 
y07 = x02 + y02 + y01 + y03 (3) 
y08 = x00 + y02 + y11 + t03 (2) 
y05 = x00 + y03 + y06 + y08 (3) 
y09 = x09 + y08 (3) 
y10 = x11 + y06 (3) 
Row: 
5 1 9 8 11 10 2 7 0 4 3 6 
Col: 
0 1 2 3 4 5 6 7 8 9 10 11 

Trial No: 162
SLP Heuristic XorCount: 13, Depth: 3
, XOR2: 2, XOR3: 1, XOR4: 10
SLP Heuristic XorCost ASIC1: 57.25
SLP Heuristic XorCost ASIC2: 62.677
SLP Heuristic XorCost ASIC3: 71.7
SLP Heuristic XorCost ASIC4: 71.22
Timestamp: 06-02-2023 14-21-53
y02 = x00 + x01 + x07 + x08 (1) 
y04 = x02 + x06 + x09 + x10 (1) 
y11 = x04 + x06 + x07 + x09 (1) 
t03 = x05 + x08 + x09 + x11 (1) 
y01 = x02 + x07 + y04 + t03 (2) 
y03 = x10 + y04 + t03 (2) 
y06 = x00 + x01 + x03 + t03 (2) 
y00 = x06 + x11 + y01 + y06 (3) 
y07 = x03 + y02 + y01 + y03 (3) 
y08 = x02 + y02 + y11 + t03 (2) 
y05 = x02 + y03 + y06 + y08 (3) 
y09 = x01 + y08 (3) 
y10 = x06 + y06 (3) 
Row: 
5 1 9 8 11 10 2 7 0 4 3 6 
Col: 
7 9 0 2 4 8 11 1 3 6 5 10 

Trial No: 187
SLP Heuristic XorCount: 13, Depth: 3
, XOR2: 2, XOR3: 1, XOR4: 10
SLP Heuristic XorCost ASIC1: 57.25
SLP Heuristic XorCost ASIC2: 62.677
SLP Heuristic XorCost ASIC3: 71.7
SLP Heuristic XorCost ASIC4: 71.22
Timestamp: 06-02-2023 14-21-53
y02 = x01 + x03 + x07 + x09 (1) 
y04 = x00 + x05 + x06 + x11 (1) 
y11 = x01 + x04 + x06 + x11 (1) 
t03 = x03 + x06 + x08 + x10 (1) 
y01 = x00 + x01 + y04 + t03 (2) 
y03 = x05 + y04 + t03 (2) 
y06 = x02 + x07 + x09 + t03 (2) 
y00 = x10 + x11 + y01 + y06 (3) 
y07 = x02 + y02 + y01 + y03 (3) 
y08 = x00 + y02 + y11 + t03 (2) 
y05 = x00 + y03 + y06 + y08 (3) 
y09 = x09 + y08 (3) 
y10 = x11 + y06 (3) 
Row: 
5 1 9 8 11 10 2 7 0 4 3 6 
Col: 
0 1 2 3 4 5 6 7 8 9 10 11 

Trial No: 217
SLP Heuristic XorCount: 13, Depth: 3
, XOR2: 2, XOR3: 1, XOR4: 10
SLP Heuristic XorCost ASIC1: 57.25
SLP Heuristic XorCost ASIC2: 62.677
SLP Heuristic XorCost ASIC3: 71.7
SLP Heuristic XorCost ASIC4: 71.22
Timestamp: 06-02-2023 14-21-53
y02 = x00 + x01 + x07 + x08 (1) 
y04 = x02 + x06 + x09 + x10 (1) 
y11 = x04 + x06 + x07 + x09 (1) 
t03 = x05 + x08 + x09 + x11 (1) 
y01 = x02 + x07 + y04 + t03 (2) 
y03 = x10 + y04 + t03 (2) 
y06 = x00 + x01 + x03 + t03 (2) 
y00 = x06 + x11 + y01 + y06 (3) 
y07 = x03 + y02 + y01 + y03 (3) 
y08 = x02 + y02 + y11 + t03 (2) 
y05 = x02 + y03 + y06 + y08 (3) 
y09 = x01 + y08 (3) 
y10 = x06 + y06 (3) 
Row: 
5 1 9 8 11 10 2 7 0 4 3 6 
Col: 
7 9 0 2 4 8 11 1 3 6 5 10 

Trial No: 242
SLP Heuristic XorCount: 13, Depth: 3
, XOR2: 2, XOR3: 1, XOR4: 10
SLP Heuristic XorCost ASIC1: 57.25
SLP Heuristic XorCost ASIC2: 62.677
SLP Heuristic XorCost ASIC3: 71.7
SLP Heuristic XorCost ASIC4: 71.22
Timestamp: 06-02-2023 14-21-53
y02 = x01 + x03 + x07 + x09 (1) 
y04 = x00 + x05 + x06 + x11 (1) 
y11 = x01 + x04 + x06 + x11 (1) 
t03 = x03 + x06 + x08 + x10 (1) 
y01 = x00 + x01 + y04 + t03 (2) 
y03 = x05 + y04 + t03 (2) 
y06 = x02 + x07 + x09 + t03 (2) 
y00 = x10 + x11 + y01 + y06 (3) 
y07 = x02 + y02 + y01 + y03 (3) 
y08 = x00 + y02 + y11 + t03 (2) 
y05 = x00 + y03 + y06 + y08 (3) 
y09 = x09 + y08 (3) 
y10 = x11 + y06 (3) 
Row: 
5 1 9 8 11 10 2 7 0 4 3 6 
Col: 
0 1 2 3 4 5 6 7 8 9 10 11 

Trial No: 272
SLP Heuristic XorCount: 13, Depth: 3
, XOR2: 2, XOR3: 1, XOR4: 10
SLP Heuristic XorCost ASIC1: 57.25
SLP Heuristic XorCost ASIC2: 62.677
SLP Heuristic XorCost ASIC3: 71.7
SLP Heuristic XorCost ASIC4: 71.22
Timestamp: 06-02-2023 14-21-53
y02 = x00 + x01 + x07 + x08 (1) 
y04 = x02 + x06 + x09 + x10 (1) 
y11 = x04 + x06 + x07 + x09 (1) 
t03 = x05 + x08 + x09 + x11 (1) 
y01 = x02 + x07 + y04 + t03 (2) 
y03 = x10 + y04 + t03 (2) 
y06 = x00 + x01 + x03 + t03 (2) 
y00 = x06 + x11 + y01 + y06 (3) 
y07 = x03 + y02 + y01 + y03 (3) 
y08 = x02 + y02 + y11 + t03 (2) 
y05 = x02 + y03 + y06 + y08 (3) 
y09 = x01 + y08 (3) 
y10 = x06 + y06 (3) 
Row: 
5 1 9 8 11 10 2 7 0 4 3 6 
Col: 
7 9 0 2 4 8 11 1 3 6 5 10 

Trial No: 297
SLP Heuristic XorCount: 13, Depth: 3
, XOR2: 2, XOR3: 1, XOR4: 10
SLP Heuristic XorCost ASIC1: 57.25
SLP Heuristic XorCost ASIC2: 62.677
SLP Heuristic XorCost ASIC3: 71.7
SLP Heuristic XorCost ASIC4: 71.22
Timestamp: 06-02-2023 14-21-53
y02 = x01 + x03 + x07 + x09 (1) 
y04 = x00 + x05 + x06 + x11 (1) 
y11 = x01 + x04 + x06 + x11 (1) 
t03 = x03 + x06 + x08 + x10 (1) 
y01 = x00 + x01 + y04 + t03 (2) 
y03 = x05 + y04 + t03 (2) 
y06 = x02 + x07 + x09 + t03 (2) 
y00 = x10 + x11 + y01 + y06 (3) 
y07 = x02 + y02 + y01 + y03 (3) 
y08 = x00 + y02 + y11 + t03 (2) 
y05 = x00 + y03 + y06 + y08 (3) 
y09 = x09 + y08 (3) 
y10 = x11 + y06 (3) 
Row: 
5 1 9 8 11 10 2 7 0 4 3 6 
Col: 
0 1 2 3 4 5 6 7 8 9 10 11 

Trial No: 327
SLP Heuristic XorCount: 13, Depth: 3
, XOR2: 2, XOR3: 1, XOR4: 10
SLP Heuristic XorCost ASIC1: 57.25
SLP Heuristic XorCost ASIC2: 62.677
SLP Heuristic XorCost ASIC3: 71.7
SLP Heuristic XorCost ASIC4: 71.22
Timestamp: 06-02-2023 14-21-53
y02 = x00 + x01 + x07 + x08 (1) 
y04 = x02 + x06 + x09 + x10 (1) 
y11 = x04 + x06 + x07 + x09 (1) 
t03 = x05 + x08 + x09 + x11 (1) 
y01 = x02 + x07 + y04 + t03 (2) 
y03 = x10 + y04 + t03 (2) 
y06 = x00 + x01 + x03 + t03 (2) 
y00 = x06 + x11 + y01 + y06 (3) 
y07 = x03 + y02 + y01 + y03 (3) 
y08 = x02 + y02 + y11 + t03 (2) 
y05 = x02 + y03 + y06 + y08 (3) 
y09 = x01 + y08 (3) 
y10 = x06 + y06 (3) 
Row: 
5 1 9 8 11 10 2 7 0 4 3 6 
Col: 
7 9 0 2 4 8 11 1 3 6 5 10 

Trial No: 352
SLP Heuristic XorCount: 13, Depth: 3
, XOR2: 2, XOR3: 1, XOR4: 10
SLP Heuristic XorCost ASIC1: 57.25
SLP Heuristic XorCost ASIC2: 62.677
SLP Heuristic XorCost ASIC3: 71.7
SLP Heuristic XorCost ASIC4: 71.22
Timestamp: 06-02-2023 14-21-53
y02 = x01 + x03 + x07 + x09 (1) 
y04 = x00 + x05 + x06 + x11 (1) 
y11 = x01 + x04 + x06 + x11 (1) 
t03 = x03 + x06 + x08 + x10 (1) 
y01 = x00 + x01 + y04 + t03 (2) 
y03 = x05 + y04 + t03 (2) 
y06 = x02 + x07 + x09 + t03 (2) 
y00 = x10 + x11 + y01 + y06 (3) 
y07 = x02 + y02 + y01 + y03 (3) 
y08 = x00 + y02 + y11 + t03 (2) 
y05 = x00 + y03 + y06 + y08 (3) 
y09 = x09 + y08 (3) 
y10 = x11 + y06 (3) 
Row: 
5 1 9 8 11 10 2 7 0 4 3 6 
Col: 
0 1 2 3 4 5 6 7 8 9 10 11 

Trial No: 382
SLP Heuristic XorCount: 13, Depth: 3
, XOR2: 2, XOR3: 1, XOR4: 10
SLP Heuristic XorCost ASIC1: 57.25
SLP Heuristic XorCost ASIC2: 62.677
SLP Heuristic XorCost ASIC3: 71.7
SLP Heuristic XorCost ASIC4: 71.22
Timestamp: 06-02-2023 14-21-53
y02 = x00 + x01 + x07 + x08 (1) 
y04 = x02 + x06 + x09 + x10 (1) 
y11 = x04 + x06 + x07 + x09 (1) 
t03 = x05 + x08 + x09 + x11 (1) 
y01 = x02 + x07 + y04 + t03 (2) 
y03 = x10 + y04 + t03 (2) 
y06 = x00 + x01 + x03 + t03 (2) 
y00 = x06 + x11 + y01 + y06 (3) 
y07 = x03 + y02 + y01 + y03 (3) 
y08 = x02 + y02 + y11 + t03 (2) 
y05 = x02 + y03 + y06 + y08 (3) 
y09 = x01 + y08 (3) 
y10 = x06 + y06 (3) 
Row: 
5 1 9 8 11 10 2 7 0 4 3 6 
Col: 
7 9 0 2 4 8 11 1 3 6 5 10 

Trial No: 407
SLP Heuristic XorCount: 13, Depth: 3
, XOR2: 2, XOR3: 1, XOR4: 10
SLP Heuristic XorCost ASIC1: 57.25
SLP Heuristic XorCost ASIC2: 62.677
SLP Heuristic XorCost ASIC3: 71.7
SLP Heuristic XorCost ASIC4: 71.22
Timestamp: 06-02-2023 14-21-53
y02 = x01 + x03 + x07 + x09 (1) 
y04 = x00 + x05 + x06 + x11 (1) 
y11 = x01 + x04 + x06 + x11 (1) 
t03 = x03 + x06 + x08 + x10 (1) 
y01 = x00 + x01 + y04 + t03 (2) 
y03 = x05 + y04 + t03 (2) 
y06 = x02 + x07 + x09 + t03 (2) 
y00 = x10 + x11 + y01 + y06 (3) 
y07 = x02 + y02 + y01 + y03 (3) 
y08 = x00 + y02 + y11 + t03 (2) 
y05 = x00 + y03 + y06 + y08 (3) 
y09 = x09 + y08 (3) 
y10 = x11 + y06 (3) 
Row: 
5 1 9 8 11 10 2 7 0 4 3 6 
Col: 
0 1 2 3 4 5 6 7 8 9 10 11 

Trial No: 437
SLP Heuristic XorCount: 13, Depth: 3
, XOR2: 2, XOR3: 1, XOR4: 10
SLP Heuristic XorCost ASIC1: 57.25
SLP Heuristic XorCost ASIC2: 62.677
SLP Heuristic XorCost ASIC3: 71.7
SLP Heuristic XorCost ASIC4: 71.22
Timestamp: 06-02-2023 14-21-53
y02 = x00 + x01 + x07 + x08 (1) 
y04 = x02 + x06 + x09 + x10 (1) 
y11 = x04 + x06 + x07 + x09 (1) 
t03 = x05 + x08 + x09 + x11 (1) 
y01 = x02 + x07 + y04 + t03 (2) 
y03 = x10 + y04 + t03 (2) 
y06 = x00 + x01 + x03 + t03 (2) 
y00 = x06 + x11 + y01 + y06 (3) 
y07 = x03 + y02 + y01 + y03 (3) 
y08 = x02 + y02 + y11 + t03 (2) 
y05 = x02 + y03 + y06 + y08 (3) 
y09 = x01 + y08 (3) 
y10 = x06 + y06 (3) 
Row: 
5 1 9 8 11 10 2 7 0 4 3 6 
Col: 
7 9 0 2 4 8 11 1 3 6 5 10 

Trial No: 462
SLP Heuristic XorCount: 13, Depth: 3
, XOR2: 2, XOR3: 1, XOR4: 10
SLP Heuristic XorCost ASIC1: 57.25
SLP Heuristic XorCost ASIC2: 62.677
SLP Heuristic XorCost ASIC3: 71.7
SLP Heuristic XorCost ASIC4: 71.22
Timestamp: 06-02-2023 14-21-53
y02 = x01 + x03 + x07 + x09 (1) 
y04 = x00 + x05 + x06 + x11 (1) 
y11 = x01 + x04 + x06 + x11 (1) 
t03 = x03 + x06 + x08 + x10 (1) 
y01 = x00 + x01 + y04 + t03 (2) 
y03 = x05 + y04 + t03 (2) 
y06 = x02 + x07 + x09 + t03 (2) 
y00 = x10 + x11 + y01 + y06 (3) 
y07 = x02 + y02 + y01 + y03 (3) 
y08 = x00 + y02 + y11 + t03 (2) 
y05 = x00 + y03 + y06 + y08 (3) 
y09 = x09 + y08 (3) 
y10 = x11 + y06 (3) 
Row: 
5 1 9 8 11 10 2 7 0 4 3 6 
Col: 
0 1 2 3 4 5 6 7 8 9 10 11 

Trial No: 492
SLP Heuristic XorCount: 13, Depth: 3
, XOR2: 2, XOR3: 1, XOR4: 10
SLP Heuristic XorCost ASIC1: 57.25
SLP Heuristic XorCost ASIC2: 62.677
SLP Heuristic XorCost ASIC3: 71.7
SLP Heuristic XorCost ASIC4: 71.22
Timestamp: 06-02-2023 14-21-53
y02 = x00 + x01 + x07 + x08 (1) 
y04 = x02 + x06 + x09 + x10 (1) 
y11 = x04 + x06 + x07 + x09 (1) 
t03 = x05 + x08 + x09 + x11 (1) 
y01 = x02 + x07 + y04 + t03 (2) 
y03 = x10 + y04 + t03 (2) 
y06 = x00 + x01 + x03 + t03 (2) 
y00 = x06 + x11 + y01 + y06 (3) 
y07 = x03 + y02 + y01 + y03 (3) 
y08 = x02 + y02 + y11 + t03 (2) 
y05 = x02 + y03 + y06 + y08 (3) 
y09 = x01 + y08 (3) 
y10 = x06 + y06 (3) 
Row: 
5 1 9 8 11 10 2 7 0 4 3 6 
Col: 
7 9 0 2 4 8 11 1 3 6 5 10 

