Trial No: 15
SLP Heuristic XorCount: 13, Depth: 3
, XOR2: 0, XOR3: 2, XOR4: 11
SLP Heuristic XorCost ASIC1: 61.5
SLP Heuristic XorCost ASIC2: 67.93
SLP Heuristic XorCost ASIC3: 77.15
SLP Heuristic XorCost ASIC4: 75.21
Timestamp: 06-02-2023 15-31-05
y01 = x03 + x05 + x06 + x10 (1) 
y05 = x01 + x08 + x09 + x10 (1) 
y07 = x01 + x04 + x10 + x11 (1) 
t03 = x02 + x07 + x08 + x11 (1) 
y02 = x00 + y01 + y05 + t03 (2) 
y03 = x06 + x07 + y01 + t03 (2) 
y04 = x05 + x09 + t03 (2) 
y08 = x00 + y01 + y04 (3) 
y09 = x10 + y05 + y07 + t03 (2) 
y10 = x00 + x01 + x10 + t03 (2) 
y00 = x02 + y03 + y09 + y10 (3) 
y06 = x01 + x04 + y03 + y10 (3) 
y11 = x00 + x03 + x07 + y02 (3) 
Row: 
0 4 1 6 2 11 9 7 8 3 5 10 
Col: 
9 7 10 4 0 6 1 8 2 3 11 5 

Trial No: 27
SLP Heuristic XorCount: 13, Depth: 3
, XOR2: 0, XOR3: 2, XOR4: 11
SLP Heuristic XorCost ASIC1: 61.5
SLP Heuristic XorCost ASIC2: 67.93
SLP Heuristic XorCost ASIC3: 77.15
SLP Heuristic XorCost ASIC4: 75.21
Timestamp: 06-02-2023 15-31-05
y04 = x01 + x02 + x03 + x08 (1) 
y07 = x01 + x04 + x07 + x10 (1) 
y11 = x01 + x05 + x09 + x10 (1) 
t03 = x05 + x06 + x07 + x11 (1) 
y01 = x00 + y04 + y11 + t03 (2) 
y02 = x08 + x09 + t03 (2) 
y03 = x01 + y07 + y11 + t03 (2) 
y05 = x00 + x01 + x10 + t03 (2) 
y00 = x03 + x04 + y02 + y05 (3) 
y06 = x02 + x11 + y04 + t03 (2) 
y08 = x00 + y04 + y02 (3) 
y09 = x04 + x10 + y05 + y06 (3) 
y10 = x00 + x03 + x11 + y01 (3) 
Row: 
0 1 2 3 4 5 6 7 8 9 10 11 
Col: 
9 11 1 4 0 2 10 5 6 3 7 8 

Trial No: 51
SLP Heuristic XorCount: 13, Depth: 3
, XOR2: 0, XOR3: 2, XOR4: 11
SLP Heuristic XorCost ASIC1: 61.5
SLP Heuristic XorCost ASIC2: 67.93
SLP Heuristic XorCost ASIC3: 77.15
SLP Heuristic XorCost ASIC4: 75.21
Timestamp: 06-02-2023 15-31-05
y01 = x01 + x02 + x03 + x08 (1) 
y05 = x01 + x05 + x09 + x10 (1) 
y07 = x01 + x04 + x07 + x10 (1) 
t03 = x05 + x06 + x07 + x11 (1) 
y02 = x00 + y01 + y05 + t03 (2) 
y03 = x02 + x11 + y01 + t03 (2) 
y04 = x08 + x09 + t03 (2) 
y08 = x00 + y01 + y04 (3) 
y09 = x01 + y05 + y07 + t03 (2) 
y10 = x00 + x01 + x10 + t03 (2) 
y00 = x03 + x04 + y04 + y10 (3) 
y06 = x04 + x10 + y03 + y10 (3) 
y11 = x00 + x03 + x11 + y02 (3) 
Row: 
0 4 1 6 2 11 9 7 8 3 5 10 
Col: 
9 11 1 4 0 2 10 5 6 3 7 8 

Trial No: 87
SLP Heuristic XorCount: 13, Depth: 3
, XOR2: 0, XOR3: 2, XOR4: 11
SLP Heuristic XorCost ASIC1: 61.5
SLP Heuristic XorCost ASIC2: 67.93
SLP Heuristic XorCost ASIC3: 77.15
SLP Heuristic XorCost ASIC4: 75.21
Timestamp: 06-02-2023 15-31-05
y01 = x03 + x05 + x06 + x10 (1) 
y05 = x01 + x08 + x09 + x10 (1) 
y07 = x01 + x04 + x10 + x11 (1) 
t03 = x02 + x07 + x08 + x11 (1) 
y02 = x00 + y01 + y05 + t03 (2) 
y03 = x06 + x07 + y01 + t03 (2) 
y04 = x05 + x09 + t03 (2) 
y08 = x00 + y01 + y04 (3) 
y09 = x10 + y05 + y07 + t03 (2) 
y10 = x00 + x01 + x10 + t03 (2) 
y00 = x02 + y03 + y09 + y10 (3) 
y06 = x01 + x04 + y03 + y10 (3) 
y11 = x00 + x03 + x07 + y02 (3) 
Row: 
0 4 1 6 2 11 9 7 8 3 5 10 
Col: 
9 7 10 4 0 6 1 8 2 3 11 5 

Trial No: 99
SLP Heuristic XorCount: 13, Depth: 3
, XOR2: 0, XOR3: 2, XOR4: 11
SLP Heuristic XorCost ASIC1: 61.5
SLP Heuristic XorCost ASIC2: 67.93
SLP Heuristic XorCost ASIC3: 77.15
SLP Heuristic XorCost ASIC4: 75.21
Timestamp: 06-02-2023 15-31-05
y04 = x01 + x02 + x03 + x08 (1) 
y07 = x01 + x04 + x07 + x10 (1) 
y11 = x01 + x05 + x09 + x10 (1) 
t03 = x05 + x06 + x07 + x11 (1) 
y01 = x00 + y04 + y11 + t03 (2) 
y02 = x08 + x09 + t03 (2) 
y03 = x01 + y07 + y11 + t03 (2) 
y05 = x00 + x01 + x10 + t03 (2) 
y00 = x03 + x04 + y02 + y05 (3) 
y06 = x02 + x11 + y04 + t03 (2) 
y08 = x00 + y04 + y02 (3) 
y09 = x04 + x10 + y05 + y06 (3) 
y10 = x00 + x03 + x11 + y01 (3) 
Row: 
0 1 2 3 4 5 6 7 8 9 10 11 
Col: 
9 11 1 4 0 2 10 5 6 3 7 8 

Trial No: 123
SLP Heuristic XorCount: 13, Depth: 3
, XOR2: 0, XOR3: 2, XOR4: 11
SLP Heuristic XorCost ASIC1: 61.5
SLP Heuristic XorCost ASIC2: 67.93
SLP Heuristic XorCost ASIC3: 77.15
SLP Heuristic XorCost ASIC4: 75.21
Timestamp: 06-02-2023 15-31-05
y01 = x01 + x02 + x03 + x08 (1) 
y05 = x01 + x05 + x09 + x10 (1) 
y07 = x01 + x04 + x07 + x10 (1) 
t03 = x05 + x06 + x07 + x11 (1) 
y02 = x00 + y01 + y05 + t03 (2) 
y03 = x02 + x11 + y01 + t03 (2) 
y04 = x08 + x09 + t03 (2) 
y08 = x00 + y01 + y04 (3) 
y09 = x01 + y05 + y07 + t03 (2) 
y10 = x00 + x01 + x10 + t03 (2) 
y00 = x03 + x04 + y04 + y10 (3) 
y06 = x04 + x10 + y03 + y10 (3) 
y11 = x00 + x03 + x11 + y02 (3) 
Row: 
0 4 1 6 2 11 9 7 8 3 5 10 
Col: 
9 11 1 4 0 2 10 5 6 3 7 8 

Trial No: 159
SLP Heuristic XorCount: 13, Depth: 3
, XOR2: 0, XOR3: 2, XOR4: 11
SLP Heuristic XorCost ASIC1: 61.5
SLP Heuristic XorCost ASIC2: 67.93
SLP Heuristic XorCost ASIC3: 77.15
SLP Heuristic XorCost ASIC4: 75.21
Timestamp: 06-02-2023 15-31-05
y01 = x03 + x05 + x06 + x10 (1) 
y05 = x01 + x08 + x09 + x10 (1) 
y07 = x01 + x04 + x10 + x11 (1) 
t03 = x02 + x07 + x08 + x11 (1) 
y02 = x00 + y01 + y05 + t03 (2) 
y03 = x06 + x07 + y01 + t03 (2) 
y04 = x05 + x09 + t03 (2) 
y08 = x00 + y01 + y04 (3) 
y09 = x10 + y05 + y07 + t03 (2) 
y10 = x00 + x01 + x10 + t03 (2) 
y00 = x02 + y03 + y09 + y10 (3) 
y06 = x01 + x04 + y03 + y10 (3) 
y11 = x00 + x03 + x07 + y02 (3) 
Row: 
0 4 1 6 2 11 9 7 8 3 5 10 
Col: 
9 7 10 4 0 6 1 8 2 3 11 5 

Trial No: 171
SLP Heuristic XorCount: 13, Depth: 3
, XOR2: 0, XOR3: 2, XOR4: 11
SLP Heuristic XorCost ASIC1: 61.5
SLP Heuristic XorCost ASIC2: 67.93
SLP Heuristic XorCost ASIC3: 77.15
SLP Heuristic XorCost ASIC4: 75.21
Timestamp: 06-02-2023 15-31-05
y04 = x01 + x02 + x03 + x08 (1) 
y07 = x01 + x04 + x07 + x10 (1) 
y11 = x01 + x05 + x09 + x10 (1) 
t03 = x05 + x06 + x07 + x11 (1) 
y01 = x00 + y04 + y11 + t03 (2) 
y02 = x08 + x09 + t03 (2) 
y03 = x01 + y07 + y11 + t03 (2) 
y05 = x00 + x01 + x10 + t03 (2) 
y00 = x03 + x04 + y02 + y05 (3) 
y06 = x02 + x11 + y04 + t03 (2) 
y08 = x00 + y04 + y02 (3) 
y09 = x04 + x10 + y05 + y06 (3) 
y10 = x00 + x03 + x11 + y01 (3) 
Row: 
0 1 2 3 4 5 6 7 8 9 10 11 
Col: 
9 11 1 4 0 2 10 5 6 3 7 8 

Trial No: 195
SLP Heuristic XorCount: 13, Depth: 3
, XOR2: 0, XOR3: 2, XOR4: 11
SLP Heuristic XorCost ASIC1: 61.5
SLP Heuristic XorCost ASIC2: 67.93
SLP Heuristic XorCost ASIC3: 77.15
SLP Heuristic XorCost ASIC4: 75.21
Timestamp: 06-02-2023 15-31-05
y01 = x01 + x02 + x03 + x08 (1) 
y05 = x01 + x05 + x09 + x10 (1) 
y07 = x01 + x04 + x07 + x10 (1) 
t03 = x05 + x06 + x07 + x11 (1) 
y02 = x00 + y01 + y05 + t03 (2) 
y03 = x02 + x11 + y01 + t03 (2) 
y04 = x08 + x09 + t03 (2) 
y08 = x00 + y01 + y04 (3) 
y09 = x01 + y05 + y07 + t03 (2) 
y10 = x00 + x01 + x10 + t03 (2) 
y00 = x03 + x04 + y04 + y10 (3) 
y06 = x04 + x10 + y03 + y10 (3) 
y11 = x00 + x03 + x11 + y02 (3) 
Row: 
0 4 1 6 2 11 9 7 8 3 5 10 
Col: 
9 11 1 4 0 2 10 5 6 3 7 8 

Trial No: 231
SLP Heuristic XorCount: 13, Depth: 3
, XOR2: 0, XOR3: 2, XOR4: 11
SLP Heuristic XorCost ASIC1: 61.5
SLP Heuristic XorCost ASIC2: 67.93
SLP Heuristic XorCost ASIC3: 77.15
SLP Heuristic XorCost ASIC4: 75.21
Timestamp: 06-02-2023 15-31-05
y01 = x03 + x05 + x06 + x10 (1) 
y05 = x01 + x08 + x09 + x10 (1) 
y07 = x01 + x04 + x10 + x11 (1) 
t03 = x02 + x07 + x08 + x11 (1) 
y02 = x00 + y01 + y05 + t03 (2) 
y03 = x06 + x07 + y01 + t03 (2) 
y04 = x05 + x09 + t03 (2) 
y08 = x00 + y01 + y04 (3) 
y09 = x10 + y05 + y07 + t03 (2) 
y10 = x00 + x01 + x10 + t03 (2) 
y00 = x02 + y03 + y09 + y10 (3) 
y06 = x01 + x04 + y03 + y10 (3) 
y11 = x00 + x03 + x07 + y02 (3) 
Row: 
0 4 1 6 2 11 9 7 8 3 5 10 
Col: 
9 7 10 4 0 6 1 8 2 3 11 5 

Trial No: 243
SLP Heuristic XorCount: 13, Depth: 3
, XOR2: 0, XOR3: 2, XOR4: 11
SLP Heuristic XorCost ASIC1: 61.5
SLP Heuristic XorCost ASIC2: 67.93
SLP Heuristic XorCost ASIC3: 77.15
SLP Heuristic XorCost ASIC4: 75.21
Timestamp: 06-02-2023 15-31-05
y04 = x01 + x02 + x03 + x08 (1) 
y07 = x01 + x04 + x07 + x10 (1) 
y11 = x01 + x05 + x09 + x10 (1) 
t03 = x05 + x06 + x07 + x11 (1) 
y01 = x00 + y04 + y11 + t03 (2) 
y02 = x08 + x09 + t03 (2) 
y03 = x01 + y07 + y11 + t03 (2) 
y05 = x00 + x01 + x10 + t03 (2) 
y00 = x03 + x04 + y02 + y05 (3) 
y06 = x02 + x11 + y04 + t03 (2) 
y08 = x00 + y04 + y02 (3) 
y09 = x04 + x10 + y05 + y06 (3) 
y10 = x00 + x03 + x11 + y01 (3) 
Row: 
0 1 2 3 4 5 6 7 8 9 10 11 
Col: 
9 11 1 4 0 2 10 5 6 3 7 8 

Trial No: 267
SLP Heuristic XorCount: 13, Depth: 3
, XOR2: 0, XOR3: 2, XOR4: 11
SLP Heuristic XorCost ASIC1: 61.5
SLP Heuristic XorCost ASIC2: 67.93
SLP Heuristic XorCost ASIC3: 77.15
SLP Heuristic XorCost ASIC4: 75.21
Timestamp: 06-02-2023 15-31-05
y01 = x01 + x02 + x03 + x08 (1) 
y05 = x01 + x05 + x09 + x10 (1) 
y07 = x01 + x04 + x07 + x10 (1) 
t03 = x05 + x06 + x07 + x11 (1) 
y02 = x00 + y01 + y05 + t03 (2) 
y03 = x02 + x11 + y01 + t03 (2) 
y04 = x08 + x09 + t03 (2) 
y08 = x00 + y01 + y04 (3) 
y09 = x01 + y05 + y07 + t03 (2) 
y10 = x00 + x01 + x10 + t03 (2) 
y00 = x03 + x04 + y04 + y10 (3) 
y06 = x04 + x10 + y03 + y10 (3) 
y11 = x00 + x03 + x11 + y02 (3) 
Row: 
0 4 1 6 2 11 9 7 8 3 5 10 
Col: 
9 11 1 4 0 2 10 5 6 3 7 8 

Trial No: 303
SLP Heuristic XorCount: 13, Depth: 3
, XOR2: 0, XOR3: 2, XOR4: 11
SLP Heuristic XorCost ASIC1: 61.5
SLP Heuristic XorCost ASIC2: 67.93
SLP Heuristic XorCost ASIC3: 77.15
SLP Heuristic XorCost ASIC4: 75.21
Timestamp: 06-02-2023 15-31-05
y01 = x03 + x05 + x06 + x10 (1) 
y05 = x01 + x08 + x09 + x10 (1) 
y07 = x01 + x04 + x10 + x11 (1) 
t03 = x02 + x07 + x08 + x11 (1) 
y02 = x00 + y01 + y05 + t03 (2) 
y03 = x06 + x07 + y01 + t03 (2) 
y04 = x05 + x09 + t03 (2) 
y08 = x00 + y01 + y04 (3) 
y09 = x10 + y05 + y07 + t03 (2) 
y10 = x00 + x01 + x10 + t03 (2) 
y00 = x02 + y03 + y09 + y10 (3) 
y06 = x01 + x04 + y03 + y10 (3) 
y11 = x00 + x03 + x07 + y02 (3) 
Row: 
0 4 1 6 2 11 9 7 8 3 5 10 
Col: 
9 7 10 4 0 6 1 8 2 3 11 5 

Trial No: 315
SLP Heuristic XorCount: 13, Depth: 3
, XOR2: 0, XOR3: 2, XOR4: 11
SLP Heuristic XorCost ASIC1: 61.5
SLP Heuristic XorCost ASIC2: 67.93
SLP Heuristic XorCost ASIC3: 77.15
SLP Heuristic XorCost ASIC4: 75.21
Timestamp: 06-02-2023 15-31-05
y04 = x01 + x02 + x03 + x08 (1) 
y07 = x01 + x04 + x07 + x10 (1) 
y11 = x01 + x05 + x09 + x10 (1) 
t03 = x05 + x06 + x07 + x11 (1) 
y01 = x00 + y04 + y11 + t03 (2) 
y02 = x08 + x09 + t03 (2) 
y03 = x01 + y07 + y11 + t03 (2) 
y05 = x00 + x01 + x10 + t03 (2) 
y00 = x03 + x04 + y02 + y05 (3) 
y06 = x02 + x11 + y04 + t03 (2) 
y08 = x00 + y04 + y02 (3) 
y09 = x04 + x10 + y05 + y06 (3) 
y10 = x00 + x03 + x11 + y01 (3) 
Row: 
0 1 2 3 4 5 6 7 8 9 10 11 
Col: 
9 11 1 4 0 2 10 5 6 3 7 8 

Trial No: 339
SLP Heuristic XorCount: 13, Depth: 3
, XOR2: 0, XOR3: 2, XOR4: 11
SLP Heuristic XorCost ASIC1: 61.5
SLP Heuristic XorCost ASIC2: 67.93
SLP Heuristic XorCost ASIC3: 77.15
SLP Heuristic XorCost ASIC4: 75.21
Timestamp: 06-02-2023 15-31-05
y01 = x01 + x02 + x03 + x08 (1) 
y05 = x01 + x05 + x09 + x10 (1) 
y07 = x01 + x04 + x07 + x10 (1) 
t03 = x05 + x06 + x07 + x11 (1) 
y02 = x00 + y01 + y05 + t03 (2) 
y03 = x02 + x11 + y01 + t03 (2) 
y04 = x08 + x09 + t03 (2) 
y08 = x00 + y01 + y04 (3) 
y09 = x01 + y05 + y07 + t03 (2) 
y10 = x00 + x01 + x10 + t03 (2) 
y00 = x03 + x04 + y04 + y10 (3) 
y06 = x04 + x10 + y03 + y10 (3) 
y11 = x00 + x03 + x11 + y02 (3) 
Row: 
0 4 1 6 2 11 9 7 8 3 5 10 
Col: 
9 11 1 4 0 2 10 5 6 3 7 8 

Trial No: 375
SLP Heuristic XorCount: 13, Depth: 3
, XOR2: 0, XOR3: 2, XOR4: 11
SLP Heuristic XorCost ASIC1: 61.5
SLP Heuristic XorCost ASIC2: 67.93
SLP Heuristic XorCost ASIC3: 77.15
SLP Heuristic XorCost ASIC4: 75.21
Timestamp: 06-02-2023 15-31-05
y01 = x03 + x05 + x06 + x10 (1) 
y05 = x01 + x08 + x09 + x10 (1) 
y07 = x01 + x04 + x10 + x11 (1) 
t03 = x02 + x07 + x08 + x11 (1) 
y02 = x00 + y01 + y05 + t03 (2) 
y03 = x06 + x07 + y01 + t03 (2) 
y04 = x05 + x09 + t03 (2) 
y08 = x00 + y01 + y04 (3) 
y09 = x10 + y05 + y07 + t03 (2) 
y10 = x00 + x01 + x10 + t03 (2) 
y00 = x02 + y03 + y09 + y10 (3) 
y06 = x01 + x04 + y03 + y10 (3) 
y11 = x00 + x03 + x07 + y02 (3) 
Row: 
0 4 1 6 2 11 9 7 8 3 5 10 
Col: 
9 7 10 4 0 6 1 8 2 3 11 5 

Trial No: 397
SLP Heuristic XorCount: 13, Depth: 3
, XOR2: 0, XOR3: 2, XOR4: 11
SLP Heuristic XorCost ASIC1: 61.5
SLP Heuristic XorCost ASIC2: 67.93
SLP Heuristic XorCost ASIC3: 77.15
SLP Heuristic XorCost ASIC4: 75.21
Timestamp: 06-02-2023 15-31-06
y04 = x01 + x02 + x03 + x08 (1) 
y09 = x01 + x05 + x09 + x10 (1) 
y10 = x01 + x04 + x07 + x10 (1) 
t03 = x05 + x06 + x07 + x11 (1) 
y00 = x00 + y04 + y09 + t03 (2) 
y01 = x02 + x11 + y04 + t03 (2) 
y03 = x08 + x09 + t03 (2) 
y05 = x00 + x01 + x10 + t03 (2) 
y02 = x03 + x04 + y03 + y05 (3) 
y06 = x01 + y09 + y10 + t03 (2) 
y07 = x00 + y04 + y03 (3) 
y08 = x04 + x10 + y01 + y05 (3) 
y11 = x00 + x03 + x11 + y00 (3) 
Row: 
1 6 0 2 4 5 3 8 9 11 7 10 
Col: 
9 11 1 4 0 2 10 5 6 3 7 8 

Trial No: 487
SLP Heuristic XorCount: 13, Depth: 3
, XOR2: 0, XOR3: 2, XOR4: 11
SLP Heuristic XorCost ASIC1: 61.5
SLP Heuristic XorCost ASIC2: 67.93
SLP Heuristic XorCost ASIC3: 77.15
SLP Heuristic XorCost ASIC4: 75.21
Timestamp: 06-02-2023 15-31-06
y04 = x01 + x02 + x03 + x08 (1) 
y09 = x01 + x05 + x09 + x10 (1) 
y10 = x01 + x04 + x07 + x10 (1) 
t03 = x05 + x06 + x07 + x11 (1) 
y00 = x00 + y04 + y09 + t03 (2) 
y01 = x02 + x11 + y04 + t03 (2) 
y03 = x08 + x09 + t03 (2) 
y05 = x00 + x01 + x10 + t03 (2) 
y02 = x03 + x04 + y03 + y05 (3) 
y06 = x01 + y09 + y10 + t03 (2) 
y07 = x00 + y04 + y03 (3) 
y08 = x04 + x10 + y01 + y05 (3) 
y11 = x00 + x03 + x11 + y00 (3) 
Row: 
1 6 0 2 4 5 3 8 9 11 7 10 
Col: 
9 11 1 4 0 2 10 5 6 3 7 8 

