Trial No: 6
SLP Heuristic XorCount: 13, Depth: 3
, XOR2: 0, XOR3: 2, XOR4: 11
SLP Heuristic XorCost ASIC1: 61.5
SLP Heuristic XorCost ASIC2: 67.93
SLP Heuristic XorCost ASIC3: 77.15
SLP Heuristic XorCost ASIC4: 75.21
Timestamp: 06-02-2023 12-49-53
y01 = x01 + x04 + x08 + x09 (1) 
y06 = x00 + x04 + x07 + x11 (1) 
y09 = x01 + x02 + x04 + x06 (1) 
t03 = x05 + x06 + x09 + x10 (1) 
y00 = x08 + x11 + t03 (2) 
y02 = x03 + y06 + y00 (3) 
y03 = x04 + y01 + y09 + t03 (2) 
y04 = x01 + x03 + x04 + t03 (2) 
y05 = x05 + x07 + y06 + t03 (2) 
y07 = x01 + x02 + y04 + y05 (3) 
y08 = x00 + x02 + y00 + y04 (3) 
y10 = x03 + y01 + y06 + t03 (2) 
y11 = x00 + x03 + x05 + y10 (3) 
Row: 
8 11 2 3 5 0 4 9 6 1 7 10 
Col: 
4 1 6 9 11 2 5 7 3 8 10 0 

Trial No: 12
SLP Heuristic XorCount: 13, Depth: 3
, XOR2: 0, XOR3: 2, XOR4: 11
SLP Heuristic XorCost ASIC1: 61.5
SLP Heuristic XorCost ASIC2: 67.93
SLP Heuristic XorCost ASIC3: 77.15
SLP Heuristic XorCost ASIC4: 75.21
Timestamp: 06-02-2023 12-49-53
y07 = x00 + x01 + x02 + x05 (1) 
y08 = x00 + x04 + x07 + x11 (1) 
y09 = x00 + x01 + x03 + x09 (1) 
t03 = x02 + x03 + x06 + x10 (1) 
y03 = x00 + y07 + y09 + t03 (2) 
y04 = x06 + x07 + y08 + t03 (2) 
y01 = x07 + x11 + y09 + y04 (3) 
y05 = x04 + x09 + t03 (2) 
y02 = x08 + y08 + y05 (3) 
y06 = x00 + x01 + x08 + t03 (2) 
y00 = x05 + x11 + y05 + y06 (3) 
y10 = x01 + x05 + y04 + y06 (3) 
y11 = x03 + x09 + y08 + y06 (3) 
Row: 
6 10 2 3 0 8 5 1 4 11 9 7 
Col: 
11 1 5 8 0 6 2 7 9 3 10 4 

Trial No: 28
SLP Heuristic XorCount: 13, Depth: 3
, XOR2: 0, XOR3: 1, XOR4: 12
SLP Heuristic XorCost ASIC1: 63.25
SLP Heuristic XorCost ASIC2: 69.715
SLP Heuristic XorCost ASIC3: 79.2
SLP Heuristic XorCost ASIC4: 76.54
Timestamp: 06-02-2023 12-49-53
y00 = x03 + x07 + x08 + x09 (1) 
y07 = x01 + x02 + x05 + x09 (1) 
y10 = x00 + x01 + x04 + x09 (1) 
t03 = x04 + x05 + x10 + x11 (1) 
y01 = x06 + y00 + y07 + t03 (2) 
y02 = x02 + x08 + y07 + y01 (3) 
y03 = x09 + y07 + y10 + t03 (2) 
y04 = x02 + x08 + t03 (2) 
y06 = x07 + x11 + y00 + t03 (2) 
y08 = x01 + x06 + x09 + t03 (2) 
y05 = x00 + x03 + y04 + y08 (3) 
y09 = x03 + x06 + x11 + y01 (3) 
y11 = x00 + x01 + y06 + y08 (3) 
Row: 
4 7 2 3 8 6 0 11 5 10 1 9 
Col: 
6 1 3 4 5 8 9 7 0 11 10 2 

Trial No: 48
SLP Heuristic XorCount: 13, Depth: 3
, XOR2: 0, XOR3: 1, XOR4: 12
SLP Heuristic XorCost ASIC1: 63.25
SLP Heuristic XorCost ASIC2: 69.715
SLP Heuristic XorCost ASIC3: 79.2
SLP Heuristic XorCost ASIC4: 76.54
Timestamp: 06-02-2023 12-49-53
y00 = x00 + x04 + x07 + x11 (1) 
y07 = x00 + x01 + x03 + x09 (1) 
y10 = x00 + x01 + x02 + x05 (1) 
t03 = x02 + x03 + x06 + x10 (1) 
y01 = x08 + y00 + y07 + t03 (2) 
y02 = x04 + x09 + y07 + y01 (3) 
y03 = x00 + y07 + y10 + t03 (2) 
y04 = x04 + x09 + t03 (2) 
y06 = x06 + x07 + y00 + t03 (2) 
y08 = x00 + x01 + x08 + t03 (2) 
y05 = x05 + x11 + y04 + y08 (3) 
y09 = x06 + x08 + x11 + y01 (3) 
y11 = x01 + x05 + y06 + y08 (3) 
Row: 
4 7 2 3 8 6 0 11 5 10 1 9 
Col: 
11 1 5 8 0 6 2 7 9 3 10 4 

Trial No: 56
SLP Heuristic XorCount: 13, Depth: 3
, XOR2: 0, XOR3: 2, XOR4: 11
SLP Heuristic XorCost ASIC1: 61.5
SLP Heuristic XorCost ASIC2: 67.93
SLP Heuristic XorCost ASIC3: 77.15
SLP Heuristic XorCost ASIC4: 75.21
Timestamp: 06-02-2023 12-49-53
y01 = x01 + x04 + x06 + x11 (1) 
y06 = x02 + x05 + x06 + x07 (1) 
y09 = x01 + x03 + x06 + x08 (1) 
t03 = x03 + x04 + x09 + x10 (1) 
y00 = x05 + x11 + t03 (2) 
y02 = x00 + y06 + y00 (3) 
y03 = x06 + y01 + y09 + t03 (2) 
y04 = x00 + x01 + x06 + t03 (2) 
y05 = x07 + x09 + y06 + t03 (2) 
y07 = x01 + x08 + y04 + y05 (3) 
y08 = x02 + x08 + y00 + y04 (3) 
y10 = x00 + y01 + y06 + t03 (2) 
y11 = x00 + x02 + x09 + y10 (3) 
Row: 
8 11 2 3 5 0 4 9 6 1 7 10 
Col: 
9 1 4 5 8 0 11 7 6 2 10 3 

Trial No: 86
SLP Heuristic XorCount: 13, Depth: 3
, XOR2: 0, XOR3: 2, XOR4: 11
SLP Heuristic XorCost ASIC1: 61.5
SLP Heuristic XorCost ASIC2: 67.93
SLP Heuristic XorCost ASIC3: 77.15
SLP Heuristic XorCost ASIC4: 75.21
Timestamp: 06-02-2023 12-49-54
y01 = x01 + x02 + x03 + x11 (1) 
y03 = x01 + x03 + x04 + x10 (1) 
y04 = x00 + x03 + x08 + x09 (1) 
t03 = x04 + x05 + x07 + x11 (1) 
y00 = x02 + x09 + t03 (2) 
y02 = x00 + x05 + y04 + t03 (2) 
y05 = x06 + y01 + y04 + t03 (2) 
y06 = x01 + x03 + x06 + t03 (2) 
y07 = x08 + x10 + y00 + y06 (3) 
y08 = x06 + y04 + y00 (3) 
y09 = x01 + x10 + y02 + y06 (3) 
y10 = x03 + y01 + y03 + t03 (2) 
y11 = x00 + x08 + y01 + y02 (3) 
Row: 
8 11 0 1 4 7 5 6 2 9 3 10 
Col: 
7 1 3 11 5 2 9 10 4 0 6 8 

Trial No: 91
SLP Heuristic XorCount: 13, Depth: 3
, XOR2: 0, XOR3: 2, XOR4: 11
SLP Heuristic XorCost ASIC1: 61.5
SLP Heuristic XorCost ASIC2: 67.93
SLP Heuristic XorCost ASIC3: 77.15
SLP Heuristic XorCost ASIC4: 75.21
Timestamp: 06-02-2023 12-49-54
y00 = x02 + x05 + x06 + x10 (1) 
y01 = x01 + x04 + x06 + x11 (1) 
y11 = x01 + x03 + x06 + x08 (1) 
t03 = x03 + x04 + x07 + x09 (1) 
y02 = x09 + x10 + y00 + t03 (2) 
y03 = x05 + x11 + t03 (2) 
y04 = x00 + y00 + y03 (3) 
y05 = x00 + y00 + y01 + t03 (2) 
y06 = x00 + x01 + x06 + t03 (2) 
y07 = x02 + x08 + y03 + y06 (3) 
y08 = x01 + x08 + y02 + y06 (3) 
y09 = x00 + x02 + x09 + y05 (3) 
y10 = x06 + y01 + y11 + t03 (2) 
Row: 
4 11 0 8 2 7 5 6 9 10 3 1 
Col: 
9 1 4 5 8 0 11 10 6 2 7 3 

Trial No: 92
SLP Heuristic XorCount: 13, Depth: 3
, XOR2: 0, XOR3: 2, XOR4: 11
SLP Heuristic XorCost ASIC1: 61.5
SLP Heuristic XorCost ASIC2: 67.93
SLP Heuristic XorCost ASIC3: 77.15
SLP Heuristic XorCost ASIC4: 75.21
Timestamp: 06-02-2023 12-49-54
y02 = x01 + x08 + x10 + x11 (1) 
y03 = x01 + x02 + x06 + x11 (1) 
y04 = x00 + x03 + x09 + x11 (1) 
t03 = x02 + x05 + x07 + x08 (1) 
y00 = x09 + x10 + t03 (2) 
y01 = x11 + y02 + y03 + t03 (2) 
y05 = x04 + y02 + y04 + t03 (2) 
y06 = x03 + x05 + y04 + t03 (2) 
y07 = x01 + x04 + x11 + t03 (2) 
y08 = x04 + y04 + y00 (3) 
y09 = x01 + x06 + y06 + y07 (3) 
y10 = x00 + x06 + y00 + y07 (3) 
y11 = x00 + x03 + y02 + y06 (3) 
Row: 
8 3 11 1 4 7 0 5 2 9 6 10 
Col: 
4 1 5 7 9 2 6 10 8 0 3 11 

Trial No: 105
SLP Heuristic XorCount: 13, Depth: 3
, XOR2: 0, XOR3: 2, XOR4: 11
SLP Heuristic XorCost ASIC1: 61.5
SLP Heuristic XorCost ASIC2: 67.93
SLP Heuristic XorCost ASIC3: 77.15
SLP Heuristic XorCost ASIC4: 75.21
Timestamp: 06-02-2023 12-49-54
y00 = x00 + x01 + x04 + x11 (1) 
y08 = x04 + x05 + x06 + x10 (1) 
y10 = x01 + x02 + x04 + x08 (1) 
t03 = x02 + x07 + x09 + x11 (1) 
y01 = x06 + x09 + y08 + t03 (2) 
y02 = x01 + x03 + x04 + t03 (2) 
y03 = x06 + x10 + y10 + y01 (3) 
y04 = x05 + x08 + t03 (2) 
y05 = x02 + x08 + y08 + y02 (3) 
y06 = x00 + x10 + y02 + y04 (3) 
y07 = x04 + y00 + y10 + t03 (2) 
y09 = x03 + y08 + y04 (3) 
y11 = x00 + x01 + y01 + y02 (3) 
Row: 
1 0 5 10 8 7 6 3 4 2 11 9 
Col: 
6 1 8 9 11 0 7 10 3 2 4 5 

Trial No: 110
SLP Heuristic XorCount: 13, Depth: 3
, XOR2: 0, XOR3: 2, XOR4: 11
SLP Heuristic XorCost ASIC1: 61.5
SLP Heuristic XorCost ASIC2: 67.93
SLP Heuristic XorCost ASIC3: 77.15
SLP Heuristic XorCost ASIC4: 75.21
Timestamp: 06-02-2023 12-49-54
y03 = x01 + x03 + x04 + x10 (1) 
y04 = x00 + x03 + x08 + x09 (1) 
y10 = x01 + x02 + x03 + x11 (1) 
t03 = x04 + x05 + x07 + x11 (1) 
y00 = x02 + x09 + t03 (2) 
y01 = x00 + x05 + y04 + t03 (2) 
y02 = x01 + x03 + x06 + t03 (2) 
y05 = x02 + x11 + y04 + y02 (3) 
y06 = x08 + x10 + y00 + y02 (3) 
y07 = x03 + y03 + y10 + t03 (2) 
y08 = x06 + y04 + y00 (3) 
y09 = x01 + x10 + y01 + y02 (3) 
y11 = x00 + x08 + y10 + y01 (3) 
Row: 
8 0 5 1 4 7 6 3 2 9 11 10 
Col: 
7 1 3 11 5 2 9 10 4 0 6 8 

Trial No: 115
SLP Heuristic XorCount: 13, Depth: 3
, XOR2: 0, XOR3: 2, XOR4: 11
SLP Heuristic XorCost ASIC1: 61.5
SLP Heuristic XorCost ASIC2: 67.93
SLP Heuristic XorCost ASIC3: 77.15
SLP Heuristic XorCost ASIC4: 75.21
Timestamp: 06-02-2023 12-49-54
y00 = x02 + x05 + x06 + x10 (1) 
y10 = x01 + x04 + x06 + x11 (1) 
y11 = x01 + x03 + x06 + x08 (1) 
t03 = x03 + x04 + x07 + x09 (1) 
y01 = x09 + x10 + y00 + t03 (2) 
y02 = x00 + x01 + x06 + t03 (2) 
y03 = x05 + x11 + t03 (2) 
y04 = x00 + y00 + y03 (3) 
y05 = x00 + y00 + y10 + t03 (2) 
y06 = x02 + x08 + y02 + y03 (3) 
y07 = x06 + y10 + y11 + t03 (2) 
y08 = x01 + x08 + y01 + y02 (3) 
y09 = x00 + x02 + x09 + y05 (3) 
Row: 
4 0 5 8 2 7 6 3 9 10 11 1 
Col: 
9 1 4 5 8 0 11 10 6 2 7 3 

Trial No: 135
SLP Heuristic XorCount: 13, Depth: 3
, XOR2: 0, XOR3: 2, XOR4: 11
SLP Heuristic XorCost ASIC1: 61.5
SLP Heuristic XorCost ASIC2: 67.93
SLP Heuristic XorCost ASIC3: 77.15
SLP Heuristic XorCost ASIC4: 75.21
Timestamp: 06-02-2023 12-49-54
y00 = x01 + x02 + x03 + x08 (1) 
y08 = x02 + x04 + x05 + x06 (1) 
y10 = x00 + x01 + x02 + x10 (1) 
t03 = x07 + x08 + x09 + x10 (1) 
y01 = x04 + x09 + y08 + t03 (2) 
y02 = x01 + x02 + x11 + t03 (2) 
y03 = x04 + x06 + y10 + y01 (3) 
y04 = x00 + x05 + t03 (2) 
y05 = x00 + x10 + y08 + y02 (3) 
y06 = x03 + x06 + y02 + y04 (3) 
y07 = x02 + y00 + y10 + t03 (2) 
y09 = x11 + y08 + y04 (3) 
y11 = x01 + x03 + y01 + y02 (3) 
Row: 
1 0 5 10 8 7 6 3 4 2 11 9 
Col: 
3 1 11 6 7 0 4 10 5 2 8 9 

Trial No: 153
SLP Heuristic XorCount: 13, Depth: 3
, XOR2: 0, XOR3: 2, XOR4: 11
SLP Heuristic XorCost ASIC1: 61.5
SLP Heuristic XorCost ASIC2: 67.93
SLP Heuristic XorCost ASIC3: 77.15
SLP Heuristic XorCost ASIC4: 75.21
Timestamp: 06-02-2023 12-49-54
y00 = x00 + x01 + x04 + x11 (1) 
y06 = x01 + x02 + x04 + x08 (1) 
y08 = x04 + x05 + x06 + x10 (1) 
t03 = x02 + x07 + x09 + x11 (1) 
y02 = x04 + y00 + y06 + t03 (2) 
y04 = x05 + x08 + t03 (2) 
y05 = x03 + y06 + y08 + t03 (2) 
y03 = x03 + x09 + x10 + y05 (3) 
y07 = x06 + x09 + y08 + t03 (2) 
y09 = x03 + y08 + y04 (3) 
y10 = x01 + x03 + x04 + t03 (2) 
y01 = x00 + x10 + y04 + y10 (3) 
y11 = x00 + x01 + y07 + y10 (3) 
Row: 
1 6 3 10 8 7 11 0 4 2 5 9 
Col: 
6 1 8 9 11 0 7 10 3 2 4 5 

Trial No: 158
SLP Heuristic XorCount: 13, Depth: 3
, XOR2: 0, XOR3: 2, XOR4: 11
SLP Heuristic XorCost ASIC1: 61.5
SLP Heuristic XorCost ASIC2: 67.93
SLP Heuristic XorCost ASIC3: 77.15
SLP Heuristic XorCost ASIC4: 75.21
Timestamp: 06-02-2023 12-49-54
y03 = x01 + x03 + x04 + x10 (1) 
y04 = x00 + x03 + x08 + x09 (1) 
y06 = x01 + x02 + x03 + x11 (1) 
t03 = x04 + x05 + x07 + x11 (1) 
y00 = x02 + x09 + t03 (2) 
y02 = x03 + y03 + y06 + t03 (2) 
y05 = x06 + y04 + y06 + t03 (2) 
y07 = x00 + x05 + y04 + t03 (2) 
y08 = x06 + y04 + y00 (3) 
y10 = x01 + x03 + x06 + t03 (2) 
y01 = x07 + y02 + y07 + y10 (3) 
y09 = x01 + x10 + y07 + y10 (3) 
y11 = x00 + x08 + y06 + y07 (3) 
Row: 
8 6 3 1 4 7 11 0 2 9 5 10 
Col: 
7 1 3 11 5 2 9 10 4 0 6 8 

Trial No: 177
SLP Heuristic XorCount: 13, Depth: 3
, XOR2: 0, XOR3: 2, XOR4: 11
SLP Heuristic XorCost ASIC1: 61.5
SLP Heuristic XorCost ASIC2: 67.93
SLP Heuristic XorCost ASIC3: 77.15
SLP Heuristic XorCost ASIC4: 75.21
Timestamp: 06-02-2023 12-49-54
y00 = x00 + x01 + x04 + x11 (1) 
y02 = x01 + x02 + x04 + x08 (1) 
y08 = x04 + x05 + x06 + x10 (1) 
t03 = x02 + x07 + x09 + x11 (1) 
y01 = x04 + y00 + y02 + t03 (2) 
y04 = x05 + x08 + t03 (2) 
y05 = x03 + y02 + y08 + t03 (2) 
y03 = x03 + x09 + x10 + y05 (3) 
y06 = x06 + x09 + y08 + t03 (2) 
y07 = x01 + x03 + x04 + t03 (2) 
y09 = x03 + y08 + y04 (3) 
y10 = x00 + x10 + y04 + y07 (3) 
y11 = x00 + x01 + y06 + y07 (3) 
Row: 
1 3 11 10 8 7 0 5 4 2 6 9 
Col: 
6 1 8 9 11 0 7 10 3 2 4 5 

Trial No: 187
SLP Heuristic XorCount: 13, Depth: 3
, XOR2: 0, XOR3: 2, XOR4: 11
SLP Heuristic XorCost ASIC1: 61.5
SLP Heuristic XorCost ASIC2: 67.93
SLP Heuristic XorCost ASIC3: 77.15
SLP Heuristic XorCost ASIC4: 75.21
Timestamp: 06-02-2023 12-49-54
y00 = x02 + x05 + x06 + x10 (1) 
y02 = x01 + x04 + x06 + x11 (1) 
y11 = x01 + x03 + x06 + x08 (1) 
t03 = x03 + x04 + x07 + x09 (1) 
y01 = x06 + y02 + y11 + t03 (2) 
y03 = x05 + x11 + t03 (2) 
y04 = x00 + y00 + y03 (3) 
y05 = x00 + y00 + y02 + t03 (2) 
y06 = x09 + x10 + y00 + t03 (2) 
y07 = x00 + x01 + x06 + t03 (2) 
y08 = x01 + x08 + y06 + y07 (3) 
y09 = x00 + x02 + x09 + y05 (3) 
y10 = x02 + x08 + y03 + y07 (3) 
Row: 
4 3 11 8 2 7 0 5 9 10 6 1 
Col: 
9 1 4 5 8 0 11 10 6 2 7 3 

Trial No: 188
SLP Heuristic XorCount: 13, Depth: 3
, XOR2: 0, XOR3: 2, XOR4: 11
SLP Heuristic XorCost ASIC1: 61.5
SLP Heuristic XorCost ASIC2: 67.93
SLP Heuristic XorCost ASIC3: 77.15
SLP Heuristic XorCost ASIC4: 75.21
Timestamp: 06-02-2023 12-49-54
y03 = x01 + x02 + x06 + x11 (1) 
y04 = x00 + x03 + x09 + x11 (1) 
y06 = x01 + x08 + x10 + x11 (1) 
t03 = x02 + x05 + x07 + x08 (1) 
y00 = x09 + x10 + t03 (2) 
y02 = x11 + y03 + y06 + t03 (2) 
y05 = x04 + y04 + y06 + t03 (2) 
y07 = x03 + x05 + y04 + t03 (2) 
y08 = x04 + y04 + y00 (3) 
y10 = x01 + x04 + x11 + t03 (2) 
y01 = x00 + x06 + y00 + y10 (3) 
y09 = x01 + x06 + y07 + y10 (3) 
y11 = x00 + x03 + y06 + y07 (3) 
Row: 
8 6 3 1 4 7 11 0 2 9 5 10 
Col: 
4 1 5 7 9 2 6 10 8 0 3 11 

Trial No: 206
SLP Heuristic XorCount: 13, Depth: 3
, XOR2: 0, XOR3: 2, XOR4: 11
SLP Heuristic XorCost ASIC1: 61.5
SLP Heuristic XorCost ASIC2: 67.93
SLP Heuristic XorCost ASIC3: 77.15
SLP Heuristic XorCost ASIC4: 75.21
Timestamp: 06-02-2023 12-49-54
y01 = x01 + x02 + x03 + x11 (1) 
y03 = x01 + x03 + x04 + x10 (1) 
y04 = x00 + x03 + x08 + x09 (1) 
t03 = x04 + x05 + x07 + x11 (1) 
y00 = x02 + x09 + t03 (2) 
y02 = x00 + x05 + y04 + t03 (2) 
y05 = x06 + y01 + y04 + t03 (2) 
y06 = x01 + x03 + x06 + t03 (2) 
y07 = x08 + x10 + y00 + y06 (3) 
y08 = x06 + y04 + y00 (3) 
y09 = x01 + x10 + y02 + y06 (3) 
y10 = x03 + y01 + y03 + t03 (2) 
y11 = x00 + x08 + y01 + y02 (3) 
Row: 
8 11 0 1 4 7 5 6 2 9 3 10 
Col: 
7 1 3 11 5 2 9 10 4 0 6 8 

Trial No: 211
SLP Heuristic XorCount: 13, Depth: 3
, XOR2: 0, XOR3: 2, XOR4: 11
SLP Heuristic XorCost ASIC1: 61.5
SLP Heuristic XorCost ASIC2: 67.93
SLP Heuristic XorCost ASIC3: 77.15
SLP Heuristic XorCost ASIC4: 75.21
Timestamp: 06-02-2023 12-49-54
y00 = x02 + x05 + x06 + x10 (1) 
y01 = x01 + x04 + x06 + x11 (1) 
y11 = x01 + x03 + x06 + x08 (1) 
t03 = x03 + x04 + x07 + x09 (1) 
y02 = x09 + x10 + y00 + t03 (2) 
y03 = x05 + x11 + t03 (2) 
y04 = x00 + y00 + y03 (3) 
y05 = x00 + y00 + y01 + t03 (2) 
y06 = x00 + x01 + x06 + t03 (2) 
y07 = x02 + x08 + y03 + y06 (3) 
y08 = x01 + x08 + y02 + y06 (3) 
y09 = x00 + x02 + x09 + y05 (3) 
y10 = x06 + y01 + y11 + t03 (2) 
Row: 
4 11 0 8 2 7 5 6 9 10 3 1 
Col: 
9 1 4 5 8 0 11 10 6 2 7 3 

Trial No: 212
SLP Heuristic XorCount: 13, Depth: 3
, XOR2: 0, XOR3: 2, XOR4: 11
SLP Heuristic XorCost ASIC1: 61.5
SLP Heuristic XorCost ASIC2: 67.93
SLP Heuristic XorCost ASIC3: 77.15
SLP Heuristic XorCost ASIC4: 75.21
Timestamp: 06-02-2023 12-49-54
y02 = x01 + x08 + x10 + x11 (1) 
y03 = x01 + x02 + x06 + x11 (1) 
y04 = x00 + x03 + x09 + x11 (1) 
t03 = x02 + x05 + x07 + x08 (1) 
y00 = x09 + x10 + t03 (2) 
y01 = x11 + y02 + y03 + t03 (2) 
y05 = x04 + y02 + y04 + t03 (2) 
y06 = x03 + x05 + y04 + t03 (2) 
y07 = x01 + x04 + x11 + t03 (2) 
y08 = x04 + y04 + y00 (3) 
y09 = x01 + x06 + y06 + y07 (3) 
y10 = x00 + x06 + y00 + y07 (3) 
y11 = x00 + x03 + y02 + y06 (3) 
Row: 
8 3 11 1 4 7 0 5 2 9 6 10 
Col: 
4 1 5 7 9 2 6 10 8 0 3 11 

Trial No: 225
SLP Heuristic XorCount: 13, Depth: 3
, XOR2: 0, XOR3: 2, XOR4: 11
SLP Heuristic XorCost ASIC1: 61.5
SLP Heuristic XorCost ASIC2: 67.93
SLP Heuristic XorCost ASIC3: 77.15
SLP Heuristic XorCost ASIC4: 75.21
Timestamp: 06-02-2023 12-49-54
y00 = x00 + x01 + x04 + x11 (1) 
y08 = x04 + x05 + x06 + x10 (1) 
y10 = x01 + x02 + x04 + x08 (1) 
t03 = x02 + x07 + x09 + x11 (1) 
y01 = x06 + x09 + y08 + t03 (2) 
y02 = x01 + x03 + x04 + t03 (2) 
y03 = x06 + x10 + y10 + y01 (3) 
y04 = x05 + x08 + t03 (2) 
y05 = x02 + x08 + y08 + y02 (3) 
y06 = x00 + x10 + y02 + y04 (3) 
y07 = x04 + y00 + y10 + t03 (2) 
y09 = x03 + y08 + y04 (3) 
y11 = x00 + x01 + y01 + y02 (3) 
Row: 
1 0 5 10 8 7 6 3 4 2 11 9 
Col: 
6 1 8 9 11 0 7 10 3 2 4 5 

Trial No: 230
SLP Heuristic XorCount: 13, Depth: 3
, XOR2: 0, XOR3: 2, XOR4: 11
SLP Heuristic XorCost ASIC1: 61.5
SLP Heuristic XorCost ASIC2: 67.93
SLP Heuristic XorCost ASIC3: 77.15
SLP Heuristic XorCost ASIC4: 75.21
Timestamp: 06-02-2023 12-49-54
y03 = x01 + x03 + x04 + x10 (1) 
y04 = x00 + x03 + x08 + x09 (1) 
y10 = x01 + x02 + x03 + x11 (1) 
t03 = x04 + x05 + x07 + x11 (1) 
y00 = x02 + x09 + t03 (2) 
y01 = x00 + x05 + y04 + t03 (2) 
y02 = x01 + x03 + x06 + t03 (2) 
y05 = x02 + x11 + y04 + y02 (3) 
y06 = x08 + x10 + y00 + y02 (3) 
y07 = x03 + y03 + y10 + t03 (2) 
y08 = x06 + y04 + y00 (3) 
y09 = x01 + x10 + y01 + y02 (3) 
y11 = x00 + x08 + y10 + y01 (3) 
Row: 
8 0 5 1 4 7 6 3 2 9 11 10 
Col: 
7 1 3 11 5 2 9 10 4 0 6 8 

Trial No: 235
SLP Heuristic XorCount: 13, Depth: 3
, XOR2: 0, XOR3: 2, XOR4: 11
SLP Heuristic XorCost ASIC1: 61.5
SLP Heuristic XorCost ASIC2: 67.93
SLP Heuristic XorCost ASIC3: 77.15
SLP Heuristic XorCost ASIC4: 75.21
Timestamp: 06-02-2023 12-49-54
y00 = x02 + x05 + x06 + x10 (1) 
y10 = x01 + x04 + x06 + x11 (1) 
y11 = x01 + x03 + x06 + x08 (1) 
t03 = x03 + x04 + x07 + x09 (1) 
y01 = x09 + x10 + y00 + t03 (2) 
y02 = x00 + x01 + x06 + t03 (2) 
y03 = x05 + x11 + t03 (2) 
y04 = x00 + y00 + y03 (3) 
y05 = x00 + y00 + y10 + t03 (2) 
y06 = x02 + x08 + y02 + y03 (3) 
y07 = x06 + y10 + y11 + t03 (2) 
y08 = x01 + x08 + y01 + y02 (3) 
y09 = x00 + x02 + x09 + y05 (3) 
Row: 
4 0 5 8 2 7 6 3 9 10 11 1 
Col: 
9 1 4 5 8 0 11 10 6 2 7 3 

Trial No: 255
SLP Heuristic XorCount: 13, Depth: 3
, XOR2: 0, XOR3: 2, XOR4: 11
SLP Heuristic XorCost ASIC1: 61.5
SLP Heuristic XorCost ASIC2: 67.93
SLP Heuristic XorCost ASIC3: 77.15
SLP Heuristic XorCost ASIC4: 75.21
Timestamp: 06-02-2023 12-49-54
y00 = x01 + x02 + x03 + x08 (1) 
y08 = x02 + x04 + x05 + x06 (1) 
y10 = x00 + x01 + x02 + x10 (1) 
t03 = x07 + x08 + x09 + x10 (1) 
y01 = x04 + x09 + y08 + t03 (2) 
y02 = x01 + x02 + x11 + t03 (2) 
y03 = x04 + x06 + y10 + y01 (3) 
y04 = x00 + x05 + t03 (2) 
y05 = x00 + x10 + y08 + y02 (3) 
y06 = x03 + x06 + y02 + y04 (3) 
y07 = x02 + y00 + y10 + t03 (2) 
y09 = x11 + y08 + y04 (3) 
y11 = x01 + x03 + y01 + y02 (3) 
Row: 
1 0 5 10 8 7 6 3 4 2 11 9 
Col: 
3 1 11 6 7 0 4 10 5 2 8 9 

Trial No: 273
SLP Heuristic XorCount: 13, Depth: 3
, XOR2: 0, XOR3: 2, XOR4: 11
SLP Heuristic XorCost ASIC1: 61.5
SLP Heuristic XorCost ASIC2: 67.93
SLP Heuristic XorCost ASIC3: 77.15
SLP Heuristic XorCost ASIC4: 75.21
Timestamp: 06-02-2023 12-49-54
y00 = x00 + x01 + x04 + x11 (1) 
y06 = x01 + x02 + x04 + x08 (1) 
y08 = x04 + x05 + x06 + x10 (1) 
t03 = x02 + x07 + x09 + x11 (1) 
y02 = x04 + y00 + y06 + t03 (2) 
y04 = x05 + x08 + t03 (2) 
y05 = x03 + y06 + y08 + t03 (2) 
y03 = x03 + x09 + x10 + y05 (3) 
y07 = x06 + x09 + y08 + t03 (2) 
y09 = x03 + y08 + y04 (3) 
y10 = x01 + x03 + x04 + t03 (2) 
y01 = x00 + x10 + y04 + y10 (3) 
y11 = x00 + x01 + y07 + y10 (3) 
Row: 
1 6 3 10 8 7 11 0 4 2 5 9 
Col: 
6 1 8 9 11 0 7 10 3 2 4 5 

Trial No: 278
SLP Heuristic XorCount: 13, Depth: 3
, XOR2: 0, XOR3: 2, XOR4: 11
SLP Heuristic XorCost ASIC1: 61.5
SLP Heuristic XorCost ASIC2: 67.93
SLP Heuristic XorCost ASIC3: 77.15
SLP Heuristic XorCost ASIC4: 75.21
Timestamp: 06-02-2023 12-49-54
y03 = x01 + x03 + x04 + x10 (1) 
y04 = x00 + x03 + x08 + x09 (1) 
y06 = x01 + x02 + x03 + x11 (1) 
t03 = x04 + x05 + x07 + x11 (1) 
y00 = x02 + x09 + t03 (2) 
y02 = x03 + y03 + y06 + t03 (2) 
y05 = x06 + y04 + y06 + t03 (2) 
y07 = x00 + x05 + y04 + t03 (2) 
y08 = x06 + y04 + y00 (3) 
y10 = x01 + x03 + x06 + t03 (2) 
y01 = x07 + y02 + y07 + y10 (3) 
y09 = x01 + x10 + y07 + y10 (3) 
y11 = x00 + x08 + y06 + y07 (3) 
Row: 
8 6 3 1 4 7 11 0 2 9 5 10 
Col: 
7 1 3 11 5 2 9 10 4 0 6 8 

Trial No: 297
SLP Heuristic XorCount: 13, Depth: 3
, XOR2: 0, XOR3: 2, XOR4: 11
SLP Heuristic XorCost ASIC1: 61.5
SLP Heuristic XorCost ASIC2: 67.93
SLP Heuristic XorCost ASIC3: 77.15
SLP Heuristic XorCost ASIC4: 75.21
Timestamp: 06-02-2023 12-49-54
y00 = x00 + x01 + x04 + x11 (1) 
y02 = x01 + x02 + x04 + x08 (1) 
y08 = x04 + x05 + x06 + x10 (1) 
t03 = x02 + x07 + x09 + x11 (1) 
y01 = x04 + y00 + y02 + t03 (2) 
y04 = x05 + x08 + t03 (2) 
y05 = x03 + y02 + y08 + t03 (2) 
y03 = x03 + x09 + x10 + y05 (3) 
y06 = x06 + x09 + y08 + t03 (2) 
y07 = x01 + x03 + x04 + t03 (2) 
y09 = x03 + y08 + y04 (3) 
y10 = x00 + x10 + y04 + y07 (3) 
y11 = x00 + x01 + y06 + y07 (3) 
Row: 
1 3 11 10 8 7 0 5 4 2 6 9 
Col: 
6 1 8 9 11 0 7 10 3 2 4 5 

Trial No: 307
SLP Heuristic XorCount: 13, Depth: 3
, XOR2: 0, XOR3: 2, XOR4: 11
SLP Heuristic XorCost ASIC1: 61.5
SLP Heuristic XorCost ASIC2: 67.93
SLP Heuristic XorCost ASIC3: 77.15
SLP Heuristic XorCost ASIC4: 75.21
Timestamp: 06-02-2023 12-49-54
y00 = x02 + x05 + x06 + x10 (1) 
y02 = x01 + x04 + x06 + x11 (1) 
y11 = x01 + x03 + x06 + x08 (1) 
t03 = x03 + x04 + x07 + x09 (1) 
y01 = x06 + y02 + y11 + t03 (2) 
y03 = x05 + x11 + t03 (2) 
y04 = x00 + y00 + y03 (3) 
y05 = x00 + y00 + y02 + t03 (2) 
y06 = x09 + x10 + y00 + t03 (2) 
y07 = x00 + x01 + x06 + t03 (2) 
y08 = x01 + x08 + y06 + y07 (3) 
y09 = x00 + x02 + x09 + y05 (3) 
y10 = x02 + x08 + y03 + y07 (3) 
Row: 
4 3 11 8 2 7 0 5 9 10 6 1 
Col: 
9 1 4 5 8 0 11 10 6 2 7 3 

Trial No: 308
SLP Heuristic XorCount: 13, Depth: 3
, XOR2: 0, XOR3: 2, XOR4: 11
SLP Heuristic XorCost ASIC1: 61.5
SLP Heuristic XorCost ASIC2: 67.93
SLP Heuristic XorCost ASIC3: 77.15
SLP Heuristic XorCost ASIC4: 75.21
Timestamp: 06-02-2023 12-49-54
y03 = x01 + x02 + x06 + x11 (1) 
y04 = x00 + x03 + x09 + x11 (1) 
y06 = x01 + x08 + x10 + x11 (1) 
t03 = x02 + x05 + x07 + x08 (1) 
y00 = x09 + x10 + t03 (2) 
y02 = x11 + y03 + y06 + t03 (2) 
y05 = x04 + y04 + y06 + t03 (2) 
y07 = x03 + x05 + y04 + t03 (2) 
y08 = x04 + y04 + y00 (3) 
y10 = x01 + x04 + x11 + t03 (2) 
y01 = x00 + x06 + y00 + y10 (3) 
y09 = x01 + x06 + y07 + y10 (3) 
y11 = x00 + x03 + y06 + y07 (3) 
Row: 
8 6 3 1 4 7 11 0 2 9 5 10 
Col: 
4 1 5 7 9 2 6 10 8 0 3 11 

Trial No: 326
SLP Heuristic XorCount: 13, Depth: 3
, XOR2: 0, XOR3: 2, XOR4: 11
SLP Heuristic XorCost ASIC1: 61.5
SLP Heuristic XorCost ASIC2: 67.93
SLP Heuristic XorCost ASIC3: 77.15
SLP Heuristic XorCost ASIC4: 75.21
Timestamp: 06-02-2023 12-49-54
y01 = x01 + x02 + x03 + x11 (1) 
y03 = x01 + x03 + x04 + x10 (1) 
y04 = x00 + x03 + x08 + x09 (1) 
t03 = x04 + x05 + x07 + x11 (1) 
y00 = x02 + x09 + t03 (2) 
y02 = x00 + x05 + y04 + t03 (2) 
y05 = x06 + y01 + y04 + t03 (2) 
y06 = x01 + x03 + x06 + t03 (2) 
y07 = x08 + x10 + y00 + y06 (3) 
y08 = x06 + y04 + y00 (3) 
y09 = x01 + x10 + y02 + y06 (3) 
y10 = x03 + y01 + y03 + t03 (2) 
y11 = x00 + x08 + y01 + y02 (3) 
Row: 
8 11 0 1 4 7 5 6 2 9 3 10 
Col: 
7 1 3 11 5 2 9 10 4 0 6 8 

Trial No: 331
SLP Heuristic XorCount: 13, Depth: 3
, XOR2: 0, XOR3: 2, XOR4: 11
SLP Heuristic XorCost ASIC1: 61.5
SLP Heuristic XorCost ASIC2: 67.93
SLP Heuristic XorCost ASIC3: 77.15
SLP Heuristic XorCost ASIC4: 75.21
Timestamp: 06-02-2023 12-49-54
y00 = x02 + x05 + x06 + x10 (1) 
y01 = x01 + x04 + x06 + x11 (1) 
y11 = x01 + x03 + x06 + x08 (1) 
t03 = x03 + x04 + x07 + x09 (1) 
y02 = x09 + x10 + y00 + t03 (2) 
y03 = x05 + x11 + t03 (2) 
y04 = x00 + y00 + y03 (3) 
y05 = x00 + y00 + y01 + t03 (2) 
y06 = x00 + x01 + x06 + t03 (2) 
y07 = x02 + x08 + y03 + y06 (3) 
y08 = x01 + x08 + y02 + y06 (3) 
y09 = x00 + x02 + x09 + y05 (3) 
y10 = x06 + y01 + y11 + t03 (2) 
Row: 
4 11 0 8 2 7 5 6 9 10 3 1 
Col: 
9 1 4 5 8 0 11 10 6 2 7 3 

Trial No: 332
SLP Heuristic XorCount: 13, Depth: 3
, XOR2: 0, XOR3: 2, XOR4: 11
SLP Heuristic XorCost ASIC1: 61.5
SLP Heuristic XorCost ASIC2: 67.93
SLP Heuristic XorCost ASIC3: 77.15
SLP Heuristic XorCost ASIC4: 75.21
Timestamp: 06-02-2023 12-49-54
y02 = x01 + x08 + x10 + x11 (1) 
y03 = x01 + x02 + x06 + x11 (1) 
y04 = x00 + x03 + x09 + x11 (1) 
t03 = x02 + x05 + x07 + x08 (1) 
y00 = x09 + x10 + t03 (2) 
y01 = x11 + y02 + y03 + t03 (2) 
y05 = x04 + y02 + y04 + t03 (2) 
y06 = x03 + x05 + y04 + t03 (2) 
y07 = x01 + x04 + x11 + t03 (2) 
y08 = x04 + y04 + y00 (3) 
y09 = x01 + x06 + y06 + y07 (3) 
y10 = x00 + x06 + y00 + y07 (3) 
y11 = x00 + x03 + y02 + y06 (3) 
Row: 
8 3 11 1 4 7 0 5 2 9 6 10 
Col: 
4 1 5 7 9 2 6 10 8 0 3 11 

Trial No: 345
SLP Heuristic XorCount: 13, Depth: 3
, XOR2: 0, XOR3: 2, XOR4: 11
SLP Heuristic XorCost ASIC1: 61.5
SLP Heuristic XorCost ASIC2: 67.93
SLP Heuristic XorCost ASIC3: 77.15
SLP Heuristic XorCost ASIC4: 75.21
Timestamp: 06-02-2023 12-49-54
y00 = x00 + x01 + x04 + x11 (1) 
y08 = x04 + x05 + x06 + x10 (1) 
y10 = x01 + x02 + x04 + x08 (1) 
t03 = x02 + x07 + x09 + x11 (1) 
y01 = x06 + x09 + y08 + t03 (2) 
y02 = x01 + x03 + x04 + t03 (2) 
y03 = x06 + x10 + y10 + y01 (3) 
y04 = x05 + x08 + t03 (2) 
y05 = x02 + x08 + y08 + y02 (3) 
y06 = x00 + x10 + y02 + y04 (3) 
y07 = x04 + y00 + y10 + t03 (2) 
y09 = x03 + y08 + y04 (3) 
y11 = x00 + x01 + y01 + y02 (3) 
Row: 
1 0 5 10 8 7 6 3 4 2 11 9 
Col: 
6 1 8 9 11 0 7 10 3 2 4 5 

Trial No: 350
SLP Heuristic XorCount: 13, Depth: 3
, XOR2: 0, XOR3: 2, XOR4: 11
SLP Heuristic XorCost ASIC1: 61.5
SLP Heuristic XorCost ASIC2: 67.93
SLP Heuristic XorCost ASIC3: 77.15
SLP Heuristic XorCost ASIC4: 75.21
Timestamp: 06-02-2023 12-49-54
y03 = x01 + x03 + x04 + x10 (1) 
y04 = x00 + x03 + x08 + x09 (1) 
y10 = x01 + x02 + x03 + x11 (1) 
t03 = x04 + x05 + x07 + x11 (1) 
y00 = x02 + x09 + t03 (2) 
y01 = x00 + x05 + y04 + t03 (2) 
y02 = x01 + x03 + x06 + t03 (2) 
y05 = x02 + x11 + y04 + y02 (3) 
y06 = x08 + x10 + y00 + y02 (3) 
y07 = x03 + y03 + y10 + t03 (2) 
y08 = x06 + y04 + y00 (3) 
y09 = x01 + x10 + y01 + y02 (3) 
y11 = x00 + x08 + y10 + y01 (3) 
Row: 
8 0 5 1 4 7 6 3 2 9 11 10 
Col: 
7 1 3 11 5 2 9 10 4 0 6 8 

Trial No: 355
SLP Heuristic XorCount: 13, Depth: 3
, XOR2: 0, XOR3: 2, XOR4: 11
SLP Heuristic XorCost ASIC1: 61.5
SLP Heuristic XorCost ASIC2: 67.93
SLP Heuristic XorCost ASIC3: 77.15
SLP Heuristic XorCost ASIC4: 75.21
Timestamp: 06-02-2023 12-49-54
y00 = x02 + x05 + x06 + x10 (1) 
y10 = x01 + x04 + x06 + x11 (1) 
y11 = x01 + x03 + x06 + x08 (1) 
t03 = x03 + x04 + x07 + x09 (1) 
y01 = x09 + x10 + y00 + t03 (2) 
y02 = x00 + x01 + x06 + t03 (2) 
y03 = x05 + x11 + t03 (2) 
y04 = x00 + y00 + y03 (3) 
y05 = x00 + y00 + y10 + t03 (2) 
y06 = x02 + x08 + y02 + y03 (3) 
y07 = x06 + y10 + y11 + t03 (2) 
y08 = x01 + x08 + y01 + y02 (3) 
y09 = x00 + x02 + x09 + y05 (3) 
Row: 
4 0 5 8 2 7 6 3 9 10 11 1 
Col: 
9 1 4 5 8 0 11 10 6 2 7 3 

Trial No: 375
SLP Heuristic XorCount: 13, Depth: 3
, XOR2: 0, XOR3: 2, XOR4: 11
SLP Heuristic XorCost ASIC1: 61.5
SLP Heuristic XorCost ASIC2: 67.93
SLP Heuristic XorCost ASIC3: 77.15
SLP Heuristic XorCost ASIC4: 75.21
Timestamp: 06-02-2023 12-49-54
y00 = x01 + x02 + x03 + x08 (1) 
y08 = x02 + x04 + x05 + x06 (1) 
y10 = x00 + x01 + x02 + x10 (1) 
t03 = x07 + x08 + x09 + x10 (1) 
y01 = x04 + x09 + y08 + t03 (2) 
y02 = x01 + x02 + x11 + t03 (2) 
y03 = x04 + x06 + y10 + y01 (3) 
y04 = x00 + x05 + t03 (2) 
y05 = x00 + x10 + y08 + y02 (3) 
y06 = x03 + x06 + y02 + y04 (3) 
y07 = x02 + y00 + y10 + t03 (2) 
y09 = x11 + y08 + y04 (3) 
y11 = x01 + x03 + y01 + y02 (3) 
Row: 
1 0 5 10 8 7 6 3 4 2 11 9 
Col: 
3 1 11 6 7 0 4 10 5 2 8 9 

Trial No: 393
SLP Heuristic XorCount: 13, Depth: 3
, XOR2: 0, XOR3: 2, XOR4: 11
SLP Heuristic XorCost ASIC1: 61.5
SLP Heuristic XorCost ASIC2: 67.93
SLP Heuristic XorCost ASIC3: 77.15
SLP Heuristic XorCost ASIC4: 75.21
Timestamp: 06-02-2023 12-49-54
y00 = x00 + x01 + x04 + x11 (1) 
y06 = x01 + x02 + x04 + x08 (1) 
y08 = x04 + x05 + x06 + x10 (1) 
t03 = x02 + x07 + x09 + x11 (1) 
y02 = x04 + y00 + y06 + t03 (2) 
y04 = x05 + x08 + t03 (2) 
y05 = x03 + y06 + y08 + t03 (2) 
y03 = x03 + x09 + x10 + y05 (3) 
y07 = x06 + x09 + y08 + t03 (2) 
y09 = x03 + y08 + y04 (3) 
y10 = x01 + x03 + x04 + t03 (2) 
y01 = x00 + x10 + y04 + y10 (3) 
y11 = x00 + x01 + y07 + y10 (3) 
Row: 
1 6 3 10 8 7 11 0 4 2 5 9 
Col: 
6 1 8 9 11 0 7 10 3 2 4 5 

Trial No: 398
SLP Heuristic XorCount: 13, Depth: 3
, XOR2: 0, XOR3: 2, XOR4: 11
SLP Heuristic XorCost ASIC1: 61.5
SLP Heuristic XorCost ASIC2: 67.93
SLP Heuristic XorCost ASIC3: 77.15
SLP Heuristic XorCost ASIC4: 75.21
Timestamp: 06-02-2023 12-49-54
y03 = x01 + x03 + x04 + x10 (1) 
y04 = x00 + x03 + x08 + x09 (1) 
y06 = x01 + x02 + x03 + x11 (1) 
t03 = x04 + x05 + x07 + x11 (1) 
y00 = x02 + x09 + t03 (2) 
y02 = x03 + y03 + y06 + t03 (2) 
y05 = x06 + y04 + y06 + t03 (2) 
y07 = x00 + x05 + y04 + t03 (2) 
y08 = x06 + y04 + y00 (3) 
y10 = x01 + x03 + x06 + t03 (2) 
y01 = x07 + y02 + y07 + y10 (3) 
y09 = x01 + x10 + y07 + y10 (3) 
y11 = x00 + x08 + y06 + y07 (3) 
Row: 
8 6 3 1 4 7 11 0 2 9 5 10 
Col: 
7 1 3 11 5 2 9 10 4 0 6 8 

Trial No: 417
SLP Heuristic XorCount: 13, Depth: 3
, XOR2: 0, XOR3: 2, XOR4: 11
SLP Heuristic XorCost ASIC1: 61.5
SLP Heuristic XorCost ASIC2: 67.93
SLP Heuristic XorCost ASIC3: 77.15
SLP Heuristic XorCost ASIC4: 75.21
Timestamp: 06-02-2023 12-49-54
y00 = x00 + x01 + x04 + x11 (1) 
y02 = x01 + x02 + x04 + x08 (1) 
y08 = x04 + x05 + x06 + x10 (1) 
t03 = x02 + x07 + x09 + x11 (1) 
y01 = x04 + y00 + y02 + t03 (2) 
y04 = x05 + x08 + t03 (2) 
y05 = x03 + y02 + y08 + t03 (2) 
y03 = x03 + x09 + x10 + y05 (3) 
y06 = x06 + x09 + y08 + t03 (2) 
y07 = x01 + x03 + x04 + t03 (2) 
y09 = x03 + y08 + y04 (3) 
y10 = x00 + x10 + y04 + y07 (3) 
y11 = x00 + x01 + y06 + y07 (3) 
Row: 
1 3 11 10 8 7 0 5 4 2 6 9 
Col: 
6 1 8 9 11 0 7 10 3 2 4 5 

Trial No: 427
SLP Heuristic XorCount: 13, Depth: 3
, XOR2: 0, XOR3: 2, XOR4: 11
SLP Heuristic XorCost ASIC1: 61.5
SLP Heuristic XorCost ASIC2: 67.93
SLP Heuristic XorCost ASIC3: 77.15
SLP Heuristic XorCost ASIC4: 75.21
Timestamp: 06-02-2023 12-49-54
y00 = x02 + x05 + x06 + x10 (1) 
y02 = x01 + x04 + x06 + x11 (1) 
y11 = x01 + x03 + x06 + x08 (1) 
t03 = x03 + x04 + x07 + x09 (1) 
y01 = x06 + y02 + y11 + t03 (2) 
y03 = x05 + x11 + t03 (2) 
y04 = x00 + y00 + y03 (3) 
y05 = x00 + y00 + y02 + t03 (2) 
y06 = x09 + x10 + y00 + t03 (2) 
y07 = x00 + x01 + x06 + t03 (2) 
y08 = x01 + x08 + y06 + y07 (3) 
y09 = x00 + x02 + x09 + y05 (3) 
y10 = x02 + x08 + y03 + y07 (3) 
Row: 
4 3 11 8 2 7 0 5 9 10 6 1 
Col: 
9 1 4 5 8 0 11 10 6 2 7 3 

Trial No: 428
SLP Heuristic XorCount: 13, Depth: 3
, XOR2: 0, XOR3: 2, XOR4: 11
SLP Heuristic XorCost ASIC1: 61.5
SLP Heuristic XorCost ASIC2: 67.93
SLP Heuristic XorCost ASIC3: 77.15
SLP Heuristic XorCost ASIC4: 75.21
Timestamp: 06-02-2023 12-49-54
y03 = x01 + x02 + x06 + x11 (1) 
y04 = x00 + x03 + x09 + x11 (1) 
y06 = x01 + x08 + x10 + x11 (1) 
t03 = x02 + x05 + x07 + x08 (1) 
y00 = x09 + x10 + t03 (2) 
y02 = x11 + y03 + y06 + t03 (2) 
y05 = x04 + y04 + y06 + t03 (2) 
y07 = x03 + x05 + y04 + t03 (2) 
y08 = x04 + y04 + y00 (3) 
y10 = x01 + x04 + x11 + t03 (2) 
y01 = x00 + x06 + y00 + y10 (3) 
y09 = x01 + x06 + y07 + y10 (3) 
y11 = x00 + x03 + y06 + y07 (3) 
Row: 
8 6 3 1 4 7 11 0 2 9 5 10 
Col: 
4 1 5 7 9 2 6 10 8 0 3 11 

Trial No: 446
SLP Heuristic XorCount: 13, Depth: 3
, XOR2: 0, XOR3: 2, XOR4: 11
SLP Heuristic XorCost ASIC1: 61.5
SLP Heuristic XorCost ASIC2: 67.93
SLP Heuristic XorCost ASIC3: 77.15
SLP Heuristic XorCost ASIC4: 75.21
Timestamp: 06-02-2023 12-49-54
y01 = x01 + x02 + x03 + x11 (1) 
y03 = x01 + x03 + x04 + x10 (1) 
y04 = x00 + x03 + x08 + x09 (1) 
t03 = x04 + x05 + x07 + x11 (1) 
y00 = x02 + x09 + t03 (2) 
y02 = x00 + x05 + y04 + t03 (2) 
y05 = x06 + y01 + y04 + t03 (2) 
y06 = x01 + x03 + x06 + t03 (2) 
y07 = x08 + x10 + y00 + y06 (3) 
y08 = x06 + y04 + y00 (3) 
y09 = x01 + x10 + y02 + y06 (3) 
y10 = x03 + y01 + y03 + t03 (2) 
y11 = x00 + x08 + y01 + y02 (3) 
Row: 
8 11 0 1 4 7 5 6 2 9 3 10 
Col: 
7 1 3 11 5 2 9 10 4 0 6 8 

Trial No: 451
SLP Heuristic XorCount: 13, Depth: 3
, XOR2: 0, XOR3: 2, XOR4: 11
SLP Heuristic XorCost ASIC1: 61.5
SLP Heuristic XorCost ASIC2: 67.93
SLP Heuristic XorCost ASIC3: 77.15
SLP Heuristic XorCost ASIC4: 75.21
Timestamp: 06-02-2023 12-49-54
y00 = x02 + x05 + x06 + x10 (1) 
y01 = x01 + x04 + x06 + x11 (1) 
y11 = x01 + x03 + x06 + x08 (1) 
t03 = x03 + x04 + x07 + x09 (1) 
y02 = x09 + x10 + y00 + t03 (2) 
y03 = x05 + x11 + t03 (2) 
y04 = x00 + y00 + y03 (3) 
y05 = x00 + y00 + y01 + t03 (2) 
y06 = x00 + x01 + x06 + t03 (2) 
y07 = x02 + x08 + y03 + y06 (3) 
y08 = x01 + x08 + y02 + y06 (3) 
y09 = x00 + x02 + x09 + y05 (3) 
y10 = x06 + y01 + y11 + t03 (2) 
Row: 
4 11 0 8 2 7 5 6 9 10 3 1 
Col: 
9 1 4 5 8 0 11 10 6 2 7 3 

Trial No: 452
SLP Heuristic XorCount: 13, Depth: 3
, XOR2: 0, XOR3: 2, XOR4: 11
SLP Heuristic XorCost ASIC1: 61.5
SLP Heuristic XorCost ASIC2: 67.93
SLP Heuristic XorCost ASIC3: 77.15
SLP Heuristic XorCost ASIC4: 75.21
Timestamp: 06-02-2023 12-49-54
y02 = x01 + x08 + x10 + x11 (1) 
y03 = x01 + x02 + x06 + x11 (1) 
y04 = x00 + x03 + x09 + x11 (1) 
t03 = x02 + x05 + x07 + x08 (1) 
y00 = x09 + x10 + t03 (2) 
y01 = x11 + y02 + y03 + t03 (2) 
y05 = x04 + y02 + y04 + t03 (2) 
y06 = x03 + x05 + y04 + t03 (2) 
y07 = x01 + x04 + x11 + t03 (2) 
y08 = x04 + y04 + y00 (3) 
y09 = x01 + x06 + y06 + y07 (3) 
y10 = x00 + x06 + y00 + y07 (3) 
y11 = x00 + x03 + y02 + y06 (3) 
Row: 
8 3 11 1 4 7 0 5 2 9 6 10 
Col: 
4 1 5 7 9 2 6 10 8 0 3 11 

Trial No: 465
SLP Heuristic XorCount: 13, Depth: 3
, XOR2: 0, XOR3: 2, XOR4: 11
SLP Heuristic XorCost ASIC1: 61.5
SLP Heuristic XorCost ASIC2: 67.93
SLP Heuristic XorCost ASIC3: 77.15
SLP Heuristic XorCost ASIC4: 75.21
Timestamp: 06-02-2023 12-49-54
y00 = x00 + x01 + x04 + x11 (1) 
y08 = x04 + x05 + x06 + x10 (1) 
y10 = x01 + x02 + x04 + x08 (1) 
t03 = x02 + x07 + x09 + x11 (1) 
y01 = x06 + x09 + y08 + t03 (2) 
y02 = x01 + x03 + x04 + t03 (2) 
y03 = x06 + x10 + y10 + y01 (3) 
y04 = x05 + x08 + t03 (2) 
y05 = x02 + x08 + y08 + y02 (3) 
y06 = x00 + x10 + y02 + y04 (3) 
y07 = x04 + y00 + y10 + t03 (2) 
y09 = x03 + y08 + y04 (3) 
y11 = x00 + x01 + y01 + y02 (3) 
Row: 
1 0 5 10 8 7 6 3 4 2 11 9 
Col: 
6 1 8 9 11 0 7 10 3 2 4 5 

Trial No: 470
SLP Heuristic XorCount: 13, Depth: 3
, XOR2: 0, XOR3: 2, XOR4: 11
SLP Heuristic XorCost ASIC1: 61.5
SLP Heuristic XorCost ASIC2: 67.93
SLP Heuristic XorCost ASIC3: 77.15
SLP Heuristic XorCost ASIC4: 75.21
Timestamp: 06-02-2023 12-49-54
y03 = x01 + x03 + x04 + x10 (1) 
y04 = x00 + x03 + x08 + x09 (1) 
y10 = x01 + x02 + x03 + x11 (1) 
t03 = x04 + x05 + x07 + x11 (1) 
y00 = x02 + x09 + t03 (2) 
y01 = x00 + x05 + y04 + t03 (2) 
y02 = x01 + x03 + x06 + t03 (2) 
y05 = x02 + x11 + y04 + y02 (3) 
y06 = x08 + x10 + y00 + y02 (3) 
y07 = x03 + y03 + y10 + t03 (2) 
y08 = x06 + y04 + y00 (3) 
y09 = x01 + x10 + y01 + y02 (3) 
y11 = x00 + x08 + y10 + y01 (3) 
Row: 
8 0 5 1 4 7 6 3 2 9 11 10 
Col: 
7 1 3 11 5 2 9 10 4 0 6 8 

Trial No: 475
SLP Heuristic XorCount: 13, Depth: 3
, XOR2: 0, XOR3: 2, XOR4: 11
SLP Heuristic XorCost ASIC1: 61.5
SLP Heuristic XorCost ASIC2: 67.93
SLP Heuristic XorCost ASIC3: 77.15
SLP Heuristic XorCost ASIC4: 75.21
Timestamp: 06-02-2023 12-49-54
y00 = x02 + x05 + x06 + x10 (1) 
y10 = x01 + x04 + x06 + x11 (1) 
y11 = x01 + x03 + x06 + x08 (1) 
t03 = x03 + x04 + x07 + x09 (1) 
y01 = x09 + x10 + y00 + t03 (2) 
y02 = x00 + x01 + x06 + t03 (2) 
y03 = x05 + x11 + t03 (2) 
y04 = x00 + y00 + y03 (3) 
y05 = x00 + y00 + y10 + t03 (2) 
y06 = x02 + x08 + y02 + y03 (3) 
y07 = x06 + y10 + y11 + t03 (2) 
y08 = x01 + x08 + y01 + y02 (3) 
y09 = x00 + x02 + x09 + y05 (3) 
Row: 
4 0 5 8 2 7 6 3 9 10 11 1 
Col: 
9 1 4 5 8 0 11 10 6 2 7 3 

Trial No: 495
SLP Heuristic XorCount: 13, Depth: 3
, XOR2: 0, XOR3: 2, XOR4: 11
SLP Heuristic XorCost ASIC1: 61.5
SLP Heuristic XorCost ASIC2: 67.93
SLP Heuristic XorCost ASIC3: 77.15
SLP Heuristic XorCost ASIC4: 75.21
Timestamp: 06-02-2023 12-49-54
y00 = x01 + x02 + x03 + x08 (1) 
y08 = x02 + x04 + x05 + x06 (1) 
y10 = x00 + x01 + x02 + x10 (1) 
t03 = x07 + x08 + x09 + x10 (1) 
y01 = x04 + x09 + y08 + t03 (2) 
y02 = x01 + x02 + x11 + t03 (2) 
y03 = x04 + x06 + y10 + y01 (3) 
y04 = x00 + x05 + t03 (2) 
y05 = x00 + x10 + y08 + y02 (3) 
y06 = x03 + x06 + y02 + y04 (3) 
y07 = x02 + y00 + y10 + t03 (2) 
y09 = x11 + y08 + y04 (3) 
y11 = x01 + x03 + y01 + y02 (3) 
Row: 
1 0 5 10 8 7 6 3 4 2 11 9 
Col: 
3 1 11 6 7 0 4 10 5 2 8 9 

