Trial No: 7
SLP Heuristic XorCount: 13, Depth: 3
, XOR2: 0, XOR3: 2, XOR4: 11
SLP Heuristic XorCost ASIC1: 61.5
SLP Heuristic XorCost ASIC2: 67.93
SLP Heuristic XorCost ASIC3: 77.15
SLP Heuristic XorCost ASIC4: 75.21
Timestamp: 06-02-2023 13-45-59
y01 = x00 + x08 + x10 + x11 (1) 
y10 = x02 + x03 + x04 + x10 (1) 
y11 = x00 + x07 + x09 + x10 (1) 
t03 = x01 + x05 + x07 + x11 (1) 
y00 = x02 + x05 + y10 + t03 (2) 
y02 = x04 + x09 + t03 (2) 
y03 = x10 + y01 + y11 + t03 (2) 
y04 = x00 + x06 + x10 + t03 (2) 
y05 = x06 + y10 + y11 + t03 (2) 
y06 = x00 + x08 + y00 + y04 (3) 
y07 = x06 + y10 + y02 (3) 
y08 = x02 + x03 + y11 + y00 (3) 
y09 = x01 + y00 + y03 + y04 (3) 
Row: 
6 7 2 9 11 1 3 8 4 0 10 5 
Col: 
7 4 1 10 6 8 3 2 0 9 5 11 

Trial No: 37
SLP Heuristic XorCount: 13, Depth: 3
, XOR2: 0, XOR3: 2, XOR4: 11
SLP Heuristic XorCost ASIC1: 61.5
SLP Heuristic XorCost ASIC2: 67.93
SLP Heuristic XorCost ASIC3: 77.15
SLP Heuristic XorCost ASIC4: 75.21
Timestamp: 06-02-2023 13-45-59
y01 = x00 + x08 + x10 + x11 (1) 
y10 = x02 + x03 + x04 + x10 (1) 
y11 = x00 + x07 + x09 + x10 (1) 
t03 = x01 + x05 + x07 + x11 (1) 
y00 = x10 + y01 + y11 + t03 (2) 
y02 = x04 + x09 + t03 (2) 
y03 = x02 + x05 + y10 + t03 (2) 
y04 = x00 + x06 + x10 + t03 (2) 
y05 = x06 + y10 + y11 + t03 (2) 
y06 = x01 + y00 + y03 + y04 (3) 
y07 = x06 + y10 + y02 (3) 
y08 = x02 + x03 + y11 + y03 (3) 
y09 = x00 + x08 + y03 + y04 (3) 
Row: 
9 7 2 6 11 1 0 8 4 3 10 5 
Col: 
7 4 1 10 6 8 3 2 0 9 5 11 

Trial No: 67
SLP Heuristic XorCount: 13, Depth: 3
, XOR2: 0, XOR3: 2, XOR4: 11
SLP Heuristic XorCost ASIC1: 61.5
SLP Heuristic XorCost ASIC2: 67.93
SLP Heuristic XorCost ASIC3: 77.15
SLP Heuristic XorCost ASIC4: 75.21
Timestamp: 06-02-2023 13-45-59
y01 = x00 + x08 + x10 + x11 (1) 
y10 = x02 + x03 + x04 + x10 (1) 
y11 = x00 + x07 + x09 + x10 (1) 
t03 = x01 + x05 + x07 + x11 (1) 
y00 = x02 + x05 + y10 + t03 (2) 
y02 = x04 + x09 + t03 (2) 
y03 = x10 + y01 + y11 + t03 (2) 
y04 = x00 + x06 + x10 + t03 (2) 
y05 = x06 + y10 + y11 + t03 (2) 
y06 = x00 + x08 + y00 + y04 (3) 
y07 = x06 + y10 + y02 (3) 
y08 = x02 + x03 + y11 + y00 (3) 
y09 = x01 + y00 + y03 + y04 (3) 
Row: 
6 7 2 9 11 1 3 8 4 0 10 5 
Col: 
7 4 1 10 6 8 3 2 0 9 5 11 

Trial No: 97
SLP Heuristic XorCount: 13, Depth: 3
, XOR2: 0, XOR3: 2, XOR4: 11
SLP Heuristic XorCost ASIC1: 61.5
SLP Heuristic XorCost ASIC2: 67.93
SLP Heuristic XorCost ASIC3: 77.15
SLP Heuristic XorCost ASIC4: 75.21
Timestamp: 06-02-2023 13-45-59
y01 = x00 + x08 + x10 + x11 (1) 
y10 = x02 + x03 + x04 + x10 (1) 
y11 = x00 + x07 + x09 + x10 (1) 
t03 = x01 + x05 + x07 + x11 (1) 
y00 = x10 + y01 + y11 + t03 (2) 
y02 = x04 + x09 + t03 (2) 
y03 = x02 + x05 + y10 + t03 (2) 
y04 = x00 + x06 + x10 + t03 (2) 
y05 = x06 + y10 + y11 + t03 (2) 
y06 = x01 + y00 + y03 + y04 (3) 
y07 = x06 + y10 + y02 (3) 
y08 = x02 + x03 + y11 + y03 (3) 
y09 = x00 + x08 + y03 + y04 (3) 
Row: 
9 7 2 6 11 1 0 8 4 3 10 5 
Col: 
7 4 1 10 6 8 3 2 0 9 5 11 

Trial No: 127
SLP Heuristic XorCount: 13, Depth: 3
, XOR2: 0, XOR3: 2, XOR4: 11
SLP Heuristic XorCost ASIC1: 61.5
SLP Heuristic XorCost ASIC2: 67.93
SLP Heuristic XorCost ASIC3: 77.15
SLP Heuristic XorCost ASIC4: 75.21
Timestamp: 06-02-2023 13-45-59
y01 = x00 + x08 + x10 + x11 (1) 
y10 = x02 + x03 + x04 + x10 (1) 
y11 = x00 + x07 + x09 + x10 (1) 
t03 = x01 + x05 + x07 + x11 (1) 
y00 = x02 + x05 + y10 + t03 (2) 
y02 = x04 + x09 + t03 (2) 
y03 = x10 + y01 + y11 + t03 (2) 
y04 = x00 + x06 + x10 + t03 (2) 
y05 = x06 + y10 + y11 + t03 (2) 
y06 = x00 + x08 + y00 + y04 (3) 
y07 = x06 + y10 + y02 (3) 
y08 = x02 + x03 + y11 + y00 (3) 
y09 = x01 + y00 + y03 + y04 (3) 
Row: 
6 7 2 9 11 1 3 8 4 0 10 5 
Col: 
7 4 1 10 6 8 3 2 0 9 5 11 

Trial No: 157
SLP Heuristic XorCount: 13, Depth: 3
, XOR2: 0, XOR3: 2, XOR4: 11
SLP Heuristic XorCost ASIC1: 61.5
SLP Heuristic XorCost ASIC2: 67.93
SLP Heuristic XorCost ASIC3: 77.15
SLP Heuristic XorCost ASIC4: 75.21
Timestamp: 06-02-2023 13-45-59
y01 = x00 + x08 + x10 + x11 (1) 
y10 = x02 + x03 + x04 + x10 (1) 
y11 = x00 + x07 + x09 + x10 (1) 
t03 = x01 + x05 + x07 + x11 (1) 
y00 = x10 + y01 + y11 + t03 (2) 
y02 = x04 + x09 + t03 (2) 
y03 = x02 + x05 + y10 + t03 (2) 
y04 = x00 + x06 + x10 + t03 (2) 
y05 = x06 + y10 + y11 + t03 (2) 
y06 = x01 + y00 + y03 + y04 (3) 
y07 = x06 + y10 + y02 (3) 
y08 = x02 + x03 + y11 + y03 (3) 
y09 = x00 + x08 + y03 + y04 (3) 
Row: 
9 7 2 6 11 1 0 8 4 3 10 5 
Col: 
7 4 1 10 6 8 3 2 0 9 5 11 

Trial No: 187
SLP Heuristic XorCount: 13, Depth: 3
, XOR2: 0, XOR3: 2, XOR4: 11
SLP Heuristic XorCost ASIC1: 61.5
SLP Heuristic XorCost ASIC2: 67.93
SLP Heuristic XorCost ASIC3: 77.15
SLP Heuristic XorCost ASIC4: 75.21
Timestamp: 06-02-2023 13-45-59
y01 = x00 + x08 + x10 + x11 (1) 
y10 = x02 + x03 + x04 + x10 (1) 
y11 = x00 + x07 + x09 + x10 (1) 
t03 = x01 + x05 + x07 + x11 (1) 
y00 = x02 + x05 + y10 + t03 (2) 
y02 = x04 + x09 + t03 (2) 
y03 = x10 + y01 + y11 + t03 (2) 
y04 = x00 + x06 + x10 + t03 (2) 
y05 = x06 + y10 + y11 + t03 (2) 
y06 = x00 + x08 + y00 + y04 (3) 
y07 = x06 + y10 + y02 (3) 
y08 = x02 + x03 + y11 + y00 (3) 
y09 = x01 + y00 + y03 + y04 (3) 
Row: 
6 7 2 9 11 1 3 8 4 0 10 5 
Col: 
7 4 1 10 6 8 3 2 0 9 5 11 

Trial No: 217
SLP Heuristic XorCount: 13, Depth: 3
, XOR2: 0, XOR3: 2, XOR4: 11
SLP Heuristic XorCost ASIC1: 61.5
SLP Heuristic XorCost ASIC2: 67.93
SLP Heuristic XorCost ASIC3: 77.15
SLP Heuristic XorCost ASIC4: 75.21
Timestamp: 06-02-2023 13-45-59
y01 = x00 + x08 + x10 + x11 (1) 
y10 = x02 + x03 + x04 + x10 (1) 
y11 = x00 + x07 + x09 + x10 (1) 
t03 = x01 + x05 + x07 + x11 (1) 
y00 = x10 + y01 + y11 + t03 (2) 
y02 = x04 + x09 + t03 (2) 
y03 = x02 + x05 + y10 + t03 (2) 
y04 = x00 + x06 + x10 + t03 (2) 
y05 = x06 + y10 + y11 + t03 (2) 
y06 = x01 + y00 + y03 + y04 (3) 
y07 = x06 + y10 + y02 (3) 
y08 = x02 + x03 + y11 + y03 (3) 
y09 = x00 + x08 + y03 + y04 (3) 
Row: 
9 7 2 6 11 1 0 8 4 3 10 5 
Col: 
7 4 1 10 6 8 3 2 0 9 5 11 

Trial No: 247
SLP Heuristic XorCount: 13, Depth: 3
, XOR2: 0, XOR3: 2, XOR4: 11
SLP Heuristic XorCost ASIC1: 61.5
SLP Heuristic XorCost ASIC2: 67.93
SLP Heuristic XorCost ASIC3: 77.15
SLP Heuristic XorCost ASIC4: 75.21
Timestamp: 06-02-2023 13-45-59
y01 = x00 + x08 + x10 + x11 (1) 
y10 = x02 + x03 + x04 + x10 (1) 
y11 = x00 + x07 + x09 + x10 (1) 
t03 = x01 + x05 + x07 + x11 (1) 
y00 = x02 + x05 + y10 + t03 (2) 
y02 = x04 + x09 + t03 (2) 
y03 = x10 + y01 + y11 + t03 (2) 
y04 = x00 + x06 + x10 + t03 (2) 
y05 = x06 + y10 + y11 + t03 (2) 
y06 = x00 + x08 + y00 + y04 (3) 
y07 = x06 + y10 + y02 (3) 
y08 = x02 + x03 + y11 + y00 (3) 
y09 = x01 + y00 + y03 + y04 (3) 
Row: 
6 7 2 9 11 1 3 8 4 0 10 5 
Col: 
7 4 1 10 6 8 3 2 0 9 5 11 

Trial No: 277
SLP Heuristic XorCount: 13, Depth: 3
, XOR2: 0, XOR3: 2, XOR4: 11
SLP Heuristic XorCost ASIC1: 61.5
SLP Heuristic XorCost ASIC2: 67.93
SLP Heuristic XorCost ASIC3: 77.15
SLP Heuristic XorCost ASIC4: 75.21
Timestamp: 06-02-2023 13-45-59
y01 = x00 + x08 + x10 + x11 (1) 
y10 = x02 + x03 + x04 + x10 (1) 
y11 = x00 + x07 + x09 + x10 (1) 
t03 = x01 + x05 + x07 + x11 (1) 
y00 = x10 + y01 + y11 + t03 (2) 
y02 = x04 + x09 + t03 (2) 
y03 = x02 + x05 + y10 + t03 (2) 
y04 = x00 + x06 + x10 + t03 (2) 
y05 = x06 + y10 + y11 + t03 (2) 
y06 = x01 + y00 + y03 + y04 (3) 
y07 = x06 + y10 + y02 (3) 
y08 = x02 + x03 + y11 + y03 (3) 
y09 = x00 + x08 + y03 + y04 (3) 
Row: 
9 7 2 6 11 1 0 8 4 3 10 5 
Col: 
7 4 1 10 6 8 3 2 0 9 5 11 

Trial No: 307
SLP Heuristic XorCount: 13, Depth: 3
, XOR2: 0, XOR3: 2, XOR4: 11
SLP Heuristic XorCost ASIC1: 61.5
SLP Heuristic XorCost ASIC2: 67.93
SLP Heuristic XorCost ASIC3: 77.15
SLP Heuristic XorCost ASIC4: 75.21
Timestamp: 06-02-2023 13-45-59
y01 = x00 + x08 + x10 + x11 (1) 
y10 = x02 + x03 + x04 + x10 (1) 
y11 = x00 + x07 + x09 + x10 (1) 
t03 = x01 + x05 + x07 + x11 (1) 
y00 = x02 + x05 + y10 + t03 (2) 
y02 = x04 + x09 + t03 (2) 
y03 = x10 + y01 + y11 + t03 (2) 
y04 = x00 + x06 + x10 + t03 (2) 
y05 = x06 + y10 + y11 + t03 (2) 
y06 = x00 + x08 + y00 + y04 (3) 
y07 = x06 + y10 + y02 (3) 
y08 = x02 + x03 + y11 + y00 (3) 
y09 = x01 + y00 + y03 + y04 (3) 
Row: 
6 7 2 9 11 1 3 8 4 0 10 5 
Col: 
7 4 1 10 6 8 3 2 0 9 5 11 

Trial No: 337
SLP Heuristic XorCount: 13, Depth: 3
, XOR2: 0, XOR3: 2, XOR4: 11
SLP Heuristic XorCost ASIC1: 61.5
SLP Heuristic XorCost ASIC2: 67.93
SLP Heuristic XorCost ASIC3: 77.15
SLP Heuristic XorCost ASIC4: 75.21
Timestamp: 06-02-2023 13-45-59
y01 = x00 + x08 + x10 + x11 (1) 
y10 = x02 + x03 + x04 + x10 (1) 
y11 = x00 + x07 + x09 + x10 (1) 
t03 = x01 + x05 + x07 + x11 (1) 
y00 = x10 + y01 + y11 + t03 (2) 
y02 = x04 + x09 + t03 (2) 
y03 = x02 + x05 + y10 + t03 (2) 
y04 = x00 + x06 + x10 + t03 (2) 
y05 = x06 + y10 + y11 + t03 (2) 
y06 = x01 + y00 + y03 + y04 (3) 
y07 = x06 + y10 + y02 (3) 
y08 = x02 + x03 + y11 + y03 (3) 
y09 = x00 + x08 + y03 + y04 (3) 
Row: 
9 7 2 6 11 1 0 8 4 3 10 5 
Col: 
7 4 1 10 6 8 3 2 0 9 5 11 

Trial No: 358
SLP Heuristic XorCount: 13, Depth: 3
, XOR2: 0, XOR3: 2, XOR4: 11
SLP Heuristic XorCost ASIC1: 61.5
SLP Heuristic XorCost ASIC2: 67.93
SLP Heuristic XorCost ASIC3: 77.15
SLP Heuristic XorCost ASIC4: 75.21
Timestamp: 06-02-2023 13-46-00
y00 = x00 + x02 + x03 + x04 (1) 
y01 = x01 + x03 + x09 + x11 (1) 
y10 = x00 + x03 + x08 + x10 (1) 
t03 = x04 + x06 + x07 + x10 (1) 
y02 = x00 + x03 + x05 + t03 (2) 
y04 = x01 + x07 + y01 + t03 (2) 
y05 = x08 + x11 + t03 (2) 
y03 = x05 + y01 + y05 (3) 
y06 = x00 + x02 + y02 + y04 (3) 
y07 = x05 + y01 + y10 + t03 (2) 
y08 = x03 + y00 + y10 + t03 (2) 
y09 = x02 + x09 + y02 + y05 (3) 
y11 = x01 + x09 + y10 + y04 (3) 
Row: 
7 10 11 8 6 2 3 1 9 0 5 4 
Col: 
7 1 0 5 11 3 4 8 9 10 2 6 

Trial No: 382
SLP Heuristic XorCount: 13, Depth: 3
, XOR2: 0, XOR3: 2, XOR4: 11
SLP Heuristic XorCost ASIC1: 61.5
SLP Heuristic XorCost ASIC2: 67.93
SLP Heuristic XorCost ASIC3: 77.15
SLP Heuristic XorCost ASIC4: 75.21
Timestamp: 06-02-2023 13-46-00
y02 = x00 + x02 + x03 + x04 (1) 
y03 = x01 + x03 + x09 + x11 (1) 
y04 = x00 + x03 + x08 + x10 (1) 
t03 = x04 + x06 + x07 + x10 (1) 
y05 = x03 + y02 + y04 + t03 (2) 
y06 = x08 + x11 + t03 (2) 
y00 = x05 + y03 + y06 (3) 
y07 = x05 + y03 + y04 + t03 (2) 
y08 = x01 + x07 + y03 + t03 (2) 
y09 = x00 + x03 + x05 + t03 (2) 
y01 = x02 + x09 + y06 + y09 (3) 
y10 = x00 + x02 + y08 + y09 (3) 
y11 = x01 + x09 + y04 + y08 (3) 
Row: 
8 0 7 10 5 9 2 1 6 11 3 4 
Col: 
7 1 0 5 11 3 4 8 9 10 2 6 

Trial No: 388
SLP Heuristic XorCount: 13, Depth: 3
, XOR2: 0, XOR3: 2, XOR4: 11
SLP Heuristic XorCost ASIC1: 61.5
SLP Heuristic XorCost ASIC2: 67.93
SLP Heuristic XorCost ASIC3: 77.15
SLP Heuristic XorCost ASIC4: 75.21
Timestamp: 06-02-2023 13-46-00
y00 = x00 + x02 + x03 + x09 (1) 
y01 = x08 + x09 + x10 + x11 (1) 
y10 = x00 + x04 + x05 + x09 (1) 
t03 = x03 + x04 + x06 + x07 (1) 
y02 = x00 + x01 + x09 + t03 (2) 
y04 = x07 + x11 + y01 + t03 (2) 
y05 = x05 + x08 + t03 (2) 
y03 = x01 + y01 + y05 (3) 
y06 = x00 + x02 + y02 + y04 (3) 
y07 = x01 + y01 + y10 + t03 (2) 
y08 = x09 + y00 + y10 + t03 (2) 
y09 = x02 + x10 + y02 + y05 (3) 
y11 = x01 + x07 + x10 + y07 (3) 
Row: 
7 10 11 8 6 2 3 1 9 0 5 4 
Col: 
7 3 0 11 2 9 4 8 6 5 10 1 

Trial No: 391
SLP Heuristic XorCount: 13, Depth: 3
, XOR2: 0, XOR3: 2, XOR4: 11
SLP Heuristic XorCost ASIC1: 61.5
SLP Heuristic XorCost ASIC2: 67.93
SLP Heuristic XorCost ASIC3: 77.15
SLP Heuristic XorCost ASIC4: 75.21
Timestamp: 06-02-2023 13-46-00
y00 = x00 + x05 + x10 + x11 (1) 
y06 = x00 + x02 + x05 + x08 (1) 
y08 = x01 + x03 + x05 + x09 (1) 
t03 = x06 + x07 + x08 + x11 (1) 
y01 = x09 + x10 + t03 (2) 
y02 = x03 + x07 + y08 + t03 (2) 
y05 = x04 + y08 + y01 (3) 
y07 = x04 + y00 + y08 + t03 (2) 
y09 = x05 + y00 + y06 + t03 (2) 
y10 = x00 + x04 + x05 + t03 (2) 
y03 = x00 + x02 + y02 + y10 (3) 
y04 = x01 + x02 + y01 + y10 (3) 
y11 = x01 + x03 + y00 + y02 (3) 
Row: 
5 2 6 3 0 8 7 1 10 9 11 4 
Col: 
7 10 0 1 3 5 4 8 11 6 9 2 

Trial No: 412
SLP Heuristic XorCount: 13, Depth: 3
, XOR2: 0, XOR3: 2, XOR4: 11
SLP Heuristic XorCost ASIC1: 61.5
SLP Heuristic XorCost ASIC2: 67.93
SLP Heuristic XorCost ASIC3: 77.15
SLP Heuristic XorCost ASIC4: 75.21
Timestamp: 06-02-2023 13-46-00
y02 = x00 + x02 + x03 + x09 (1) 
y03 = x08 + x09 + x10 + x11 (1) 
y04 = x00 + x04 + x05 + x09 (1) 
t03 = x03 + x04 + x06 + x07 (1) 
y05 = x09 + y02 + y04 + t03 (2) 
y06 = x05 + x08 + t03 (2) 
y00 = x01 + y03 + y06 (3) 
y07 = x01 + y03 + y04 + t03 (2) 
y08 = x07 + x11 + y03 + t03 (2) 
y09 = x00 + x01 + x09 + t03 (2) 
y01 = x02 + x10 + y06 + y09 (3) 
y10 = x00 + x02 + y08 + y09 (3) 
y11 = x01 + x07 + x10 + y07 (3) 
Row: 
8 0 7 10 5 9 2 1 6 11 3 4 
Col: 
7 3 0 11 2 9 4 8 6 5 10 1 

Trial No: 430
SLP Heuristic XorCount: 13, Depth: 3
, XOR2: 0, XOR3: 2, XOR4: 11
SLP Heuristic XorCost ASIC1: 61.5
SLP Heuristic XorCost ASIC2: 67.93
SLP Heuristic XorCost ASIC3: 77.15
SLP Heuristic XorCost ASIC4: 75.21
Timestamp: 06-02-2023 13-46-00
y01 = x00 + x02 + x03 + x04 (1) 
y02 = x01 + x03 + x09 + x11 (1) 
y05 = x00 + x03 + x08 + x10 (1) 
t03 = x04 + x06 + x07 + x10 (1) 
y03 = x00 + x03 + x05 + t03 (2) 
y04 = x08 + x11 + t03 (2) 
y00 = x02 + x09 + y03 + y04 (3) 
y06 = x01 + x07 + y02 + t03 (2) 
y07 = x05 + y02 + y05 + t03 (2) 
y08 = x00 + x02 + y03 + y06 (3) 
y09 = x05 + y02 + y04 (3) 
y10 = x03 + y01 + y05 + t03 (2) 
y11 = x01 + x09 + y05 + y06 (3) 
Row: 
0 7 10 11 2 5 6 1 3 8 9 4 
Col: 
7 1 0 5 11 3 4 8 9 10 2 6 

Trial No: 439
SLP Heuristic XorCount: 13, Depth: 3
, XOR2: 0, XOR3: 2, XOR4: 11
SLP Heuristic XorCost ASIC1: 61.5
SLP Heuristic XorCost ASIC2: 67.93
SLP Heuristic XorCost ASIC3: 77.15
SLP Heuristic XorCost ASIC4: 75.21
Timestamp: 06-02-2023 13-46-00
y04 = x00 + x02 + x05 + x08 (1) 
y06 = x01 + x03 + x05 + x09 (1) 
y09 = x00 + x05 + x10 + x11 (1) 
t03 = x06 + x07 + x08 + x11 (1) 
y00 = x09 + x10 + t03 (2) 
y01 = x03 + x07 + y06 + t03 (2) 
y03 = x05 + y04 + y09 + t03 (2) 
y07 = x04 + y06 + y09 + t03 (2) 
y08 = x00 + x04 + x05 + t03 (2) 
y02 = x00 + x02 + y01 + y08 (3) 
y05 = x01 + x02 + y00 + y08 (3) 
y10 = x04 + y06 + y00 (3) 
y11 = x01 + x03 + y09 + y01 (3) 
Row: 
2 6 3 9 7 0 10 1 11 5 8 4 
Col: 
7 10 0 1 3 5 4 8 11 6 9 2 

Trial No: 463
SLP Heuristic XorCount: 13, Depth: 3
, XOR2: 0, XOR3: 2, XOR4: 11
SLP Heuristic XorCost ASIC1: 61.5
SLP Heuristic XorCost ASIC2: 67.93
SLP Heuristic XorCost ASIC3: 77.15
SLP Heuristic XorCost ASIC4: 75.21
Timestamp: 06-02-2023 13-46-00
y01 = x00 + x05 + x10 + x11 (1) 
y08 = x00 + x02 + x05 + x08 (1) 
y10 = x01 + x03 + x05 + x09 (1) 
t03 = x06 + x07 + x08 + x11 (1) 
y00 = x05 + y01 + y08 + t03 (2) 
y02 = x09 + x10 + t03 (2) 
y03 = x03 + x07 + y10 + t03 (2) 
y04 = x04 + y10 + y02 (3) 
y05 = x00 + x04 + x05 + t03 (2) 
y06 = x01 + x02 + y02 + y05 (3) 
y07 = x04 + y01 + y10 + t03 (2) 
y09 = x00 + x02 + y03 + y05 (3) 
y11 = x01 + x03 + y01 + y03 (3) 
Row: 
9 5 2 6 8 11 0 1 7 3 10 4 
Col: 
7 10 0 1 3 5 4 8 11 6 9 2 

Trial No: 478
SLP Heuristic XorCount: 13, Depth: 3
, XOR2: 0, XOR3: 2, XOR4: 11
SLP Heuristic XorCost ASIC1: 61.5
SLP Heuristic XorCost ASIC2: 67.93
SLP Heuristic XorCost ASIC3: 77.15
SLP Heuristic XorCost ASIC4: 75.21
Timestamp: 06-02-2023 13-46-00
y00 = x00 + x02 + x03 + x04 (1) 
y01 = x01 + x03 + x09 + x11 (1) 
y10 = x00 + x03 + x08 + x10 (1) 
t03 = x04 + x06 + x07 + x10 (1) 
y02 = x00 + x03 + x05 + t03 (2) 
y04 = x01 + x07 + y01 + t03 (2) 
y05 = x08 + x11 + t03 (2) 
y03 = x05 + y01 + y05 (3) 
y06 = x00 + x02 + y02 + y04 (3) 
y07 = x05 + y01 + y10 + t03 (2) 
y08 = x03 + y00 + y10 + t03 (2) 
y09 = x02 + x09 + y02 + y05 (3) 
y11 = x01 + x09 + y10 + y04 (3) 
Row: 
7 10 11 8 6 2 3 1 9 0 5 4 
Col: 
7 1 0 5 11 3 4 8 9 10 2 6 

