Trial No: 15
SLP Heuristic XorCount: 13, Depth: 3
, XOR2: 2, XOR3: 1, XOR4: 10
SLP Heuristic XorCost ASIC1: 57.25
SLP Heuristic XorCost ASIC2: 62.677
SLP Heuristic XorCost ASIC3: 71.7
SLP Heuristic XorCost ASIC4: 71.22
Timestamp: 06-02-2023 18-02-34
y05 = x00 + x05 + x07 + x11 (1) 
y06 = x01 + x03 + x04 + x07 (1) 
y07 = x00 + x06 + x08 + x11 (1) 
t03 = x00 + x04 + x09 + x10 (1) 
y00 = x08 + y05 + y06 + t03 (2) 
y01 = x06 + y07 + t03 (2) 
y02 = x01 + x02 + x03 + t03 (2) 
y04 = x05 + x06 + y05 + t03 (2) 
y03 = x10 + x11 + y02 + y04 (3) 
y08 = x08 + y00 + y01 + y02 (3) 
y09 = x03 + y00 (3) 
y10 = x02 + y06 + y01 + y04 (3) 
y11 = x11 + y02 (3) 
Row: 
6 2 8 5 7 0 9 11 10 4 1 3 
Col: 
0 1 8 9 3 4 5 7 6 2 10 11 

