Trial No: 3
SLP Heuristic XorCount: 13, Depth: 3
, XOR2: 0, XOR3: 2, XOR4: 11
SLP Heuristic XorCost ASIC1: 61.5
SLP Heuristic XorCost ASIC2: 67.93
SLP Heuristic XorCost ASIC3: 77.15
SLP Heuristic XorCost ASIC4: 75.21
Timestamp: 06-02-2023 18-23-06
y01 = x03 + x05 + x06 + x07 (1) 
y03 = x00 + x03 + x08 + x10 (1) 
y06 = x00 + x01 + x03 + x11 (1) 
t03 = x01 + x02 + x08 + x09 (1) 
y00 = x00 + x03 + x04 + t03 (2) 
y04 = x03 + y03 + y06 + t03 (2) 
y07 = x06 + x09 + y01 + t03 (2) 
y02 = x00 + x11 + y00 + y07 (3) 
y08 = x07 + x10 + t03 (2) 
y05 = x04 + y01 + y08 (3) 
y09 = x04 + y01 + y03 + t03 (2) 
y10 = x04 + x05 + x09 + y09 (3) 
y11 = x02 + y00 + y04 + y07 (3) 
Row: 
11 10 0 2 9 8 7 6 5 4 1 3 
Col: 
7 11 1 2 0 10 4 6 5 8 9 3 

Trial No: 15
SLP Heuristic XorCount: 13, Depth: 3
, XOR2: 0, XOR3: 2, XOR4: 11
SLP Heuristic XorCost ASIC1: 61.5
SLP Heuristic XorCost ASIC2: 67.93
SLP Heuristic XorCost ASIC3: 77.15
SLP Heuristic XorCost ASIC4: 75.21
Timestamp: 06-02-2023 18-23-06
y01 = x03 + x05 + x06 + x07 (1) 
y03 = x00 + x03 + x08 + x10 (1) 
y06 = x00 + x01 + x03 + x11 (1) 
t03 = x01 + x02 + x08 + x09 (1) 
y00 = x00 + x03 + x04 + t03 (2) 
y04 = x03 + y03 + y06 + t03 (2) 
y07 = x06 + x09 + y01 + t03 (2) 
y02 = x00 + x11 + y00 + y07 (3) 
y08 = x07 + x10 + t03 (2) 
y05 = x04 + y01 + y08 (3) 
y09 = x04 + y01 + y03 + t03 (2) 
y10 = x04 + x05 + x09 + y09 (3) 
y11 = x02 + y00 + y04 + y07 (3) 
Row: 
11 10 0 2 9 8 7 6 5 4 1 3 
Col: 
7 11 1 2 0 10 4 6 5 8 9 3 

Trial No: 27
SLP Heuristic XorCount: 13, Depth: 3
, XOR2: 0, XOR3: 2, XOR4: 11
SLP Heuristic XorCost ASIC1: 61.5
SLP Heuristic XorCost ASIC2: 67.93
SLP Heuristic XorCost ASIC3: 77.15
SLP Heuristic XorCost ASIC4: 75.21
Timestamp: 06-02-2023 18-23-06
y01 = x03 + x05 + x06 + x07 (1) 
y03 = x00 + x03 + x08 + x10 (1) 
y06 = x00 + x01 + x03 + x11 (1) 
t03 = x01 + x02 + x08 + x09 (1) 
y00 = x00 + x03 + x04 + t03 (2) 
y04 = x03 + y03 + y06 + t03 (2) 
y07 = x06 + x09 + y01 + t03 (2) 
y02 = x00 + x11 + y00 + y07 (3) 
y08 = x07 + x10 + t03 (2) 
y05 = x04 + y01 + y08 (3) 
y09 = x04 + y01 + y03 + t03 (2) 
y10 = x04 + x05 + x09 + y09 (3) 
y11 = x02 + y00 + y04 + y07 (3) 
Row: 
11 10 0 2 9 8 7 6 5 4 1 3 
Col: 
7 11 1 2 0 10 4 6 5 8 9 3 

Trial No: 39
SLP Heuristic XorCount: 13, Depth: 3
, XOR2: 0, XOR3: 2, XOR4: 11
SLP Heuristic XorCost ASIC1: 61.5
SLP Heuristic XorCost ASIC2: 67.93
SLP Heuristic XorCost ASIC3: 77.15
SLP Heuristic XorCost ASIC4: 75.21
Timestamp: 06-02-2023 18-23-06
y01 = x03 + x05 + x06 + x07 (1) 
y03 = x00 + x03 + x08 + x10 (1) 
y06 = x00 + x01 + x03 + x11 (1) 
t03 = x01 + x02 + x08 + x09 (1) 
y00 = x00 + x03 + x04 + t03 (2) 
y04 = x03 + y03 + y06 + t03 (2) 
y07 = x06 + x09 + y01 + t03 (2) 
y02 = x00 + x11 + y00 + y07 (3) 
y08 = x07 + x10 + t03 (2) 
y05 = x04 + y01 + y08 (3) 
y09 = x04 + y01 + y03 + t03 (2) 
y10 = x04 + x05 + x09 + y09 (3) 
y11 = x02 + y00 + y04 + y07 (3) 
Row: 
11 10 0 2 9 8 7 6 5 4 1 3 
Col: 
7 11 1 2 0 10 4 6 5 8 9 3 

Trial No: 51
SLP Heuristic XorCount: 13, Depth: 3
, XOR2: 0, XOR3: 2, XOR4: 11
SLP Heuristic XorCost ASIC1: 61.5
SLP Heuristic XorCost ASIC2: 67.93
SLP Heuristic XorCost ASIC3: 77.15
SLP Heuristic XorCost ASIC4: 75.21
Timestamp: 06-02-2023 18-23-06
y01 = x03 + x05 + x06 + x07 (1) 
y03 = x00 + x03 + x08 + x10 (1) 
y06 = x00 + x01 + x03 + x11 (1) 
t03 = x01 + x02 + x08 + x09 (1) 
y00 = x00 + x03 + x04 + t03 (2) 
y04 = x03 + y03 + y06 + t03 (2) 
y07 = x06 + x09 + y01 + t03 (2) 
y02 = x00 + x11 + y00 + y07 (3) 
y08 = x07 + x10 + t03 (2) 
y05 = x04 + y01 + y08 (3) 
y09 = x04 + y01 + y03 + t03 (2) 
y10 = x04 + x05 + x09 + y09 (3) 
y11 = x02 + y00 + y04 + y07 (3) 
Row: 
11 10 0 2 9 8 7 6 5 4 1 3 
Col: 
7 11 1 2 0 10 4 6 5 8 9 3 

Trial No: 63
SLP Heuristic XorCount: 13, Depth: 3
, XOR2: 0, XOR3: 2, XOR4: 11
SLP Heuristic XorCost ASIC1: 61.5
SLP Heuristic XorCost ASIC2: 67.93
SLP Heuristic XorCost ASIC3: 77.15
SLP Heuristic XorCost ASIC4: 75.21
Timestamp: 06-02-2023 18-23-06
y01 = x03 + x05 + x06 + x07 (1) 
y03 = x00 + x03 + x08 + x10 (1) 
y06 = x00 + x01 + x03 + x11 (1) 
t03 = x01 + x02 + x08 + x09 (1) 
y00 = x00 + x03 + x04 + t03 (2) 
y04 = x03 + y03 + y06 + t03 (2) 
y07 = x06 + x09 + y01 + t03 (2) 
y02 = x00 + x11 + y00 + y07 (3) 
y08 = x07 + x10 + t03 (2) 
y05 = x04 + y01 + y08 (3) 
y09 = x04 + y01 + y03 + t03 (2) 
y10 = x04 + x05 + x09 + y09 (3) 
y11 = x02 + y00 + y04 + y07 (3) 
Row: 
11 10 0 2 9 8 7 6 5 4 1 3 
Col: 
7 11 1 2 0 10 4 6 5 8 9 3 

Trial No: 75
SLP Heuristic XorCount: 13, Depth: 3
, XOR2: 0, XOR3: 2, XOR4: 11
SLP Heuristic XorCost ASIC1: 61.5
SLP Heuristic XorCost ASIC2: 67.93
SLP Heuristic XorCost ASIC3: 77.15
SLP Heuristic XorCost ASIC4: 75.21
Timestamp: 06-02-2023 18-23-06
y01 = x03 + x05 + x06 + x07 (1) 
y03 = x00 + x03 + x08 + x10 (1) 
y06 = x00 + x01 + x03 + x11 (1) 
t03 = x01 + x02 + x08 + x09 (1) 
y00 = x00 + x03 + x04 + t03 (2) 
y04 = x03 + y03 + y06 + t03 (2) 
y07 = x06 + x09 + y01 + t03 (2) 
y02 = x00 + x11 + y00 + y07 (3) 
y08 = x07 + x10 + t03 (2) 
y05 = x04 + y01 + y08 (3) 
y09 = x04 + y01 + y03 + t03 (2) 
y10 = x04 + x05 + x09 + y09 (3) 
y11 = x02 + y00 + y04 + y07 (3) 
Row: 
11 10 0 2 9 8 7 6 5 4 1 3 
Col: 
7 11 1 2 0 10 4 6 5 8 9 3 

Trial No: 87
SLP Heuristic XorCount: 13, Depth: 3
, XOR2: 0, XOR3: 2, XOR4: 11
SLP Heuristic XorCost ASIC1: 61.5
SLP Heuristic XorCost ASIC2: 67.93
SLP Heuristic XorCost ASIC3: 77.15
SLP Heuristic XorCost ASIC4: 75.21
Timestamp: 06-02-2023 18-23-06
y01 = x03 + x05 + x06 + x07 (1) 
y03 = x00 + x03 + x08 + x10 (1) 
y06 = x00 + x01 + x03 + x11 (1) 
t03 = x01 + x02 + x08 + x09 (1) 
y00 = x00 + x03 + x04 + t03 (2) 
y04 = x03 + y03 + y06 + t03 (2) 
y07 = x06 + x09 + y01 + t03 (2) 
y02 = x00 + x11 + y00 + y07 (3) 
y08 = x07 + x10 + t03 (2) 
y05 = x04 + y01 + y08 (3) 
y09 = x04 + y01 + y03 + t03 (2) 
y10 = x04 + x05 + x09 + y09 (3) 
y11 = x02 + y00 + y04 + y07 (3) 
Row: 
11 10 0 2 9 8 7 6 5 4 1 3 
Col: 
7 11 1 2 0 10 4 6 5 8 9 3 

Trial No: 99
SLP Heuristic XorCount: 13, Depth: 3
, XOR2: 0, XOR3: 2, XOR4: 11
SLP Heuristic XorCost ASIC1: 61.5
SLP Heuristic XorCost ASIC2: 67.93
SLP Heuristic XorCost ASIC3: 77.15
SLP Heuristic XorCost ASIC4: 75.21
Timestamp: 06-02-2023 18-23-06
y01 = x03 + x05 + x06 + x07 (1) 
y03 = x00 + x03 + x08 + x10 (1) 
y06 = x00 + x01 + x03 + x11 (1) 
t03 = x01 + x02 + x08 + x09 (1) 
y00 = x00 + x03 + x04 + t03 (2) 
y04 = x03 + y03 + y06 + t03 (2) 
y07 = x06 + x09 + y01 + t03 (2) 
y02 = x00 + x11 + y00 + y07 (3) 
y08 = x07 + x10 + t03 (2) 
y05 = x04 + y01 + y08 (3) 
y09 = x04 + y01 + y03 + t03 (2) 
y10 = x04 + x05 + x09 + y09 (3) 
y11 = x02 + y00 + y04 + y07 (3) 
Row: 
11 10 0 2 9 8 7 6 5 4 1 3 
Col: 
7 11 1 2 0 10 4 6 5 8 9 3 

Trial No: 111
SLP Heuristic XorCount: 13, Depth: 3
, XOR2: 0, XOR3: 2, XOR4: 11
SLP Heuristic XorCost ASIC1: 61.5
SLP Heuristic XorCost ASIC2: 67.93
SLP Heuristic XorCost ASIC3: 77.15
SLP Heuristic XorCost ASIC4: 75.21
Timestamp: 06-02-2023 18-23-06
y01 = x03 + x05 + x06 + x07 (1) 
y03 = x00 + x03 + x08 + x10 (1) 
y06 = x00 + x01 + x03 + x11 (1) 
t03 = x01 + x02 + x08 + x09 (1) 
y00 = x00 + x03 + x04 + t03 (2) 
y04 = x03 + y03 + y06 + t03 (2) 
y07 = x06 + x09 + y01 + t03 (2) 
y02 = x00 + x11 + y00 + y07 (3) 
y08 = x07 + x10 + t03 (2) 
y05 = x04 + y01 + y08 (3) 
y09 = x04 + y01 + y03 + t03 (2) 
y10 = x04 + x05 + x09 + y09 (3) 
y11 = x02 + y00 + y04 + y07 (3) 
Row: 
11 10 0 2 9 8 7 6 5 4 1 3 
Col: 
7 11 1 2 0 10 4 6 5 8 9 3 

Trial No: 123
SLP Heuristic XorCount: 13, Depth: 3
, XOR2: 0, XOR3: 2, XOR4: 11
SLP Heuristic XorCost ASIC1: 61.5
SLP Heuristic XorCost ASIC2: 67.93
SLP Heuristic XorCost ASIC3: 77.15
SLP Heuristic XorCost ASIC4: 75.21
Timestamp: 06-02-2023 18-23-06
y01 = x03 + x05 + x06 + x07 (1) 
y03 = x00 + x03 + x08 + x10 (1) 
y06 = x00 + x01 + x03 + x11 (1) 
t03 = x01 + x02 + x08 + x09 (1) 
y00 = x00 + x03 + x04 + t03 (2) 
y04 = x03 + y03 + y06 + t03 (2) 
y07 = x06 + x09 + y01 + t03 (2) 
y02 = x00 + x11 + y00 + y07 (3) 
y08 = x07 + x10 + t03 (2) 
y05 = x04 + y01 + y08 (3) 
y09 = x04 + y01 + y03 + t03 (2) 
y10 = x04 + x05 + x09 + y09 (3) 
y11 = x02 + y00 + y04 + y07 (3) 
Row: 
11 10 0 2 9 8 7 6 5 4 1 3 
Col: 
7 11 1 2 0 10 4 6 5 8 9 3 

Trial No: 135
SLP Heuristic XorCount: 13, Depth: 3
, XOR2: 0, XOR3: 2, XOR4: 11
SLP Heuristic XorCost ASIC1: 61.5
SLP Heuristic XorCost ASIC2: 67.93
SLP Heuristic XorCost ASIC3: 77.15
SLP Heuristic XorCost ASIC4: 75.21
Timestamp: 06-02-2023 18-23-06
y01 = x03 + x05 + x06 + x07 (1) 
y03 = x00 + x03 + x08 + x10 (1) 
y06 = x00 + x01 + x03 + x11 (1) 
t03 = x01 + x02 + x08 + x09 (1) 
y00 = x00 + x03 + x04 + t03 (2) 
y04 = x03 + y03 + y06 + t03 (2) 
y07 = x06 + x09 + y01 + t03 (2) 
y02 = x00 + x11 + y00 + y07 (3) 
y08 = x07 + x10 + t03 (2) 
y05 = x04 + y01 + y08 (3) 
y09 = x04 + y01 + y03 + t03 (2) 
y10 = x04 + x05 + x09 + y09 (3) 
y11 = x02 + y00 + y04 + y07 (3) 
Row: 
11 10 0 2 9 8 7 6 5 4 1 3 
Col: 
7 11 1 2 0 10 4 6 5 8 9 3 

Trial No: 147
SLP Heuristic XorCount: 13, Depth: 3
, XOR2: 0, XOR3: 2, XOR4: 11
SLP Heuristic XorCost ASIC1: 61.5
SLP Heuristic XorCost ASIC2: 67.93
SLP Heuristic XorCost ASIC3: 77.15
SLP Heuristic XorCost ASIC4: 75.21
Timestamp: 06-02-2023 18-23-06
y01 = x03 + x05 + x06 + x07 (1) 
y03 = x00 + x03 + x08 + x10 (1) 
y06 = x00 + x01 + x03 + x11 (1) 
t03 = x01 + x02 + x08 + x09 (1) 
y00 = x00 + x03 + x04 + t03 (2) 
y04 = x03 + y03 + y06 + t03 (2) 
y07 = x06 + x09 + y01 + t03 (2) 
y02 = x00 + x11 + y00 + y07 (3) 
y08 = x07 + x10 + t03 (2) 
y05 = x04 + y01 + y08 (3) 
y09 = x04 + y01 + y03 + t03 (2) 
y10 = x04 + x05 + x09 + y09 (3) 
y11 = x02 + y00 + y04 + y07 (3) 
Row: 
11 10 0 2 9 8 7 6 5 4 1 3 
Col: 
7 11 1 2 0 10 4 6 5 8 9 3 

Trial No: 159
SLP Heuristic XorCount: 13, Depth: 3
, XOR2: 0, XOR3: 2, XOR4: 11
SLP Heuristic XorCost ASIC1: 61.5
SLP Heuristic XorCost ASIC2: 67.93
SLP Heuristic XorCost ASIC3: 77.15
SLP Heuristic XorCost ASIC4: 75.21
Timestamp: 06-02-2023 18-23-06
y01 = x03 + x05 + x06 + x07 (1) 
y03 = x00 + x03 + x08 + x10 (1) 
y06 = x00 + x01 + x03 + x11 (1) 
t03 = x01 + x02 + x08 + x09 (1) 
y00 = x00 + x03 + x04 + t03 (2) 
y04 = x03 + y03 + y06 + t03 (2) 
y07 = x06 + x09 + y01 + t03 (2) 
y02 = x00 + x11 + y00 + y07 (3) 
y08 = x07 + x10 + t03 (2) 
y05 = x04 + y01 + y08 (3) 
y09 = x04 + y01 + y03 + t03 (2) 
y10 = x04 + x05 + x09 + y09 (3) 
y11 = x02 + y00 + y04 + y07 (3) 
Row: 
11 10 0 2 9 8 7 6 5 4 1 3 
Col: 
7 11 1 2 0 10 4 6 5 8 9 3 

Trial No: 171
SLP Heuristic XorCount: 13, Depth: 3
, XOR2: 0, XOR3: 2, XOR4: 11
SLP Heuristic XorCost ASIC1: 61.5
SLP Heuristic XorCost ASIC2: 67.93
SLP Heuristic XorCost ASIC3: 77.15
SLP Heuristic XorCost ASIC4: 75.21
Timestamp: 06-02-2023 18-23-06
y01 = x03 + x05 + x06 + x07 (1) 
y03 = x00 + x03 + x08 + x10 (1) 
y06 = x00 + x01 + x03 + x11 (1) 
t03 = x01 + x02 + x08 + x09 (1) 
y00 = x00 + x03 + x04 + t03 (2) 
y04 = x03 + y03 + y06 + t03 (2) 
y07 = x06 + x09 + y01 + t03 (2) 
y02 = x00 + x11 + y00 + y07 (3) 
y08 = x07 + x10 + t03 (2) 
y05 = x04 + y01 + y08 (3) 
y09 = x04 + y01 + y03 + t03 (2) 
y10 = x04 + x05 + x09 + y09 (3) 
y11 = x02 + y00 + y04 + y07 (3) 
Row: 
11 10 0 2 9 8 7 6 5 4 1 3 
Col: 
7 11 1 2 0 10 4 6 5 8 9 3 

Trial No: 183
SLP Heuristic XorCount: 13, Depth: 3
, XOR2: 0, XOR3: 2, XOR4: 11
SLP Heuristic XorCost ASIC1: 61.5
SLP Heuristic XorCost ASIC2: 67.93
SLP Heuristic XorCost ASIC3: 77.15
SLP Heuristic XorCost ASIC4: 75.21
Timestamp: 06-02-2023 18-23-06
y01 = x03 + x05 + x06 + x07 (1) 
y03 = x00 + x03 + x08 + x10 (1) 
y06 = x00 + x01 + x03 + x11 (1) 
t03 = x01 + x02 + x08 + x09 (1) 
y00 = x00 + x03 + x04 + t03 (2) 
y04 = x03 + y03 + y06 + t03 (2) 
y07 = x06 + x09 + y01 + t03 (2) 
y02 = x00 + x11 + y00 + y07 (3) 
y08 = x07 + x10 + t03 (2) 
y05 = x04 + y01 + y08 (3) 
y09 = x04 + y01 + y03 + t03 (2) 
y10 = x04 + x05 + x09 + y09 (3) 
y11 = x02 + y00 + y04 + y07 (3) 
Row: 
11 10 0 2 9 8 7 6 5 4 1 3 
Col: 
7 11 1 2 0 10 4 6 5 8 9 3 

Trial No: 195
SLP Heuristic XorCount: 13, Depth: 3
, XOR2: 0, XOR3: 2, XOR4: 11
SLP Heuristic XorCost ASIC1: 61.5
SLP Heuristic XorCost ASIC2: 67.93
SLP Heuristic XorCost ASIC3: 77.15
SLP Heuristic XorCost ASIC4: 75.21
Timestamp: 06-02-2023 18-23-06
y01 = x03 + x05 + x06 + x07 (1) 
y03 = x00 + x03 + x08 + x10 (1) 
y06 = x00 + x01 + x03 + x11 (1) 
t03 = x01 + x02 + x08 + x09 (1) 
y00 = x00 + x03 + x04 + t03 (2) 
y04 = x03 + y03 + y06 + t03 (2) 
y07 = x06 + x09 + y01 + t03 (2) 
y02 = x00 + x11 + y00 + y07 (3) 
y08 = x07 + x10 + t03 (2) 
y05 = x04 + y01 + y08 (3) 
y09 = x04 + y01 + y03 + t03 (2) 
y10 = x04 + x05 + x09 + y09 (3) 
y11 = x02 + y00 + y04 + y07 (3) 
Row: 
11 10 0 2 9 8 7 6 5 4 1 3 
Col: 
7 11 1 2 0 10 4 6 5 8 9 3 

Trial No: 207
SLP Heuristic XorCount: 13, Depth: 3
, XOR2: 0, XOR3: 2, XOR4: 11
SLP Heuristic XorCost ASIC1: 61.5
SLP Heuristic XorCost ASIC2: 67.93
SLP Heuristic XorCost ASIC3: 77.15
SLP Heuristic XorCost ASIC4: 75.21
Timestamp: 06-02-2023 18-23-06
y01 = x03 + x05 + x06 + x07 (1) 
y03 = x00 + x03 + x08 + x10 (1) 
y06 = x00 + x01 + x03 + x11 (1) 
t03 = x01 + x02 + x08 + x09 (1) 
y00 = x00 + x03 + x04 + t03 (2) 
y04 = x03 + y03 + y06 + t03 (2) 
y07 = x06 + x09 + y01 + t03 (2) 
y02 = x00 + x11 + y00 + y07 (3) 
y08 = x07 + x10 + t03 (2) 
y05 = x04 + y01 + y08 (3) 
y09 = x04 + y01 + y03 + t03 (2) 
y10 = x04 + x05 + x09 + y09 (3) 
y11 = x02 + y00 + y04 + y07 (3) 
Row: 
11 10 0 2 9 8 7 6 5 4 1 3 
Col: 
7 11 1 2 0 10 4 6 5 8 9 3 

Trial No: 219
SLP Heuristic XorCount: 13, Depth: 3
, XOR2: 0, XOR3: 2, XOR4: 11
SLP Heuristic XorCost ASIC1: 61.5
SLP Heuristic XorCost ASIC2: 67.93
SLP Heuristic XorCost ASIC3: 77.15
SLP Heuristic XorCost ASIC4: 75.21
Timestamp: 06-02-2023 18-23-06
y01 = x03 + x05 + x06 + x07 (1) 
y03 = x00 + x03 + x08 + x10 (1) 
y06 = x00 + x01 + x03 + x11 (1) 
t03 = x01 + x02 + x08 + x09 (1) 
y00 = x00 + x03 + x04 + t03 (2) 
y04 = x03 + y03 + y06 + t03 (2) 
y07 = x06 + x09 + y01 + t03 (2) 
y02 = x00 + x11 + y00 + y07 (3) 
y08 = x07 + x10 + t03 (2) 
y05 = x04 + y01 + y08 (3) 
y09 = x04 + y01 + y03 + t03 (2) 
y10 = x04 + x05 + x09 + y09 (3) 
y11 = x02 + y00 + y04 + y07 (3) 
Row: 
11 10 0 2 9 8 7 6 5 4 1 3 
Col: 
7 11 1 2 0 10 4 6 5 8 9 3 

Trial No: 231
SLP Heuristic XorCount: 13, Depth: 3
, XOR2: 0, XOR3: 2, XOR4: 11
SLP Heuristic XorCost ASIC1: 61.5
SLP Heuristic XorCost ASIC2: 67.93
SLP Heuristic XorCost ASIC3: 77.15
SLP Heuristic XorCost ASIC4: 75.21
Timestamp: 06-02-2023 18-23-06
y01 = x03 + x05 + x06 + x07 (1) 
y03 = x00 + x03 + x08 + x10 (1) 
y06 = x00 + x01 + x03 + x11 (1) 
t03 = x01 + x02 + x08 + x09 (1) 
y00 = x00 + x03 + x04 + t03 (2) 
y04 = x03 + y03 + y06 + t03 (2) 
y07 = x06 + x09 + y01 + t03 (2) 
y02 = x00 + x11 + y00 + y07 (3) 
y08 = x07 + x10 + t03 (2) 
y05 = x04 + y01 + y08 (3) 
y09 = x04 + y01 + y03 + t03 (2) 
y10 = x04 + x05 + x09 + y09 (3) 
y11 = x02 + y00 + y04 + y07 (3) 
Row: 
11 10 0 2 9 8 7 6 5 4 1 3 
Col: 
7 11 1 2 0 10 4 6 5 8 9 3 

Trial No: 243
SLP Heuristic XorCount: 13, Depth: 3
, XOR2: 0, XOR3: 2, XOR4: 11
SLP Heuristic XorCost ASIC1: 61.5
SLP Heuristic XorCost ASIC2: 67.93
SLP Heuristic XorCost ASIC3: 77.15
SLP Heuristic XorCost ASIC4: 75.21
Timestamp: 06-02-2023 18-23-06
y01 = x03 + x05 + x06 + x07 (1) 
y03 = x00 + x03 + x08 + x10 (1) 
y06 = x00 + x01 + x03 + x11 (1) 
t03 = x01 + x02 + x08 + x09 (1) 
y00 = x00 + x03 + x04 + t03 (2) 
y04 = x03 + y03 + y06 + t03 (2) 
y07 = x06 + x09 + y01 + t03 (2) 
y02 = x00 + x11 + y00 + y07 (3) 
y08 = x07 + x10 + t03 (2) 
y05 = x04 + y01 + y08 (3) 
y09 = x04 + y01 + y03 + t03 (2) 
y10 = x04 + x05 + x09 + y09 (3) 
y11 = x02 + y00 + y04 + y07 (3) 
Row: 
11 10 0 2 9 8 7 6 5 4 1 3 
Col: 
7 11 1 2 0 10 4 6 5 8 9 3 

Trial No: 255
SLP Heuristic XorCount: 13, Depth: 3
, XOR2: 0, XOR3: 2, XOR4: 11
SLP Heuristic XorCost ASIC1: 61.5
SLP Heuristic XorCost ASIC2: 67.93
SLP Heuristic XorCost ASIC3: 77.15
SLP Heuristic XorCost ASIC4: 75.21
Timestamp: 06-02-2023 18-23-06
y01 = x03 + x05 + x06 + x07 (1) 
y03 = x00 + x03 + x08 + x10 (1) 
y06 = x00 + x01 + x03 + x11 (1) 
t03 = x01 + x02 + x08 + x09 (1) 
y00 = x00 + x03 + x04 + t03 (2) 
y04 = x03 + y03 + y06 + t03 (2) 
y07 = x06 + x09 + y01 + t03 (2) 
y02 = x00 + x11 + y00 + y07 (3) 
y08 = x07 + x10 + t03 (2) 
y05 = x04 + y01 + y08 (3) 
y09 = x04 + y01 + y03 + t03 (2) 
y10 = x04 + x05 + x09 + y09 (3) 
y11 = x02 + y00 + y04 + y07 (3) 
Row: 
11 10 0 2 9 8 7 6 5 4 1 3 
Col: 
7 11 1 2 0 10 4 6 5 8 9 3 

Trial No: 267
SLP Heuristic XorCount: 13, Depth: 3
, XOR2: 0, XOR3: 2, XOR4: 11
SLP Heuristic XorCost ASIC1: 61.5
SLP Heuristic XorCost ASIC2: 67.93
SLP Heuristic XorCost ASIC3: 77.15
SLP Heuristic XorCost ASIC4: 75.21
Timestamp: 06-02-2023 18-23-06
y01 = x03 + x05 + x06 + x07 (1) 
y03 = x00 + x03 + x08 + x10 (1) 
y06 = x00 + x01 + x03 + x11 (1) 
t03 = x01 + x02 + x08 + x09 (1) 
y00 = x00 + x03 + x04 + t03 (2) 
y04 = x03 + y03 + y06 + t03 (2) 
y07 = x06 + x09 + y01 + t03 (2) 
y02 = x00 + x11 + y00 + y07 (3) 
y08 = x07 + x10 + t03 (2) 
y05 = x04 + y01 + y08 (3) 
y09 = x04 + y01 + y03 + t03 (2) 
y10 = x04 + x05 + x09 + y09 (3) 
y11 = x02 + y00 + y04 + y07 (3) 
Row: 
11 10 0 2 9 8 7 6 5 4 1 3 
Col: 
7 11 1 2 0 10 4 6 5 8 9 3 

Trial No: 279
SLP Heuristic XorCount: 13, Depth: 3
, XOR2: 0, XOR3: 2, XOR4: 11
SLP Heuristic XorCost ASIC1: 61.5
SLP Heuristic XorCost ASIC2: 67.93
SLP Heuristic XorCost ASIC3: 77.15
SLP Heuristic XorCost ASIC4: 75.21
Timestamp: 06-02-2023 18-23-06
y01 = x03 + x05 + x06 + x07 (1) 
y03 = x00 + x03 + x08 + x10 (1) 
y06 = x00 + x01 + x03 + x11 (1) 
t03 = x01 + x02 + x08 + x09 (1) 
y00 = x00 + x03 + x04 + t03 (2) 
y04 = x03 + y03 + y06 + t03 (2) 
y07 = x06 + x09 + y01 + t03 (2) 
y02 = x00 + x11 + y00 + y07 (3) 
y08 = x07 + x10 + t03 (2) 
y05 = x04 + y01 + y08 (3) 
y09 = x04 + y01 + y03 + t03 (2) 
y10 = x04 + x05 + x09 + y09 (3) 
y11 = x02 + y00 + y04 + y07 (3) 
Row: 
11 10 0 2 9 8 7 6 5 4 1 3 
Col: 
7 11 1 2 0 10 4 6 5 8 9 3 

Trial No: 291
SLP Heuristic XorCount: 13, Depth: 3
, XOR2: 0, XOR3: 2, XOR4: 11
SLP Heuristic XorCost ASIC1: 61.5
SLP Heuristic XorCost ASIC2: 67.93
SLP Heuristic XorCost ASIC3: 77.15
SLP Heuristic XorCost ASIC4: 75.21
Timestamp: 06-02-2023 18-23-06
y01 = x03 + x05 + x06 + x07 (1) 
y03 = x00 + x03 + x08 + x10 (1) 
y06 = x00 + x01 + x03 + x11 (1) 
t03 = x01 + x02 + x08 + x09 (1) 
y00 = x00 + x03 + x04 + t03 (2) 
y04 = x03 + y03 + y06 + t03 (2) 
y07 = x06 + x09 + y01 + t03 (2) 
y02 = x00 + x11 + y00 + y07 (3) 
y08 = x07 + x10 + t03 (2) 
y05 = x04 + y01 + y08 (3) 
y09 = x04 + y01 + y03 + t03 (2) 
y10 = x04 + x05 + x09 + y09 (3) 
y11 = x02 + y00 + y04 + y07 (3) 
Row: 
11 10 0 2 9 8 7 6 5 4 1 3 
Col: 
7 11 1 2 0 10 4 6 5 8 9 3 

Trial No: 303
SLP Heuristic XorCount: 13, Depth: 3
, XOR2: 0, XOR3: 2, XOR4: 11
SLP Heuristic XorCost ASIC1: 61.5
SLP Heuristic XorCost ASIC2: 67.93
SLP Heuristic XorCost ASIC3: 77.15
SLP Heuristic XorCost ASIC4: 75.21
Timestamp: 06-02-2023 18-23-06
y01 = x03 + x05 + x06 + x07 (1) 
y03 = x00 + x03 + x08 + x10 (1) 
y06 = x00 + x01 + x03 + x11 (1) 
t03 = x01 + x02 + x08 + x09 (1) 
y00 = x00 + x03 + x04 + t03 (2) 
y04 = x03 + y03 + y06 + t03 (2) 
y07 = x06 + x09 + y01 + t03 (2) 
y02 = x00 + x11 + y00 + y07 (3) 
y08 = x07 + x10 + t03 (2) 
y05 = x04 + y01 + y08 (3) 
y09 = x04 + y01 + y03 + t03 (2) 
y10 = x04 + x05 + x09 + y09 (3) 
y11 = x02 + y00 + y04 + y07 (3) 
Row: 
11 10 0 2 9 8 7 6 5 4 1 3 
Col: 
7 11 1 2 0 10 4 6 5 8 9 3 

Trial No: 315
SLP Heuristic XorCount: 13, Depth: 3
, XOR2: 0, XOR3: 2, XOR4: 11
SLP Heuristic XorCost ASIC1: 61.5
SLP Heuristic XorCost ASIC2: 67.93
SLP Heuristic XorCost ASIC3: 77.15
SLP Heuristic XorCost ASIC4: 75.21
Timestamp: 06-02-2023 18-23-06
y01 = x03 + x05 + x06 + x07 (1) 
y03 = x00 + x03 + x08 + x10 (1) 
y06 = x00 + x01 + x03 + x11 (1) 
t03 = x01 + x02 + x08 + x09 (1) 
y00 = x00 + x03 + x04 + t03 (2) 
y04 = x03 + y03 + y06 + t03 (2) 
y07 = x06 + x09 + y01 + t03 (2) 
y02 = x00 + x11 + y00 + y07 (3) 
y08 = x07 + x10 + t03 (2) 
y05 = x04 + y01 + y08 (3) 
y09 = x04 + y01 + y03 + t03 (2) 
y10 = x04 + x05 + x09 + y09 (3) 
y11 = x02 + y00 + y04 + y07 (3) 
Row: 
11 10 0 2 9 8 7 6 5 4 1 3 
Col: 
7 11 1 2 0 10 4 6 5 8 9 3 

Trial No: 327
SLP Heuristic XorCount: 13, Depth: 3
, XOR2: 0, XOR3: 2, XOR4: 11
SLP Heuristic XorCost ASIC1: 61.5
SLP Heuristic XorCost ASIC2: 67.93
SLP Heuristic XorCost ASIC3: 77.15
SLP Heuristic XorCost ASIC4: 75.21
Timestamp: 06-02-2023 18-23-06
y01 = x03 + x05 + x06 + x07 (1) 
y03 = x00 + x03 + x08 + x10 (1) 
y06 = x00 + x01 + x03 + x11 (1) 
t03 = x01 + x02 + x08 + x09 (1) 
y00 = x00 + x03 + x04 + t03 (2) 
y04 = x03 + y03 + y06 + t03 (2) 
y07 = x06 + x09 + y01 + t03 (2) 
y02 = x00 + x11 + y00 + y07 (3) 
y08 = x07 + x10 + t03 (2) 
y05 = x04 + y01 + y08 (3) 
y09 = x04 + y01 + y03 + t03 (2) 
y10 = x04 + x05 + x09 + y09 (3) 
y11 = x02 + y00 + y04 + y07 (3) 
Row: 
11 10 0 2 9 8 7 6 5 4 1 3 
Col: 
7 11 1 2 0 10 4 6 5 8 9 3 

Trial No: 339
SLP Heuristic XorCount: 13, Depth: 3
, XOR2: 0, XOR3: 2, XOR4: 11
SLP Heuristic XorCost ASIC1: 61.5
SLP Heuristic XorCost ASIC2: 67.93
SLP Heuristic XorCost ASIC3: 77.15
SLP Heuristic XorCost ASIC4: 75.21
Timestamp: 06-02-2023 18-23-06
y01 = x03 + x05 + x06 + x07 (1) 
y03 = x00 + x03 + x08 + x10 (1) 
y06 = x00 + x01 + x03 + x11 (1) 
t03 = x01 + x02 + x08 + x09 (1) 
y00 = x00 + x03 + x04 + t03 (2) 
y04 = x03 + y03 + y06 + t03 (2) 
y07 = x06 + x09 + y01 + t03 (2) 
y02 = x00 + x11 + y00 + y07 (3) 
y08 = x07 + x10 + t03 (2) 
y05 = x04 + y01 + y08 (3) 
y09 = x04 + y01 + y03 + t03 (2) 
y10 = x04 + x05 + x09 + y09 (3) 
y11 = x02 + y00 + y04 + y07 (3) 
Row: 
11 10 0 2 9 8 7 6 5 4 1 3 
Col: 
7 11 1 2 0 10 4 6 5 8 9 3 

Trial No: 351
SLP Heuristic XorCount: 13, Depth: 3
, XOR2: 0, XOR3: 2, XOR4: 11
SLP Heuristic XorCost ASIC1: 61.5
SLP Heuristic XorCost ASIC2: 67.93
SLP Heuristic XorCost ASIC3: 77.15
SLP Heuristic XorCost ASIC4: 75.21
Timestamp: 06-02-2023 18-23-06
y01 = x03 + x05 + x06 + x07 (1) 
y03 = x00 + x03 + x08 + x10 (1) 
y06 = x00 + x01 + x03 + x11 (1) 
t03 = x01 + x02 + x08 + x09 (1) 
y00 = x00 + x03 + x04 + t03 (2) 
y04 = x03 + y03 + y06 + t03 (2) 
y07 = x06 + x09 + y01 + t03 (2) 
y02 = x00 + x11 + y00 + y07 (3) 
y08 = x07 + x10 + t03 (2) 
y05 = x04 + y01 + y08 (3) 
y09 = x04 + y01 + y03 + t03 (2) 
y10 = x04 + x05 + x09 + y09 (3) 
y11 = x02 + y00 + y04 + y07 (3) 
Row: 
11 10 0 2 9 8 7 6 5 4 1 3 
Col: 
7 11 1 2 0 10 4 6 5 8 9 3 

Trial No: 363
SLP Heuristic XorCount: 13, Depth: 3
, XOR2: 0, XOR3: 2, XOR4: 11
SLP Heuristic XorCost ASIC1: 61.5
SLP Heuristic XorCost ASIC2: 67.93
SLP Heuristic XorCost ASIC3: 77.15
SLP Heuristic XorCost ASIC4: 75.21
Timestamp: 06-02-2023 18-23-06
y01 = x03 + x05 + x06 + x07 (1) 
y03 = x00 + x03 + x08 + x10 (1) 
y06 = x00 + x01 + x03 + x11 (1) 
t03 = x01 + x02 + x08 + x09 (1) 
y00 = x00 + x03 + x04 + t03 (2) 
y04 = x03 + y03 + y06 + t03 (2) 
y07 = x06 + x09 + y01 + t03 (2) 
y02 = x00 + x11 + y00 + y07 (3) 
y08 = x07 + x10 + t03 (2) 
y05 = x04 + y01 + y08 (3) 
y09 = x04 + y01 + y03 + t03 (2) 
y10 = x04 + x05 + x09 + y09 (3) 
y11 = x02 + y00 + y04 + y07 (3) 
Row: 
11 10 0 2 9 8 7 6 5 4 1 3 
Col: 
7 11 1 2 0 10 4 6 5 8 9 3 

Trial No: 389
SLP Heuristic XorCount: 13, Depth: 3
, XOR2: 0, XOR3: 2, XOR4: 11
SLP Heuristic XorCost ASIC1: 61.5
SLP Heuristic XorCost ASIC2: 67.93
SLP Heuristic XorCost ASIC3: 77.15
SLP Heuristic XorCost ASIC4: 75.21
Timestamp: 06-02-2023 18-23-07
y01 = x01 + x06 + x09 + x11 (1) 
y06 = x01 + x05 + x08 + x11 (1) 
y07 = x02 + x03 + x10 + x11 (1) 
t03 = x04 + x05 + x06 + x07 (1) 
y00 = x11 + y01 + y06 + t03 (2) 
y02 = x03 + x07 + y07 + t03 (2) 
y08 = x08 + x10 + t03 (2) 
y04 = x00 + y07 + y08 (3) 
y09 = x00 + x01 + x11 + t03 (2) 
y03 = x02 + x09 + y08 + y09 (3) 
y05 = x01 + x09 + y02 + y09 (3) 
y10 = x00 + y06 + y07 + t03 (2) 
y11 = x00 + x02 + x07 + y10 (3) 
Row: 
9 7 6 3 8 0 2 10 5 11 4 1 
Col: 
0 7 10 4 1 5 11 8 9 3 6 2 

Trial No: 483
SLP Heuristic XorCount: 13, Depth: 3
, XOR2: 0, XOR3: 1, XOR4: 12
SLP Heuristic XorCost ASIC1: 63.25
SLP Heuristic XorCost ASIC2: 69.715
SLP Heuristic XorCost ASIC3: 79.2
SLP Heuristic XorCost ASIC4: 76.54
Timestamp: 06-02-2023 18-23-07
y06 = x00 + x01 + x10 + x11 (1) 
y09 = x00 + x03 + x07 + x11 (1) 
y11 = x02 + x04 + x05 + x11 (1) 
t03 = x01 + x06 + x07 + x08 (1) 
y00 = x02 + x08 + y11 + t03 (2) 
y01 = x09 + y09 + y11 + t03 (2) 
y02 = x02 + x04 + y09 + y00 (3) 
y03 = x00 + x09 + x11 + t03 (2) 
y04 = x00 + x10 + y00 + y03 (3) 
y05 = x11 + y06 + y09 + t03 (2) 
y07 = x03 + x05 + y09 + y01 (3) 
y08 = x06 + y00 + y03 + y05 (3) 
y10 = x03 + x05 + t03 (2) 
Row: 
6 4 1 11 0 9 7 8 3 2 5 10 
Col: 
7 11 4 9 10 6 1 5 8 0 3 2 

