Trial No: 19
SLP Heuristic XorCount: 13, Depth: 3
, XOR2: 0, XOR3: 1, XOR4: 12
SLP Heuristic XorCost ASIC1: 63.25
SLP Heuristic XorCost ASIC2: 69.715
SLP Heuristic XorCost ASIC3: 79.2
SLP Heuristic XorCost ASIC4: 76.54
Timestamp: 06-02-2023 10-33-30
y02 = x01 + x03 + x10 + x11 (1) 
y07 = x00 + x03 + x05 + x07 (1) 
y08 = x00 + x03 + x06 + x08 (1) 
t03 = x04 + x05 + x08 + x09 (1) 
y00 = x09 + x10 + y02 + t03 (2) 
y01 = x03 + y07 + y08 + t03 (2) 
y05 = x02 + y02 + y07 + t03 (2) 
y04 = x01 + x07 + y07 + y05 (3) 
y06 = x01 + x07 + t03 (2) 
y09 = x00 + x02 + x03 + t03 (2) 
y03 = x04 + y00 + y01 + y09 (3) 
y10 = x02 + x09 + x11 + y05 (3) 
y11 = x00 + x06 + y00 + y09 (3) 
Row: 
3 0 1 6 5 7 8 11 4 2 10 9 
Col: 
4 3 9 11 10 8 6 0 2 5 7 1 

Trial No: 35
SLP Heuristic XorCount: 13, Depth: 3
, XOR2: 0, XOR3: 2, XOR4: 11
SLP Heuristic XorCost ASIC1: 61.5
SLP Heuristic XorCost ASIC2: 67.93
SLP Heuristic XorCost ASIC3: 77.15
SLP Heuristic XorCost ASIC4: 75.21
Timestamp: 06-02-2023 10-33-30
y03 = x00 + x01 + x06 + x08 (1) 
y04 = x00 + x01 + x05 + x07 (1) 
y11 = x01 + x03 + x10 + x11 (1) 
t03 = x04 + x05 + x08 + x09 (1) 
y00 = x07 + x11 + t03 (2) 
y02 = x09 + x10 + y11 + t03 (2) 
y06 = x02 + y11 + y00 (3) 
y07 = x00 + x01 + x02 + t03 (2) 
y01 = x03 + x06 + y00 + y07 (3) 
y05 = x00 + x06 + y02 + y07 (3) 
y08 = x02 + y04 + y11 + t03 (2) 
y09 = x01 + y03 + y04 + t03 (2) 
y10 = x02 + x03 + x09 + y08 (3) 
Row: 
8 6 3 4 11 9 5 2 7 0 10 1 
Col: 
4 11 9 1 10 8 6 0 2 5 7 3 

Trial No: 78
SLP Heuristic XorCount: 13, Depth: 3
, XOR2: 0, XOR3: 1, XOR4: 12
SLP Heuristic XorCost ASIC1: 63.25
SLP Heuristic XorCost ASIC2: 69.715
SLP Heuristic XorCost ASIC3: 79.2
SLP Heuristic XorCost ASIC4: 76.54
Timestamp: 06-02-2023 10-33-30
y00 = x07 + x09 + x10 + x11 (1) 
y08 = x01 + x03 + x04 + x11 (1) 
y09 = x05 + x06 + x07 + x11 (1) 
t03 = x00 + x02 + x05 + x09 (1) 
y01 = x08 + y00 + y08 + t03 (2) 
y02 = x03 + x10 + y00 + y01 (3) 
y04 = x11 + y00 + y09 + t03 (2) 
y05 = x02 + x04 + y08 + t03 (2) 
y06 = x07 + x08 + x11 + t03 (2) 
y03 = x06 + x07 + y05 + y06 (3) 
y07 = x00 + y04 + y05 + y06 (3) 
y10 = x01 + x02 + x08 + y01 (3) 
y11 = x03 + x10 + t03 (2) 
Row: 
11 7 5 9 0 3 2 6 1 4 10 8 
Col: 
10 1 5 3 7 2 6 4 9 8 0 11 

Trial No: 80
SLP Heuristic XorCount: 13, Depth: 3
, XOR2: 0, XOR3: 2, XOR4: 11
SLP Heuristic XorCost ASIC1: 61.5
SLP Heuristic XorCost ASIC2: 67.93
SLP Heuristic XorCost ASIC3: 77.15
SLP Heuristic XorCost ASIC4: 75.21
Timestamp: 06-02-2023 10-33-30
y00 = x01 + x03 + x07 + x11 (1) 
y05 = x01 + x02 + x04 + x06 (1) 
y09 = x00 + x01 + x04 + x08 (1) 
t03 = x02 + x05 + x08 + x10 (1) 
y01 = x01 + x04 + x09 + t03 (2) 
y03 = x01 + y05 + y09 + t03 (2) 
y04 = x00 + x11 + t03 (2) 
y06 = x05 + x07 + y00 + t03 (2) 
y02 = x04 + x06 + y01 + y06 (3) 
y07 = x09 + y00 + y04 (3) 
y08 = x03 + x06 + y01 + y04 (3) 
y10 = x03 + x07 + y09 + y06 (3) 
y11 = x00 + x08 + y00 + y01 (3) 
Row: 
1 2 9 0 8 4 3 5 6 11 10 7 
Col: 
0 11 2 1 4 5 6 7 8 9 10 3 

