Trial No: 6
SLP Heuristic XorCount: 13, Depth: 3
, XOR2: 0, XOR3: 2, XOR4: 11
SLP Heuristic XorCost ASIC1: 61.5
SLP Heuristic XorCost ASIC2: 67.93
SLP Heuristic XorCost ASIC3: 77.15
SLP Heuristic XorCost ASIC4: 75.21
Timestamp: 06-02-2023 17-04-55
y02 = x00 + x01 + x08 + x09 (1) 
y06 = x00 + x02 + x04 + x06 (1) 
y10 = x00 + x01 + x05 + x07 (1) 
t03 = x03 + x05 + x09 + x10 (1) 
y01 = x02 + x10 + y06 + t03 (2) 
y03 = x00 + y02 + y10 + t03 (2) 
y05 = x00 + x01 + x11 + t03 (2) 
y00 = x01 + x07 + y01 + y05 (3) 
y04 = x03 + y01 + y03 + y05 (3) 
y07 = x08 + x09 + y06 + y05 (3) 
y08 = x04 + x08 + t03 (2) 
y09 = x02 + x06 + y02 + y01 (3) 
y11 = x11 + y06 + y08 (3) 
Row: 
0 9 2 3 6 5 4 7 8 1 10 11 
Col: 
2 10 7 1 9 5 4 6 3 8 11 0 

Trial No: 9
SLP Heuristic XorCount: 13, Depth: 3
, XOR2: 0, XOR3: 2, XOR4: 11
SLP Heuristic XorCost ASIC1: 61.5
SLP Heuristic XorCost ASIC2: 67.93
SLP Heuristic XorCost ASIC3: 77.15
SLP Heuristic XorCost ASIC4: 75.21
Timestamp: 06-02-2023 17-04-55
y05 = x00 + x07 + x09 + x11 (1) 
y09 = x01 + x08 + x09 + x10 (1) 
y11 = x03 + x05 + x07 + x09 (1) 
t03 = x02 + x05 + x06 + x11 (1) 
y00 = x09 + y05 + y11 + t03 (2) 
y02 = x04 + x07 + x09 + t03 (2) 
y06 = x06 + x08 + y09 + t03 (2) 
y01 = x02 + y00 + y02 + y06 (3) 
y03 = x03 + x07 + y02 + y06 (3) 
y04 = x01 + x08 + y05 + y06 (3) 
y07 = x00 + x10 + t03 (2) 
y08 = x00 + x11 + y09 + y02 (3) 
y10 = x04 + y09 + y07 (3) 
Row: 
3 6 5 0 1 2 9 8 7 4 11 10 
Col: 
3 4 1 6 0 5 11 10 7 2 9 8 

Trial No: 10
SLP Heuristic XorCount: 13, Depth: 3
, XOR2: 0, XOR3: 2, XOR4: 11
SLP Heuristic XorCost ASIC1: 61.5
SLP Heuristic XorCost ASIC2: 67.93
SLP Heuristic XorCost ASIC3: 77.15
SLP Heuristic XorCost ASIC4: 75.21
Timestamp: 06-02-2023 17-04-55
y06 = x03 + x04 + x06 + x08 (1) 
y08 = x00 + x01 + x06 + x10 (1) 
y10 = x00 + x05 + x06 + x09 (1) 
t03 = x01 + x02 + x05 + x11 (1) 
y00 = x07 + y06 + y08 + t03 (2) 
y01 = x02 + x04 + y06 + t03 (2) 
y02 = x06 + y08 + y10 + t03 (2) 
y03 = x03 + x10 + t03 (2) 
y07 = x00 + x06 + x07 + t03 (2) 
y04 = x08 + x09 + y03 + y07 (3) 
y05 = x00 + x09 + y01 + y07 (3) 
y09 = x02 + x07 + x08 + y00 (3) 
y11 = x07 + y06 + y03 (3) 
Row: 
7 9 3 8 6 0 4 5 2 1 10 11 
Col: 
10 8 11 9 7 5 2 0 4 6 3 1 

Trial No: 21
SLP Heuristic XorCount: 13, Depth: 3
, XOR2: 0, XOR3: 2, XOR4: 11
SLP Heuristic XorCost ASIC1: 61.5
SLP Heuristic XorCost ASIC2: 67.93
SLP Heuristic XorCost ASIC3: 77.15
SLP Heuristic XorCost ASIC4: 75.21
Timestamp: 06-02-2023 17-04-55
y05 = x00 + x01 + x06 + x10 (1) 
y09 = x03 + x04 + x06 + x08 (1) 
y11 = x00 + x05 + x06 + x09 (1) 
t03 = x01 + x02 + x05 + x11 (1) 
y00 = x06 + y05 + y11 + t03 (2) 
y02 = x00 + x06 + x07 + t03 (2) 
y06 = x02 + x04 + y09 + t03 (2) 
y01 = x11 + y00 + y02 + y06 (3) 
y03 = x00 + x09 + y02 + y06 (3) 
y04 = x04 + x08 + y05 + y06 (3) 
y07 = x03 + x10 + t03 (2) 
y08 = x01 + x10 + y09 + y02 (3) 
y10 = x07 + y09 + y07 (3) 
Row: 
3 6 5 0 1 2 9 8 7 4 11 10 
Col: 
10 8 11 9 7 5 2 0 4 6 3 1 

Trial No: 22
SLP Heuristic XorCount: 13, Depth: 3
, XOR2: 0, XOR3: 2, XOR4: 11
SLP Heuristic XorCost ASIC1: 61.5
SLP Heuristic XorCost ASIC2: 67.93
SLP Heuristic XorCost ASIC3: 77.15
SLP Heuristic XorCost ASIC4: 75.21
Timestamp: 06-02-2023 17-04-55
y06 = x02 + x04 + x07 + x09 (1) 
y08 = x02 + x03 + x08 + x10 (1) 
y10 = x02 + x05 + x06 + x10 (1) 
t03 = x01 + x05 + x08 + x11 (1) 
y00 = x00 + y06 + y08 + t03 (2) 
y01 = x07 + x11 + y06 + t03 (2) 
y02 = x02 + y08 + y10 + t03 (2) 
y03 = x03 + x09 + t03 (2) 
y07 = x00 + x02 + x10 + t03 (2) 
y04 = x01 + y01 + y02 + y07 (3) 
y05 = x06 + x10 + y01 + y07 (3) 
y09 = x00 + x04 + x11 + y00 (3) 
y11 = x00 + y06 + y03 (3) 
Row: 
7 9 3 8 6 0 4 5 2 1 10 11 
Col: 
0 1 2 3 4 5 6 7 8 9 10 11 

Trial No: 50
SLP Heuristic XorCount: 13, Depth: 3
, XOR2: 0, XOR3: 2, XOR4: 11
SLP Heuristic XorCost ASIC1: 61.5
SLP Heuristic XorCost ASIC2: 67.93
SLP Heuristic XorCost ASIC3: 77.15
SLP Heuristic XorCost ASIC4: 75.21
Timestamp: 06-02-2023 17-04-55
y03 = x00 + x01 + x08 + x09 (1) 
y06 = x00 + x02 + x04 + x06 (1) 
y10 = x00 + x01 + x05 + x07 (1) 
t03 = x03 + x05 + x09 + x10 (1) 
y00 = x00 + x01 + x11 + t03 (2) 
y01 = x02 + x10 + y06 + t03 (2) 
y02 = x04 + x08 + t03 (2) 
y04 = x06 + x07 + y00 + y02 (3) 
y05 = x08 + x09 + y06 + y00 (3) 
y07 = x01 + x07 + y00 + y01 (3) 
y08 = x00 + y03 + y10 + t03 (2) 
y09 = x02 + x06 + y03 + y01 (3) 
y11 = x11 + y06 + y02 (3) 
Row: 
5 9 8 2 6 7 4 0 3 1 10 11 
Col: 
2 10 7 1 9 5 4 6 3 8 11 0 

