Trial No: 260
SLP Heuristic XorCount: 13, Depth: 3
, XOR2: 2, XOR3: 1, XOR4: 10
SLP Heuristic XorCost ASIC1: 57.25
SLP Heuristic XorCost ASIC2: 62.677
SLP Heuristic XorCost ASIC3: 71.7
SLP Heuristic XorCost ASIC4: 71.22
Timestamp: 06-02-2023 11-45-10
y00 = x04 + x06 + x08 + x09 (1) 
y03 = x03 + x08 + x10 + x11 (1) 
y10 = x04 + x05 + x06 + x07 (1) 
t03 = x01 + x02 + x04 + x10 (1) 
y01 = x05 + x08 + y10 + t03 (2) 
y04 = x00 + x03 + x11 + t03 (2) 
y02 = x01 + x06 + y01 + y04 (3) 
y05 = x07 + y10 + t03 (2) 
y07 = x00 + y03 + y01 + y05 (3) 
y08 = x05 + y00 + y03 + t03 (2) 
y06 = x05 + y04 + y05 + y08 (3) 
y09 = x06 + y04 (3) 
y11 = x03 + y08 (3) 
Row: 
0 4 8 9 5 2 10 1 3 6 11 7 
Col: 
5 10 2 9 0 3 11 8 4 7 6 1 

Trial No: 281
SLP Heuristic XorCount: 13, Depth: 3
, XOR2: 2, XOR3: 1, XOR4: 10
SLP Heuristic XorCost ASIC1: 57.25
SLP Heuristic XorCost ASIC2: 62.677
SLP Heuristic XorCost ASIC3: 71.7
SLP Heuristic XorCost ASIC4: 71.22
Timestamp: 06-02-2023 11-45-10
y04 = x01 + x02 + x04 + x10 (1) 
y05 = x02 + x07 + x10 + x11 (1) 
y06 = x04 + x05 + x06 + x09 (1) 
t03 = x03 + x05 + x08 + x10 (1) 
y01 = x01 + x11 + y04 + t03 (2) 
y02 = x00 + x06 + x09 + t03 (2) 
y03 = x02 + x08 + y01 + y02 (3) 
y07 = x02 + y02 (3) 
y08 = x07 + y04 + y06 + t03 (2) 
y00 = x09 + y08 (3) 
y09 = x11 + y05 + t03 (2) 
y10 = x07 + y02 + y08 + y09 (3) 
y11 = x00 + y06 + y01 + y09 (3) 
Row: 
7 4 5 8 0 11 9 6 3 2 10 1 
Col: 
5 7 11 2 4 6 1 3 10 9 0 8 

Trial No: 300
SLP Heuristic XorCount: 13, Depth: 3
, XOR2: 2, XOR3: 1, XOR4: 10
SLP Heuristic XorCost ASIC1: 57.25
SLP Heuristic XorCost ASIC2: 62.677
SLP Heuristic XorCost ASIC3: 71.7
SLP Heuristic XorCost ASIC4: 71.22
Timestamp: 06-02-2023 11-45-10
y00 = x01 + x07 + x10 + x11 (1) 
y03 = x04 + x06 + x07 + x09 (1) 
y10 = x01 + x02 + x03 + x11 (1) 
t03 = x05 + x06 + x08 + x11 (1) 
y01 = x02 + x07 + y10 + t03 (2) 
y04 = x00 + x04 + x09 + t03 (2) 
y02 = x01 + x05 + y01 + y04 (3) 
y05 = x03 + y10 + t03 (2) 
y07 = x00 + y03 + y01 + y05 (3) 
y08 = x02 + y00 + y03 + t03 (2) 
y06 = x02 + y04 + y05 + y08 (3) 
y09 = x01 + y04 (3) 
y11 = x04 + y08 (3) 
Row: 
0 4 8 9 5 2 10 1 3 6 11 7 
Col: 
5 11 3 8 9 10 6 4 2 1 7 0 

Trial No: 301
SLP Heuristic XorCount: 13, Depth: 3
, XOR2: 2, XOR3: 1, XOR4: 10
SLP Heuristic XorCost ASIC1: 57.25
SLP Heuristic XorCost ASIC2: 62.677
SLP Heuristic XorCost ASIC3: 71.7
SLP Heuristic XorCost ASIC4: 71.22
Timestamp: 06-02-2023 11-45-10
y04 = x04 + x05 + x07 + x09 (1) 
y05 = x02 + x06 + x07 + x09 (1) 
y06 = x03 + x05 + x08 + x11 (1) 
t03 = x01 + x07 + x10 + x11 (1) 
y01 = x02 + x04 + y04 + t03 (2) 
y02 = x00 + x03 + x08 + t03 (2) 
y03 = x09 + x10 + y01 + y02 (3) 
y07 = x09 + y02 (3) 
y08 = x06 + y04 + y06 + t03 (2) 
y00 = x08 + y08 (3) 
y09 = x02 + y05 + t03 (2) 
y10 = x06 + y02 + y08 + y09 (3) 
y11 = x00 + y06 + y01 + y09 (3) 
Row: 
7 4 5 8 0 11 9 6 3 2 10 1 
Col: 
5 2 8 1 7 4 3 0 9 11 10 6 

Trial No: 311
SLP Heuristic XorCount: 13, Depth: 3
, XOR2: 2, XOR3: 1, XOR4: 10
SLP Heuristic XorCost ASIC1: 57.25
SLP Heuristic XorCost ASIC2: 62.677
SLP Heuristic XorCost ASIC3: 71.7
SLP Heuristic XorCost ASIC4: 71.22
Timestamp: 06-02-2023 11-45-10
y04 = x01 + x07 + x10 + x11 (1) 
y05 = x01 + x02 + x03 + x11 (1) 
y06 = x04 + x06 + x07 + x09 (1) 
t03 = x05 + x06 + x08 + x11 (1) 
y01 = x02 + x07 + y05 + t03 (2) 
y02 = x00 + x04 + x09 + t03 (2) 
y03 = x01 + x05 + y01 + y02 (3) 
y07 = x01 + y02 (3) 
y08 = x02 + y04 + y06 + t03 (2) 
y00 = x04 + y08 (3) 
y09 = x03 + y05 + t03 (2) 
y10 = x02 + y02 + y08 + y09 (3) 
y11 = x00 + y06 + y01 + y09 (3) 
Row: 
7 4 5 8 0 11 9 6 3 2 10 1 
Col: 
5 11 3 8 9 10 6 4 2 1 7 0 

Trial No: 321
SLP Heuristic XorCount: 13, Depth: 3
, XOR2: 2, XOR3: 1, XOR4: 10
SLP Heuristic XorCost ASIC1: 57.25
SLP Heuristic XorCost ASIC2: 62.677
SLP Heuristic XorCost ASIC3: 71.7
SLP Heuristic XorCost ASIC4: 71.22
Timestamp: 06-02-2023 11-45-10
y04 = x05 + x06 + x08 + x11 (1) 
y05 = x03 + x06 + x08 + x09 (1) 
y06 = x01 + x02 + x10 + x11 (1) 
t03 = x02 + x04 + x06 + x07 (1) 
y01 = x03 + x11 + y05 + t03 (2) 
y02 = x00 + x01 + x10 + t03 (2) 
y03 = x07 + x08 + y01 + y02 (3) 
y07 = x08 + y02 (3) 
y08 = x03 + y04 + y06 + t03 (2) 
y00 = x10 + y08 (3) 
y09 = x09 + y05 + t03 (2) 
y10 = x03 + y02 + y08 + y09 (3) 
y11 = x00 + y06 + y01 + y09 (3) 
Row: 
7 4 5 8 0 11 9 6 3 2 10 1 
Col: 
5 1 6 3 2 7 0 10 11 8 9 4 

Trial No: 330
SLP Heuristic XorCount: 13, Depth: 3
, XOR2: 2, XOR3: 1, XOR4: 10
SLP Heuristic XorCost ASIC1: 57.25
SLP Heuristic XorCost ASIC2: 62.677
SLP Heuristic XorCost ASIC3: 71.7
SLP Heuristic XorCost ASIC4: 71.22
Timestamp: 06-02-2023 11-45-10
y00 = x02 + x03 + x10 + x11 (1) 
y03 = x02 + x04 + x07 + x09 (1) 
y10 = x01 + x03 + x08 + x10 (1) 
t03 = x03 + x05 + x06 + x09 (1) 
y01 = x01 + x02 + y10 + t03 (2) 
y04 = x00 + x04 + x07 + t03 (2) 
y02 = x06 + x10 + y01 + y04 (3) 
y05 = x08 + y10 + t03 (2) 
y07 = x00 + y03 + y01 + y05 (3) 
y08 = x01 + y00 + y03 + t03 (2) 
y06 = x01 + y04 + y05 + y08 (3) 
y09 = x10 + y04 (3) 
y11 = x07 + y08 (3) 
Row: 
0 4 8 9 5 2 10 1 3 6 11 7 
Col: 
5 3 4 0 1 2 10 9 8 6 11 7 

Trial No: 341
SLP Heuristic XorCount: 13, Depth: 3
, XOR2: 2, XOR3: 1, XOR4: 10
SLP Heuristic XorCost ASIC1: 57.25
SLP Heuristic XorCost ASIC2: 62.677
SLP Heuristic XorCost ASIC3: 71.7
SLP Heuristic XorCost ASIC4: 71.22
Timestamp: 06-02-2023 11-45-10
y04 = x02 + x03 + x10 + x11 (1) 
y05 = x01 + x03 + x08 + x10 (1) 
y06 = x02 + x04 + x07 + x09 (1) 
t03 = x03 + x05 + x06 + x09 (1) 
y01 = x01 + x02 + y05 + t03 (2) 
y02 = x00 + x04 + x07 + t03 (2) 
y03 = x06 + x10 + y01 + y02 (3) 
y07 = x10 + y02 (3) 
y08 = x01 + y04 + y06 + t03 (2) 
y00 = x07 + y08 (3) 
y09 = x08 + y05 + t03 (2) 
y10 = x01 + y02 + y08 + y09 (3) 
y11 = x00 + y06 + y01 + y09 (3) 
Row: 
7 4 5 8 0 11 9 6 3 2 10 1 
Col: 
5 3 4 0 1 2 10 9 8 6 11 7 

Trial No: 351
SLP Heuristic XorCount: 13, Depth: 3
, XOR2: 2, XOR3: 1, XOR4: 10
SLP Heuristic XorCost ASIC1: 57.25
SLP Heuristic XorCost ASIC2: 62.677
SLP Heuristic XorCost ASIC3: 71.7
SLP Heuristic XorCost ASIC4: 71.22
Timestamp: 06-02-2023 11-45-10
y04 = x03 + x05 + x06 + x09 (1) 
y05 = x04 + x05 + x08 + x09 (1) 
y06 = x01 + x03 + x10 + x11 (1) 
t03 = x01 + x02 + x07 + x09 (1) 
y01 = x03 + x08 + y05 + t03 (2) 
y02 = x00 + x10 + x11 + t03 (2) 
y03 = x02 + x05 + y01 + y02 (3) 
y07 = x05 + y02 (3) 
y08 = x08 + y04 + y06 + t03 (2) 
y00 = x11 + y08 (3) 
y09 = x04 + y05 + t03 (2) 
y10 = x08 + y02 + y08 + y09 (3) 
y11 = x00 + y06 + y01 + y09 (3) 
Row: 
7 4 5 8 0 11 9 6 3 2 10 1 
Col: 
5 6 10 4 8 11 7 2 3 0 1 9 

Trial No: 370
SLP Heuristic XorCount: 13, Depth: 3
, XOR2: 2, XOR3: 1, XOR4: 10
SLP Heuristic XorCost ASIC1: 57.25
SLP Heuristic XorCost ASIC2: 62.677
SLP Heuristic XorCost ASIC3: 71.7
SLP Heuristic XorCost ASIC4: 71.22
Timestamp: 06-02-2023 11-45-10
y00 = x04 + x06 + x08 + x09 (1) 
y03 = x03 + x08 + x10 + x11 (1) 
y10 = x04 + x05 + x06 + x07 (1) 
t03 = x01 + x02 + x04 + x10 (1) 
y01 = x05 + x08 + y10 + t03 (2) 
y04 = x00 + x03 + x11 + t03 (2) 
y02 = x01 + x06 + y01 + y04 (3) 
y05 = x07 + y10 + t03 (2) 
y07 = x00 + y03 + y01 + y05 (3) 
y08 = x05 + y00 + y03 + t03 (2) 
y06 = x05 + y04 + y05 + y08 (3) 
y09 = x06 + y04 (3) 
y11 = x03 + y08 (3) 
Row: 
0 4 8 9 5 2 10 1 3 6 11 7 
Col: 
5 10 2 9 0 3 11 8 4 7 6 1 

Trial No: 391
SLP Heuristic XorCount: 13, Depth: 3
, XOR2: 2, XOR3: 1, XOR4: 10
SLP Heuristic XorCost ASIC1: 57.25
SLP Heuristic XorCost ASIC2: 62.677
SLP Heuristic XorCost ASIC3: 71.7
SLP Heuristic XorCost ASIC4: 71.22
Timestamp: 06-02-2023 11-45-10
y04 = x01 + x02 + x04 + x10 (1) 
y05 = x02 + x07 + x10 + x11 (1) 
y06 = x04 + x05 + x06 + x09 (1) 
t03 = x03 + x05 + x08 + x10 (1) 
y01 = x01 + x11 + y04 + t03 (2) 
y02 = x00 + x06 + x09 + t03 (2) 
y03 = x02 + x08 + y01 + y02 (3) 
y07 = x02 + y02 (3) 
y08 = x07 + y04 + y06 + t03 (2) 
y00 = x09 + y08 (3) 
y09 = x11 + y05 + t03 (2) 
y10 = x07 + y02 + y08 + y09 (3) 
y11 = x00 + y06 + y01 + y09 (3) 
Row: 
7 4 5 8 0 11 9 6 3 2 10 1 
Col: 
5 7 11 2 4 6 1 3 10 9 0 8 

Trial No: 410
SLP Heuristic XorCount: 13, Depth: 3
, XOR2: 2, XOR3: 1, XOR4: 10
SLP Heuristic XorCost ASIC1: 57.25
SLP Heuristic XorCost ASIC2: 62.677
SLP Heuristic XorCost ASIC3: 71.7
SLP Heuristic XorCost ASIC4: 71.22
Timestamp: 06-02-2023 11-45-10
y00 = x01 + x07 + x10 + x11 (1) 
y03 = x04 + x06 + x07 + x09 (1) 
y10 = x01 + x02 + x03 + x11 (1) 
t03 = x05 + x06 + x08 + x11 (1) 
y01 = x02 + x07 + y10 + t03 (2) 
y04 = x00 + x04 + x09 + t03 (2) 
y02 = x01 + x05 + y01 + y04 (3) 
y05 = x03 + y10 + t03 (2) 
y07 = x00 + y03 + y01 + y05 (3) 
y08 = x02 + y00 + y03 + t03 (2) 
y06 = x02 + y04 + y05 + y08 (3) 
y09 = x01 + y04 (3) 
y11 = x04 + y08 (3) 
Row: 
0 4 8 9 5 2 10 1 3 6 11 7 
Col: 
5 11 3 8 9 10 6 4 2 1 7 0 

Trial No: 411
SLP Heuristic XorCount: 13, Depth: 3
, XOR2: 2, XOR3: 1, XOR4: 10
SLP Heuristic XorCost ASIC1: 57.25
SLP Heuristic XorCost ASIC2: 62.677
SLP Heuristic XorCost ASIC3: 71.7
SLP Heuristic XorCost ASIC4: 71.22
Timestamp: 06-02-2023 11-45-10
y04 = x04 + x05 + x07 + x09 (1) 
y05 = x02 + x06 + x07 + x09 (1) 
y06 = x03 + x05 + x08 + x11 (1) 
t03 = x01 + x07 + x10 + x11 (1) 
y01 = x02 + x04 + y04 + t03 (2) 
y02 = x00 + x03 + x08 + t03 (2) 
y03 = x09 + x10 + y01 + y02 (3) 
y07 = x09 + y02 (3) 
y08 = x06 + y04 + y06 + t03 (2) 
y00 = x08 + y08 (3) 
y09 = x02 + y05 + t03 (2) 
y10 = x06 + y02 + y08 + y09 (3) 
y11 = x00 + y06 + y01 + y09 (3) 
Row: 
7 4 5 8 0 11 9 6 3 2 10 1 
Col: 
5 2 8 1 7 4 3 0 9 11 10 6 

Trial No: 421
SLP Heuristic XorCount: 13, Depth: 3
, XOR2: 2, XOR3: 1, XOR4: 10
SLP Heuristic XorCost ASIC1: 57.25
SLP Heuristic XorCost ASIC2: 62.677
SLP Heuristic XorCost ASIC3: 71.7
SLP Heuristic XorCost ASIC4: 71.22
Timestamp: 06-02-2023 11-45-10
y04 = x01 + x07 + x10 + x11 (1) 
y05 = x01 + x02 + x03 + x11 (1) 
y06 = x04 + x06 + x07 + x09 (1) 
t03 = x05 + x06 + x08 + x11 (1) 
y01 = x02 + x07 + y05 + t03 (2) 
y02 = x00 + x04 + x09 + t03 (2) 
y03 = x01 + x05 + y01 + y02 (3) 
y07 = x01 + y02 (3) 
y08 = x02 + y04 + y06 + t03 (2) 
y00 = x04 + y08 (3) 
y09 = x03 + y05 + t03 (2) 
y10 = x02 + y02 + y08 + y09 (3) 
y11 = x00 + y06 + y01 + y09 (3) 
Row: 
7 4 5 8 0 11 9 6 3 2 10 1 
Col: 
5 11 3 8 9 10 6 4 2 1 7 0 

Trial No: 431
SLP Heuristic XorCount: 13, Depth: 3
, XOR2: 2, XOR3: 1, XOR4: 10
SLP Heuristic XorCost ASIC1: 57.25
SLP Heuristic XorCost ASIC2: 62.677
SLP Heuristic XorCost ASIC3: 71.7
SLP Heuristic XorCost ASIC4: 71.22
Timestamp: 06-02-2023 11-45-10
y04 = x05 + x06 + x08 + x11 (1) 
y05 = x03 + x06 + x08 + x09 (1) 
y06 = x01 + x02 + x10 + x11 (1) 
t03 = x02 + x04 + x06 + x07 (1) 
y01 = x03 + x11 + y05 + t03 (2) 
y02 = x00 + x01 + x10 + t03 (2) 
y03 = x07 + x08 + y01 + y02 (3) 
y07 = x08 + y02 (3) 
y08 = x03 + y04 + y06 + t03 (2) 
y00 = x10 + y08 (3) 
y09 = x09 + y05 + t03 (2) 
y10 = x03 + y02 + y08 + y09 (3) 
y11 = x00 + y06 + y01 + y09 (3) 
Row: 
7 4 5 8 0 11 9 6 3 2 10 1 
Col: 
5 1 6 3 2 7 0 10 11 8 9 4 

Trial No: 440
SLP Heuristic XorCount: 13, Depth: 3
, XOR2: 2, XOR3: 1, XOR4: 10
SLP Heuristic XorCost ASIC1: 57.25
SLP Heuristic XorCost ASIC2: 62.677
SLP Heuristic XorCost ASIC3: 71.7
SLP Heuristic XorCost ASIC4: 71.22
Timestamp: 06-02-2023 11-45-10
y00 = x02 + x03 + x10 + x11 (1) 
y03 = x02 + x04 + x07 + x09 (1) 
y10 = x01 + x03 + x08 + x10 (1) 
t03 = x03 + x05 + x06 + x09 (1) 
y01 = x01 + x02 + y10 + t03 (2) 
y04 = x00 + x04 + x07 + t03 (2) 
y02 = x06 + x10 + y01 + y04 (3) 
y05 = x08 + y10 + t03 (2) 
y07 = x00 + y03 + y01 + y05 (3) 
y08 = x01 + y00 + y03 + t03 (2) 
y06 = x01 + y04 + y05 + y08 (3) 
y09 = x10 + y04 (3) 
y11 = x07 + y08 (3) 
Row: 
0 4 8 9 5 2 10 1 3 6 11 7 
Col: 
5 3 4 0 1 2 10 9 8 6 11 7 

Trial No: 451
SLP Heuristic XorCount: 13, Depth: 3
, XOR2: 2, XOR3: 1, XOR4: 10
SLP Heuristic XorCost ASIC1: 57.25
SLP Heuristic XorCost ASIC2: 62.677
SLP Heuristic XorCost ASIC3: 71.7
SLP Heuristic XorCost ASIC4: 71.22
Timestamp: 06-02-2023 11-45-10
y04 = x02 + x03 + x10 + x11 (1) 
y05 = x01 + x03 + x08 + x10 (1) 
y06 = x02 + x04 + x07 + x09 (1) 
t03 = x03 + x05 + x06 + x09 (1) 
y01 = x01 + x02 + y05 + t03 (2) 
y02 = x00 + x04 + x07 + t03 (2) 
y03 = x06 + x10 + y01 + y02 (3) 
y07 = x10 + y02 (3) 
y08 = x01 + y04 + y06 + t03 (2) 
y00 = x07 + y08 (3) 
y09 = x08 + y05 + t03 (2) 
y10 = x01 + y02 + y08 + y09 (3) 
y11 = x00 + y06 + y01 + y09 (3) 
Row: 
7 4 5 8 0 11 9 6 3 2 10 1 
Col: 
5 3 4 0 1 2 10 9 8 6 11 7 

Trial No: 461
SLP Heuristic XorCount: 13, Depth: 3
, XOR2: 2, XOR3: 1, XOR4: 10
SLP Heuristic XorCost ASIC1: 57.25
SLP Heuristic XorCost ASIC2: 62.677
SLP Heuristic XorCost ASIC3: 71.7
SLP Heuristic XorCost ASIC4: 71.22
Timestamp: 06-02-2023 11-45-10
y04 = x03 + x05 + x06 + x09 (1) 
y05 = x04 + x05 + x08 + x09 (1) 
y06 = x01 + x03 + x10 + x11 (1) 
t03 = x01 + x02 + x07 + x09 (1) 
y01 = x03 + x08 + y05 + t03 (2) 
y02 = x00 + x10 + x11 + t03 (2) 
y03 = x02 + x05 + y01 + y02 (3) 
y07 = x05 + y02 (3) 
y08 = x08 + y04 + y06 + t03 (2) 
y00 = x11 + y08 (3) 
y09 = x04 + y05 + t03 (2) 
y10 = x08 + y02 + y08 + y09 (3) 
y11 = x00 + y06 + y01 + y09 (3) 
Row: 
7 4 5 8 0 11 9 6 3 2 10 1 
Col: 
5 6 10 4 8 11 7 2 3 0 1 9 

Trial No: 480
SLP Heuristic XorCount: 13, Depth: 3
, XOR2: 2, XOR3: 1, XOR4: 10
SLP Heuristic XorCost ASIC1: 57.25
SLP Heuristic XorCost ASIC2: 62.677
SLP Heuristic XorCost ASIC3: 71.7
SLP Heuristic XorCost ASIC4: 71.22
Timestamp: 06-02-2023 11-45-10
y00 = x04 + x06 + x08 + x09 (1) 
y03 = x03 + x08 + x10 + x11 (1) 
y10 = x04 + x05 + x06 + x07 (1) 
t03 = x01 + x02 + x04 + x10 (1) 
y01 = x05 + x08 + y10 + t03 (2) 
y04 = x00 + x03 + x11 + t03 (2) 
y02 = x01 + x06 + y01 + y04 (3) 
y05 = x07 + y10 + t03 (2) 
y07 = x00 + y03 + y01 + y05 (3) 
y08 = x05 + y00 + y03 + t03 (2) 
y06 = x05 + y04 + y05 + y08 (3) 
y09 = x06 + y04 (3) 
y11 = x03 + y08 (3) 
Row: 
0 4 8 9 5 2 10 1 3 6 11 7 
Col: 
5 10 2 9 0 3 11 8 4 7 6 1 

