Trial No: 53
SLP Heuristic XorCount: 13, Depth: 3
, XOR2: 0, XOR3: 2, XOR4: 11
SLP Heuristic XorCost ASIC1: 61.5
SLP Heuristic XorCost ASIC2: 67.93
SLP Heuristic XorCost ASIC3: 77.15
SLP Heuristic XorCost ASIC4: 75.21
Timestamp: 06-02-2023 18-49-11
y02 = x00 + x05 + x06 + x07 (1) 
y05 = x00 + x03 + x04 + x05 (1) 
y10 = x01 + x05 + x10 + x11 (1) 
t03 = x03 + x07 + x08 + x09 (1) 
y00 = x02 + y02 + y10 + t03 (2) 
y01 = x01 + x06 + t03 (2) 
y03 = x02 + x09 + x11 + y00 (3) 
y04 = x09 + x10 + y10 + t03 (2) 
y06 = x00 + x02 + x05 + t03 (2) 
y07 = x05 + y02 + y05 + t03 (2) 
y08 = x02 + y10 + y01 (3) 
y09 = x00 + x04 + y04 + y06 (3) 
y11 = x04 + x11 + y01 + y06 (3) 
Row: 
1 2 8 7 3 4 11 9 5 6 10 0 
Col: 
4 3 6 11 0 8 9 2 7 5 1 10 

Trial No: 83
SLP Heuristic XorCount: 13, Depth: 3
, XOR2: 0, XOR3: 2, XOR4: 11
SLP Heuristic XorCost ASIC1: 61.5
SLP Heuristic XorCost ASIC2: 67.93
SLP Heuristic XorCost ASIC3: 77.15
SLP Heuristic XorCost ASIC4: 75.21
Timestamp: 06-02-2023 18-49-11
y03 = x00 + x05 + x06 + x07 (1) 
y09 = x00 + x04 + x05 + x10 (1) 
y10 = x01 + x03 + x05 + x11 (1) 
t03 = x07 + x08 + x09 + x10 (1) 
y00 = x05 + y03 + y09 + t03 (2) 
y02 = x00 + x02 + x05 + t03 (2) 
y04 = x06 + x11 + t03 (2) 
y05 = x02 + y03 + y10 + t03 (2) 
y06 = x03 + x09 + y10 + t03 (2) 
y01 = x00 + x04 + y02 + y06 (3) 
y07 = x02 + y10 + y04 (3) 
y08 = x01 + x04 + y02 + y04 (3) 
y11 = x01 + x02 + x09 + y05 (3) 
Row: 
9 6 11 8 2 1 3 5 0 4 10 7 
Col: 
4 10 6 1 0 8 9 2 7 5 11 3 

Trial No: 97
SLP Heuristic XorCount: 13, Depth: 3
, XOR2: 0, XOR3: 2, XOR4: 11
SLP Heuristic XorCost ASIC1: 61.5
SLP Heuristic XorCost ASIC2: 67.93
SLP Heuristic XorCost ASIC3: 77.15
SLP Heuristic XorCost ASIC4: 75.21
Timestamp: 06-02-2023 18-49-11
y02 = x00 + x05 + x06 + x07 (1) 
y05 = x00 + x03 + x04 + x07 (1) 
y10 = x01 + x07 + x10 + x11 (1) 
t03 = x02 + x03 + x06 + x08 (1) 
y00 = x09 + y02 + y10 + t03 (2) 
y01 = x01 + x05 + t03 (2) 
y03 = x08 + x09 + x11 + y00 (3) 
y04 = x08 + x10 + y10 + t03 (2) 
y06 = x00 + x07 + x09 + t03 (2) 
y07 = x07 + y02 + y05 + t03 (2) 
y08 = x09 + y10 + y01 (3) 
y09 = x00 + x04 + y04 + y06 (3) 
y11 = x02 + y04 + y06 + y07 (3) 
Row: 
1 2 8 7 3 4 11 9 5 6 10 0 
Col: 
4 3 7 11 0 9 2 8 5 6 1 10 

Trial No: 101
SLP Heuristic XorCount: 13, Depth: 3
, XOR2: 0, XOR3: 1, XOR4: 12
SLP Heuristic XorCost ASIC1: 63.25
SLP Heuristic XorCost ASIC2: 69.715
SLP Heuristic XorCost ASIC3: 79.2
SLP Heuristic XorCost ASIC4: 76.54
Timestamp: 06-02-2023 18-49-11
y03 = x00 + x03 + x04 + x05 (1) 
y05 = x00 + x05 + x06 + x07 (1) 
y10 = x01 + x05 + x10 + x11 (1) 
t03 = x03 + x07 + x08 + x09 (1) 
y00 = x00 + x02 + x05 + t03 (2) 
y02 = x02 + y05 + y10 + t03 (2) 
y04 = x01 + x06 + y05 + y02 (3) 
y06 = x05 + y03 + y05 + t03 (2) 
y07 = x09 + x10 + y10 + t03 (2) 
y01 = x08 + y00 + y06 + y07 (3) 
y08 = x01 + x06 + t03 (2) 
y09 = x02 + x09 + x11 + y02 (3) 
y11 = x00 + x04 + y00 + y07 (3) 
Row: 
11 0 1 4 5 8 9 3 2 7 10 6 
Col: 
4 3 6 11 0 8 9 2 7 5 1 10 

Trial No: 127
SLP Heuristic XorCount: 13, Depth: 3
, XOR2: 0, XOR3: 2, XOR4: 11
SLP Heuristic XorCost ASIC1: 61.5
SLP Heuristic XorCost ASIC2: 67.93
SLP Heuristic XorCost ASIC3: 77.15
SLP Heuristic XorCost ASIC4: 75.21
Timestamp: 06-02-2023 18-49-11
y03 = x00 + x05 + x06 + x07 (1) 
y09 = x00 + x04 + x07 + x10 (1) 
y10 = x01 + x03 + x07 + x11 (1) 
t03 = x02 + x06 + x08 + x10 (1) 
y00 = x07 + y03 + y09 + t03 (2) 
y02 = x00 + x07 + x09 + t03 (2) 
y04 = x05 + x11 + t03 (2) 
y05 = x05 + x06 + y10 + y02 (3) 
y06 = x03 + x08 + y10 + t03 (2) 
y01 = x00 + x04 + y02 + y06 (3) 
y07 = x09 + y10 + y04 (3) 
y08 = x01 + x04 + y02 + y04 (3) 
y11 = x01 + x03 + y03 + y06 (3) 
Row: 
9 6 11 8 2 1 3 5 0 4 10 7 
Col: 
4 10 7 1 0 9 2 8 5 6 11 3 

Trial No: 185
SLP Heuristic XorCount: 13, Depth: 3
, XOR2: 0, XOR3: 2, XOR4: 11
SLP Heuristic XorCost ASIC1: 61.5
SLP Heuristic XorCost ASIC2: 67.93
SLP Heuristic XorCost ASIC3: 77.15
SLP Heuristic XorCost ASIC4: 75.21
Timestamp: 06-02-2023 18-49-11
y02 = x00 + x05 + x06 + x07 (1) 
y05 = x00 + x03 + x04 + x05 (1) 
y10 = x01 + x05 + x10 + x11 (1) 
t03 = x03 + x07 + x08 + x09 (1) 
y00 = x02 + y02 + y10 + t03 (2) 
y01 = x01 + x06 + t03 (2) 
y03 = x02 + x09 + x11 + y00 (3) 
y04 = x09 + x10 + y10 + t03 (2) 
y06 = x00 + x02 + x05 + t03 (2) 
y07 = x05 + y02 + y05 + t03 (2) 
y08 = x02 + y10 + y01 (3) 
y09 = x00 + x04 + y04 + y06 (3) 
y11 = x04 + x11 + y01 + y06 (3) 
Row: 
1 2 8 7 3 4 11 9 5 6 10 0 
Col: 
4 3 6 11 0 8 9 2 7 5 1 10 

Trial No: 215
SLP Heuristic XorCount: 13, Depth: 3
, XOR2: 0, XOR3: 2, XOR4: 11
SLP Heuristic XorCost ASIC1: 61.5
SLP Heuristic XorCost ASIC2: 67.93
SLP Heuristic XorCost ASIC3: 77.15
SLP Heuristic XorCost ASIC4: 75.21
Timestamp: 06-02-2023 18-49-11
y03 = x00 + x05 + x06 + x07 (1) 
y09 = x00 + x04 + x05 + x10 (1) 
y10 = x01 + x03 + x05 + x11 (1) 
t03 = x07 + x08 + x09 + x10 (1) 
y00 = x05 + y03 + y09 + t03 (2) 
y02 = x00 + x02 + x05 + t03 (2) 
y04 = x06 + x11 + t03 (2) 
y05 = x02 + y03 + y10 + t03 (2) 
y06 = x03 + x09 + y10 + t03 (2) 
y01 = x00 + x04 + y02 + y06 (3) 
y07 = x02 + y10 + y04 (3) 
y08 = x01 + x04 + y02 + y04 (3) 
y11 = x01 + x02 + x09 + y05 (3) 
Row: 
9 6 11 8 2 1 3 5 0 4 10 7 
Col: 
4 10 6 1 0 8 9 2 7 5 11 3 

Trial No: 229
SLP Heuristic XorCount: 13, Depth: 3
, XOR2: 0, XOR3: 2, XOR4: 11
SLP Heuristic XorCost ASIC1: 61.5
SLP Heuristic XorCost ASIC2: 67.93
SLP Heuristic XorCost ASIC3: 77.15
SLP Heuristic XorCost ASIC4: 75.21
Timestamp: 06-02-2023 18-49-11
y02 = x00 + x05 + x06 + x07 (1) 
y05 = x00 + x03 + x04 + x07 (1) 
y10 = x01 + x07 + x10 + x11 (1) 
t03 = x02 + x03 + x06 + x08 (1) 
y00 = x09 + y02 + y10 + t03 (2) 
y01 = x01 + x05 + t03 (2) 
y03 = x08 + x09 + x11 + y00 (3) 
y04 = x08 + x10 + y10 + t03 (2) 
y06 = x00 + x07 + x09 + t03 (2) 
y07 = x07 + y02 + y05 + t03 (2) 
y08 = x09 + y10 + y01 (3) 
y09 = x00 + x04 + y04 + y06 (3) 
y11 = x02 + y04 + y06 + y07 (3) 
Row: 
1 2 8 7 3 4 11 9 5 6 10 0 
Col: 
4 3 7 11 0 9 2 8 5 6 1 10 

Trial No: 233
SLP Heuristic XorCount: 13, Depth: 3
, XOR2: 0, XOR3: 1, XOR4: 12
SLP Heuristic XorCost ASIC1: 63.25
SLP Heuristic XorCost ASIC2: 69.715
SLP Heuristic XorCost ASIC3: 79.2
SLP Heuristic XorCost ASIC4: 76.54
Timestamp: 06-02-2023 18-49-11
y03 = x00 + x03 + x04 + x05 (1) 
y05 = x00 + x05 + x06 + x07 (1) 
y10 = x01 + x05 + x10 + x11 (1) 
t03 = x03 + x07 + x08 + x09 (1) 
y00 = x00 + x02 + x05 + t03 (2) 
y02 = x02 + y05 + y10 + t03 (2) 
y04 = x01 + x06 + y05 + y02 (3) 
y06 = x05 + y03 + y05 + t03 (2) 
y07 = x09 + x10 + y10 + t03 (2) 
y01 = x08 + y00 + y06 + y07 (3) 
y08 = x01 + x06 + t03 (2) 
y09 = x02 + x09 + x11 + y02 (3) 
y11 = x00 + x04 + y00 + y07 (3) 
Row: 
11 0 1 4 5 8 9 3 2 7 10 6 
Col: 
4 3 6 11 0 8 9 2 7 5 1 10 

Trial No: 259
SLP Heuristic XorCount: 13, Depth: 3
, XOR2: 0, XOR3: 2, XOR4: 11
SLP Heuristic XorCost ASIC1: 61.5
SLP Heuristic XorCost ASIC2: 67.93
SLP Heuristic XorCost ASIC3: 77.15
SLP Heuristic XorCost ASIC4: 75.21
Timestamp: 06-02-2023 18-49-11
y03 = x00 + x05 + x06 + x07 (1) 
y09 = x00 + x04 + x07 + x10 (1) 
y10 = x01 + x03 + x07 + x11 (1) 
t03 = x02 + x06 + x08 + x10 (1) 
y00 = x07 + y03 + y09 + t03 (2) 
y02 = x00 + x07 + x09 + t03 (2) 
y04 = x05 + x11 + t03 (2) 
y05 = x05 + x06 + y10 + y02 (3) 
y06 = x03 + x08 + y10 + t03 (2) 
y01 = x00 + x04 + y02 + y06 (3) 
y07 = x09 + y10 + y04 (3) 
y08 = x01 + x04 + y02 + y04 (3) 
y11 = x01 + x03 + y03 + y06 (3) 
Row: 
9 6 11 8 2 1 3 5 0 4 10 7 
Col: 
4 10 7 1 0 9 2 8 5 6 11 3 

Trial No: 317
SLP Heuristic XorCount: 13, Depth: 3
, XOR2: 0, XOR3: 2, XOR4: 11
SLP Heuristic XorCost ASIC1: 61.5
SLP Heuristic XorCost ASIC2: 67.93
SLP Heuristic XorCost ASIC3: 77.15
SLP Heuristic XorCost ASIC4: 75.21
Timestamp: 06-02-2023 18-49-11
y02 = x00 + x05 + x06 + x07 (1) 
y05 = x00 + x03 + x04 + x05 (1) 
y10 = x01 + x05 + x10 + x11 (1) 
t03 = x03 + x07 + x08 + x09 (1) 
y00 = x02 + y02 + y10 + t03 (2) 
y01 = x01 + x06 + t03 (2) 
y03 = x02 + x09 + x11 + y00 (3) 
y04 = x09 + x10 + y10 + t03 (2) 
y06 = x00 + x02 + x05 + t03 (2) 
y07 = x05 + y02 + y05 + t03 (2) 
y08 = x02 + y10 + y01 (3) 
y09 = x00 + x04 + y04 + y06 (3) 
y11 = x04 + x11 + y01 + y06 (3) 
Row: 
1 2 8 7 3 4 11 9 5 6 10 0 
Col: 
4 3 6 11 0 8 9 2 7 5 1 10 

Trial No: 347
SLP Heuristic XorCount: 13, Depth: 3
, XOR2: 0, XOR3: 2, XOR4: 11
SLP Heuristic XorCost ASIC1: 61.5
SLP Heuristic XorCost ASIC2: 67.93
SLP Heuristic XorCost ASIC3: 77.15
SLP Heuristic XorCost ASIC4: 75.21
Timestamp: 06-02-2023 18-49-11
y03 = x00 + x05 + x06 + x07 (1) 
y09 = x00 + x04 + x05 + x10 (1) 
y10 = x01 + x03 + x05 + x11 (1) 
t03 = x07 + x08 + x09 + x10 (1) 
y00 = x05 + y03 + y09 + t03 (2) 
y02 = x00 + x02 + x05 + t03 (2) 
y04 = x06 + x11 + t03 (2) 
y05 = x02 + y03 + y10 + t03 (2) 
y06 = x03 + x09 + y10 + t03 (2) 
y01 = x00 + x04 + y02 + y06 (3) 
y07 = x02 + y10 + y04 (3) 
y08 = x01 + x04 + y02 + y04 (3) 
y11 = x01 + x02 + x09 + y05 (3) 
Row: 
9 6 11 8 2 1 3 5 0 4 10 7 
Col: 
4 10 6 1 0 8 9 2 7 5 11 3 

Trial No: 361
SLP Heuristic XorCount: 13, Depth: 3
, XOR2: 0, XOR3: 2, XOR4: 11
SLP Heuristic XorCost ASIC1: 61.5
SLP Heuristic XorCost ASIC2: 67.93
SLP Heuristic XorCost ASIC3: 77.15
SLP Heuristic XorCost ASIC4: 75.21
Timestamp: 06-02-2023 18-49-11
y02 = x00 + x05 + x06 + x07 (1) 
y05 = x00 + x03 + x04 + x07 (1) 
y10 = x01 + x07 + x10 + x11 (1) 
t03 = x02 + x03 + x06 + x08 (1) 
y00 = x09 + y02 + y10 + t03 (2) 
y01 = x01 + x05 + t03 (2) 
y03 = x08 + x09 + x11 + y00 (3) 
y04 = x08 + x10 + y10 + t03 (2) 
y06 = x00 + x07 + x09 + t03 (2) 
y07 = x07 + y02 + y05 + t03 (2) 
y08 = x09 + y10 + y01 (3) 
y09 = x00 + x04 + y04 + y06 (3) 
y11 = x02 + y04 + y06 + y07 (3) 
Row: 
1 2 8 7 3 4 11 9 5 6 10 0 
Col: 
4 3 7 11 0 9 2 8 5 6 1 10 

Trial No: 365
SLP Heuristic XorCount: 13, Depth: 3
, XOR2: 0, XOR3: 1, XOR4: 12
SLP Heuristic XorCost ASIC1: 63.25
SLP Heuristic XorCost ASIC2: 69.715
SLP Heuristic XorCost ASIC3: 79.2
SLP Heuristic XorCost ASIC4: 76.54
Timestamp: 06-02-2023 18-49-11
y03 = x00 + x03 + x04 + x05 (1) 
y05 = x00 + x05 + x06 + x07 (1) 
y10 = x01 + x05 + x10 + x11 (1) 
t03 = x03 + x07 + x08 + x09 (1) 
y00 = x00 + x02 + x05 + t03 (2) 
y02 = x02 + y05 + y10 + t03 (2) 
y04 = x01 + x06 + y05 + y02 (3) 
y06 = x05 + y03 + y05 + t03 (2) 
y07 = x09 + x10 + y10 + t03 (2) 
y01 = x08 + y00 + y06 + y07 (3) 
y08 = x01 + x06 + t03 (2) 
y09 = x02 + x09 + x11 + y02 (3) 
y11 = x00 + x04 + y00 + y07 (3) 
Row: 
11 0 1 4 5 8 9 3 2 7 10 6 
Col: 
4 3 6 11 0 8 9 2 7 5 1 10 

Trial No: 402
SLP Heuristic XorCount: 13, Depth: 3
, XOR2: 0, XOR3: 1, XOR4: 12
SLP Heuristic XorCost ASIC1: 63.25
SLP Heuristic XorCost ASIC2: 69.715
SLP Heuristic XorCost ASIC3: 79.2
SLP Heuristic XorCost ASIC4: 76.54
Timestamp: 06-02-2023 18-49-12
y02 = x01 + x02 + x03 + x06 (1) 
y04 = x02 + x05 + x09 + x10 (1) 
y08 = x02 + x07 + x09 + x11 (1) 
t03 = x00 + x05 + x07 + x08 (1) 
y00 = x02 + x04 + x09 + t03 (2) 
y01 = x04 + y02 + y08 + t03 (2) 
y05 = x02 + y04 + y08 + t03 (2) 
y06 = x06 + x08 + y02 + t03 (2) 
y03 = x09 + x10 + y00 + y06 (3) 
y07 = x01 + x04 + x08 + y01 (3) 
y09 = x03 + x11 + y08 + y01 (3) 
y10 = x03 + x11 + t03 (2) 
y11 = x00 + y00 + y05 + y06 (3) 
Row: 
11 1 10 6 4 9 3 7 8 5 2 0 
Col: 
7 10 8 3 6 11 1 2 5 4 0 9 

Trial No: 407
SLP Heuristic XorCount: 13, Depth: 3
, XOR2: 0, XOR3: 2, XOR4: 11
SLP Heuristic XorCost ASIC1: 61.5
SLP Heuristic XorCost ASIC2: 67.93
SLP Heuristic XorCost ASIC3: 77.15
SLP Heuristic XorCost ASIC4: 75.21
Timestamp: 06-02-2023 18-49-12
y01 = x02 + x04 + x08 + x09 (1) 
y07 = x00 + x01 + x02 + x04 (1) 
y11 = x02 + x03 + x10 + x11 (1) 
t03 = x01 + x06 + x07 + x09 (1) 
y00 = x08 + x10 + t03 (2) 
y02 = x05 + y11 + y00 (3) 
y03 = x02 + x04 + x05 + t03 (2) 
y04 = x05 + y01 + y11 + t03 (2) 
y05 = x07 + x11 + y11 + t03 (2) 
y06 = x00 + x03 + y00 + y03 (3) 
y08 = x03 + x05 + x07 + y04 (3) 
y09 = x00 + x04 + y03 + y05 (3) 
y10 = x02 + y01 + y07 + t03 (2) 
Row: 
2 8 5 11 1 3 0 4 7 6 9 10 
Col: 
0 11 8 10 4 6 7 5 9 2 3 1 

Trial No: 439
SLP Heuristic XorCount: 13, Depth: 3
, XOR2: 0, XOR3: 2, XOR4: 11
SLP Heuristic XorCost ASIC1: 61.5
SLP Heuristic XorCost ASIC2: 67.93
SLP Heuristic XorCost ASIC3: 77.15
SLP Heuristic XorCost ASIC4: 75.21
Timestamp: 06-02-2023 18-49-12
y01 = x01 + x02 + x05 + x09 (1) 
y07 = x01 + x02 + x10 + x11 (1) 
y11 = x00 + x02 + x06 + x07 (1) 
t03 = x04 + x05 + x08 + x10 (1) 
y00 = x06 + x09 + t03 (2) 
y02 = x03 + y11 + y00 (3) 
y03 = x01 + x02 + x03 + t03 (2) 
y04 = x03 + y01 + y11 + t03 (2) 
y05 = x04 + x07 + y11 + t03 (2) 
y06 = x00 + x11 + y00 + y03 (3) 
y08 = x00 + x03 + x04 + y04 (3) 
y09 = x01 + x11 + y03 + y05 (3) 
y10 = x02 + y01 + y07 + t03 (2) 
Row: 
2 8 5 11 1 3 0 4 7 6 9 10 
Col: 
10 4 8 6 5 2 3 1 7 9 11 0 

Trial No: 490
SLP Heuristic XorCount: 13, Depth: 3
, XOR2: 0, XOR3: 1, XOR4: 12
SLP Heuristic XorCost ASIC1: 63.25
SLP Heuristic XorCost ASIC2: 69.715
SLP Heuristic XorCost ASIC3: 79.2
SLP Heuristic XorCost ASIC4: 76.54
Timestamp: 06-02-2023 18-49-12
y02 = x01 + x02 + x03 + x06 (1) 
y04 = x02 + x05 + x09 + x10 (1) 
y08 = x02 + x07 + x09 + x11 (1) 
t03 = x00 + x05 + x07 + x08 (1) 
y00 = x02 + x04 + x09 + t03 (2) 
y01 = x04 + y02 + y08 + t03 (2) 
y05 = x02 + y04 + y08 + t03 (2) 
y06 = x06 + x08 + y02 + t03 (2) 
y03 = x09 + x10 + y00 + y06 (3) 
y07 = x01 + x04 + x08 + y01 (3) 
y09 = x03 + x11 + y08 + y01 (3) 
y10 = x03 + x11 + t03 (2) 
y11 = x00 + y00 + y05 + y06 (3) 
Row: 
11 1 10 6 4 9 3 7 8 5 2 0 
Col: 
7 10 8 3 6 11 1 2 5 4 0 9 

Trial No: 495
SLP Heuristic XorCount: 13, Depth: 3
, XOR2: 0, XOR3: 2, XOR4: 11
SLP Heuristic XorCost ASIC1: 61.5
SLP Heuristic XorCost ASIC2: 67.93
SLP Heuristic XorCost ASIC3: 77.15
SLP Heuristic XorCost ASIC4: 75.21
Timestamp: 06-02-2023 18-49-12
y01 = x02 + x04 + x08 + x09 (1) 
y07 = x00 + x01 + x02 + x04 (1) 
y11 = x02 + x03 + x10 + x11 (1) 
t03 = x01 + x06 + x07 + x09 (1) 
y00 = x08 + x10 + t03 (2) 
y02 = x05 + y11 + y00 (3) 
y03 = x02 + x04 + x05 + t03 (2) 
y04 = x05 + y01 + y11 + t03 (2) 
y05 = x07 + x11 + y11 + t03 (2) 
y06 = x00 + x03 + y00 + y03 (3) 
y08 = x03 + x05 + x07 + y04 (3) 
y09 = x00 + x04 + y03 + y05 (3) 
y10 = x02 + y01 + y07 + t03 (2) 
Row: 
2 8 5 11 1 3 0 4 7 6 9 10 
Col: 
0 11 8 10 4 6 7 5 9 2 3 1 

