Trial No: 48
SLP Heuristic XorCount: 13, Depth: 3
, XOR2: 2, XOR3: 1, XOR4: 10
SLP Heuristic XorCost ASIC1: 57.25
SLP Heuristic XorCost ASIC2: 62.677
SLP Heuristic XorCost ASIC3: 71.7
SLP Heuristic XorCost ASIC4: 71.22
Timestamp: 06-02-2023 15-58-59
y06 = x05 + x08 + x10 + x11 (1) 
y10 = x00 + x08 + x09 + x11 (1) 
y11 = x01 + x04 + x05 + x06 (1) 
t03 = x01 + x03 + x07 + x11 (1) 
y00 = x02 + x04 + x06 + t03 (2) 
y01 = x00 + x05 + y10 + t03 (2) 
y02 = x09 + y10 + t03 (2) 
y03 = x07 + x08 + y00 + y01 (3) 
y04 = x02 + y11 + y01 + y02 (3) 
y05 = x00 + y06 + y11 + t03 (2) 
y07 = x06 + y05 (3) 
y08 = x00 + y00 + y02 + y05 (3) 
y09 = x08 + y00 (3) 
Row: 
2 1 5 11 4 0 3 10 7 9 8 6 
Col: 
0 9 2 5 4 1 6 7 8 11 10 3 

Trial No: 84
SLP Heuristic XorCount: 13, Depth: 3
, XOR2: 2, XOR3: 1, XOR4: 10
SLP Heuristic XorCost ASIC1: 57.25
SLP Heuristic XorCost ASIC2: 62.677
SLP Heuristic XorCost ASIC3: 71.7
SLP Heuristic XorCost ASIC4: 71.22
Timestamp: 06-02-2023 15-58-59
y06 = x01 + x08 + x10 + x11 (1) 
y10 = x00 + x01 + x05 + x08 (1) 
y11 = x03 + x04 + x06 + x11 (1) 
t03 = x01 + x03 + x07 + x09 (1) 
y00 = x02 + x04 + x06 + t03 (2) 
y01 = x00 + x11 + y10 + t03 (2) 
y02 = x05 + y10 + t03 (2) 
y03 = x07 + x08 + y00 + y01 (3) 
y04 = x02 + y11 + y01 + y02 (3) 
y05 = x00 + y06 + y11 + t03 (2) 
y07 = x06 + y05 (3) 
y08 = x00 + y00 + y02 + y05 (3) 
y09 = x08 + y00 (3) 
Row: 
2 1 5 11 4 0 3 10 7 9 8 6 
Col: 
0 3 2 9 4 11 6 7 8 5 10 1 

Trial No: 120
SLP Heuristic XorCount: 13, Depth: 3
, XOR2: 2, XOR3: 1, XOR4: 10
SLP Heuristic XorCost ASIC1: 57.25
SLP Heuristic XorCost ASIC2: 62.677
SLP Heuristic XorCost ASIC3: 71.7
SLP Heuristic XorCost ASIC4: 71.22
Timestamp: 06-02-2023 15-58-59
y06 = x01 + x03 + x08 + x10 (1) 
y10 = x00 + x03 + x08 + x11 (1) 
y11 = x01 + x04 + x06 + x09 (1) 
t03 = x03 + x05 + x07 + x09 (1) 
y00 = x02 + x04 + x06 + t03 (2) 
y01 = x00 + x01 + y10 + t03 (2) 
y02 = x11 + y10 + t03 (2) 
y03 = x07 + x08 + y00 + y01 (3) 
y04 = x02 + y11 + y01 + y02 (3) 
y05 = x00 + y06 + y11 + t03 (2) 
y07 = x06 + y05 (3) 
y08 = x00 + y00 + y02 + y05 (3) 
y09 = x08 + y00 (3) 
Row: 
2 1 5 11 4 0 3 10 7 9 8 6 
Col: 
0 1 2 3 4 5 6 7 8 9 10 11 

Trial No: 156
SLP Heuristic XorCount: 13, Depth: 3
, XOR2: 2, XOR3: 1, XOR4: 10
SLP Heuristic XorCost ASIC1: 57.25
SLP Heuristic XorCost ASIC2: 62.677
SLP Heuristic XorCost ASIC3: 71.7
SLP Heuristic XorCost ASIC4: 71.22
Timestamp: 06-02-2023 15-58-59
y06 = x03 + x08 + x09 + x10 (1) 
y10 = x00 + x01 + x08 + x09 (1) 
y11 = x03 + x04 + x05 + x06 (1) 
t03 = x05 + x07 + x09 + x11 (1) 
y00 = x02 + x04 + x06 + t03 (2) 
y01 = x00 + x03 + y10 + t03 (2) 
y02 = x01 + y10 + t03 (2) 
y03 = x07 + x08 + y00 + y01 (3) 
y04 = x02 + y11 + y01 + y02 (3) 
y05 = x00 + y06 + y11 + t03 (2) 
y07 = x06 + y05 (3) 
y08 = x00 + y00 + y02 + y05 (3) 
y09 = x08 + y00 (3) 
Row: 
2 1 5 11 4 0 3 10 7 9 8 6 
Col: 
0 11 2 1 4 9 6 7 8 3 10 5 

Trial No: 228
SLP Heuristic XorCount: 13, Depth: 3
, XOR2: 2, XOR3: 1, XOR4: 10
SLP Heuristic XorCost ASIC1: 57.25
SLP Heuristic XorCost ASIC2: 62.677
SLP Heuristic XorCost ASIC3: 71.7
SLP Heuristic XorCost ASIC4: 71.22
Timestamp: 06-02-2023 15-58-59
y06 = x05 + x08 + x10 + x11 (1) 
y10 = x00 + x08 + x09 + x11 (1) 
y11 = x01 + x04 + x05 + x06 (1) 
t03 = x01 + x03 + x07 + x11 (1) 
y00 = x02 + x04 + x06 + t03 (2) 
y01 = x00 + x05 + y10 + t03 (2) 
y02 = x09 + y10 + t03 (2) 
y03 = x07 + x08 + y00 + y01 (3) 
y04 = x02 + y11 + y01 + y02 (3) 
y05 = x00 + y06 + y11 + t03 (2) 
y07 = x06 + y05 (3) 
y08 = x00 + y00 + y02 + y05 (3) 
y09 = x08 + y00 (3) 
Row: 
2 1 5 11 4 0 3 10 7 9 8 6 
Col: 
0 9 2 5 4 1 6 7 8 11 10 3 

Trial No: 264
SLP Heuristic XorCount: 13, Depth: 3
, XOR2: 2, XOR3: 1, XOR4: 10
SLP Heuristic XorCost ASIC1: 57.25
SLP Heuristic XorCost ASIC2: 62.677
SLP Heuristic XorCost ASIC3: 71.7
SLP Heuristic XorCost ASIC4: 71.22
Timestamp: 06-02-2023 15-58-59
y06 = x01 + x08 + x10 + x11 (1) 
y10 = x00 + x01 + x05 + x08 (1) 
y11 = x03 + x04 + x06 + x11 (1) 
t03 = x01 + x03 + x07 + x09 (1) 
y00 = x02 + x04 + x06 + t03 (2) 
y01 = x00 + x11 + y10 + t03 (2) 
y02 = x05 + y10 + t03 (2) 
y03 = x07 + x08 + y00 + y01 (3) 
y04 = x02 + y11 + y01 + y02 (3) 
y05 = x00 + y06 + y11 + t03 (2) 
y07 = x06 + y05 (3) 
y08 = x00 + y00 + y02 + y05 (3) 
y09 = x08 + y00 (3) 
Row: 
2 1 5 11 4 0 3 10 7 9 8 6 
Col: 
0 3 2 9 4 11 6 7 8 5 10 1 

Trial No: 300
SLP Heuristic XorCount: 13, Depth: 3
, XOR2: 2, XOR3: 1, XOR4: 10
SLP Heuristic XorCost ASIC1: 57.25
SLP Heuristic XorCost ASIC2: 62.677
SLP Heuristic XorCost ASIC3: 71.7
SLP Heuristic XorCost ASIC4: 71.22
Timestamp: 06-02-2023 15-58-59
y06 = x01 + x03 + x08 + x10 (1) 
y10 = x00 + x03 + x08 + x11 (1) 
y11 = x01 + x04 + x06 + x09 (1) 
t03 = x03 + x05 + x07 + x09 (1) 
y00 = x02 + x04 + x06 + t03 (2) 
y01 = x00 + x01 + y10 + t03 (2) 
y02 = x11 + y10 + t03 (2) 
y03 = x07 + x08 + y00 + y01 (3) 
y04 = x02 + y11 + y01 + y02 (3) 
y05 = x00 + y06 + y11 + t03 (2) 
y07 = x06 + y05 (3) 
y08 = x00 + y00 + y02 + y05 (3) 
y09 = x08 + y00 (3) 
Row: 
2 1 5 11 4 0 3 10 7 9 8 6 
Col: 
0 1 2 3 4 5 6 7 8 9 10 11 

Trial No: 336
SLP Heuristic XorCount: 13, Depth: 3
, XOR2: 2, XOR3: 1, XOR4: 10
SLP Heuristic XorCost ASIC1: 57.25
SLP Heuristic XorCost ASIC2: 62.677
SLP Heuristic XorCost ASIC3: 71.7
SLP Heuristic XorCost ASIC4: 71.22
Timestamp: 06-02-2023 15-58-59
y06 = x03 + x08 + x09 + x10 (1) 
y10 = x00 + x01 + x08 + x09 (1) 
y11 = x03 + x04 + x05 + x06 (1) 
t03 = x05 + x07 + x09 + x11 (1) 
y00 = x02 + x04 + x06 + t03 (2) 
y01 = x00 + x03 + y10 + t03 (2) 
y02 = x01 + y10 + t03 (2) 
y03 = x07 + x08 + y00 + y01 (3) 
y04 = x02 + y11 + y01 + y02 (3) 
y05 = x00 + y06 + y11 + t03 (2) 
y07 = x06 + y05 (3) 
y08 = x00 + y00 + y02 + y05 (3) 
y09 = x08 + y00 (3) 
Row: 
2 1 5 11 4 0 3 10 7 9 8 6 
Col: 
0 11 2 1 4 9 6 7 8 3 10 5 

Trial No: 395
SLP Heuristic XorCount: 13, Depth: 3
, XOR2: 2, XOR3: 1, XOR4: 10
SLP Heuristic XorCost ASIC1: 57.25
SLP Heuristic XorCost ASIC2: 62.677
SLP Heuristic XorCost ASIC3: 71.7
SLP Heuristic XorCost ASIC4: 71.22
Timestamp: 06-02-2023 15-59-00
y05 = x01 + x02 + x05 + x07 (1) 
y06 = x02 + x06 + x08 + x11 (1) 
y11 = x00 + x06 + x08 + x10 (1) 
t03 = x03 + x04 + x07 + x08 (1) 
y00 = x01 + x05 + x09 + t03 (2) 
y01 = x00 + x02 + y11 + t03 (2) 
y02 = x10 + y11 + t03 (2) 
y03 = x00 + y05 + y06 + t03 (2) 
y04 = x01 + y03 (3) 
y07 = x09 + y05 + y01 + y02 (3) 
y08 = x03 + x06 + y00 + y01 (3) 
y09 = x06 + y00 (3) 
y10 = x00 + y00 + y02 + y03 (3) 
Row: 
2 1 5 0 10 6 3 4 11 9 7 8 
Col: 
0 6 1 7 5 4 8 9 3 2 11 10 

Trial No: 455
SLP Heuristic XorCount: 13, Depth: 3
, XOR2: 2, XOR3: 1, XOR4: 10
SLP Heuristic XorCost ASIC1: 57.25
SLP Heuristic XorCost ASIC2: 62.677
SLP Heuristic XorCost ASIC3: 71.7
SLP Heuristic XorCost ASIC4: 71.22
Timestamp: 06-02-2023 15-59-00
y05 = x01 + x02 + x05 + x07 (1) 
y06 = x02 + x06 + x08 + x11 (1) 
y11 = x00 + x06 + x08 + x10 (1) 
t03 = x03 + x04 + x07 + x08 (1) 
y00 = x01 + x05 + x09 + t03 (2) 
y01 = x00 + x02 + y11 + t03 (2) 
y02 = x10 + y11 + t03 (2) 
y03 = x00 + y05 + y06 + t03 (2) 
y04 = x01 + y03 (3) 
y07 = x09 + y05 + y01 + y02 (3) 
y08 = x03 + x06 + y00 + y01 (3) 
y09 = x06 + y00 (3) 
y10 = x00 + y00 + y02 + y03 (3) 
Row: 
2 1 5 0 10 6 3 4 11 9 7 8 
Col: 
0 6 1 7 5 4 8 9 3 2 11 10 

