12 12
1 0 0 1 1 0 1 0 1 1 1 0
0 1 0 1 1 1 1 1 0 1 1 1
0 0 1 1 0 1 0 1 0 1 0 1
0 0 1 1 0 0 0 1 1 0 1 1
1 0 0 0 1 0 0 0 1 0 0 1
0 1 1 0 0 1 1 1 1 1 1 1
1 0 0 1 0 1 1 0 0 0 1 0
0 1 0 1 1 0 0 1 0 1 0 1
0 0 1 0 1 0 0 0 1 1 0 0
1 0 0 0 0 1 0 1 1 1 0 0
0 1 0 1 0 0 0 0 1 0 1 0
0 0 1 0 1 1 1 1 1 0 0 1

***********
SLP Heuristic XorCount: 13, Depth: 3
, XOR2: 0, XOR3: 2, XOR4: 11
SLP Heuristic XorCost ASIC1: 61.5
SLP Heuristic XorCost ASIC2: 67.93
SLP Heuristic XorCost ASIC3: 77.15
SLP Heuristic XorCost ASIC4: 75.21
y08 = x04 + x08 + x09 + x02
y04 = x04 + x11 + x00 + x08
y10 = x03 + x08 + x01 + x10
t03 = x11 + x02 + x07 + x05
y01 = x06 + y08 + y10 + t03
y02 = x03 + x09 + t03
y07 = x06 + x05 + x10 + y01
y03 = x05 + x01 + y10 + t03
y11 = x04 + x06 + x08 + t03
y09 = x08 + y08 + y04 + t03
y05 = x06 + y10 + y02
y06 = x04 + x00 + y03 + y11
y00 = x00 + x10 + y02 + y11

----------------
SLP Heuristic XorCount: 13, Depth: 3
, XOR2: 0, XOR3: 2, XOR4: 11
SLP Heuristic XorCost ASIC1: 61.5
SLP Heuristic XorCost ASIC2: 67.93
SLP Heuristic XorCost ASIC3: 77.15
SLP Heuristic XorCost ASIC4: 75.21
y08 = x04 + x08 + x09 + x02
y04 = x04 + x00 + x08 + x11
y10 = x10 + x01 + x08 + x03
t03 = x02 + x07 + x05 + x11
y09 = x08 + y08 + y04 + t03
y11 = x04 + x06 + x08 + t03
y02 = x09 + x03 + t03
y01 = x06 + y08 + y10 + t03
y03 = x01 + x05 + y10 + t03
y06 = x04 + x00 + y11 + y03
y05 = x06 + y10 + y02
y00 = x10 + x00 + y11 + y02
y07 = x10 + x06 + x05 + y01

----------------
SLP Heuristic XorCount: 13, Depth: 3
, XOR2: 0, XOR3: 2, XOR4: 11
SLP Heuristic XorCost ASIC1: 61.5
SLP Heuristic XorCost ASIC2: 67.93
SLP Heuristic XorCost ASIC3: 77.15
SLP Heuristic XorCost ASIC4: 75.21
y08 = x04 + x09 + x02 + x08
y04 = x04 + x11 + x00 + x08
y10 = x03 + x08 + x01 + x10
t03 = x07 + x11 + x02 + x05
y01 = x06 + y08 + y10 + t03
y02 = x03 + x09 + t03
y07 = x05 + x06 + x10 + y01
y03 = x05 + x01 + y10 + t03
y11 = x04 + x08 + x06 + t03
y09 = x08 + y08 + y04 + t03
y05 = x06 + y10 + y02
y06 = x04 + x00 + y03 + y11
y00 = x07 + y03 + y11 + y09

----------------
SLP Heuristic XorCount: 13, Depth: 3
, XOR2: 0, XOR3: 1, XOR4: 12
SLP Heuristic XorCost ASIC1: 63.25
SLP Heuristic XorCost ASIC2: 69.715
SLP Heuristic XorCost ASIC3: 79.2
SLP Heuristic XorCost ASIC4: 76.54
y04 = x04 + x11 + x00 + x08
y08 = x04 + x08 + x09 + x02
y10 = x03 + x08 + x01 + x10
t03 = x11 + x02 + x07 + x05
y11 = x04 + x06 + x08 + t03
y01 = x06 + y08 + y10 + t03
y05 = x03 + x09 + y08 + y01
y09 = x08 + y04 + y08 + t03
y03 = x05 + x01 + y10 + t03
y00 = x07 + y11 + y09 + y03
y02 = x03 + x09 + t03
y07 = x06 + x05 + x10 + y01
y06 = x04 + x00 + y11 + y03

----------------
SLP Heuristic XorCount: 13, Depth: 3
, XOR2: 0, XOR3: 2, XOR4: 11
SLP Heuristic XorCost ASIC1: 61.5
SLP Heuristic XorCost ASIC2: 67.93
SLP Heuristic XorCost ASIC3: 77.15
SLP Heuristic XorCost ASIC4: 75.21
y08 = x04 + x09 + x02 + x08
y04 = x04 + x00 + x08 + x11
y10 = x10 + x01 + x08 + x03
t03 = x07 + x02 + x05 + x11
y09 = x08 + y08 + y04 + t03
y11 = x04 + x08 + x06 + t03
y02 = x09 + x03 + t03
y01 = x09 + x02 + y10 + y11
y03 = x01 + x05 + y10 + t03
y06 = x04 + x00 + y11 + y03
y05 = x06 + y10 + y02
y00 = x10 + x00 + y11 + y02
y07 = x10 + x01 + y08 + y03

----------------
SLP Heuristic XorCount: 13, Depth: 3
, XOR2: 0, XOR3: 2, XOR4: 11
SLP Heuristic XorCost ASIC1: 61.5
SLP Heuristic XorCost ASIC2: 67.93
SLP Heuristic XorCost ASIC3: 77.15
SLP Heuristic XorCost ASIC4: 75.21
y08 = x04 + x08 + x09 + x02
y04 = x04 + x11 + x00 + x08
y10 = x03 + x08 + x01 + x10
t03 = x11 + x02 + x07 + x05
y01 = x06 + y08 + y10 + t03
y02 = x03 + x09 + t03
y07 = x06 + x05 + x10 + y01
y03 = x05 + x01 + y10 + t03
y11 = x04 + x06 + x08 + t03
y09 = x08 + y08 + y04 + t03
y05 = x06 + y10 + y02
y06 = x04 + x00 + y03 + y11
y00 = x00 + x10 + y02 + y11

----------------
SLP Heuristic XorCount: 13, Depth: 3
, XOR2: 0, XOR3: 2, XOR4: 11
SLP Heuristic XorCost ASIC1: 61.5
SLP Heuristic XorCost ASIC2: 67.93
SLP Heuristic XorCost ASIC3: 77.15
SLP Heuristic XorCost ASIC4: 75.21
y08 = x04 + x08 + x09 + x02
y04 = x04 + x00 + x08 + x11
y10 = x10 + x01 + x08 + x03
t03 = x02 + x07 + x05 + x11
y09 = x08 + y08 + y04 + t03
y11 = x04 + x06 + x08 + t03
y02 = x09 + x03 + t03
y01 = x06 + y08 + y10 + t03
y03 = x01 + x05 + y10 + t03
y06 = x04 + x00 + y11 + y03
y05 = x06 + y10 + y02
y00 = x10 + x00 + y11 + y02
y07 = x10 + x06 + x05 + y01

----------------
SLP Heuristic XorCount: 13, Depth: 3
, XOR2: 0, XOR3: 2, XOR4: 11
SLP Heuristic XorCost ASIC1: 61.5
SLP Heuristic XorCost ASIC2: 67.93
SLP Heuristic XorCost ASIC3: 77.15
SLP Heuristic XorCost ASIC4: 75.21
y08 = x04 + x09 + x02 + x08
y04 = x04 + x11 + x00 + x08
y10 = x03 + x08 + x01 + x10
t03 = x07 + x11 + x02 + x05
y01 = x06 + y08 + y10 + t03
y02 = x03 + x09 + t03
y07 = x05 + x06 + x10 + y01
y03 = x05 + x01 + y10 + t03
y11 = x04 + x08 + x06 + t03
y09 = x08 + y08 + y04 + t03
y05 = x06 + y10 + y02
y06 = x04 + x00 + y03 + y11
y00 = x07 + y03 + y11 + y09

----------------
SLP Heuristic XorCount: 13, Depth: 3
, XOR2: 0, XOR3: 1, XOR4: 12
SLP Heuristic XorCost ASIC1: 63.25
SLP Heuristic XorCost ASIC2: 69.715
SLP Heuristic XorCost ASIC3: 79.2
SLP Heuristic XorCost ASIC4: 76.54
y04 = x04 + x11 + x00 + x08
y08 = x04 + x08 + x09 + x02
y10 = x03 + x08 + x01 + x10
t03 = x11 + x02 + x07 + x05
y11 = x04 + x06 + x08 + t03
y01 = x06 + y08 + y10 + t03
y05 = x03 + x09 + y08 + y01
y09 = x08 + y04 + y08 + t03
y03 = x05 + x01 + y10 + t03
y00 = x07 + y11 + y09 + y03
y02 = x03 + x09 + t03
y07 = x06 + x05 + x10 + y01
y06 = x04 + x00 + y11 + y03

----------------
SLP Heuristic XorCount: 13, Depth: 3
, XOR2: 0, XOR3: 2, XOR4: 11
SLP Heuristic XorCost ASIC1: 61.5
SLP Heuristic XorCost ASIC2: 67.93
SLP Heuristic XorCost ASIC3: 77.15
SLP Heuristic XorCost ASIC4: 75.21
y08 = x04 + x09 + x02 + x08
y04 = x04 + x00 + x08 + x11
y10 = x10 + x01 + x08 + x03
t03 = x07 + x02 + x05 + x11
y09 = x08 + y08 + y04 + t03
y11 = x04 + x08 + x06 + t03
y02 = x09 + x03 + t03
y01 = x09 + x02 + y10 + y11
y03 = x01 + x05 + y10 + t03
y06 = x04 + x00 + y11 + y03
y05 = x06 + y10 + y02
y00 = x10 + x00 + y11 + y02
y07 = x10 + x01 + y08 + y03

----------------
SLP Heuristic XorCount: 13, Depth: 3
, XOR2: 0, XOR3: 2, XOR4: 11
SLP Heuristic XorCost ASIC1: 61.5
SLP Heuristic XorCost ASIC2: 67.93
SLP Heuristic XorCost ASIC3: 77.15
SLP Heuristic XorCost ASIC4: 75.21
y08 = x04 + x08 + x09 + x02
y04 = x04 + x11 + x00 + x08
y10 = x03 + x08 + x01 + x10
t03 = x11 + x02 + x07 + x05
y01 = x06 + y08 + y10 + t03
y02 = x03 + x09 + t03
y07 = x06 + x05 + x10 + y01
y03 = x05 + x01 + y10 + t03
y11 = x04 + x06 + x08 + t03
y09 = x08 + y08 + y04 + t03
y05 = x06 + y10 + y02
y06 = x04 + x00 + y03 + y11
y00 = x00 + x10 + y02 + y11

----------------
SLP Heuristic XorCount: 13, Depth: 3
, XOR2: 0, XOR3: 2, XOR4: 11
SLP Heuristic XorCost ASIC1: 61.5
SLP Heuristic XorCost ASIC2: 67.93
SLP Heuristic XorCost ASIC3: 77.15
SLP Heuristic XorCost ASIC4: 75.21
y08 = x04 + x08 + x09 + x02
y04 = x04 + x00 + x08 + x11
y10 = x10 + x01 + x08 + x03
t03 = x02 + x07 + x05 + x11
y09 = x08 + y08 + y04 + t03
y11 = x04 + x06 + x08 + t03
y02 = x09 + x03 + t03
y01 = x06 + y08 + y10 + t03
y03 = x01 + x05 + y10 + t03
y06 = x04 + x00 + y11 + y03
y05 = x06 + y10 + y02
y00 = x10 + x00 + y11 + y02
y07 = x10 + x06 + x05 + y01

----------------
SLP Heuristic XorCount: 13, Depth: 3
, XOR2: 0, XOR3: 2, XOR4: 11
SLP Heuristic XorCost ASIC1: 61.5
SLP Heuristic XorCost ASIC2: 67.93
SLP Heuristic XorCost ASIC3: 77.15
SLP Heuristic XorCost ASIC4: 75.21
y08 = x04 + x09 + x02 + x08
y04 = x04 + x11 + x00 + x08
y10 = x03 + x08 + x01 + x10
t03 = x07 + x11 + x02 + x05
y01 = x06 + y08 + y10 + t03
y02 = x03 + x09 + t03
y07 = x05 + x06 + x10 + y01
y03 = x05 + x01 + y10 + t03
y11 = x04 + x08 + x06 + t03
y09 = x08 + y08 + y04 + t03
y05 = x06 + y10 + y02
y06 = x04 + x00 + y03 + y11
y00 = x07 + y03 + y11 + y09

----------------
SLP Heuristic XorCount: 13, Depth: 3
, XOR2: 0, XOR3: 1, XOR4: 12
SLP Heuristic XorCost ASIC1: 63.25
SLP Heuristic XorCost ASIC2: 69.715
SLP Heuristic XorCost ASIC3: 79.2
SLP Heuristic XorCost ASIC4: 76.54
y04 = x04 + x11 + x00 + x08
y08 = x04 + x08 + x09 + x02
y10 = x03 + x08 + x01 + x10
t03 = x11 + x02 + x07 + x05
y11 = x04 + x06 + x08 + t03
y01 = x06 + y08 + y10 + t03
y05 = x03 + x09 + y08 + y01
y09 = x08 + y04 + y08 + t03
y03 = x05 + x01 + y10 + t03
y00 = x07 + y11 + y09 + y03
y02 = x03 + x09 + t03
y07 = x06 + x05 + x10 + y01
y06 = x04 + x00 + y11 + y03

----------------
SLP Heuristic XorCount: 13, Depth: 3
, XOR2: 0, XOR3: 1, XOR4: 12
SLP Heuristic XorCost ASIC1: 63.25
SLP Heuristic XorCost ASIC2: 69.715
SLP Heuristic XorCost ASIC3: 79.2
SLP Heuristic XorCost ASIC4: 76.54
y10 = x10 + x08 + x03 + x01
y04 = x08 + x11 + x04 + x00
y08 = x08 + x02 + x04 + x09
t03 = x07 + x11 + x02 + x05
y11 = x08 + x06 + x04 + t03
y01 = x06 + y10 + y08 + t03
y09 = x08 + y04 + y08 + t03
y03 = x01 + x05 + y10 + t03
y06 = x04 + x00 + y11 + y03
y07 = x10 + x06 + x05 + y01
y05 = x03 + x09 + y08 + y01
y02 = x03 + x09 + t03
y00 = x07 + y11 + y09 + y03

----------------
SLP Heuristic XorCount: 13, Depth: 3
, XOR2: 0, XOR3: 2, XOR4: 11
SLP Heuristic XorCost ASIC1: 61.5
SLP Heuristic XorCost ASIC2: 67.93
SLP Heuristic XorCost ASIC3: 77.15
SLP Heuristic XorCost ASIC4: 75.21
y08 = x08 + x04 + x09 + x02
y04 = x00 + x11 + x08 + x04
y10 = x08 + x10 + x03 + x01
t03 = x11 + x07 + x05 + x02
y02 = x09 + x03 + t03
y05 = x06 + y10 + y02
y11 = x08 + x04 + x06 + t03
y01 = x06 + y08 + y10 + t03
y03 = x05 + x01 + y10 + t03
y00 = x00 + x10 + y02 + y11
y07 = x10 + x06 + x05 + y01
y06 = x00 + x04 + y11 + y03
y09 = x08 + y08 + y04 + t03

----------------
SLP Heuristic XorCount: 13, Depth: 3
, XOR2: 0, XOR3: 2, XOR4: 11
SLP Heuristic XorCost ASIC1: 61.5
SLP Heuristic XorCost ASIC2: 67.93
SLP Heuristic XorCost ASIC3: 77.15
SLP Heuristic XorCost ASIC4: 75.21
y08 = x04 + x08 + x02 + x09
y04 = x04 + x08 + x11 + x00
y10 = x10 + x08 + x03 + x01
t03 = x05 + x02 + x07 + x11
y02 = x03 + x09 + t03
y05 = x06 + y10 + y02
y11 = x04 + x08 + x06 + t03
y01 = x06 + y08 + y10 + t03
y03 = x05 + x01 + y10 + t03
y00 = x10 + x00 + y02 + y11
y07 = x10 + x06 + x05 + y01
y06 = x04 + x00 + y11 + y03
y09 = x08 + y08 + y04 + t03

----------------
SLP Heuristic XorCount: 13, Depth: 3
, XOR2: 0, XOR3: 1, XOR4: 12
SLP Heuristic XorCost ASIC1: 63.25
SLP Heuristic XorCost ASIC2: 69.715
SLP Heuristic XorCost ASIC3: 79.2
SLP Heuristic XorCost ASIC4: 76.54
y10 = x10 + x08 + x03 + x01
y04 = x08 + x11 + x04 + x00
y08 = x08 + x02 + x04 + x09
t03 = x07 + x11 + x02 + x05
y11 = x08 + x06 + x04 + t03
y01 = x06 + y10 + y08 + t03
y09 = x08 + y04 + y08 + t03
y03 = x01 + x05 + y10 + t03
y06 = x04 + x00 + y11 + y03
y07 = x10 + x06 + x05 + y01
y05 = x03 + x09 + y08 + y01
y02 = x03 + x09 + t03
y00 = x07 + y11 + y09 + y03

----------------
SLP Heuristic XorCount: 13, Depth: 3
, XOR2: 0, XOR3: 2, XOR4: 11
SLP Heuristic XorCost ASIC1: 61.5
SLP Heuristic XorCost ASIC2: 67.93
SLP Heuristic XorCost ASIC3: 77.15
SLP Heuristic XorCost ASIC4: 75.21
y08 = x08 + x04 + x09 + x02
y04 = x00 + x11 + x08 + x04
y10 = x08 + x10 + x03 + x01
t03 = x11 + x07 + x05 + x02
y02 = x09 + x03 + t03
y05 = x06 + y10 + y02
y11 = x08 + x04 + x06 + t03
y01 = x06 + y08 + y10 + t03
y03 = x05 + x01 + y10 + t03
y00 = x00 + x10 + y02 + y11
y07 = x10 + x06 + x05 + y01
y06 = x00 + x04 + y11 + y03
y09 = x08 + y08 + y04 + t03

----------------
