12 12
1 0 0 1 0 1 0 1 0 1 0 0
0 1 0 1 1 0 1 0 1 0 1 0
0 0 1 0 1 0 1 0 0 0 0 1
0 1 1 1 0 0 0 1 1 0 0 1
0 0 1 0 1 0 0 0 1 1 0 0
1 1 1 0 0 1 1 1 1 0 1 1
0 1 1 0 0 1 1 0 0 1 0 0
0 0 1 1 0 0 0 1 0 0 1 0
1 1 1 0 1 1 0 0 1 0 0 1
1 0 1 1 1 0 1 1 0 1 0 0
1 1 0 1 1 1 1 1 1 0 1 0
0 1 0 1 0 1 1 0 1 0 0 1

***********
SLP Heuristic XorCount: 13, Depth: 3
, XOR2: 0, XOR3: 2, XOR4: 11
SLP Heuristic XorCost ASIC1: 61.5
SLP Heuristic XorCost ASIC2: 67.93
SLP Heuristic XorCost ASIC3: 77.15
SLP Heuristic XorCost ASIC4: 75.21
y02 = x02 + x04 + x11 + x06
y04 = x02 + x04 + x08 + x09
y07 = x02 + x07 + x03 + x10
t03 = x01 + x11 + x05 + x08
y11 = x06 + x03 + t03
y10 = x00 + y02 + y07 + t03
y06 = x02 + y02 + y04 + t03
y03 = x05 + x10 + y07 + t03
y08 = x00 + x02 + x04 + t03
y09 = x01 + y06 + y03 + y08
y05 = x00 + y07 + y11
y01 = x00 + x05 + x07 + y10
y00 = x04 + x09 + y03 + y08

----------------
SLP Heuristic XorCount: 13, Depth: 3
, XOR2: 0, XOR3: 2, XOR4: 11
SLP Heuristic XorCost ASIC1: 61.5
SLP Heuristic XorCost ASIC2: 67.93
SLP Heuristic XorCost ASIC3: 77.15
SLP Heuristic XorCost ASIC4: 75.21
y04 = x08 + x04 + x02 + x09
y07 = x10 + x07 + x03 + x02
y02 = x04 + x11 + x06 + x02
t03 = x01 + x08 + x11 + x05
y11 = x06 + x03 + t03
y10 = x00 + y07 + y02 + t03
y01 = x00 + x05 + x07 + y10
y06 = x02 + y04 + y02 + t03
y03 = x10 + x05 + y07 + t03
y08 = x00 + x04 + x02 + t03
y09 = x01 + y06 + y03 + y08
y05 = x00 + y07 + y11
y00 = x04 + x09 + y03 + y08

----------------
SLP Heuristic XorCount: 13, Depth: 3
, XOR2: 0, XOR3: 2, XOR4: 11
SLP Heuristic XorCost ASIC1: 61.5
SLP Heuristic XorCost ASIC2: 67.93
SLP Heuristic XorCost ASIC3: 77.15
SLP Heuristic XorCost ASIC4: 75.21
y02 = x04 + x11 + x06 + x02
y04 = x08 + x04 + x02 + x09
y07 = x10 + x07 + x03 + x02
t03 = x01 + x08 + x11 + x05
y11 = x06 + x03 + t03
y10 = x00 + y02 + y07 + t03
y05 = x00 + y07 + y11
y03 = x10 + x05 + y07 + t03
y06 = x02 + y02 + y04 + t03
y08 = x00 + x04 + x02 + t03
y09 = x01 + y03 + y06 + y08
y01 = x00 + x05 + x07 + y10
y00 = x04 + x09 + y03 + y08

----------------
SLP Heuristic XorCount: 13, Depth: 3
, XOR2: 0, XOR3: 2, XOR4: 11
SLP Heuristic XorCost ASIC1: 61.5
SLP Heuristic XorCost ASIC2: 67.93
SLP Heuristic XorCost ASIC3: 77.15
SLP Heuristic XorCost ASIC4: 75.21
y02 = x04 + x11 + x06 + x02
y04 = x08 + x04 + x02 + x09
y07 = x10 + x07 + x03 + x02
t03 = x01 + x08 + x11 + x05
y11 = x06 + x03 + t03
y10 = x00 + y02 + y07 + t03
y03 = x10 + x05 + y07 + t03
y05 = x00 + y07 + y11
y06 = x02 + y02 + y04 + t03
y08 = x00 + x04 + x02 + t03
y09 = x01 + y03 + y06 + y08
y01 = x00 + x05 + x07 + y10
y00 = x04 + x09 + y03 + y08

----------------
SLP Heuristic XorCount: 13, Depth: 3
, XOR2: 0, XOR3: 2, XOR4: 11
SLP Heuristic XorCost ASIC1: 61.5
SLP Heuristic XorCost ASIC2: 67.93
SLP Heuristic XorCost ASIC3: 77.15
SLP Heuristic XorCost ASIC4: 75.21
y02 = x04 + x11 + x06 + x02
y04 = x04 + x08 + x02 + x09
y07 = x10 + x07 + x02 + x03
t03 = x01 + x11 + x08 + x05
y11 = x06 + x03 + t03
y10 = x00 + y02 + y07 + t03
y05 = x00 + y07 + y11
y03 = x10 + x05 + y07 + t03
y06 = x02 + y02 + y04 + t03
y08 = x00 + x04 + x02 + t03
y09 = x01 + y03 + y06 + y08
y01 = x00 + x07 + x05 + y10
y00 = x04 + x09 + y03 + y08

----------------
SLP Heuristic XorCount: 13, Depth: 3
, XOR2: 0, XOR3: 2, XOR4: 11
SLP Heuristic XorCost ASIC1: 61.5
SLP Heuristic XorCost ASIC2: 67.93
SLP Heuristic XorCost ASIC3: 77.15
SLP Heuristic XorCost ASIC4: 75.21
y04 = x02 + x04 + x08 + x09
y07 = x02 + x07 + x03 + x10
y02 = x02 + x04 + x11 + x06
t03 = x01 + x11 + x05 + x08
y11 = x06 + x03 + t03
y10 = x00 + y07 + y02 + t03
y01 = x00 + x05 + x07 + y10
y05 = x00 + y07 + y11
y03 = x05 + x10 + y07 + t03
y06 = x02 + y04 + y02 + t03
y08 = x00 + x02 + x04 + t03
y09 = x01 + y03 + y06 + y08
y00 = x04 + x09 + y03 + y08

----------------
SLP Heuristic XorCount: 13, Depth: 3
, XOR2: 0, XOR3: 2, XOR4: 11
SLP Heuristic XorCost ASIC1: 61.5
SLP Heuristic XorCost ASIC2: 67.93
SLP Heuristic XorCost ASIC3: 77.15
SLP Heuristic XorCost ASIC4: 75.21
y02 = x04 + x11 + x06 + x02
y04 = x08 + x04 + x02 + x09
y07 = x10 + x07 + x03 + x02
t03 = x01 + x08 + x11 + x05
y11 = x06 + x03 + t03
y10 = x00 + y02 + y07 + t03
y06 = x02 + y02 + y04 + t03
y03 = x10 + x05 + y07 + t03
y08 = x00 + x04 + x02 + t03
y09 = x01 + y06 + y03 + y08
y05 = x00 + y07 + y11
y01 = x00 + x05 + x07 + y10
y00 = x04 + x09 + y03 + y08

----------------
SLP Heuristic XorCount: 13, Depth: 3
, XOR2: 0, XOR3: 2, XOR4: 11
SLP Heuristic XorCost ASIC1: 61.5
SLP Heuristic XorCost ASIC2: 67.93
SLP Heuristic XorCost ASIC3: 77.15
SLP Heuristic XorCost ASIC4: 75.21
y02 = x04 + x11 + x06 + x02
y04 = x04 + x08 + x02 + x09
y07 = x10 + x07 + x02 + x03
t03 = x01 + x11 + x08 + x05
y11 = x06 + x03 + t03
y10 = x00 + y02 + y07 + t03
y03 = x10 + x05 + y07 + t03
y05 = x00 + y07 + y11
y06 = x02 + y02 + y04 + t03
y08 = x00 + x04 + x02 + t03
y09 = x01 + y03 + y06 + y08
y01 = x00 + x07 + x05 + y10
y00 = x04 + x09 + y03 + y08

----------------
SLP Heuristic XorCount: 13, Depth: 3
, XOR2: 0, XOR3: 2, XOR4: 11
SLP Heuristic XorCost ASIC1: 61.5
SLP Heuristic XorCost ASIC2: 67.93
SLP Heuristic XorCost ASIC3: 77.15
SLP Heuristic XorCost ASIC4: 75.21
y02 = x04 + x11 + x02 + x06
y04 = x04 + x02 + x08 + x09
y07 = x07 + x02 + x10 + x03
t03 = x01 + x11 + x05 + x08
y11 = x06 + x03 + t03
y10 = x00 + y02 + y07 + t03
y05 = x00 + y07 + y11
y03 = x10 + x05 + y07 + t03
y06 = x02 + y02 + y04 + t03
y08 = x00 + x04 + x02 + t03
y09 = x01 + y03 + y06 + y08
y01 = x00 + x07 + x05 + y10
y00 = x04 + x09 + y03 + y08

----------------
SLP Heuristic XorCount: 13, Depth: 3
, XOR2: 0, XOR3: 2, XOR4: 11
SLP Heuristic XorCost ASIC1: 61.5
SLP Heuristic XorCost ASIC2: 67.93
SLP Heuristic XorCost ASIC3: 77.15
SLP Heuristic XorCost ASIC4: 75.21
y04 = x02 + x04 + x08 + x09
y07 = x02 + x07 + x03 + x10
y02 = x02 + x04 + x11 + x06
t03 = x01 + x11 + x05 + x08
y11 = x06 + x03 + t03
y10 = x00 + y07 + y02 + t03
y01 = x00 + x05 + x07 + y10
y03 = x05 + x10 + y07 + t03
y05 = x00 + y07 + y11
y06 = x02 + y04 + y02 + t03
y08 = x00 + x02 + x04 + t03
y09 = x01 + y03 + y06 + y08
y00 = x04 + x09 + y03 + y08

----------------
SLP Heuristic XorCount: 13, Depth: 3
, XOR2: 0, XOR3: 2, XOR4: 11
SLP Heuristic XorCost ASIC1: 61.5
SLP Heuristic XorCost ASIC2: 67.93
SLP Heuristic XorCost ASIC3: 77.15
SLP Heuristic XorCost ASIC4: 75.21
y02 = x04 + x11 + x06 + x02
y04 = x04 + x08 + x02 + x09
y07 = x10 + x07 + x02 + x03
t03 = x01 + x11 + x08 + x05
y11 = x06 + x03 + t03
y10 = x00 + y02 + y07 + t03
y06 = x02 + y02 + y04 + t03
y03 = x10 + x05 + y07 + t03
y08 = x00 + x04 + x02 + t03
y09 = x01 + y06 + y03 + y08
y05 = x00 + y07 + y11
y01 = x00 + x07 + x05 + y10
y00 = x04 + x09 + y03 + y08

----------------
SLP Heuristic XorCount: 13, Depth: 3
, XOR2: 0, XOR3: 2, XOR4: 11
SLP Heuristic XorCost ASIC1: 61.5
SLP Heuristic XorCost ASIC2: 67.93
SLP Heuristic XorCost ASIC3: 77.15
SLP Heuristic XorCost ASIC4: 75.21
y02 = x04 + x11 + x02 + x06
y04 = x04 + x02 + x08 + x09
y07 = x07 + x02 + x10 + x03
t03 = x01 + x11 + x05 + x08
y11 = x06 + x03 + t03
y10 = x00 + y02 + y07 + t03
y03 = x10 + x05 + y07 + t03
y05 = x00 + y07 + y11
y06 = x02 + y02 + y04 + t03
y08 = x00 + x04 + x02 + t03
y09 = x01 + y03 + y06 + y08
y01 = x00 + x07 + x05 + y10
y00 = x04 + x09 + y03 + y08

----------------
SLP Heuristic XorCount: 13, Depth: 3
, XOR2: 0, XOR3: 2, XOR4: 11
SLP Heuristic XorCost ASIC1: 61.5
SLP Heuristic XorCost ASIC2: 67.93
SLP Heuristic XorCost ASIC3: 77.15
SLP Heuristic XorCost ASIC4: 75.21
y04 = x02 + x04 + x08 + x09
y07 = x02 + x07 + x03 + x10
y02 = x02 + x04 + x11 + x06
t03 = x01 + x11 + x05 + x08
y11 = x06 + x03 + t03
y10 = x00 + y07 + y02 + t03
y01 = x00 + x05 + x07 + y10
y06 = x02 + y04 + y02 + t03
y03 = x05 + x10 + y07 + t03
y08 = x00 + x02 + x04 + t03
y09 = x01 + y06 + y03 + y08
y05 = x00 + y07 + y11
y00 = x04 + x09 + y03 + y08

----------------
SLP Heuristic XorCount: 13, Depth: 3
, XOR2: 0, XOR3: 2, XOR4: 11
SLP Heuristic XorCost ASIC1: 61.5
SLP Heuristic XorCost ASIC2: 67.93
SLP Heuristic XorCost ASIC3: 77.15
SLP Heuristic XorCost ASIC4: 75.21
y02 = x02 + x04 + x11 + x06
y04 = x02 + x04 + x08 + x09
y07 = x02 + x07 + x03 + x10
t03 = x01 + x11 + x05 + x08
y11 = x06 + x03 + t03
y10 = x00 + y02 + y07 + t03
y05 = x00 + y07 + y11
y03 = x05 + x10 + y07 + t03
y06 = x02 + y02 + y04 + t03
y08 = x00 + x02 + x04 + t03
y09 = x01 + y03 + y06 + y08
y01 = x00 + x05 + x07 + y10
y00 = x04 + x09 + y03 + y08

----------------
SLP Heuristic XorCount: 13, Depth: 3
, XOR2: 0, XOR3: 2, XOR4: 11
SLP Heuristic XorCost ASIC1: 61.5
SLP Heuristic XorCost ASIC2: 67.93
SLP Heuristic XorCost ASIC3: 77.15
SLP Heuristic XorCost ASIC4: 75.21
y04 = x08 + x04 + x02 + x09
y07 = x10 + x07 + x03 + x02
y02 = x04 + x11 + x06 + x02
t03 = x01 + x08 + x11 + x05
y11 = x06 + x03 + t03
y10 = x00 + y07 + y02 + t03
y01 = x00 + x05 + x07 + y10
y05 = x00 + y07 + y11
y03 = x10 + x05 + y07 + t03
y06 = x02 + y04 + y02 + t03
y08 = x00 + x04 + x02 + t03
y09 = x01 + y03 + y06 + y08
y00 = x04 + x09 + y03 + y08

----------------
SLP Heuristic XorCount: 13, Depth: 3
, XOR2: 0, XOR3: 2, XOR4: 11
SLP Heuristic XorCost ASIC1: 61.5
SLP Heuristic XorCost ASIC2: 67.93
SLP Heuristic XorCost ASIC3: 77.15
SLP Heuristic XorCost ASIC4: 75.21
y02 = x04 + x11 + x02 + x06
y04 = x04 + x02 + x08 + x09
y07 = x07 + x02 + x10 + x03
t03 = x01 + x11 + x05 + x08
y11 = x06 + x03 + t03
y10 = x00 + y02 + y07 + t03
y06 = x02 + y02 + y04 + t03
y03 = x10 + x05 + y07 + t03
y08 = x00 + x04 + x02 + t03
y09 = x01 + y06 + y03 + y08
y05 = x00 + y07 + y11
y01 = x00 + x07 + x05 + y10
y00 = x04 + x09 + y03 + y08

----------------
SLP Heuristic XorCount: 13, Depth: 3
, XOR2: 0, XOR3: 2, XOR4: 11
SLP Heuristic XorCost ASIC1: 61.5
SLP Heuristic XorCost ASIC2: 67.93
SLP Heuristic XorCost ASIC3: 77.15
SLP Heuristic XorCost ASIC4: 75.21
y02 = x02 + x04 + x11 + x06
y04 = x02 + x04 + x08 + x09
y07 = x02 + x07 + x03 + x10
t03 = x01 + x11 + x05 + x08
y11 = x06 + x03 + t03
y10 = x00 + y02 + y07 + t03
y03 = x05 + x10 + y07 + t03
y05 = x00 + y07 + y11
y06 = x02 + y02 + y04 + t03
y08 = x00 + x02 + x04 + t03
y09 = x01 + y03 + y06 + y08
y01 = x00 + x05 + x07 + y10
y00 = x04 + x09 + y03 + y08

----------------
SLP Heuristic XorCount: 13, Depth: 3
, XOR2: 0, XOR3: 2, XOR4: 11
SLP Heuristic XorCost ASIC1: 61.5
SLP Heuristic XorCost ASIC2: 67.93
SLP Heuristic XorCost ASIC3: 77.15
SLP Heuristic XorCost ASIC4: 75.21
y04 = x08 + x04 + x02 + x09
y07 = x10 + x07 + x03 + x02
y02 = x04 + x11 + x06 + x02
t03 = x01 + x08 + x11 + x05
y11 = x06 + x03 + t03
y10 = x00 + y07 + y02 + t03
y01 = x00 + x05 + x07 + y10
y03 = x10 + x05 + y07 + t03
y05 = x00 + y07 + y11
y06 = x02 + y04 + y02 + t03
y08 = x00 + x04 + x02 + t03
y09 = x01 + y03 + y06 + y08
y00 = x04 + x09 + y03 + y08

----------------
SLP Heuristic XorCount: 13, Depth: 3
, XOR2: 0, XOR3: 2, XOR4: 11
SLP Heuristic XorCost ASIC1: 61.5
SLP Heuristic XorCost ASIC2: 67.93
SLP Heuristic XorCost ASIC3: 77.15
SLP Heuristic XorCost ASIC4: 75.21
y02 = x02 + x04 + x11 + x06
y04 = x02 + x04 + x08 + x09
y07 = x02 + x07 + x03 + x10
t03 = x01 + x11 + x05 + x08
y11 = x06 + x03 + t03
y10 = x00 + y02 + y07 + t03
y06 = x02 + y02 + y04 + t03
y03 = x05 + x10 + y07 + t03
y08 = x00 + x02 + x04 + t03
y09 = x01 + y06 + y03 + y08
y05 = x00 + y07 + y11
y01 = x00 + x05 + x07 + y10
y00 = x04 + x09 + y03 + y08

----------------
SLP Heuristic XorCount: 13, Depth: 3
, XOR2: 0, XOR3: 2, XOR4: 11
SLP Heuristic XorCost ASIC1: 61.5
SLP Heuristic XorCost ASIC2: 67.93
SLP Heuristic XorCost ASIC3: 77.15
SLP Heuristic XorCost ASIC4: 75.21
y04 = x08 + x04 + x02 + x09
y07 = x10 + x07 + x03 + x02
y02 = x04 + x11 + x06 + x02
t03 = x01 + x08 + x11 + x05
y11 = x06 + x03 + t03
y10 = x00 + y07 + y02 + t03
y01 = x00 + x05 + x07 + y10
y06 = x02 + y04 + y02 + t03
y03 = x10 + x05 + y07 + t03
y08 = x00 + x04 + x02 + t03
y09 = x01 + y06 + y03 + y08
y05 = x00 + y07 + y11
y00 = x04 + x09 + y03 + y08

----------------
SLP Heuristic XorCount: 13, Depth: 3
, XOR2: 0, XOR3: 2, XOR4: 11
SLP Heuristic XorCost ASIC1: 61.5
SLP Heuristic XorCost ASIC2: 67.93
SLP Heuristic XorCost ASIC3: 77.15
SLP Heuristic XorCost ASIC4: 75.21
y02 = x04 + x11 + x06 + x02
y04 = x08 + x04 + x02 + x09
y07 = x10 + x07 + x03 + x02
t03 = x01 + x08 + x11 + x05
y11 = x06 + x03 + t03
y10 = x00 + y02 + y07 + t03
y05 = x00 + y07 + y11
y03 = x10 + x05 + y07 + t03
y06 = x02 + y02 + y04 + t03
y08 = x00 + x04 + x02 + t03
y09 = x01 + y03 + y06 + y08
y01 = x00 + x05 + x07 + y10
y00 = x04 + x09 + y03 + y08

----------------
