12 12
1 0 0 0 1 0 1 1 1 0 1 1
0 1 0 1 0 1 0 1 1 0 0 1
0 0 1 1 0 0 1 1 0 1 1 1
0 0 1 1 0 0 1 1 1 1 1 1
1 0 0 0 1 0 0 1 1 0 1 1
0 1 1 0 0 1 1 1 0 1 1 0
0 1 0 1 0 0 1 0 0 0 1 0
1 0 1 0 1 0 0 1 0 1 0 1
1 0 0 0 0 1 0 0 1 1 0 0
0 1 0 0 1 0 0 0 1 1 0 0
1 0 1 1 0 1 1 0 0 0 1 0
1 0 0 1 0 0 0 1 1 0 0 1

***********
SLP Heuristic XorCount: 13, Depth: 3
, XOR2: 2, XOR3: 1, XOR4: 10
SLP Heuristic XorCost ASIC1: 57.25
SLP Heuristic XorCost ASIC2: 62.677
SLP Heuristic XorCost ASIC3: 71.7
SLP Heuristic XorCost ASIC4: 71.22
y08 = x00 + x08 + x09 + x05
y09 = x01 + x08 + x09 + x04
y06 = x01 + x10 + x03 + x06
t03 = x03 + x07 + x09 + x11
y02 = x10 + x02 + x06 + t03
y01 = x00 + x01 + y08 + t03
y05 = x08 + x07 + y02 + y01
y11 = x05 + y08 + t03
y03 = x08 + y02
y00 = x00 + y09 + y06 + t03
y07 = x00 + y02 + y11 + y00
y04 = x06 + y00
y10 = x02 + y06 + y01 + y11

----------------
SLP Heuristic XorCount: 13, Depth: 3
, XOR2: 2, XOR3: 1, XOR4: 10
SLP Heuristic XorCost ASIC1: 57.25
SLP Heuristic XorCost ASIC2: 62.677
SLP Heuristic XorCost ASIC3: 71.7
SLP Heuristic XorCost ASIC4: 71.22
y06 = x01 + x10 + x06 + x03
y08 = x09 + x08 + x00 + x05
y09 = x01 + x04 + x09 + x08
t03 = x07 + x09 + x11 + x03
y00 = x00 + y06 + y09 + t03
y01 = x01 + x00 + y08 + t03
y02 = x10 + x06 + x02 + t03
y11 = x05 + y08 + t03
y10 = x02 + y06 + y01 + y11
y05 = x07 + x08 + y01 + y02
y07 = x00 + y00 + y02 + y11
y03 = x08 + y02
y04 = x06 + y00

----------------
SLP Heuristic XorCount: 13, Depth: 3
, XOR2: 2, XOR3: 1, XOR4: 10
SLP Heuristic XorCost ASIC1: 57.25
SLP Heuristic XorCost ASIC2: 62.677
SLP Heuristic XorCost ASIC3: 71.7
SLP Heuristic XorCost ASIC4: 71.22
y06 = x06 + x01 + x10 + x03
y08 = x09 + x08 + x00 + x05
y09 = x01 + x04 + x09 + x08
t03 = x09 + x07 + x11 + x03
y00 = x00 + y06 + y09 + t03
y01 = x01 + x00 + y08 + t03
y02 = x06 + x10 + x02 + t03
y11 = x05 + y08 + t03
y10 = x02 + y06 + y01 + y11
y05 = x08 + x07 + y01 + y02
y07 = x00 + y00 + y02 + y11
y03 = x08 + y02
y04 = x06 + y00

----------------
SLP Heuristic XorCount: 13, Depth: 3
, XOR2: 2, XOR3: 1, XOR4: 10
SLP Heuristic XorCost ASIC1: 57.25
SLP Heuristic XorCost ASIC2: 62.677
SLP Heuristic XorCost ASIC3: 71.7
SLP Heuristic XorCost ASIC4: 71.22
y06 = x01 + x10 + x06 + x03
y09 = x01 + x04 + x09 + x08
y08 = x00 + x09 + x08 + x05
t03 = x09 + x07 + x11 + x03
y01 = x00 + x01 + y08 + t03
y11 = x05 + y08 + t03
y10 = x02 + y06 + y01 + y11
y02 = x10 + x06 + x02 + t03
y00 = x00 + y06 + y09 + t03
y07 = x00 + y11 + y02 + y00
y05 = x08 + x07 + y01 + y02
y03 = x08 + y02
y04 = x06 + y00

----------------
SLP Heuristic XorCount: 13, Depth: 3
, XOR2: 2, XOR3: 1, XOR4: 10
SLP Heuristic XorCost ASIC1: 57.25
SLP Heuristic XorCost ASIC2: 62.677
SLP Heuristic XorCost ASIC3: 71.7
SLP Heuristic XorCost ASIC4: 71.22
y08 = x00 + x08 + x09 + x05
y06 = x01 + x10 + x03 + x06
y09 = x01 + x08 + x09 + x04
t03 = x03 + x07 + x09 + x11
y01 = x00 + x01 + y08 + t03
y11 = x05 + y08 + t03
y02 = x10 + x02 + x06 + t03
y05 = x08 + x07 + y01 + y02
y03 = x08 + y02
y00 = x00 + y06 + y09 + t03
y07 = x00 + y11 + y02 + y00
y04 = x06 + y00
y10 = x02 + y06 + y01 + y11

----------------
SLP Heuristic XorCount: 13, Depth: 3
, XOR2: 2, XOR3: 1, XOR4: 10
SLP Heuristic XorCost ASIC1: 57.25
SLP Heuristic XorCost ASIC2: 62.677
SLP Heuristic XorCost ASIC3: 71.7
SLP Heuristic XorCost ASIC4: 71.22
y08 = x00 + x09 + x08 + x05
y09 = x01 + x09 + x08 + x04
y06 = x01 + x06 + x10 + x03
t03 = x09 + x07 + x11 + x03
y02 = x02 + x06 + x10 + t03
y01 = x00 + x01 + y08 + t03
y05 = x08 + x07 + y02 + y01
y11 = x05 + y08 + t03
y03 = x08 + y02
y00 = x00 + y09 + y06 + t03
y07 = x00 + y02 + y11 + y00
y04 = x06 + y00
y10 = x02 + y06 + y01 + y11

----------------
SLP Heuristic XorCount: 13, Depth: 3
, XOR2: 2, XOR3: 1, XOR4: 10
SLP Heuristic XorCost ASIC1: 57.25
SLP Heuristic XorCost ASIC2: 62.677
SLP Heuristic XorCost ASIC3: 71.7
SLP Heuristic XorCost ASIC4: 71.22
y06 = x01 + x10 + x06 + x03
y08 = x09 + x00 + x05 + x08
y09 = x01 + x09 + x04 + x08
t03 = x07 + x11 + x09 + x03
y00 = x00 + y06 + y09 + t03
y01 = x01 + x00 + y08 + t03
y02 = x10 + x02 + x06 + t03
y11 = x05 + y08 + t03
y10 = x02 + y06 + y01 + y11
y05 = x07 + x08 + y01 + y02
y07 = x00 + y00 + y02 + y11
y03 = x08 + y02
y04 = x06 + y00

----------------
SLP Heuristic XorCount: 13, Depth: 3
, XOR2: 2, XOR3: 1, XOR4: 10
SLP Heuristic XorCost ASIC1: 57.25
SLP Heuristic XorCost ASIC2: 62.677
SLP Heuristic XorCost ASIC3: 71.7
SLP Heuristic XorCost ASIC4: 71.22
y06 = x01 + x10 + x06 + x03
y08 = x00 + x09 + x08 + x05
y09 = x01 + x04 + x09 + x08
t03 = x09 + x07 + x11 + x03
y00 = x00 + y06 + y09 + t03
y01 = x00 + x01 + y08 + t03
y02 = x10 + x06 + x02 + t03
y11 = x05 + y08 + t03
y10 = x02 + y06 + y01 + y11
y05 = x08 + x07 + y01 + y02
y07 = x00 + y00 + y02 + y11
y03 = x08 + y02
y04 = x06 + y00

----------------
SLP Heuristic XorCount: 13, Depth: 3
, XOR2: 2, XOR3: 1, XOR4: 10
SLP Heuristic XorCost ASIC1: 57.25
SLP Heuristic XorCost ASIC2: 62.677
SLP Heuristic XorCost ASIC3: 71.7
SLP Heuristic XorCost ASIC4: 71.22
y08 = x00 + x09 + x08 + x05
y06 = x01 + x06 + x10 + x03
y09 = x01 + x09 + x08 + x04
t03 = x09 + x07 + x11 + x03
y01 = x00 + x01 + y08 + t03
y11 = x05 + y08 + t03
y02 = x02 + x06 + x10 + t03
y05 = x08 + x07 + y01 + y02
y03 = x08 + y02
y00 = x00 + y06 + y09 + t03
y07 = x00 + y11 + y02 + y00
y04 = x06 + y00
y10 = x02 + y06 + y01 + y11

----------------
SLP Heuristic XorCount: 13, Depth: 3
, XOR2: 2, XOR3: 1, XOR4: 10
SLP Heuristic XorCost ASIC1: 57.25
SLP Heuristic XorCost ASIC2: 62.677
SLP Heuristic XorCost ASIC3: 71.7
SLP Heuristic XorCost ASIC4: 71.22
y08 = x00 + x08 + x09 + x05
y09 = x01 + x08 + x09 + x04
y06 = x01 + x10 + x03 + x06
t03 = x03 + x07 + x09 + x11
y02 = x10 + x02 + x06 + t03
y01 = x00 + x01 + y08 + t03
y05 = x08 + x07 + y02 + y01
y11 = x05 + y08 + t03
y03 = x08 + y02
y00 = x00 + y09 + y06 + t03
y07 = x00 + y02 + y11 + y00
y04 = x06 + y00
y10 = x02 + y06 + y01 + y11

----------------
SLP Heuristic XorCount: 13, Depth: 3
, XOR2: 2, XOR3: 1, XOR4: 10
SLP Heuristic XorCost ASIC1: 57.25
SLP Heuristic XorCost ASIC2: 62.677
SLP Heuristic XorCost ASIC3: 71.7
SLP Heuristic XorCost ASIC4: 71.22
y06 = x01 + x10 + x06 + x03
y08 = x09 + x08 + x00 + x05
y09 = x01 + x04 + x09 + x08
t03 = x07 + x09 + x11 + x03
y00 = x00 + y06 + y09 + t03
y01 = x01 + x00 + y08 + t03
y02 = x10 + x06 + x02 + t03
y11 = x05 + y08 + t03
y10 = x02 + y06 + y01 + y11
y05 = x07 + x08 + y01 + y02
y07 = x00 + y00 + y02 + y11
y03 = x08 + y02
y04 = x06 + y00

----------------
SLP Heuristic XorCount: 13, Depth: 3
, XOR2: 2, XOR3: 1, XOR4: 10
SLP Heuristic XorCost ASIC1: 57.25
SLP Heuristic XorCost ASIC2: 62.677
SLP Heuristic XorCost ASIC3: 71.7
SLP Heuristic XorCost ASIC4: 71.22
y06 = x06 + x01 + x10 + x03
y08 = x09 + x08 + x00 + x05
y09 = x01 + x04 + x09 + x08
t03 = x09 + x07 + x11 + x03
y00 = x00 + y06 + y09 + t03
y01 = x01 + x00 + y08 + t03
y02 = x06 + x10 + x02 + t03
y11 = x05 + y08 + t03
y10 = x02 + y06 + y01 + y11
y05 = x08 + x07 + y01 + y02
y07 = x00 + y00 + y02 + y11
y03 = x08 + y02
y04 = x06 + y00

----------------
SLP Heuristic XorCount: 13, Depth: 3
, XOR2: 2, XOR3: 1, XOR4: 10
SLP Heuristic XorCost ASIC1: 57.25
SLP Heuristic XorCost ASIC2: 62.677
SLP Heuristic XorCost ASIC3: 71.7
SLP Heuristic XorCost ASIC4: 71.22
y06 = x01 + x10 + x06 + x03
y09 = x01 + x04 + x09 + x08
y08 = x00 + x09 + x08 + x05
t03 = x09 + x07 + x11 + x03
y01 = x00 + x01 + y08 + t03
y11 = x05 + y08 + t03
y10 = x02 + y06 + y01 + y11
y02 = x10 + x06 + x02 + t03
y00 = x00 + y06 + y09 + t03
y07 = x00 + y11 + y02 + y00
y05 = x08 + x07 + y01 + y02
y03 = x08 + y02
y04 = x06 + y00

----------------
SLP Heuristic XorCount: 13, Depth: 3
, XOR2: 2, XOR3: 1, XOR4: 10
SLP Heuristic XorCost ASIC1: 57.25
SLP Heuristic XorCost ASIC2: 62.677
SLP Heuristic XorCost ASIC3: 71.7
SLP Heuristic XorCost ASIC4: 71.22
y08 = x00 + x08 + x09 + x05
y06 = x01 + x10 + x03 + x06
y09 = x01 + x08 + x09 + x04
t03 = x03 + x07 + x09 + x11
y01 = x00 + x01 + y08 + t03
y11 = x05 + y08 + t03
y02 = x10 + x02 + x06 + t03
y05 = x08 + x07 + y01 + y02
y03 = x08 + y02
y00 = x00 + y06 + y09 + t03
y07 = x00 + y11 + y02 + y00
y04 = x06 + y00
y10 = x02 + y06 + y01 + y11

----------------
SLP Heuristic XorCount: 13, Depth: 3
, XOR2: 2, XOR3: 1, XOR4: 10
SLP Heuristic XorCost ASIC1: 57.25
SLP Heuristic XorCost ASIC2: 62.677
SLP Heuristic XorCost ASIC3: 71.7
SLP Heuristic XorCost ASIC4: 71.22
y08 = x00 + x09 + x08 + x05
y09 = x01 + x09 + x08 + x04
y06 = x01 + x06 + x10 + x03
t03 = x09 + x07 + x11 + x03
y02 = x02 + x06 + x10 + t03
y01 = x00 + x01 + y08 + t03
y05 = x08 + x07 + y02 + y01
y11 = x05 + y08 + t03
y03 = x08 + y02
y00 = x00 + y09 + y06 + t03
y07 = x00 + y02 + y11 + y00
y04 = x06 + y00
y10 = x02 + y06 + y01 + y11

----------------
SLP Heuristic XorCount: 13, Depth: 3
, XOR2: 2, XOR3: 1, XOR4: 10
SLP Heuristic XorCost ASIC1: 57.25
SLP Heuristic XorCost ASIC2: 62.677
SLP Heuristic XorCost ASIC3: 71.7
SLP Heuristic XorCost ASIC4: 71.22
y06 = x01 + x10 + x06 + x03
y08 = x09 + x00 + x05 + x08
y09 = x01 + x09 + x04 + x08
t03 = x07 + x11 + x09 + x03
y00 = x00 + y06 + y09 + t03
y01 = x01 + x00 + y08 + t03
y02 = x10 + x02 + x06 + t03
y11 = x05 + y08 + t03
y10 = x02 + y06 + y01 + y11
y05 = x07 + x08 + y01 + y02
y07 = x00 + y00 + y02 + y11
y03 = x08 + y02
y04 = x06 + y00

----------------
SLP Heuristic XorCount: 13, Depth: 3
, XOR2: 2, XOR3: 1, XOR4: 10
SLP Heuristic XorCost ASIC1: 57.25
SLP Heuristic XorCost ASIC2: 62.677
SLP Heuristic XorCost ASIC3: 71.7
SLP Heuristic XorCost ASIC4: 71.22
y06 = x01 + x10 + x06 + x03
y08 = x00 + x09 + x08 + x05
y09 = x01 + x04 + x09 + x08
t03 = x09 + x07 + x11 + x03
y00 = x00 + y06 + y09 + t03
y01 = x00 + x01 + y08 + t03
y02 = x10 + x06 + x02 + t03
y11 = x05 + y08 + t03
y10 = x02 + y06 + y01 + y11
y05 = x08 + x07 + y01 + y02
y07 = x00 + y00 + y02 + y11
y03 = x08 + y02
y04 = x06 + y00

----------------
SLP Heuristic XorCount: 13, Depth: 3
, XOR2: 2, XOR3: 1, XOR4: 10
SLP Heuristic XorCost ASIC1: 57.25
SLP Heuristic XorCost ASIC2: 62.677
SLP Heuristic XorCost ASIC3: 71.7
SLP Heuristic XorCost ASIC4: 71.22
y08 = x00 + x09 + x08 + x05
y06 = x01 + x06 + x10 + x03
y09 = x01 + x09 + x08 + x04
t03 = x09 + x07 + x11 + x03
y01 = x00 + x01 + y08 + t03
y11 = x05 + y08 + t03
y02 = x02 + x06 + x10 + t03
y05 = x08 + x07 + y01 + y02
y03 = x08 + y02
y00 = x00 + y06 + y09 + t03
y07 = x00 + y11 + y02 + y00
y04 = x06 + y00
y10 = x02 + y06 + y01 + y11

----------------
SLP Heuristic XorCount: 13, Depth: 3
, XOR2: 2, XOR3: 1, XOR4: 10
SLP Heuristic XorCost ASIC1: 57.25
SLP Heuristic XorCost ASIC2: 62.677
SLP Heuristic XorCost ASIC3: 71.7
SLP Heuristic XorCost ASIC4: 71.22
y08 = x00 + x08 + x09 + x05
y09 = x01 + x08 + x09 + x04
y06 = x01 + x10 + x03 + x06
t03 = x03 + x07 + x09 + x11
y02 = x10 + x02 + x06 + t03
y01 = x00 + x01 + y08 + t03
y05 = x08 + x07 + y02 + y01
y11 = x05 + y08 + t03
y03 = x08 + y02
y00 = x00 + y09 + y06 + t03
y07 = x00 + y02 + y11 + y00
y04 = x06 + y00
y10 = x02 + y06 + y01 + y11

----------------
SLP Heuristic XorCount: 13, Depth: 3
, XOR2: 2, XOR3: 1, XOR4: 10
SLP Heuristic XorCost ASIC1: 57.25
SLP Heuristic XorCost ASIC2: 62.677
SLP Heuristic XorCost ASIC3: 71.7
SLP Heuristic XorCost ASIC4: 71.22
y06 = x01 + x10 + x06 + x03
y08 = x09 + x08 + x00 + x05
y09 = x01 + x04 + x09 + x08
t03 = x07 + x09 + x11 + x03
y00 = x00 + y06 + y09 + t03
y01 = x01 + x00 + y08 + t03
y02 = x10 + x06 + x02 + t03
y11 = x05 + y08 + t03
y10 = x02 + y06 + y01 + y11
y05 = x07 + x08 + y01 + y02
y07 = x00 + y00 + y02 + y11
y03 = x08 + y02
y04 = x06 + y00

----------------
SLP Heuristic XorCount: 13, Depth: 3
, XOR2: 2, XOR3: 1, XOR4: 10
SLP Heuristic XorCost ASIC1: 57.25
SLP Heuristic XorCost ASIC2: 62.677
SLP Heuristic XorCost ASIC3: 71.7
SLP Heuristic XorCost ASIC4: 71.22
y06 = x06 + x01 + x10 + x03
y08 = x09 + x08 + x00 + x05
y09 = x01 + x04 + x09 + x08
t03 = x09 + x07 + x11 + x03
y00 = x00 + y06 + y09 + t03
y01 = x01 + x00 + y08 + t03
y02 = x06 + x10 + x02 + t03
y11 = x05 + y08 + t03
y10 = x02 + y06 + y01 + y11
y05 = x08 + x07 + y01 + y02
y07 = x00 + y00 + y02 + y11
y03 = x08 + y02
y04 = x06 + y00

----------------
SLP Heuristic XorCount: 13, Depth: 3
, XOR2: 2, XOR3: 1, XOR4: 10
SLP Heuristic XorCost ASIC1: 57.25
SLP Heuristic XorCost ASIC2: 62.677
SLP Heuristic XorCost ASIC3: 71.7
SLP Heuristic XorCost ASIC4: 71.22
y06 = x01 + x10 + x06 + x03
y09 = x01 + x04 + x09 + x08
y08 = x00 + x09 + x08 + x05
t03 = x09 + x07 + x11 + x03
y01 = x00 + x01 + y08 + t03
y11 = x05 + y08 + t03
y10 = x02 + y06 + y01 + y11
y02 = x10 + x06 + x02 + t03
y00 = x00 + y06 + y09 + t03
y07 = x00 + y11 + y02 + y00
y05 = x08 + x07 + y01 + y02
y03 = x08 + y02
y04 = x06 + y00

----------------
SLP Heuristic XorCount: 13, Depth: 3
, XOR2: 2, XOR3: 1, XOR4: 10
SLP Heuristic XorCost ASIC1: 57.25
SLP Heuristic XorCost ASIC2: 62.677
SLP Heuristic XorCost ASIC3: 71.7
SLP Heuristic XorCost ASIC4: 71.22
y08 = x00 + x08 + x09 + x05
y06 = x01 + x10 + x03 + x06
y09 = x01 + x08 + x09 + x04
t03 = x03 + x07 + x09 + x11
y01 = x00 + x01 + y08 + t03
y11 = x05 + y08 + t03
y02 = x10 + x02 + x06 + t03
y05 = x08 + x07 + y01 + y02
y03 = x08 + y02
y00 = x00 + y06 + y09 + t03
y07 = x00 + y11 + y02 + y00
y04 = x06 + y00
y10 = x02 + y06 + y01 + y11

----------------
SLP Heuristic XorCount: 13, Depth: 3
, XOR2: 2, XOR3: 1, XOR4: 10
SLP Heuristic XorCost ASIC1: 57.25
SLP Heuristic XorCost ASIC2: 62.677
SLP Heuristic XorCost ASIC3: 71.7
SLP Heuristic XorCost ASIC4: 71.22
y08 = x00 + x09 + x08 + x05
y09 = x01 + x09 + x08 + x04
y06 = x01 + x06 + x10 + x03
t03 = x09 + x07 + x11 + x03
y02 = x02 + x06 + x10 + t03
y01 = x00 + x01 + y08 + t03
y05 = x08 + x07 + y02 + y01
y11 = x05 + y08 + t03
y03 = x08 + y02
y00 = x00 + y09 + y06 + t03
y07 = x00 + y02 + y11 + y00
y04 = x06 + y00
y10 = x02 + y06 + y01 + y11

----------------
SLP Heuristic XorCount: 13, Depth: 3
, XOR2: 2, XOR3: 1, XOR4: 10
SLP Heuristic XorCost ASIC1: 57.25
SLP Heuristic XorCost ASIC2: 62.677
SLP Heuristic XorCost ASIC3: 71.7
SLP Heuristic XorCost ASIC4: 71.22
y06 = x01 + x10 + x06 + x03
y08 = x09 + x00 + x05 + x08
y09 = x01 + x09 + x04 + x08
t03 = x07 + x11 + x09 + x03
y00 = x00 + y06 + y09 + t03
y01 = x01 + x00 + y08 + t03
y02 = x10 + x02 + x06 + t03
y11 = x05 + y08 + t03
y10 = x02 + y06 + y01 + y11
y05 = x07 + x08 + y01 + y02
y07 = x00 + y00 + y02 + y11
y03 = x08 + y02
y04 = x06 + y00

----------------
SLP Heuristic XorCount: 13, Depth: 3
, XOR2: 2, XOR3: 1, XOR4: 10
SLP Heuristic XorCost ASIC1: 57.25
SLP Heuristic XorCost ASIC2: 62.677
SLP Heuristic XorCost ASIC3: 71.7
SLP Heuristic XorCost ASIC4: 71.22
y06 = x01 + x10 + x06 + x03
y08 = x00 + x09 + x08 + x05
y09 = x01 + x04 + x09 + x08
t03 = x09 + x07 + x11 + x03
y00 = x00 + y06 + y09 + t03
y01 = x00 + x01 + y08 + t03
y02 = x10 + x06 + x02 + t03
y11 = x05 + y08 + t03
y10 = x02 + y06 + y01 + y11
y05 = x08 + x07 + y01 + y02
y07 = x00 + y00 + y02 + y11
y03 = x08 + y02
y04 = x06 + y00

----------------
