12 12
1 0 0 0 1 1 0 1 1 0 0 1
0 1 0 0 0 1 0 0 1 1 0 0
0 0 1 1 1 1 1 1 1 0 1 1
0 0 1 1 0 0 0 1 1 1 0 0
1 0 0 0 1 0 0 0 1 0 1 0
0 1 1 0 0 1 1 1 1 0 0 1
1 0 1 0 1 0 1 0 0 1 0 0
1 1 0 1 0 1 0 1 0 0 1 0
0 1 0 1 0 0 0 0 1 0 0 1
1 1 0 1 1 0 1 0 1 1 0 0
1 1 1 1 1 1 1 1 0 0 1 0
1 0 1 1 0 1 0 1 0 0 0 1

***********
SLP Heuristic XorCount: 13, Depth: 3
, XOR2: 0, XOR3: 2, XOR4: 11
SLP Heuristic XorCost ASIC1: 61.5
SLP Heuristic XorCost ASIC2: 67.93
SLP Heuristic XorCost ASIC3: 77.15
SLP Heuristic XorCost ASIC4: 75.21
y01 = x09 + x05 + x08 + x01
y08 = x03 + x11 + x08 + x01
y04 = x10 + x08 + x00 + x04
t03 = x07 + x05 + x11 + x02
y10 = x06 + y08 + y04 + t03
y05 = x06 + x08 + x01 + t03
y00 = x10 + x02 + y04 + t03
y03 = x08 + y01 + y08 + t03
y09 = x07 + y05 + y00 + y03
y11 = x03 + x00 + t03
y07 = x06 + x02 + x04 + y10
y02 = x06 + y04 + y11
y06 = x09 + x01 + y05 + y00

----------------
SLP Heuristic XorCount: 13, Depth: 3
, XOR2: 0, XOR3: 2, XOR4: 11
SLP Heuristic XorCost ASIC1: 61.5
SLP Heuristic XorCost ASIC2: 67.93
SLP Heuristic XorCost ASIC3: 77.15
SLP Heuristic XorCost ASIC4: 75.21
y01 = x09 + x05 + x08 + x01
y08 = x03 + x11 + x08 + x01
y04 = x10 + x08 + x00 + x04
t03 = x07 + x05 + x11 + x02
y10 = x06 + y08 + y04 + t03
y05 = x06 + x08 + x01 + t03
y00 = x10 + x02 + y04 + t03
y03 = x08 + y01 + y08 + t03
y09 = x07 + y05 + y00 + y03
y11 = x03 + x00 + t03
y07 = x06 + x02 + x04 + y10
y02 = x06 + y04 + y11
y06 = x09 + x01 + y05 + y00

----------------
SLP Heuristic XorCount: 13, Depth: 3
, XOR2: 0, XOR3: 2, XOR4: 11
SLP Heuristic XorCost ASIC1: 61.5
SLP Heuristic XorCost ASIC2: 67.93
SLP Heuristic XorCost ASIC3: 77.15
SLP Heuristic XorCost ASIC4: 75.21
y01 = x09 + x05 + x08 + x01
y08 = x03 + x11 + x08 + x01
y04 = x10 + x08 + x00 + x04
t03 = x07 + x05 + x11 + x02
y10 = x06 + y08 + y04 + t03
y05 = x06 + x08 + x01 + t03
y00 = x10 + x02 + y04 + t03
y03 = x08 + y01 + y08 + t03
y09 = x07 + y05 + y00 + y03
y11 = x03 + x00 + t03
y07 = x06 + x02 + x04 + y10
y02 = x06 + y04 + y11
y06 = x09 + x01 + y05 + y00

----------------
SLP Heuristic XorCount: 13, Depth: 3
, XOR2: 0, XOR3: 2, XOR4: 11
SLP Heuristic XorCost ASIC1: 61.5
SLP Heuristic XorCost ASIC2: 67.93
SLP Heuristic XorCost ASIC3: 77.15
SLP Heuristic XorCost ASIC4: 75.21
y01 = x09 + x05 + x08 + x01
y08 = x03 + x11 + x08 + x01
y04 = x10 + x08 + x00 + x04
t03 = x07 + x05 + x11 + x02
y10 = x06 + y08 + y04 + t03
y05 = x06 + x08 + x01 + t03
y00 = x10 + x02 + y04 + t03
y03 = x08 + y01 + y08 + t03
y09 = x07 + y05 + y00 + y03
y11 = x03 + x00 + t03
y07 = x06 + x02 + x04 + y10
y02 = x06 + y04 + y11
y06 = x09 + x01 + y05 + y00

----------------
