12 12
1 0 0 0 1 0 0 1 0 0 0 1
0 1 0 1 0 1 1 0 1 1 0 0
0 0 1 1 0 0 1 0 0 0 1 1
1 1 1 1 0 0 0 0 1 1 1 1
0 1 1 0 1 0 1 0 0 0 1 1
1 1 0 0 0 1 0 1 1 1 1 0
0 1 1 0 1 0 1 0 0 1 1 1
0 0 1 1 0 1 0 1 0 0 1 1
1 1 1 1 0 0 0 0 1 1 1 0
0 1 0 1 0 0 0 1 0 1 0 0
1 0 1 0 1 0 1 0 1 0 1 0
1 0 0 0 0 1 1 0 0 0 0 1

***********
SLP Heuristic XorCount: 13, Depth: 3
, XOR2: 2, XOR3: 1, XOR4: 10
SLP Heuristic XorCost ASIC1: 57.25
SLP Heuristic XorCost ASIC2: 62.677
SLP Heuristic XorCost ASIC3: 71.7
SLP Heuristic XorCost ASIC4: 71.22
y00 = x00 + x04 + x07 + x11
y09 = x01 + x09 + x03 + x07
y11 = x00 + x05 + x06 + x11
t03 = x00 + x03 + x02 + x10
y06 = x06 + y00 + y09 + t03
y02 = x05 + y11 + t03
y08 = x01 + x08 + x09 + t03
y07 = x04 + x05 + y00 + t03
y05 = x10 + x11 + y08 + y07
y10 = x06 + y06 + y02 + y08
y04 = x09 + y06
y01 = x08 + y09 + y02 + y07
y03 = x11 + y08

----------------
