12 12
1 0 0 1 0 1 1 1 0 1 1 0
0 1 0 1 1 0 1 1 1 1 1 1
0 0 1 0 1 0 1 0 1 1 0 1
1 0 0 1 0 0 0 1 0 1 0 1
0 1 0 0 1 0 1 0 1 1 1 0
0 0 1 0 0 1 1 0 0 0 1 0
1 0 0 0 1 1 1 0 0 0 0 1
0 1 0 0 0 1 0 1 0 1 0 0
0 0 1 1 1 1 0 0 1 0 1 1
0 0 1 0 1 1 0 1 1 1 0 0
1 0 0 0 0 1 0 0 1 0 1 0
0 1 1 1 1 1 1 1 1 0 0 1

***********
SLP Heuristic XorCount: 13, Depth: 3
, XOR2: 0, XOR3: 2, XOR4: 11
SLP Heuristic XorCost ASIC1: 61.5
SLP Heuristic XorCost ASIC2: 67.93
SLP Heuristic XorCost ASIC3: 77.15
SLP Heuristic XorCost ASIC4: 75.21
y10 = x00 + x10 + x08 + x05
y05 = x10 + x05 + x02 + x06
y07 = x05 + x01 + x07 + x09
t03 = x08 + x11 + x02 + x04
y01 = x03 + y05 + y07 + t03
y02 = x09 + x06 + t03
y09 = x11 + x01 + y07 + t03
y08 = x03 + x10 + x05 + t03
y00 = x00 + x07 + y02 + y08
y06 = x05 + y10 + y05 + t03
y04 = x03 + x11 + x07 + y01
y03 = x00 + x10 + y09 + y08
y11 = x03 + y07 + y02

----------------
SLP Heuristic XorCount: 13, Depth: 3
, XOR2: 0, XOR3: 2, XOR4: 11
SLP Heuristic XorCost ASIC1: 61.5
SLP Heuristic XorCost ASIC2: 67.93
SLP Heuristic XorCost ASIC3: 77.15
SLP Heuristic XorCost ASIC4: 75.21
y10 = x00 + x10 + x08 + x05
y05 = x10 + x05 + x02 + x06
y07 = x05 + x01 + x07 + x09
t03 = x08 + x11 + x02 + x04
y01 = x03 + y05 + y07 + t03
y02 = x09 + x06 + t03
y09 = x11 + x01 + y07 + t03
y08 = x03 + x10 + x05 + t03
y00 = x00 + x07 + y02 + y08
y06 = x05 + y10 + y05 + t03
y04 = x03 + x11 + x07 + y01
y03 = x00 + x10 + y09 + y08
y11 = x03 + y07 + y02

----------------
SLP Heuristic XorCount: 13, Depth: 3
, XOR2: 0, XOR3: 2, XOR4: 11
SLP Heuristic XorCost ASIC1: 61.5
SLP Heuristic XorCost ASIC2: 67.93
SLP Heuristic XorCost ASIC3: 77.15
SLP Heuristic XorCost ASIC4: 75.21
y10 = x00 + x10 + x08 + x05
y05 = x10 + x05 + x02 + x06
y07 = x05 + x01 + x07 + x09
t03 = x08 + x11 + x02 + x04
y01 = x03 + y05 + y07 + t03
y02 = x09 + x06 + t03
y09 = x11 + x01 + y07 + t03
y08 = x03 + x10 + x05 + t03
y00 = x00 + x07 + y02 + y08
y06 = x05 + y10 + y05 + t03
y04 = x03 + x11 + x07 + y01
y03 = x00 + x10 + y09 + y08
y11 = x03 + y07 + y02

----------------
SLP Heuristic XorCount: 13, Depth: 3
, XOR2: 0, XOR3: 2, XOR4: 11
SLP Heuristic XorCost ASIC1: 61.5
SLP Heuristic XorCost ASIC2: 67.93
SLP Heuristic XorCost ASIC3: 77.15
SLP Heuristic XorCost ASIC4: 75.21
y10 = x00 + x10 + x08 + x05
y05 = x10 + x05 + x02 + x06
y07 = x05 + x01 + x07 + x09
t03 = x08 + x11 + x02 + x04
y01 = x03 + y05 + y07 + t03
y02 = x09 + x06 + t03
y09 = x11 + x01 + y07 + t03
y08 = x03 + x10 + x05 + t03
y00 = x00 + x07 + y02 + y08
y06 = x05 + y10 + y05 + t03
y04 = x03 + x11 + x07 + y01
y03 = x00 + x10 + y09 + y08
y11 = x03 + y07 + y02

----------------
SLP Heuristic XorCount: 13, Depth: 3
, XOR2: 0, XOR3: 2, XOR4: 11
SLP Heuristic XorCost ASIC1: 61.5
SLP Heuristic XorCost ASIC2: 67.93
SLP Heuristic XorCost ASIC3: 77.15
SLP Heuristic XorCost ASIC4: 75.21
y10 = x00 + x10 + x08 + x05
y05 = x10 + x05 + x02 + x06
y07 = x05 + x01 + x07 + x09
t03 = x08 + x11 + x02 + x04
y01 = x03 + y05 + y07 + t03
y02 = x09 + x06 + t03
y09 = x11 + x01 + y07 + t03
y08 = x03 + x10 + x05 + t03
y00 = x00 + x07 + y02 + y08
y06 = x05 + y10 + y05 + t03
y04 = x03 + x11 + x07 + y01
y03 = x00 + x10 + y09 + y08
y11 = x03 + y07 + y02

----------------
SLP Heuristic XorCount: 13, Depth: 3
, XOR2: 0, XOR3: 2, XOR4: 11
SLP Heuristic XorCost ASIC1: 61.5
SLP Heuristic XorCost ASIC2: 67.93
SLP Heuristic XorCost ASIC3: 77.15
SLP Heuristic XorCost ASIC4: 75.21
y10 = x00 + x10 + x08 + x05
y05 = x10 + x05 + x02 + x06
y07 = x05 + x01 + x07 + x09
t03 = x08 + x11 + x02 + x04
y01 = x03 + y05 + y07 + t03
y02 = x09 + x06 + t03
y09 = x11 + x01 + y07 + t03
y08 = x03 + x10 + x05 + t03
y00 = x00 + x07 + y02 + y08
y06 = x05 + y10 + y05 + t03
y04 = x03 + x11 + x07 + y01
y03 = x00 + x10 + y09 + y08
y11 = x03 + y07 + y02

----------------
