12 12
1 0 0 1 1 0 1 1 0 1 0 1
0 1 0 1 1 1 1 1 1 1 1 0
0 0 1 1 0 1 1 0 1 0 1 0
1 0 0 1 0 0 0 0 1 0 1 1
0 1 0 0 1 0 1 0 0 0 0 1
0 0 1 0 0 1 0 1 1 1 1 1
0 0 1 0 1 1 1 0 0 0 1 1
1 0 0 0 0 1 0 1 0 0 0 1
0 1 1 1 1 1 0 0 1 1 1 1
1 0 0 0 1 0 1 0 1 1 0 0
0 1 0 1 0 1 1 1 0 0 1 0
0 0 1 1 0 0 0 1 0 0 0 1

***********
SLP Heuristic XorCount: 13, Depth: 3
, XOR2: 0, XOR3: 2, XOR4: 11
SLP Heuristic XorCost ASIC1: 61.5
SLP Heuristic XorCost ASIC2: 67.93
SLP Heuristic XorCost ASIC3: 77.15
SLP Heuristic XorCost ASIC4: 75.21
y04 = x04 + x06 + x01 + x11
y11 = x07 + x02 + x03 + x11
y07 = x07 + x00 + x11 + x05
t03 = x10 + x08 + x02 + x05
y01 = x09 + y04 + y11 + t03
y06 = x01 + x08 + y04 + t03
y02 = x06 + x03 + t03
y08 = x09 + y04 + y02
y03 = x11 + y11 + y07 + t03
y05 = x09 + x07 + x11 + t03
y00 = x10 + y06 + y03 + y05
y09 = x07 + x00 + y06 + y05
y10 = x09 + x04 + x08 + y01

----------------
SLP Heuristic XorCount: 13, Depth: 3
, XOR2: 0, XOR3: 2, XOR4: 11
SLP Heuristic XorCost ASIC1: 61.5
SLP Heuristic XorCost ASIC2: 67.93
SLP Heuristic XorCost ASIC3: 77.15
SLP Heuristic XorCost ASIC4: 75.21
y04 = x11 + x01 + x04 + x06
y07 = x11 + x00 + x05 + x07
y11 = x11 + x02 + x03 + x07
t03 = x02 + x10 + x05 + x08
y01 = x09 + y04 + y11 + t03
y02 = x06 + x03 + t03
y03 = x11 + y07 + y11 + t03
y05 = x09 + x11 + x07 + t03
y00 = x04 + x00 + y02 + y05
y06 = x01 + x08 + y04 + t03
y08 = x09 + y04 + y02
y09 = x00 + x07 + y05 + y06
y10 = x09 + x04 + x08 + y01

----------------
SLP Heuristic XorCount: 13, Depth: 3
, XOR2: 0, XOR3: 2, XOR4: 11
SLP Heuristic XorCost ASIC1: 61.5
SLP Heuristic XorCost ASIC2: 67.93
SLP Heuristic XorCost ASIC3: 77.15
SLP Heuristic XorCost ASIC4: 75.21
y04 = x11 + x01 + x04 + x06
y11 = x11 + x02 + x03 + x07
y07 = x11 + x00 + x05 + x07
t03 = x02 + x10 + x05 + x08
y01 = x09 + y04 + y11 + t03
y06 = x01 + x08 + y04 + t03
y02 = x06 + x03 + t03
y08 = x09 + y04 + y02
y03 = x11 + y11 + y07 + t03
y05 = x09 + x11 + x07 + t03
y00 = x04 + x00 + y02 + y05
y09 = x00 + x07 + y06 + y05
y10 = x09 + x04 + x08 + y01

----------------
SLP Heuristic XorCount: 13, Depth: 3
, XOR2: 0, XOR3: 2, XOR4: 11
SLP Heuristic XorCost ASIC1: 61.5
SLP Heuristic XorCost ASIC2: 67.93
SLP Heuristic XorCost ASIC3: 77.15
SLP Heuristic XorCost ASIC4: 75.21
y04 = x04 + x06 + x01 + x11
y11 = x07 + x02 + x03 + x11
y07 = x07 + x00 + x11 + x05
t03 = x10 + x08 + x02 + x05
y01 = x09 + y04 + y11 + t03
y06 = x01 + x08 + y04 + t03
y02 = x06 + x03 + t03
y08 = x09 + y04 + y02
y03 = x11 + y11 + y07 + t03
y05 = x09 + x07 + x11 + t03
y00 = x10 + y06 + y03 + y05
y09 = x07 + x00 + y06 + y05
y10 = x09 + x04 + x08 + y01

----------------
SLP Heuristic XorCount: 13, Depth: 3
, XOR2: 0, XOR3: 2, XOR4: 11
SLP Heuristic XorCost ASIC1: 61.5
SLP Heuristic XorCost ASIC2: 67.93
SLP Heuristic XorCost ASIC3: 77.15
SLP Heuristic XorCost ASIC4: 75.21
y04 = x11 + x01 + x04 + x06
y07 = x11 + x00 + x05 + x07
y11 = x11 + x02 + x03 + x07
t03 = x02 + x10 + x05 + x08
y01 = x09 + y04 + y11 + t03
y02 = x06 + x03 + t03
y03 = x11 + y07 + y11 + t03
y05 = x09 + x11 + x07 + t03
y00 = x04 + x00 + y02 + y05
y06 = x01 + x08 + y04 + t03
y08 = x09 + y04 + y02
y09 = x00 + x07 + y05 + y06
y10 = x09 + x04 + x08 + y01

----------------
SLP Heuristic XorCount: 13, Depth: 3
, XOR2: 0, XOR3: 2, XOR4: 11
SLP Heuristic XorCost ASIC1: 61.5
SLP Heuristic XorCost ASIC2: 67.93
SLP Heuristic XorCost ASIC3: 77.15
SLP Heuristic XorCost ASIC4: 75.21
y04 = x11 + x01 + x04 + x06
y11 = x11 + x02 + x03 + x07
y07 = x11 + x00 + x05 + x07
t03 = x02 + x10 + x05 + x08
y01 = x09 + y04 + y11 + t03
y06 = x01 + x08 + y04 + t03
y02 = x06 + x03 + t03
y08 = x09 + y04 + y02
y03 = x11 + y11 + y07 + t03
y05 = x09 + x11 + x07 + t03
y00 = x04 + x00 + y02 + y05
y09 = x00 + x07 + y06 + y05
y10 = x09 + x04 + x08 + y01

----------------
SLP Heuristic XorCount: 13, Depth: 3
, XOR2: 0, XOR3: 2, XOR4: 11
SLP Heuristic XorCost ASIC1: 61.5
SLP Heuristic XorCost ASIC2: 67.93
SLP Heuristic XorCost ASIC3: 77.15
SLP Heuristic XorCost ASIC4: 75.21
y04 = x04 + x06 + x01 + x11
y11 = x07 + x02 + x03 + x11
y07 = x07 + x00 + x11 + x05
t03 = x10 + x08 + x02 + x05
y01 = x09 + y04 + y11 + t03
y06 = x01 + x08 + y04 + t03
y02 = x06 + x03 + t03
y08 = x09 + y04 + y02
y03 = x11 + y11 + y07 + t03
y05 = x09 + x07 + x11 + t03
y00 = x10 + y06 + y03 + y05
y09 = x07 + x00 + y06 + y05
y10 = x09 + x04 + x08 + y01

----------------
SLP Heuristic XorCount: 13, Depth: 3
, XOR2: 0, XOR3: 2, XOR4: 11
SLP Heuristic XorCost ASIC1: 61.5
SLP Heuristic XorCost ASIC2: 67.93
SLP Heuristic XorCost ASIC3: 77.15
SLP Heuristic XorCost ASIC4: 75.21
y04 = x11 + x01 + x04 + x06
y07 = x11 + x00 + x05 + x07
y11 = x11 + x02 + x03 + x07
t03 = x02 + x10 + x05 + x08
y01 = x09 + y04 + y11 + t03
y02 = x06 + x03 + t03
y03 = x11 + y07 + y11 + t03
y05 = x09 + x11 + x07 + t03
y00 = x04 + x00 + y02 + y05
y06 = x01 + x08 + y04 + t03
y08 = x09 + y04 + y02
y09 = x00 + x07 + y05 + y06
y10 = x09 + x04 + x08 + y01

----------------
SLP Heuristic XorCount: 13, Depth: 3
, XOR2: 0, XOR3: 2, XOR4: 11
SLP Heuristic XorCost ASIC1: 61.5
SLP Heuristic XorCost ASIC2: 67.93
SLP Heuristic XorCost ASIC3: 77.15
SLP Heuristic XorCost ASIC4: 75.21
y04 = x11 + x01 + x04 + x06
y11 = x11 + x02 + x03 + x07
y07 = x11 + x00 + x05 + x07
t03 = x02 + x10 + x05 + x08
y01 = x09 + y04 + y11 + t03
y06 = x01 + x08 + y04 + t03
y02 = x06 + x03 + t03
y08 = x09 + y04 + y02
y03 = x11 + y11 + y07 + t03
y05 = x09 + x11 + x07 + t03
y00 = x04 + x00 + y02 + y05
y09 = x00 + x07 + y06 + y05
y10 = x09 + x04 + x08 + y01

----------------
SLP Heuristic XorCount: 13, Depth: 3
, XOR2: 0, XOR3: 2, XOR4: 11
SLP Heuristic XorCost ASIC1: 61.5
SLP Heuristic XorCost ASIC2: 67.93
SLP Heuristic XorCost ASIC3: 77.15
SLP Heuristic XorCost ASIC4: 75.21
y04 = x04 + x06 + x01 + x11
y11 = x07 + x02 + x03 + x11
y07 = x07 + x00 + x11 + x05
t03 = x10 + x08 + x02 + x05
y01 = x09 + y04 + y11 + t03
y06 = x01 + x08 + y04 + t03
y02 = x06 + x03 + t03
y08 = x09 + y04 + y02
y03 = x11 + y11 + y07 + t03
y05 = x09 + x07 + x11 + t03
y00 = x10 + y06 + y03 + y05
y09 = x07 + x00 + y06 + y05
y10 = x09 + x04 + x08 + y01

----------------
SLP Heuristic XorCount: 13, Depth: 3
, XOR2: 0, XOR3: 2, XOR4: 11
SLP Heuristic XorCost ASIC1: 61.5
SLP Heuristic XorCost ASIC2: 67.93
SLP Heuristic XorCost ASIC3: 77.15
SLP Heuristic XorCost ASIC4: 75.21
y04 = x11 + x01 + x04 + x06
y07 = x11 + x00 + x05 + x07
y11 = x11 + x02 + x03 + x07
t03 = x02 + x10 + x05 + x08
y01 = x09 + y04 + y11 + t03
y02 = x06 + x03 + t03
y03 = x11 + y07 + y11 + t03
y05 = x09 + x11 + x07 + t03
y00 = x04 + x00 + y02 + y05
y06 = x01 + x08 + y04 + t03
y08 = x09 + y04 + y02
y09 = x00 + x07 + y05 + y06
y10 = x09 + x04 + x08 + y01

----------------
SLP Heuristic XorCount: 13, Depth: 3
, XOR2: 0, XOR3: 2, XOR4: 11
SLP Heuristic XorCost ASIC1: 61.5
SLP Heuristic XorCost ASIC2: 67.93
SLP Heuristic XorCost ASIC3: 77.15
SLP Heuristic XorCost ASIC4: 75.21
y04 = x11 + x01 + x04 + x06
y11 = x11 + x02 + x03 + x07
y07 = x11 + x00 + x05 + x07
t03 = x02 + x10 + x05 + x08
y01 = x09 + y04 + y11 + t03
y06 = x01 + x08 + y04 + t03
y02 = x06 + x03 + t03
y08 = x09 + y04 + y02
y03 = x11 + y11 + y07 + t03
y05 = x09 + x11 + x07 + t03
y00 = x04 + x00 + y02 + y05
y09 = x00 + x07 + y06 + y05
y10 = x09 + x04 + x08 + y01

----------------
SLP Heuristic XorCount: 13, Depth: 3
, XOR2: 0, XOR3: 2, XOR4: 11
SLP Heuristic XorCost ASIC1: 61.5
SLP Heuristic XorCost ASIC2: 67.93
SLP Heuristic XorCost ASIC3: 77.15
SLP Heuristic XorCost ASIC4: 75.21
y04 = x04 + x06 + x01 + x11
y11 = x07 + x02 + x03 + x11
y07 = x07 + x00 + x11 + x05
t03 = x10 + x08 + x02 + x05
y01 = x09 + y04 + y11 + t03
y06 = x01 + x08 + y04 + t03
y02 = x06 + x03 + t03
y08 = x09 + y04 + y02
y03 = x11 + y11 + y07 + t03
y05 = x09 + x07 + x11 + t03
y00 = x10 + y06 + y03 + y05
y09 = x07 + x00 + y06 + y05
y10 = x09 + x04 + x08 + y01

----------------
SLP Heuristic XorCount: 13, Depth: 3
, XOR2: 0, XOR3: 2, XOR4: 11
SLP Heuristic XorCost ASIC1: 61.5
SLP Heuristic XorCost ASIC2: 67.93
SLP Heuristic XorCost ASIC3: 77.15
SLP Heuristic XorCost ASIC4: 75.21
y04 = x11 + x01 + x04 + x06
y07 = x11 + x00 + x05 + x07
y11 = x11 + x02 + x03 + x07
t03 = x02 + x10 + x05 + x08
y01 = x09 + y04 + y11 + t03
y02 = x06 + x03 + t03
y03 = x11 + y07 + y11 + t03
y05 = x09 + x11 + x07 + t03
y00 = x04 + x00 + y02 + y05
y06 = x01 + x08 + y04 + t03
y08 = x09 + y04 + y02
y09 = x00 + x07 + y05 + y06
y10 = x09 + x04 + x08 + y01

----------------
SLP Heuristic XorCount: 13, Depth: 3
, XOR2: 0, XOR3: 2, XOR4: 11
SLP Heuristic XorCost ASIC1: 61.5
SLP Heuristic XorCost ASIC2: 67.93
SLP Heuristic XorCost ASIC3: 77.15
SLP Heuristic XorCost ASIC4: 75.21
y04 = x11 + x01 + x04 + x06
y11 = x11 + x02 + x03 + x07
y07 = x11 + x00 + x05 + x07
t03 = x02 + x10 + x05 + x08
y01 = x09 + y04 + y11 + t03
y06 = x01 + x08 + y04 + t03
y02 = x06 + x03 + t03
y08 = x09 + y04 + y02
y03 = x11 + y11 + y07 + t03
y05 = x09 + x11 + x07 + t03
y00 = x04 + x00 + y02 + y05
y09 = x00 + x07 + y06 + y05
y10 = x09 + x04 + x08 + y01

----------------
SLP Heuristic XorCount: 13, Depth: 3
, XOR2: 0, XOR3: 2, XOR4: 11
SLP Heuristic XorCost ASIC1: 61.5
SLP Heuristic XorCost ASIC2: 67.93
SLP Heuristic XorCost ASIC3: 77.15
SLP Heuristic XorCost ASIC4: 75.21
y04 = x04 + x06 + x01 + x11
y11 = x07 + x02 + x03 + x11
y07 = x07 + x00 + x11 + x05
t03 = x10 + x08 + x02 + x05
y01 = x09 + y04 + y11 + t03
y06 = x01 + x08 + y04 + t03
y02 = x06 + x03 + t03
y08 = x09 + y04 + y02
y03 = x11 + y11 + y07 + t03
y05 = x09 + x07 + x11 + t03
y00 = x10 + y06 + y03 + y05
y09 = x07 + x00 + y06 + y05
y10 = x09 + x04 + x08 + y01

----------------
SLP Heuristic XorCount: 13, Depth: 3
, XOR2: 0, XOR3: 2, XOR4: 11
SLP Heuristic XorCost ASIC1: 61.5
SLP Heuristic XorCost ASIC2: 67.93
SLP Heuristic XorCost ASIC3: 77.15
SLP Heuristic XorCost ASIC4: 75.21
y04 = x11 + x01 + x04 + x06
y11 = x11 + x02 + x03 + x07
y07 = x11 + x00 + x05 + x07
t03 = x02 + x10 + x05 + x08
y01 = x09 + y04 + y11 + t03
y06 = x01 + x08 + y04 + t03
y02 = x06 + x03 + t03
y05 = x09 + x11 + x07 + t03
y00 = x04 + x00 + y02 + y05
y03 = x11 + y11 + y07 + t03
y08 = x09 + y04 + y02
y09 = x00 + x07 + y06 + y05
y10 = x09 + x04 + x08 + y01

----------------
SLP Heuristic XorCount: 13, Depth: 3
, XOR2: 0, XOR3: 2, XOR4: 11
SLP Heuristic XorCost ASIC1: 61.5
SLP Heuristic XorCost ASIC2: 67.93
SLP Heuristic XorCost ASIC3: 77.15
SLP Heuristic XorCost ASIC4: 75.21
y04 = x11 + x01 + x04 + x06
y11 = x11 + x02 + x03 + x07
y07 = x11 + x00 + x05 + x07
t03 = x02 + x10 + x05 + x08
y01 = x09 + y04 + y11 + t03
y06 = x01 + x08 + y04 + t03
y02 = x06 + x03 + t03
y05 = x09 + x11 + x07 + t03
y00 = x04 + x00 + y02 + y05
y03 = x11 + y11 + y07 + t03
y08 = x09 + y04 + y02
y09 = x00 + x07 + y06 + y05
y10 = x09 + x04 + x08 + y01

----------------
