12 12
1 0 0 1 1 0 1 1 0 1 0 1
0 1 0 1 1 1 1 1 1 1 1 0
0 0 1 1 0 1 1 0 1 0 1 0
0 0 1 1 0 0 0 1 1 0 1 1
1 0 0 0 1 0 0 0 1 0 0 1
0 1 1 0 0 1 1 1 1 1 1 1
1 0 0 0 0 1 1 0 0 0 1 1
0 1 0 1 0 0 0 1 0 0 0 1
0 0 1 0 1 1 0 0 1 1 1 1
1 0 0 1 0 1 0 1 0 1 0 0
0 1 0 1 1 0 1 0 1 0 1 0
0 0 1 0 1 0 1 0 0 0 0 1

***********
SLP Heuristic XorCount: 13, Depth: 3
, XOR2: 0, XOR3: 2, XOR4: 11
SLP Heuristic XorCost ASIC1: 61.5
SLP Heuristic XorCost ASIC2: 67.93
SLP Heuristic XorCost ASIC3: 77.15
SLP Heuristic XorCost ASIC4: 75.21
y04 = x04 + x11 + x08 + x00
y07 = x03 + x01 + x11 + x07
y11 = x04 + x11 + x02 + x06
t03 = x02 + x05 + x08 + x10
y02 = x03 + x06 + t03
y01 = x09 + y07 + y11 + t03
y03 = x01 + x05 + y07 + t03
y05 = x09 + y07 + y02
y06 = x11 + y04 + y11 + t03
y08 = x09 + x04 + x11 + t03
y09 = x04 + x00 + y03 + y08
y00 = x07 + x00 + y02 + y08
y10 = x09 + x07 + x05 + y01

----------------
