12 12
1 0 0 0 1 1 1 1 1 0 1 0
0 1 0 0 0 1 0 1 1 1 0 1
0 0 1 1 1 1 1 1 0 1 0 0
0 1 0 1 0 0 0 0 1 0 1 0
1 0 1 0 1 0 1 0 0 1 0 1
1 0 0 0 0 1 0 1 1 1 0 0
0 1 0 0 1 0 1 0 0 1 0 0
1 0 1 1 0 1 0 1 0 0 1 0
1 0 0 1 0 0 0 0 1 0 0 1
0 0 1 1 1 1 1 1 1 1 0 0
1 0 0 0 1 1 0 1 1 0 1 0
0 1 1 1 1 0 1 1 0 0 0 1

***********
SLP Heuristic XorCount: 13, Depth: 3
, XOR2: 2, XOR3: 1, XOR4: 10
SLP Heuristic XorCost ASIC1: 57.25
SLP Heuristic XorCost ASIC2: 62.677
SLP Heuristic XorCost ASIC3: 71.7
SLP Heuristic XorCost ASIC4: 71.22
y03 = x01 + x08 + x10 + x03
y08 = x00 + x08 + x11 + x03
y06 = x09 + x04 + x01 + x06
t03 = x09 + x05 + x07 + x03
y02 = x02 + x04 + x06 + t03
y01 = x00 + x01 + y08 + t03
y05 = x11 + y08 + t03
y11 = x07 + x08 + y02 + y01
y04 = x02 + y06 + y01 + y05
y00 = x00 + y03 + y06 + t03
y10 = x06 + y00
y07 = x00 + y02 + y05 + y00
y09 = x08 + y02

----------------
SLP Heuristic XorCount: 13, Depth: 3
, XOR2: 2, XOR3: 1, XOR4: 10
SLP Heuristic XorCost ASIC1: 57.25
SLP Heuristic XorCost ASIC2: 62.677
SLP Heuristic XorCost ASIC3: 71.7
SLP Heuristic XorCost ASIC4: 71.22
y03 = x03 + x08 + x10 + x01
y08 = x00 + x03 + x11 + x08
y06 = x09 + x04 + x06 + x01
t03 = x03 + x09 + x07 + x05
y02 = x02 + x04 + x06 + t03
y01 = x00 + x01 + y08 + t03
y05 = x11 + y08 + t03
y11 = x07 + x08 + y02 + y01
y04 = x02 + y06 + y01 + y05
y00 = x00 + y03 + y06 + t03
y10 = x06 + y00
y07 = x00 + y02 + y05 + y00
y09 = x08 + y02

----------------
SLP Heuristic XorCount: 13, Depth: 3
, XOR2: 2, XOR3: 1, XOR4: 10
SLP Heuristic XorCost ASIC1: 57.25
SLP Heuristic XorCost ASIC2: 62.677
SLP Heuristic XorCost ASIC3: 71.7
SLP Heuristic XorCost ASIC4: 71.22
y03 = x01 + x03 + x08 + x10
y08 = x00 + x03 + x08 + x11
y06 = x01 + x04 + x06 + x09
t03 = x03 + x05 + x07 + x09
y02 = x02 + x04 + x06 + t03
y01 = x00 + x01 + y08 + t03
y05 = x11 + y08 + t03
y11 = x07 + x08 + y02 + y01
y04 = x02 + y06 + y01 + y05
y00 = x00 + y03 + y06 + t03
y10 = x06 + y00
y07 = x00 + y02 + y05 + y00
y09 = x08 + y02

----------------
SLP Heuristic XorCount: 13, Depth: 3
, XOR2: 2, XOR3: 1, XOR4: 10
SLP Heuristic XorCost ASIC1: 57.25
SLP Heuristic XorCost ASIC2: 62.677
SLP Heuristic XorCost ASIC3: 71.7
SLP Heuristic XorCost ASIC4: 71.22
y03 = x01 + x08 + x03 + x10
y08 = x00 + x11 + x08 + x03
y06 = x01 + x04 + x09 + x06
t03 = x09 + x07 + x03 + x05
y02 = x02 + x04 + x06 + t03
y01 = x00 + x01 + y08 + t03
y05 = x11 + y08 + t03
y11 = x07 + x08 + y02 + y01
y04 = x02 + y06 + y01 + y05
y00 = x00 + y03 + y06 + t03
y10 = x06 + y00
y07 = x00 + y02 + y05 + y00
y09 = x08 + y02

----------------
SLP Heuristic XorCount: 13, Depth: 3
, XOR2: 2, XOR3: 1, XOR4: 10
SLP Heuristic XorCost ASIC1: 57.25
SLP Heuristic XorCost ASIC2: 62.677
SLP Heuristic XorCost ASIC3: 71.7
SLP Heuristic XorCost ASIC4: 71.22
y03 = x01 + x08 + x10 + x03
y08 = x00 + x08 + x11 + x03
y06 = x09 + x04 + x01 + x06
t03 = x09 + x05 + x07 + x03
y02 = x02 + x04 + x06 + t03
y01 = x00 + x01 + y08 + t03
y05 = x11 + y08 + t03
y11 = x07 + x08 + y02 + y01
y04 = x02 + y06 + y01 + y05
y00 = x00 + y03 + y06 + t03
y10 = x06 + y00
y07 = x00 + y02 + y05 + y00
y09 = x08 + y02

----------------
SLP Heuristic XorCount: 13, Depth: 3
, XOR2: 2, XOR3: 1, XOR4: 10
SLP Heuristic XorCost ASIC1: 57.25
SLP Heuristic XorCost ASIC2: 62.677
SLP Heuristic XorCost ASIC3: 71.7
SLP Heuristic XorCost ASIC4: 71.22
y03 = x03 + x08 + x10 + x01
y08 = x00 + x03 + x11 + x08
y06 = x09 + x04 + x06 + x01
t03 = x03 + x09 + x07 + x05
y02 = x02 + x04 + x06 + t03
y01 = x00 + x01 + y08 + t03
y05 = x11 + y08 + t03
y11 = x07 + x08 + y02 + y01
y04 = x02 + y06 + y01 + y05
y00 = x00 + y03 + y06 + t03
y10 = x06 + y00
y07 = x00 + y02 + y05 + y00
y09 = x08 + y02

----------------
SLP Heuristic XorCount: 13, Depth: 3
, XOR2: 2, XOR3: 1, XOR4: 10
SLP Heuristic XorCost ASIC1: 57.25
SLP Heuristic XorCost ASIC2: 62.677
SLP Heuristic XorCost ASIC3: 71.7
SLP Heuristic XorCost ASIC4: 71.22
y03 = x01 + x03 + x08 + x10
y08 = x00 + x03 + x08 + x11
y06 = x01 + x04 + x06 + x09
t03 = x03 + x05 + x07 + x09
y02 = x02 + x04 + x06 + t03
y01 = x00 + x01 + y08 + t03
y05 = x11 + y08 + t03
y11 = x07 + x08 + y02 + y01
y04 = x02 + y06 + y01 + y05
y00 = x00 + y03 + y06 + t03
y10 = x06 + y00
y07 = x00 + y02 + y05 + y00
y09 = x08 + y02

----------------
SLP Heuristic XorCount: 13, Depth: 3
, XOR2: 2, XOR3: 1, XOR4: 10
SLP Heuristic XorCost ASIC1: 57.25
SLP Heuristic XorCost ASIC2: 62.677
SLP Heuristic XorCost ASIC3: 71.7
SLP Heuristic XorCost ASIC4: 71.22
y03 = x01 + x08 + x03 + x10
y08 = x00 + x11 + x08 + x03
y06 = x01 + x04 + x09 + x06
t03 = x09 + x07 + x03 + x05
y02 = x02 + x04 + x06 + t03
y01 = x00 + x01 + y08 + t03
y05 = x11 + y08 + t03
y11 = x07 + x08 + y02 + y01
y04 = x02 + y06 + y01 + y05
y00 = x00 + y03 + y06 + t03
y10 = x06 + y00
y07 = x00 + y02 + y05 + y00
y09 = x08 + y02

----------------
SLP Heuristic XorCount: 13, Depth: 3
, XOR2: 2, XOR3: 1, XOR4: 10
SLP Heuristic XorCost ASIC1: 57.25
SLP Heuristic XorCost ASIC2: 62.677
SLP Heuristic XorCost ASIC3: 71.7
SLP Heuristic XorCost ASIC4: 71.22
y06 = x06 + x01 + x04 + x09
y03 = x01 + x08 + x03 + x10
y08 = x00 + x08 + x03 + x11
t03 = x07 + x05 + x09 + x03
y02 = x06 + x04 + x02 + t03
y01 = x00 + x01 + y08 + t03
y05 = x11 + y08 + t03
y00 = x00 + y06 + y03 + t03
y10 = x06 + y00
y04 = x02 + y06 + y01 + y05
y11 = x07 + x08 + y02 + y01
y09 = x08 + y02
y07 = x00 + y02 + y05 + y00

----------------
SLP Heuristic XorCount: 13, Depth: 3
, XOR2: 2, XOR3: 1, XOR4: 10
SLP Heuristic XorCost ASIC1: 57.25
SLP Heuristic XorCost ASIC2: 62.677
SLP Heuristic XorCost ASIC3: 71.7
SLP Heuristic XorCost ASIC4: 71.22
y06 = x06 + x01 + x04 + x09
y03 = x01 + x08 + x03 + x10
y08 = x00 + x08 + x03 + x11
t03 = x07 + x05 + x09 + x03
y02 = x06 + x04 + x02 + t03
y01 = x00 + x01 + y08 + t03
y05 = x11 + y08 + t03
y00 = x00 + y06 + y03 + t03
y10 = x06 + y00
y04 = x02 + y06 + y01 + y05
y11 = x07 + x08 + y02 + y01
y09 = x08 + y02
y07 = x00 + y02 + y05 + y00

----------------
