12 12
1 0 0 1 0 1 1 1 0 1 1 0
0 1 0 1 1 0 1 1 1 1 1 1
0 0 1 0 1 0 1 0 1 1 0 1
1 0 0 1 0 0 1 0 1 0 1 0
0 1 0 0 1 0 1 1 0 1 0 1
0 0 1 0 0 1 0 1 0 1 0 0
0 0 1 0 1 1 1 0 0 0 1 1
1 0 0 0 0 1 0 1 0 0 0 1
0 1 1 1 1 1 0 0 1 1 1 1
1 0 0 0 1 1 0 0 1 1 0 0
0 1 0 0 0 1 1 0 0 0 1 0
0 0 1 1 1 1 0 1 1 0 0 1

***********
SLP Heuristic XorCount: 13, Depth: 3
, XOR2: 0, XOR3: 2, XOR4: 11
SLP Heuristic XorCost ASIC1: 61.5
SLP Heuristic XorCost ASIC2: 67.93
SLP Heuristic XorCost ASIC3: 77.15
SLP Heuristic XorCost ASIC4: 75.21
y07 = x07 + x00 + x05 + x11
y10 = x01 + x10 + x06 + x05
y05 = x07 + x02 + x09 + x05
t03 = x04 + x08 + x02 + x11
y06 = x01 + x08 + y10 + t03
y02 = x06 + x09 + t03
y09 = x05 + y07 + y05 + t03
y11 = x07 + x03 + x05 + t03
y01 = x03 + y10 + y05 + t03
y03 = x07 + x00 + y06 + y11
y08 = x03 + y10 + y02
y04 = x01 + x10 + y05 + y06
y00 = x04 + y06 + y09 + y11

----------------
SLP Heuristic XorCount: 13, Depth: 3
, XOR2: 0, XOR3: 2, XOR4: 11
SLP Heuristic XorCost ASIC1: 61.5
SLP Heuristic XorCost ASIC2: 67.93
SLP Heuristic XorCost ASIC3: 77.15
SLP Heuristic XorCost ASIC4: 75.21
y07 = x07 + x00 + x05 + x11
y10 = x01 + x10 + x06 + x05
y05 = x07 + x02 + x09 + x05
t03 = x04 + x08 + x02 + x11
y09 = x05 + y07 + y05 + t03
y02 = x06 + x09 + t03
y06 = x01 + x08 + y10 + t03
y11 = x07 + x03 + x05 + t03
y01 = x03 + y10 + y05 + t03
y00 = x04 + y09 + y06 + y11
y08 = x03 + y10 + y02
y04 = x01 + x10 + y05 + y06
y03 = x07 + x00 + y06 + y11

----------------
SLP Heuristic XorCount: 13, Depth: 3
, XOR2: 0, XOR3: 2, XOR4: 11
SLP Heuristic XorCost ASIC1: 61.5
SLP Heuristic XorCost ASIC2: 67.93
SLP Heuristic XorCost ASIC3: 77.15
SLP Heuristic XorCost ASIC4: 75.21
y07 = x07 + x00 + x05 + x11
y10 = x01 + x10 + x06 + x05
y05 = x07 + x02 + x09 + x05
t03 = x04 + x08 + x02 + x11
y06 = x01 + x08 + y10 + t03
y02 = x06 + x09 + t03
y09 = x05 + y07 + y05 + t03
y11 = x07 + x03 + x05 + t03
y01 = x03 + y10 + y05 + t03
y03 = x07 + x00 + y06 + y11
y08 = x03 + y10 + y02
y04 = x01 + x10 + y05 + y06
y00 = x04 + y06 + y09 + y11

----------------
SLP Heuristic XorCount: 13, Depth: 3
, XOR2: 0, XOR3: 2, XOR4: 11
SLP Heuristic XorCost ASIC1: 61.5
SLP Heuristic XorCost ASIC2: 67.93
SLP Heuristic XorCost ASIC3: 77.15
SLP Heuristic XorCost ASIC4: 75.21
y07 = x07 + x00 + x05 + x11
y10 = x01 + x10 + x06 + x05
y05 = x07 + x02 + x09 + x05
t03 = x04 + x08 + x02 + x11
y09 = x05 + y07 + y05 + t03
y02 = x06 + x09 + t03
y06 = x01 + x08 + y10 + t03
y11 = x07 + x03 + x05 + t03
y01 = x03 + y10 + y05 + t03
y00 = x04 + y09 + y06 + y11
y08 = x03 + y10 + y02
y04 = x01 + x10 + y05 + y06
y03 = x07 + x00 + y06 + y11

----------------
SLP Heuristic XorCount: 13, Depth: 3
, XOR2: 0, XOR3: 2, XOR4: 11
SLP Heuristic XorCost ASIC1: 61.5
SLP Heuristic XorCost ASIC2: 67.93
SLP Heuristic XorCost ASIC3: 77.15
SLP Heuristic XorCost ASIC4: 75.21
y07 = x07 + x00 + x05 + x11
y10 = x01 + x10 + x06 + x05
y05 = x07 + x02 + x09 + x05
t03 = x04 + x08 + x02 + x11
y06 = x01 + x08 + y10 + t03
y02 = x06 + x09 + t03
y09 = x05 + y07 + y05 + t03
y11 = x07 + x03 + x05 + t03
y01 = x03 + y10 + y05 + t03
y03 = x07 + x00 + y06 + y11
y08 = x03 + y10 + y02
y04 = x01 + x10 + y05 + y06
y00 = x04 + y06 + y09 + y11

----------------
SLP Heuristic XorCount: 13, Depth: 3
, XOR2: 0, XOR3: 2, XOR4: 11
SLP Heuristic XorCost ASIC1: 61.5
SLP Heuristic XorCost ASIC2: 67.93
SLP Heuristic XorCost ASIC3: 77.15
SLP Heuristic XorCost ASIC4: 75.21
y07 = x07 + x00 + x05 + x11
y10 = x01 + x10 + x06 + x05
y05 = x07 + x02 + x09 + x05
t03 = x04 + x08 + x02 + x11
y09 = x05 + y07 + y05 + t03
y02 = x06 + x09 + t03
y06 = x01 + x08 + y10 + t03
y11 = x07 + x03 + x05 + t03
y01 = x03 + y10 + y05 + t03
y00 = x04 + y09 + y06 + y11
y08 = x03 + y10 + y02
y04 = x01 + x10 + y05 + y06
y03 = x07 + x00 + y06 + y11

----------------
SLP Heuristic XorCount: 13, Depth: 3
, XOR2: 0, XOR3: 2, XOR4: 11
SLP Heuristic XorCost ASIC1: 61.5
SLP Heuristic XorCost ASIC2: 67.93
SLP Heuristic XorCost ASIC3: 77.15
SLP Heuristic XorCost ASIC4: 75.21
y07 = x07 + x00 + x05 + x11
y10 = x01 + x10 + x06 + x05
y05 = x07 + x02 + x09 + x05
t03 = x04 + x08 + x02 + x11
y06 = x01 + x08 + y10 + t03
y02 = x06 + x09 + t03
y09 = x05 + y07 + y05 + t03
y11 = x07 + x03 + x05 + t03
y01 = x03 + y10 + y05 + t03
y03 = x07 + x00 + y06 + y11
y08 = x03 + y10 + y02
y04 = x01 + x10 + y05 + y06
y00 = x04 + y06 + y09 + y11

----------------
SLP Heuristic XorCount: 13, Depth: 3
, XOR2: 0, XOR3: 2, XOR4: 11
SLP Heuristic XorCost ASIC1: 61.5
SLP Heuristic XorCost ASIC2: 67.93
SLP Heuristic XorCost ASIC3: 77.15
SLP Heuristic XorCost ASIC4: 75.21
y07 = x07 + x00 + x05 + x11
y10 = x01 + x10 + x06 + x05
y05 = x07 + x02 + x09 + x05
t03 = x04 + x08 + x02 + x11
y09 = x05 + y07 + y05 + t03
y02 = x06 + x09 + t03
y06 = x01 + x08 + y10 + t03
y11 = x07 + x03 + x05 + t03
y01 = x03 + y10 + y05 + t03
y00 = x04 + y09 + y06 + y11
y08 = x03 + y10 + y02
y04 = x01 + x10 + y05 + y06
y03 = x07 + x00 + y06 + y11

----------------
SLP Heuristic XorCount: 13, Depth: 3
, XOR2: 0, XOR3: 2, XOR4: 11
SLP Heuristic XorCost ASIC1: 61.5
SLP Heuristic XorCost ASIC2: 67.93
SLP Heuristic XorCost ASIC3: 77.15
SLP Heuristic XorCost ASIC4: 75.21
y07 = x07 + x00 + x05 + x11
y10 = x01 + x10 + x06 + x05
y05 = x07 + x02 + x09 + x05
t03 = x04 + x08 + x02 + x11
y06 = x01 + x08 + y10 + t03
y02 = x06 + x09 + t03
y09 = x05 + y07 + y05 + t03
y11 = x07 + x03 + x05 + t03
y01 = x03 + y10 + y05 + t03
y03 = x07 + x00 + y06 + y11
y08 = x03 + y10 + y02
y04 = x01 + x10 + y05 + y06
y00 = x04 + y06 + y09 + y11

----------------
SLP Heuristic XorCount: 13, Depth: 3
, XOR2: 0, XOR3: 2, XOR4: 11
SLP Heuristic XorCost ASIC1: 61.5
SLP Heuristic XorCost ASIC2: 67.93
SLP Heuristic XorCost ASIC3: 77.15
SLP Heuristic XorCost ASIC4: 75.21
y07 = x07 + x00 + x05 + x11
y10 = x01 + x10 + x06 + x05
y05 = x07 + x02 + x09 + x05
t03 = x04 + x08 + x02 + x11
y09 = x05 + y07 + y05 + t03
y02 = x06 + x09 + t03
y06 = x01 + x08 + y10 + t03
y11 = x07 + x03 + x05 + t03
y01 = x03 + y10 + y05 + t03
y00 = x04 + y09 + y06 + y11
y08 = x03 + y10 + y02
y04 = x01 + x10 + y05 + y06
y03 = x07 + x00 + y06 + y11

----------------
SLP Heuristic XorCount: 13, Depth: 3
, XOR2: 0, XOR3: 2, XOR4: 11
SLP Heuristic XorCost ASIC1: 61.5
SLP Heuristic XorCost ASIC2: 67.93
SLP Heuristic XorCost ASIC3: 77.15
SLP Heuristic XorCost ASIC4: 75.21
y07 = x07 + x00 + x05 + x11
y10 = x01 + x10 + x06 + x05
y05 = x07 + x02 + x09 + x05
t03 = x04 + x08 + x02 + x11
y06 = x01 + x08 + y10 + t03
y02 = x06 + x09 + t03
y09 = x05 + y07 + y05 + t03
y11 = x07 + x03 + x05 + t03
y01 = x03 + y10 + y05 + t03
y03 = x07 + x00 + y06 + y11
y08 = x03 + y10 + y02
y04 = x01 + x10 + y05 + y06
y00 = x04 + y06 + y09 + y11

----------------
SLP Heuristic XorCount: 13, Depth: 3
, XOR2: 0, XOR3: 2, XOR4: 11
SLP Heuristic XorCost ASIC1: 61.5
SLP Heuristic XorCost ASIC2: 67.93
SLP Heuristic XorCost ASIC3: 77.15
SLP Heuristic XorCost ASIC4: 75.21
y07 = x07 + x00 + x05 + x11
y10 = x01 + x10 + x06 + x05
y05 = x07 + x02 + x09 + x05
t03 = x04 + x08 + x02 + x11
y09 = x05 + y07 + y05 + t03
y02 = x06 + x09 + t03
y06 = x01 + x08 + y10 + t03
y11 = x07 + x03 + x05 + t03
y01 = x03 + y10 + y05 + t03
y00 = x04 + y09 + y06 + y11
y08 = x03 + y10 + y02
y04 = x01 + x10 + y05 + y06
y03 = x07 + x00 + y06 + y11

----------------
SLP Heuristic XorCount: 13, Depth: 3
, XOR2: 0, XOR3: 2, XOR4: 11
SLP Heuristic XorCost ASIC1: 61.5
SLP Heuristic XorCost ASIC2: 67.93
SLP Heuristic XorCost ASIC3: 77.15
SLP Heuristic XorCost ASIC4: 75.21
y07 = x07 + x00 + x05 + x11
y10 = x01 + x05 + x10 + x06
y05 = x07 + x05 + x09 + x02
t03 = x11 + x04 + x08 + x02
y11 = x07 + x05 + x03 + t03
y06 = x01 + x08 + y10 + t03
y02 = x09 + x06 + t03
y08 = x03 + y10 + y02
y03 = x07 + x00 + y11 + y06
y01 = x03 + y10 + y05 + t03
y09 = x05 + y07 + y05 + t03
y00 = x00 + x10 + y11 + y02
y04 = x01 + x10 + y05 + y06

----------------
SLP Heuristic XorCount: 13, Depth: 3
, XOR2: 0, XOR3: 2, XOR4: 11
SLP Heuristic XorCost ASIC1: 61.5
SLP Heuristic XorCost ASIC2: 67.93
SLP Heuristic XorCost ASIC3: 77.15
SLP Heuristic XorCost ASIC4: 75.21
y07 = x07 + x00 + x05 + x11
y10 = x01 + x05 + x10 + x06
y05 = x07 + x05 + x09 + x02
t03 = x11 + x04 + x08 + x02
y09 = x05 + y07 + y05 + t03
y02 = x09 + x06 + t03
y08 = x03 + y10 + y02
y01 = x03 + y10 + y05 + t03
y06 = x01 + x08 + y10 + t03
y11 = x07 + x05 + x03 + t03
y00 = x00 + x10 + y02 + y11
y03 = x07 + x00 + y06 + y11
y04 = x01 + x10 + y05 + y06

----------------
SLP Heuristic XorCount: 13, Depth: 3
, XOR2: 0, XOR3: 2, XOR4: 11
SLP Heuristic XorCost ASIC1: 61.5
SLP Heuristic XorCost ASIC2: 67.93
SLP Heuristic XorCost ASIC3: 77.15
SLP Heuristic XorCost ASIC4: 75.21
y07 = x07 + x00 + x11 + x05
y10 = x06 + x05 + x10 + x01
y05 = x07 + x02 + x09 + x05
t03 = x11 + x02 + x04 + x08
y11 = x07 + x03 + x05 + t03
y06 = x08 + x01 + y10 + t03
y02 = x09 + x06 + t03
y08 = x03 + y10 + y02
y03 = x07 + x00 + y11 + y06
y01 = x03 + y10 + y05 + t03
y09 = x05 + y07 + y05 + t03
y00 = x00 + x10 + y11 + y02
y04 = x03 + x08 + x10 + y01

----------------
SLP Heuristic XorCount: 13, Depth: 3
, XOR2: 0, XOR3: 2, XOR4: 11
SLP Heuristic XorCost ASIC1: 61.5
SLP Heuristic XorCost ASIC2: 67.93
SLP Heuristic XorCost ASIC3: 77.15
SLP Heuristic XorCost ASIC4: 75.21
y05 = x07 + x05 + x09 + x02
y07 = x07 + x00 + x05 + x11
y10 = x10 + x01 + x05 + x06
t03 = x04 + x08 + x11 + x02
y02 = x06 + x09 + t03
y06 = x01 + x08 + y10 + t03
y08 = x03 + y10 + y02
y01 = x03 + y05 + y10 + t03
y09 = x05 + y05 + y07 + t03
y11 = x07 + x03 + x05 + t03
y03 = x07 + x00 + y06 + y11
y00 = x10 + x00 + y02 + y11
y04 = x10 + x01 + y05 + y06

----------------
SLP Heuristic XorCount: 13, Depth: 3
, XOR2: 0, XOR3: 2, XOR4: 11
SLP Heuristic XorCost ASIC1: 61.5
SLP Heuristic XorCost ASIC2: 67.93
SLP Heuristic XorCost ASIC3: 77.15
SLP Heuristic XorCost ASIC4: 75.21
y07 = x07 + x00 + x11 + x05
y10 = x06 + x05 + x10 + x01
y05 = x07 + x02 + x09 + x05
t03 = x11 + x02 + x04 + x08
y09 = x05 + y07 + y05 + t03
y02 = x09 + x06 + t03
y08 = x03 + y10 + y02
y01 = x03 + y10 + y05 + t03
y06 = x08 + x01 + y10 + t03
y11 = x07 + x03 + x05 + t03
y00 = x00 + x10 + y02 + y11
y03 = x07 + x00 + y06 + y11
y04 = x03 + x08 + x10 + y01

----------------
SLP Heuristic XorCount: 13, Depth: 3
, XOR2: 0, XOR3: 2, XOR4: 11
SLP Heuristic XorCost ASIC1: 61.5
SLP Heuristic XorCost ASIC2: 67.93
SLP Heuristic XorCost ASIC3: 77.15
SLP Heuristic XorCost ASIC4: 75.21
y07 = x07 + x00 + x05 + x11
y10 = x01 + x05 + x10 + x06
y05 = x07 + x05 + x09 + x02
t03 = x11 + x04 + x08 + x02
y11 = x07 + x05 + x03 + t03
y02 = x09 + x06 + t03
y00 = x00 + x10 + y11 + y02
y06 = x01 + x08 + y10 + t03
y01 = x03 + y10 + y05 + t03
y03 = x07 + x00 + y11 + y06
y08 = x03 + y10 + y02
y09 = x05 + y07 + y05 + t03
y04 = x01 + x10 + y05 + y06

----------------
SLP Heuristic XorCount: 13, Depth: 3
, XOR2: 0, XOR3: 2, XOR4: 11
SLP Heuristic XorCost ASIC1: 61.5
SLP Heuristic XorCost ASIC2: 67.93
SLP Heuristic XorCost ASIC3: 77.15
SLP Heuristic XorCost ASIC4: 75.21
y07 = x07 + x00 + x05 + x11
y10 = x10 + x01 + x05 + x06
y05 = x07 + x05 + x09 + x02
t03 = x04 + x08 + x11 + x02
y02 = x06 + x09 + t03
y06 = x01 + x08 + y10 + t03
y09 = x05 + y07 + y05 + t03
y01 = x03 + y10 + y05 + t03
y11 = x07 + x03 + x05 + t03
y03 = x07 + x00 + y06 + y11
y00 = x10 + x00 + y02 + y11
y08 = x03 + y10 + y02
y04 = x10 + x01 + y05 + y06

----------------
SLP Heuristic XorCount: 13, Depth: 3
, XOR2: 0, XOR3: 2, XOR4: 11
SLP Heuristic XorCost ASIC1: 61.5
SLP Heuristic XorCost ASIC2: 67.93
SLP Heuristic XorCost ASIC3: 77.15
SLP Heuristic XorCost ASIC4: 75.21
y05 = x07 + x05 + x09 + x02
y07 = x07 + x00 + x05 + x11
y10 = x10 + x01 + x05 + x06
t03 = x04 + x08 + x11 + x02
y09 = x05 + y05 + y07 + t03
y02 = x06 + x09 + t03
y06 = x01 + x08 + y10 + t03
y08 = x03 + y10 + y02
y11 = x07 + x03 + x05 + t03
y00 = x10 + x00 + y02 + y11
y01 = x03 + y05 + y10 + t03
y03 = x07 + x00 + y06 + y11
y04 = x10 + x01 + y05 + y06

----------------
SLP Heuristic XorCount: 13, Depth: 3
, XOR2: 0, XOR3: 2, XOR4: 11
SLP Heuristic XorCost ASIC1: 61.5
SLP Heuristic XorCost ASIC2: 67.93
SLP Heuristic XorCost ASIC3: 77.15
SLP Heuristic XorCost ASIC4: 75.21
y07 = x07 + x00 + x05 + x11
y10 = x01 + x05 + x10 + x06
y05 = x07 + x05 + x09 + x02
t03 = x11 + x04 + x08 + x02
y11 = x07 + x05 + x03 + t03
y06 = x01 + x08 + y10 + t03
y02 = x09 + x06 + t03
y08 = x03 + y10 + y02
y03 = x07 + x00 + y11 + y06
y01 = x03 + y10 + y05 + t03
y09 = x05 + y07 + y05 + t03
y00 = x00 + x10 + y11 + y02
y04 = x01 + x10 + y05 + y06

----------------
