12 12
1 0 0 0 1 1 0 0 1 1 0 0
0 1 0 0 0 1 1 0 0 0 1 0
0 0 1 1 1 1 0 1 1 0 0 1
0 1 0 1 0 0 1 0 1 1 0 0
1 0 1 0 1 0 1 1 0 0 1 0
1 0 0 0 0 1 0 1 0 0 0 1
0 1 1 0 1 1 1 0 0 0 0 1
0 0 1 0 0 1 0 1 0 1 0 0
1 1 1 1 1 1 0 0 1 0 1 1
1 1 0 1 0 1 1 1 0 1 0 0
1 1 1 1 1 0 1 1 1 0 1 0
1 0 1 0 1 0 1 0 1 0 0 1

***********
SLP Heuristic XorCount: 13, Depth: 3
, XOR2: 0, XOR3: 2, XOR4: 11
SLP Heuristic XorCost ASIC1: 61.5
SLP Heuristic XorCost ASIC2: 67.93
SLP Heuristic XorCost ASIC3: 77.15
SLP Heuristic XorCost ASIC4: 75.21
y01 = x01 + x06 + x10 + x05
y07 = x07 + x09 + x02 + x05
y05 = x07 + x11 + x00 + x05
t03 = x11 + x04 + x02 + x08
y10 = x03 + y01 + y05 + t03
y11 = x06 + x00 + t03
y06 = x10 + x08 + y01 + t03
y00 = x05 + y07 + y05 + t03
y02 = x07 + x03 + x05 + t03
y03 = x07 + x09 + y06 + y02
y09 = x01 + x09 + y11 + y02
y04 = x01 + x03 + x08 + y10
y08 = x03 + y01 + y11

----------------
SLP Heuristic XorCount: 13, Depth: 3
, XOR2: 0, XOR3: 2, XOR4: 11
SLP Heuristic XorCost ASIC1: 61.5
SLP Heuristic XorCost ASIC2: 67.93
SLP Heuristic XorCost ASIC3: 77.15
SLP Heuristic XorCost ASIC4: 75.21
y01 = x01 + x06 + x10 + x05
y07 = x07 + x09 + x02 + x05
y05 = x07 + x11 + x00 + x05
t03 = x11 + x04 + x02 + x08
y10 = x03 + y01 + y05 + t03
y11 = x06 + x00 + t03
y06 = x10 + x08 + y01 + t03
y00 = x05 + y07 + y05 + t03
y02 = x07 + x03 + x05 + t03
y03 = x07 + x09 + y06 + y02
y09 = x01 + x09 + y11 + y02
y04 = x01 + x03 + x08 + y10
y08 = x03 + y01 + y11

----------------
SLP Heuristic XorCount: 13, Depth: 3
, XOR2: 0, XOR3: 2, XOR4: 11
SLP Heuristic XorCost ASIC1: 61.5
SLP Heuristic XorCost ASIC2: 67.93
SLP Heuristic XorCost ASIC3: 77.15
SLP Heuristic XorCost ASIC4: 75.21
y01 = x01 + x06 + x10 + x05
y07 = x07 + x09 + x02 + x05
y05 = x07 + x11 + x00 + x05
t03 = x11 + x04 + x02 + x08
y10 = x03 + y01 + y05 + t03
y11 = x06 + x00 + t03
y06 = x10 + x08 + y01 + t03
y00 = x05 + y07 + y05 + t03
y02 = x07 + x03 + x05 + t03
y03 = x07 + x09 + y06 + y02
y09 = x01 + x09 + y11 + y02
y04 = x01 + x03 + x08 + y10
y08 = x03 + y01 + y11

----------------
SLP Heuristic XorCount: 13, Depth: 3
, XOR2: 0, XOR3: 2, XOR4: 11
SLP Heuristic XorCost ASIC1: 61.5
SLP Heuristic XorCost ASIC2: 67.93
SLP Heuristic XorCost ASIC3: 77.15
SLP Heuristic XorCost ASIC4: 75.21
y01 = x01 + x06 + x10 + x05
y07 = x07 + x09 + x02 + x05
y05 = x07 + x11 + x00 + x05
t03 = x11 + x04 + x02 + x08
y10 = x03 + y01 + y05 + t03
y11 = x06 + x00 + t03
y06 = x10 + x08 + y01 + t03
y00 = x05 + y07 + y05 + t03
y02 = x07 + x03 + x05 + t03
y03 = x07 + x09 + y06 + y02
y09 = x01 + x09 + y11 + y02
y04 = x01 + x03 + x08 + y10
y08 = x03 + y01 + y11

----------------
SLP Heuristic XorCount: 13, Depth: 3
, XOR2: 0, XOR3: 2, XOR4: 11
SLP Heuristic XorCost ASIC1: 61.5
SLP Heuristic XorCost ASIC2: 67.93
SLP Heuristic XorCost ASIC3: 77.15
SLP Heuristic XorCost ASIC4: 75.21
y01 = x01 + x06 + x10 + x05
y07 = x07 + x09 + x02 + x05
y05 = x07 + x11 + x00 + x05
t03 = x11 + x04 + x02 + x08
y10 = x03 + y01 + y05 + t03
y11 = x06 + x00 + t03
y06 = x10 + x08 + y01 + t03
y00 = x05 + y07 + y05 + t03
y02 = x07 + x03 + x05 + t03
y03 = x07 + x09 + y06 + y02
y09 = x01 + x09 + y11 + y02
y04 = x01 + x03 + x08 + y10
y08 = x03 + y01 + y11

----------------
SLP Heuristic XorCount: 13, Depth: 3
, XOR2: 0, XOR3: 2, XOR4: 11
SLP Heuristic XorCost ASIC1: 61.5
SLP Heuristic XorCost ASIC2: 67.93
SLP Heuristic XorCost ASIC3: 77.15
SLP Heuristic XorCost ASIC4: 75.21
y01 = x01 + x06 + x10 + x05
y07 = x07 + x09 + x02 + x05
y05 = x07 + x11 + x00 + x05
t03 = x11 + x04 + x02 + x08
y10 = x03 + y01 + y05 + t03
y11 = x06 + x00 + t03
y06 = x10 + x08 + y01 + t03
y00 = x05 + y07 + y05 + t03
y02 = x07 + x03 + x05 + t03
y03 = x07 + x09 + y06 + y02
y09 = x01 + x09 + y11 + y02
y04 = x01 + x03 + x08 + y10
y08 = x03 + y01 + y11

----------------
SLP Heuristic XorCount: 13, Depth: 3
, XOR2: 0, XOR3: 2, XOR4: 11
SLP Heuristic XorCost ASIC1: 61.5
SLP Heuristic XorCost ASIC2: 67.93
SLP Heuristic XorCost ASIC3: 77.15
SLP Heuristic XorCost ASIC4: 75.21
y01 = x01 + x06 + x10 + x05
y07 = x07 + x09 + x02 + x05
y05 = x07 + x11 + x00 + x05
t03 = x11 + x04 + x02 + x08
y10 = x03 + y01 + y05 + t03
y11 = x06 + x00 + t03
y06 = x10 + x08 + y01 + t03
y00 = x05 + y07 + y05 + t03
y02 = x07 + x03 + x05 + t03
y03 = x07 + x09 + y06 + y02
y09 = x01 + x09 + y11 + y02
y04 = x01 + x03 + x08 + y10
y08 = x03 + y01 + y11

----------------
SLP Heuristic XorCount: 13, Depth: 3
, XOR2: 0, XOR3: 2, XOR4: 11
SLP Heuristic XorCost ASIC1: 61.5
SLP Heuristic XorCost ASIC2: 67.93
SLP Heuristic XorCost ASIC3: 77.15
SLP Heuristic XorCost ASIC4: 75.21
y01 = x01 + x06 + x10 + x05
y07 = x07 + x09 + x02 + x05
y05 = x07 + x11 + x00 + x05
t03 = x11 + x04 + x02 + x08
y10 = x03 + y01 + y05 + t03
y11 = x06 + x00 + t03
y06 = x10 + x08 + y01 + t03
y00 = x05 + y07 + y05 + t03
y02 = x07 + x03 + x05 + t03
y03 = x07 + x09 + y06 + y02
y09 = x01 + x09 + y11 + y02
y04 = x01 + x03 + x08 + y10
y08 = x03 + y01 + y11

----------------
SLP Heuristic XorCount: 13, Depth: 3
, XOR2: 0, XOR3: 2, XOR4: 11
SLP Heuristic XorCost ASIC1: 61.5
SLP Heuristic XorCost ASIC2: 67.93
SLP Heuristic XorCost ASIC3: 77.15
SLP Heuristic XorCost ASIC4: 75.21
y01 = x01 + x06 + x10 + x05
y07 = x07 + x09 + x02 + x05
y05 = x07 + x11 + x00 + x05
t03 = x11 + x04 + x02 + x08
y10 = x03 + y01 + y05 + t03
y11 = x06 + x00 + t03
y06 = x10 + x08 + y01 + t03
y00 = x05 + y07 + y05 + t03
y02 = x07 + x03 + x05 + t03
y03 = x07 + x09 + y06 + y02
y09 = x01 + x09 + y11 + y02
y04 = x01 + x03 + x08 + y10
y08 = x03 + y01 + y11

----------------
SLP Heuristic XorCount: 13, Depth: 3
, XOR2: 0, XOR3: 2, XOR4: 11
SLP Heuristic XorCost ASIC1: 61.5
SLP Heuristic XorCost ASIC2: 67.93
SLP Heuristic XorCost ASIC3: 77.15
SLP Heuristic XorCost ASIC4: 75.21
y01 = x01 + x06 + x10 + x05
y07 = x07 + x09 + x02 + x05
y05 = x07 + x11 + x00 + x05
t03 = x11 + x04 + x02 + x08
y10 = x03 + y01 + y05 + t03
y11 = x06 + x00 + t03
y06 = x10 + x08 + y01 + t03
y00 = x05 + y07 + y05 + t03
y02 = x07 + x03 + x05 + t03
y03 = x07 + x09 + y06 + y02
y09 = x01 + x09 + y11 + y02
y04 = x01 + x03 + x08 + y10
y08 = x03 + y01 + y11

----------------
SLP Heuristic XorCount: 13, Depth: 3
, XOR2: 0, XOR3: 2, XOR4: 11
SLP Heuristic XorCost ASIC1: 61.5
SLP Heuristic XorCost ASIC2: 67.93
SLP Heuristic XorCost ASIC3: 77.15
SLP Heuristic XorCost ASIC4: 75.21
y01 = x01 + x06 + x10 + x05
y07 = x07 + x09 + x02 + x05
y05 = x07 + x11 + x00 + x05
t03 = x11 + x04 + x02 + x08
y10 = x03 + y01 + y05 + t03
y11 = x06 + x00 + t03
y06 = x10 + x08 + y01 + t03
y00 = x05 + y07 + y05 + t03
y02 = x07 + x03 + x05 + t03
y03 = x07 + x09 + y06 + y02
y09 = x01 + x09 + y11 + y02
y04 = x01 + x03 + x08 + y10
y08 = x03 + y01 + y11

----------------
SLP Heuristic XorCount: 13, Depth: 3
, XOR2: 0, XOR3: 2, XOR4: 11
SLP Heuristic XorCost ASIC1: 61.5
SLP Heuristic XorCost ASIC2: 67.93
SLP Heuristic XorCost ASIC3: 77.15
SLP Heuristic XorCost ASIC4: 75.21
y01 = x01 + x06 + x10 + x05
y07 = x07 + x09 + x02 + x05
y05 = x07 + x11 + x00 + x05
t03 = x11 + x04 + x02 + x08
y10 = x03 + y01 + y05 + t03
y11 = x06 + x00 + t03
y06 = x10 + x08 + y01 + t03
y00 = x05 + y07 + y05 + t03
y02 = x07 + x03 + x05 + t03
y03 = x07 + x09 + y06 + y02
y09 = x01 + x09 + y11 + y02
y04 = x01 + x03 + x08 + y10
y08 = x03 + y01 + y11

----------------
SLP Heuristic XorCount: 13, Depth: 3
, XOR2: 0, XOR3: 2, XOR4: 11
SLP Heuristic XorCost ASIC1: 61.5
SLP Heuristic XorCost ASIC2: 67.93
SLP Heuristic XorCost ASIC3: 77.15
SLP Heuristic XorCost ASIC4: 75.21
y01 = x01 + x06 + x10 + x05
y07 = x07 + x09 + x02 + x05
y05 = x07 + x11 + x00 + x05
t03 = x11 + x04 + x02 + x08
y10 = x03 + y01 + y05 + t03
y11 = x06 + x00 + t03
y06 = x10 + x08 + y01 + t03
y00 = x05 + y07 + y05 + t03
y02 = x07 + x03 + x05 + t03
y03 = x07 + x09 + y06 + y02
y09 = x01 + x09 + y11 + y02
y04 = x01 + x03 + x08 + y10
y08 = x03 + y01 + y11

----------------
SLP Heuristic XorCount: 13, Depth: 3
, XOR2: 0, XOR3: 2, XOR4: 11
SLP Heuristic XorCost ASIC1: 61.5
SLP Heuristic XorCost ASIC2: 67.93
SLP Heuristic XorCost ASIC3: 77.15
SLP Heuristic XorCost ASIC4: 75.21
y01 = x01 + x06 + x10 + x05
y07 = x07 + x09 + x02 + x05
y05 = x07 + x11 + x00 + x05
t03 = x11 + x04 + x02 + x08
y10 = x03 + y01 + y05 + t03
y11 = x06 + x00 + t03
y06 = x10 + x08 + y01 + t03
y00 = x05 + y07 + y05 + t03
y02 = x07 + x03 + x05 + t03
y03 = x07 + x09 + y06 + y02
y09 = x01 + x09 + y11 + y02
y04 = x01 + x03 + x08 + y10
y08 = x03 + y01 + y11

----------------
SLP Heuristic XorCount: 13, Depth: 3
, XOR2: 0, XOR3: 2, XOR4: 11
SLP Heuristic XorCost ASIC1: 61.5
SLP Heuristic XorCost ASIC2: 67.93
SLP Heuristic XorCost ASIC3: 77.15
SLP Heuristic XorCost ASIC4: 75.21
y05 = x11 + x05 + x07 + x00
y07 = x09 + x02 + x05 + x07
y01 = x10 + x06 + x05 + x01
t03 = x11 + x02 + x08 + x04
y11 = x06 + x00 + t03
y02 = x03 + x05 + x07 + t03
y06 = x10 + x08 + y01 + t03
y03 = x09 + x07 + y02 + y06
y00 = x05 + y05 + y07 + t03
y08 = x03 + y01 + y11
y10 = x03 + y05 + y01 + t03
y04 = x03 + x08 + x01 + y10
y09 = x09 + x01 + y11 + y02

----------------
SLP Heuristic XorCount: 13, Depth: 3
, XOR2: 0, XOR3: 2, XOR4: 11
SLP Heuristic XorCost ASIC1: 61.5
SLP Heuristic XorCost ASIC2: 67.93
SLP Heuristic XorCost ASIC3: 77.15
SLP Heuristic XorCost ASIC4: 75.21
y05 = x11 + x05 + x07 + x00
y07 = x05 + x07 + x02 + x09
y01 = x01 + x10 + x05 + x06
t03 = x04 + x11 + x08 + x02
y11 = x06 + x00 + t03
y02 = x03 + x05 + x07 + t03
y06 = x10 + x08 + y01 + t03
y03 = x07 + x09 + y02 + y06
y00 = x05 + y05 + y07 + t03
y08 = x03 + y01 + y11
y10 = x03 + y05 + y01 + t03
y04 = x03 + x01 + x08 + y10
y09 = x04 + y02 + y06 + y00

----------------
SLP Heuristic XorCount: 13, Depth: 3
, XOR2: 0, XOR3: 2, XOR4: 11
SLP Heuristic XorCost ASIC1: 61.5
SLP Heuristic XorCost ASIC2: 67.93
SLP Heuristic XorCost ASIC3: 77.15
SLP Heuristic XorCost ASIC4: 75.21
y05 = x11 + x07 + x05 + x00
y07 = x02 + x09 + x07 + x05
y01 = x01 + x05 + x06 + x10
t03 = x02 + x11 + x08 + x04
y11 = x06 + x00 + t03
y02 = x03 + x07 + x05 + t03
y06 = x08 + x10 + y01 + t03
y03 = x09 + x07 + y02 + y06
y00 = x05 + y05 + y07 + t03
y08 = x03 + y01 + y11
y10 = x03 + y05 + y01 + t03
y04 = x03 + x01 + x08 + y10
y09 = x09 + x01 + y11 + y02

----------------
SLP Heuristic XorCount: 13, Depth: 3
, XOR2: 0, XOR3: 2, XOR4: 11
SLP Heuristic XorCost ASIC1: 61.5
SLP Heuristic XorCost ASIC2: 67.93
SLP Heuristic XorCost ASIC3: 77.15
SLP Heuristic XorCost ASIC4: 75.21
y01 = x10 + x06 + x05 + x01
y05 = x11 + x07 + x05 + x00
y07 = x09 + x02 + x07 + x05
t03 = x11 + x02 + x08 + x04
y11 = x06 + x00 + t03
y06 = x10 + x08 + y01 + t03
y02 = x03 + x07 + x05 + t03
y09 = x09 + x01 + y11 + y02
y10 = x03 + y01 + y05 + t03
y08 = x03 + y01 + y11
y03 = x09 + x07 + y06 + y02
y00 = x05 + y05 + y07 + t03
y04 = x03 + x08 + x01 + y10

----------------
SLP Heuristic XorCount: 13, Depth: 3
, XOR2: 0, XOR3: 2, XOR4: 11
SLP Heuristic XorCost ASIC1: 61.5
SLP Heuristic XorCost ASIC2: 67.93
SLP Heuristic XorCost ASIC3: 77.15
SLP Heuristic XorCost ASIC4: 75.21
y05 = x11 + x07 + x05 + x00
y07 = x09 + x07 + x05 + x02
y01 = x10 + x06 + x05 + x01
t03 = x04 + x11 + x08 + x02
y11 = x06 + x00 + t03
y02 = x03 + x07 + x05 + t03
y06 = x10 + x08 + y01 + t03
y03 = x09 + x07 + y02 + y06
y00 = x05 + y05 + y07 + t03
y08 = x03 + y01 + y11
y10 = x03 + y05 + y01 + t03
y04 = x03 + x08 + x01 + y10
y09 = x04 + y02 + y06 + y00

----------------
SLP Heuristic XorCount: 13, Depth: 3
, XOR2: 0, XOR3: 2, XOR4: 11
SLP Heuristic XorCost ASIC1: 61.5
SLP Heuristic XorCost ASIC2: 67.93
SLP Heuristic XorCost ASIC3: 77.15
SLP Heuristic XorCost ASIC4: 75.21
y05 = x11 + x05 + x07 + x00
y07 = x02 + x05 + x07 + x09
y01 = x01 + x06 + x05 + x10
t03 = x02 + x11 + x04 + x08
y11 = x06 + x00 + t03
y02 = x03 + x05 + x07 + t03
y06 = x08 + x10 + y01 + t03
y03 = x07 + x09 + y02 + y06
y00 = x05 + y05 + y07 + t03
y08 = x03 + y01 + y11
y10 = x03 + y05 + y01 + t03
y04 = x03 + x01 + x08 + y10
y09 = x01 + x09 + y11 + y02

----------------
SLP Heuristic XorCount: 13, Depth: 3
, XOR2: 0, XOR3: 2, XOR4: 11
SLP Heuristic XorCost ASIC1: 61.5
SLP Heuristic XorCost ASIC2: 67.93
SLP Heuristic XorCost ASIC3: 77.15
SLP Heuristic XorCost ASIC4: 75.21
y01 = x01 + x05 + x06 + x10
y05 = x11 + x05 + x07 + x00
y07 = x02 + x09 + x05 + x07
t03 = x02 + x11 + x08 + x04
y11 = x06 + x00 + t03
y06 = x08 + x10 + y01 + t03
y02 = x03 + x05 + x07 + t03
y09 = x09 + x01 + y11 + y02
y10 = x03 + y01 + y05 + t03
y08 = x03 + y01 + y11
y03 = x09 + x07 + y06 + y02
y00 = x05 + y05 + y07 + t03
y04 = x03 + x01 + x08 + y10

----------------
