12 12
1 0 0 0 1 0 1 0 0 1 0 1
0 1 0 1 0 1 0 1 0 1 1 0
0 0 1 1 0 0 0 0 1 0 1 0
0 1 1 1 0 0 1 0 0 0 0 1
0 0 1 0 1 0 0 1 0 1 0 0
1 1 1 0 0 1 0 0 1 0 1 1
1 0 1 1 1 0 1 0 0 1 1 0
1 1 0 1 1 1 0 1 0 1 1 1
0 1 0 1 0 1 0 0 1 1 0 1
0 1 1 0 1 1 0 0 1 1 0 0
0 0 1 0 0 1 1 0 0 0 1 0
1 1 1 1 1 1 0 1 1 0 0 1

***********
SLP Heuristic XorCount: 13, Depth: 3
, XOR2: 0, XOR3: 2, XOR4: 11
SLP Heuristic XorCost ASIC1: 61.5
SLP Heuristic XorCost ASIC2: 67.93
SLP Heuristic XorCost ASIC3: 77.15
SLP Heuristic XorCost ASIC4: 75.21
y02 = x02 + x10 + x03 + x08
y04 = x02 + x07 + x09 + x04
y10 = x02 + x10 + x05 + x06
t03 = x01 + x05 + x08 + x11
y09 = x07 + x11 + y04 + t03
y03 = x02 + y02 + y10 + t03
y05 = x02 + x10 + x00 + t03
y00 = x10 + x06 + y09 + y05
y06 = x01 + y09 + y03 + y05
y07 = x03 + x08 + y04 + y05
y08 = x09 + x03 + t03
y01 = x07 + x04 + y02 + y09
y11 = x00 + y04 + y08

----------------
SLP Heuristic XorCount: 13, Depth: 3
, XOR2: 0, XOR3: 2, XOR4: 11
SLP Heuristic XorCost ASIC1: 61.5
SLP Heuristic XorCost ASIC2: 67.93
SLP Heuristic XorCost ASIC3: 77.15
SLP Heuristic XorCost ASIC4: 75.21
y02 = x03 + x10 + x02 + x08
y04 = x04 + x07 + x02 + x09
y10 = x06 + x05 + x10 + x02
t03 = x01 + x05 + x11 + x08
y03 = x02 + y02 + y10 + t03
y05 = x00 + x10 + x02 + t03
y09 = x11 + x07 + y04 + t03
y06 = x01 + y03 + y05 + y09
y00 = x06 + x10 + y05 + y09
y01 = x04 + x07 + y02 + y09
y08 = x03 + x09 + t03
y07 = x03 + x08 + y04 + y05
y11 = x00 + y04 + y08

----------------
SLP Heuristic XorCount: 13, Depth: 3
, XOR2: 0, XOR3: 2, XOR4: 11
SLP Heuristic XorCost ASIC1: 61.5
SLP Heuristic XorCost ASIC2: 67.93
SLP Heuristic XorCost ASIC3: 77.15
SLP Heuristic XorCost ASIC4: 75.21
y04 = x09 + x07 + x02 + x04
y02 = x10 + x08 + x02 + x03
y10 = x10 + x05 + x02 + x06
t03 = x08 + x11 + x05 + x01
y07 = x00 + y04 + y02 + t03
y09 = x11 + x07 + y04 + t03
y03 = x02 + y02 + y10 + t03
y08 = x09 + x03 + t03
y05 = x10 + x02 + x00 + t03
y06 = x04 + x06 + y08 + y05
y00 = x10 + x06 + y09 + y05
y01 = x11 + x00 + x04 + y07
y11 = x00 + y04 + y08

----------------
SLP Heuristic XorCount: 13, Depth: 3
, XOR2: 0, XOR3: 2, XOR4: 11
SLP Heuristic XorCost ASIC1: 61.5
SLP Heuristic XorCost ASIC2: 67.93
SLP Heuristic XorCost ASIC3: 77.15
SLP Heuristic XorCost ASIC4: 75.21
y02 = x10 + x08 + x02 + x03
y04 = x09 + x07 + x02 + x04
y10 = x10 + x05 + x02 + x06
t03 = x08 + x11 + x05 + x01
y03 = x02 + y02 + y10 + t03
y05 = x10 + x02 + x00 + t03
y09 = x11 + x07 + y04 + t03
y06 = x01 + y03 + y05 + y09
y00 = x10 + x06 + y05 + y09
y01 = x07 + x04 + y02 + y09
y08 = x09 + x03 + t03
y07 = x08 + x03 + y04 + y05
y11 = x00 + y04 + y08

----------------
SLP Heuristic XorCount: 13, Depth: 3
, XOR2: 0, XOR3: 2, XOR4: 11
SLP Heuristic XorCost ASIC1: 61.5
SLP Heuristic XorCost ASIC2: 67.93
SLP Heuristic XorCost ASIC3: 77.15
SLP Heuristic XorCost ASIC4: 75.21
y04 = x02 + x04 + x07 + x09
y02 = x02 + x03 + x08 + x10
y10 = x02 + x05 + x06 + x10
t03 = x01 + x05 + x08 + x11
y07 = x00 + y04 + y02 + t03
y09 = x07 + x11 + y04 + t03
y03 = x02 + y02 + y10 + t03
y08 = x03 + x09 + t03
y05 = x00 + x02 + x10 + t03
y06 = x01 + y09 + y03 + y05
y00 = x06 + x10 + y09 + y05
y01 = x00 + x04 + x11 + y07
y11 = x00 + y04 + y08

----------------
SLP Heuristic XorCount: 13, Depth: 3
, XOR2: 0, XOR3: 2, XOR4: 11
SLP Heuristic XorCost ASIC1: 61.5
SLP Heuristic XorCost ASIC2: 67.93
SLP Heuristic XorCost ASIC3: 77.15
SLP Heuristic XorCost ASIC4: 75.21
y02 = x02 + x10 + x03 + x08
y04 = x02 + x07 + x09 + x04
y10 = x02 + x10 + x05 + x06
t03 = x01 + x05 + x08 + x11
y05 = x02 + x10 + x00 + t03
y09 = x07 + x11 + y04 + t03
y08 = x09 + x03 + t03
y06 = x04 + x06 + y05 + y08
y07 = x03 + x08 + y04 + y05
y00 = x10 + x06 + y05 + y09
y03 = x02 + y02 + y10 + t03
y01 = x07 + x04 + y02 + y09
y11 = x00 + y04 + y08

----------------
