12 12
1 0 0 0 1 1 0 0 1 0 1 1
0 1 0 0 0 1 1 0 0 0 0 1
0 0 1 1 1 1 0 1 1 1 1 1
1 0 1 1 0 0 1 0 0 0 1 0
1 1 0 0 1 0 0 1 0 1 0 1
0 1 0 0 0 1 0 0 1 1 0 0
1 1 0 1 0 1 1 0 0 1 1 0
1 1 1 1 1 0 0 1 0 1 1 1
1 0 1 0 1 0 0 0 1 1 0 1
0 0 1 0 1 1 1 0 0 1 0 0
1 0 0 0 0 1 0 1 0 0 1 0
0 1 1 1 1 1 0 0 1 0 0 1

***********
SLP Heuristic XorCount: 13, Depth: 3
, XOR2: 0, XOR3: 2, XOR4: 11
SLP Heuristic XorCost ASIC1: 61.5
SLP Heuristic XorCost ASIC2: 67.93
SLP Heuristic XorCost ASIC3: 77.15
SLP Heuristic XorCost ASIC4: 75.21
y01 = x01 + x11 + x06 + x05
y10 = x00 + x10 + x07 + x05
y05 = x01 + x08 + x09 + x05
t03 = x04 + x11 + x08 + x02
y00 = x07 + x02 + y10 + t03
y09 = x05 + y01 + y05 + t03
y07 = x03 + y10 + y05 + t03
y04 = x10 + x03 + x02 + y07
y08 = x00 + x09 + t03
y11 = x01 + x03 + x05 + t03
y06 = x04 + y00 + y09 + y11
y02 = x03 + y10 + y08
y03 = x01 + x06 + y00 + y11

----------------
SLP Heuristic XorCount: 13, Depth: 3
, XOR2: 0, XOR3: 1, XOR4: 12
SLP Heuristic XorCost ASIC1: 63.25
SLP Heuristic XorCost ASIC2: 69.715
SLP Heuristic XorCost ASIC3: 79.2
SLP Heuristic XorCost ASIC4: 76.54
y01 = x01 + x05 + x11 + x06
y10 = x00 + x05 + x10 + x07
y05 = x01 + x05 + x08 + x09
t03 = x04 + x02 + x08 + x11
y09 = x05 + y01 + y05 + t03
y07 = x03 + y10 + y05 + t03
y02 = x00 + x09 + y05 + y07
y00 = x02 + x07 + y10 + t03
y04 = x10 + x03 + x02 + y07
y08 = x00 + x09 + t03
y11 = x01 + x05 + x03 + t03
y06 = x04 + y09 + y00 + y11
y03 = x01 + x06 + y00 + y11

----------------
SLP Heuristic XorCount: 13, Depth: 3
, XOR2: 0, XOR3: 1, XOR4: 12
SLP Heuristic XorCost ASIC1: 63.25
SLP Heuristic XorCost ASIC2: 69.715
SLP Heuristic XorCost ASIC3: 79.2
SLP Heuristic XorCost ASIC4: 76.54
y10 = x00 + x05 + x07 + x10
y05 = x01 + x05 + x08 + x09
y01 = x01 + x06 + x05 + x11
t03 = x02 + x11 + x08 + x04
y07 = x03 + y10 + y05 + t03
y09 = x05 + y05 + y01 + t03
y02 = x00 + x09 + y05 + y07
y00 = x02 + x07 + y10 + t03
y08 = x00 + x09 + t03
y11 = x01 + x05 + x03 + t03
y06 = x06 + x10 + y08 + y11
y04 = x03 + x02 + x10 + y07
y03 = x01 + x06 + y00 + y11

----------------
SLP Heuristic XorCount: 13, Depth: 3
, XOR2: 0, XOR3: 2, XOR4: 11
SLP Heuristic XorCost ASIC1: 61.5
SLP Heuristic XorCost ASIC2: 67.93
SLP Heuristic XorCost ASIC3: 77.15
SLP Heuristic XorCost ASIC4: 75.21
y01 = x01 + x11 + x05 + x06
y10 = x00 + x10 + x05 + x07
y05 = x01 + x05 + x08 + x09
t03 = x11 + x04 + x08 + x02
y00 = x07 + x02 + y10 + t03
y09 = x05 + y01 + y05 + t03
y07 = x03 + y10 + y05 + t03
y04 = x03 + x10 + x02 + y07
y08 = x00 + x09 + t03
y11 = x01 + x03 + x05 + t03
y06 = x10 + x06 + y08 + y11
y02 = x03 + y10 + y08
y03 = x01 + x06 + y00 + y11

----------------
SLP Heuristic XorCount: 13, Depth: 3
, XOR2: 0, XOR3: 1, XOR4: 12
SLP Heuristic XorCost ASIC1: 63.25
SLP Heuristic XorCost ASIC2: 69.715
SLP Heuristic XorCost ASIC3: 79.2
SLP Heuristic XorCost ASIC4: 76.54
y01 = x01 + x05 + x06 + x11
y10 = x00 + x05 + x07 + x10
y05 = x01 + x05 + x08 + x09
t03 = x02 + x04 + x08 + x11
y09 = x05 + y01 + y05 + t03
y07 = x03 + y10 + y05 + t03
y02 = x00 + x09 + y05 + y07
y00 = x02 + x07 + y10 + t03
y04 = x02 + x03 + x10 + y07
y08 = x00 + x09 + t03
y11 = x01 + x03 + x05 + t03
y06 = x04 + y09 + y00 + y11
y03 = x01 + x06 + y00 + y11

----------------
SLP Heuristic XorCount: 13, Depth: 3
, XOR2: 0, XOR3: 1, XOR4: 12
SLP Heuristic XorCost ASIC1: 63.25
SLP Heuristic XorCost ASIC2: 69.715
SLP Heuristic XorCost ASIC3: 79.2
SLP Heuristic XorCost ASIC4: 76.54
y10 = x00 + x05 + x10 + x07
y05 = x01 + x05 + x08 + x09
y01 = x01 + x11 + x05 + x06
t03 = x11 + x02 + x08 + x04
y07 = x03 + y10 + y05 + t03
y09 = x05 + y05 + y01 + t03
y02 = x00 + x09 + y05 + y07
y00 = x02 + x07 + y10 + t03
y08 = x00 + x09 + t03
y11 = x01 + x05 + x03 + t03
y06 = x06 + x10 + y08 + y11
y04 = x02 + x10 + x03 + y07
y03 = x01 + x06 + y00 + y11

----------------
SLP Heuristic XorCount: 13, Depth: 3
, XOR2: 0, XOR3: 2, XOR4: 11
SLP Heuristic XorCost ASIC1: 61.5
SLP Heuristic XorCost ASIC2: 67.93
SLP Heuristic XorCost ASIC3: 77.15
SLP Heuristic XorCost ASIC4: 75.21
y01 = x01 + x05 + x11 + x06
y10 = x00 + x05 + x10 + x07
y05 = x01 + x05 + x08 + x09
t03 = x04 + x02 + x08 + x11
y00 = x02 + x07 + y10 + t03
y09 = x05 + y01 + y05 + t03
y07 = x03 + y10 + y05 + t03
y04 = x10 + x03 + x02 + y07
y08 = x00 + x09 + t03
y11 = x01 + x05 + x03 + t03
y06 = x04 + y00 + y09 + y11
y02 = x03 + y10 + y08
y03 = x01 + x06 + y00 + y11

----------------
SLP Heuristic XorCount: 13, Depth: 3
, XOR2: 0, XOR3: 1, XOR4: 12
SLP Heuristic XorCost ASIC1: 63.25
SLP Heuristic XorCost ASIC2: 69.715
SLP Heuristic XorCost ASIC3: 79.2
SLP Heuristic XorCost ASIC4: 76.54
y01 = x01 + x06 + x05 + x11
y10 = x00 + x05 + x07 + x10
y05 = x01 + x05 + x08 + x09
t03 = x02 + x11 + x08 + x04
y09 = x05 + y01 + y05 + t03
y07 = x03 + y10 + y05 + t03
y02 = x00 + x09 + y05 + y07
y00 = x02 + x07 + y10 + t03
y04 = x03 + x02 + x10 + y07
y08 = x00 + x09 + t03
y11 = x01 + x05 + x03 + t03
y06 = x06 + x10 + y08 + y11
y03 = x01 + x06 + y00 + y11

----------------
SLP Heuristic XorCount: 13, Depth: 3
, XOR2: 0, XOR3: 1, XOR4: 12
SLP Heuristic XorCost ASIC1: 63.25
SLP Heuristic XorCost ASIC2: 69.715
SLP Heuristic XorCost ASIC3: 79.2
SLP Heuristic XorCost ASIC4: 76.54
y10 = x00 + x10 + x07 + x05
y05 = x01 + x08 + x09 + x05
y01 = x01 + x06 + x11 + x05
t03 = x02 + x11 + x04 + x08
y07 = x03 + y10 + y05 + t03
y09 = x05 + y05 + y01 + t03
y02 = x00 + x09 + y05 + y07
y00 = x02 + x07 + y10 + t03
y08 = x00 + x09 + t03
y11 = x01 + x05 + x03 + t03
y06 = x10 + x06 + y08 + y11
y04 = x10 + x02 + x03 + y07
y03 = x01 + x06 + y00 + y11

----------------
SLP Heuristic XorCount: 13, Depth: 3
, XOR2: 0, XOR3: 1, XOR4: 12
SLP Heuristic XorCost ASIC1: 63.25
SLP Heuristic XorCost ASIC2: 69.715
SLP Heuristic XorCost ASIC3: 79.2
SLP Heuristic XorCost ASIC4: 76.54
y01 = x01 + x05 + x11 + x06
y10 = x00 + x05 + x10 + x07
y05 = x01 + x05 + x08 + x09
t03 = x04 + x02 + x08 + x11
y11 = x01 + x05 + x03 + t03
y07 = x03 + y10 + y05 + t03
y02 = x00 + x09 + y05 + y07
y00 = x02 + x07 + y10 + t03
y04 = x10 + x03 + x02 + y07
y08 = x00 + x09 + t03
y06 = x10 + x06 + y11 + y08
y03 = x01 + x06 + y11 + y00
y09 = x05 + y01 + y05 + t03

----------------
SLP Heuristic XorCount: 13, Depth: 3
, XOR2: 0, XOR3: 2, XOR4: 11
SLP Heuristic XorCost ASIC1: 61.5
SLP Heuristic XorCost ASIC2: 67.93
SLP Heuristic XorCost ASIC3: 77.15
SLP Heuristic XorCost ASIC4: 75.21
y01 = x01 + x05 + x06 + x11
y10 = x00 + x05 + x07 + x10
y05 = x01 + x05 + x08 + x09
t03 = x02 + x04 + x08 + x11
y00 = x02 + x07 + y10 + t03
y09 = x05 + y01 + y05 + t03
y07 = x03 + y10 + y05 + t03
y04 = x02 + x03 + x10 + y07
y08 = x00 + x09 + t03
y11 = x01 + x03 + x05 + t03
y06 = x04 + y00 + y09 + y11
y02 = x03 + y10 + y08
y03 = x01 + x06 + y00 + y11

----------------
SLP Heuristic XorCount: 13, Depth: 3
, XOR2: 0, XOR3: 1, XOR4: 12
SLP Heuristic XorCost ASIC1: 63.25
SLP Heuristic XorCost ASIC2: 69.715
SLP Heuristic XorCost ASIC3: 79.2
SLP Heuristic XorCost ASIC4: 76.54
y01 = x01 + x11 + x05 + x06
y10 = x00 + x05 + x10 + x07
y05 = x01 + x05 + x08 + x09
t03 = x11 + x02 + x08 + x04
y09 = x05 + y01 + y05 + t03
y07 = x03 + y10 + y05 + t03
y02 = x00 + x09 + y05 + y07
y00 = x02 + x07 + y10 + t03
y04 = x02 + x10 + x03 + y07
y08 = x00 + x09 + t03
y11 = x01 + x05 + x03 + t03
y06 = x06 + x10 + y08 + y11
y03 = x01 + x06 + y00 + y11

----------------
SLP Heuristic XorCount: 13, Depth: 3
, XOR2: 0, XOR3: 1, XOR4: 12
SLP Heuristic XorCost ASIC1: 63.25
SLP Heuristic XorCost ASIC2: 69.715
SLP Heuristic XorCost ASIC3: 79.2
SLP Heuristic XorCost ASIC4: 76.54
y10 = x00 + x10 + x07 + x05
y05 = x01 + x08 + x09 + x05
y01 = x01 + x11 + x06 + x05
t03 = x04 + x11 + x08 + x02
y07 = x03 + y10 + y05 + t03
y09 = x05 + y05 + y01 + t03
y02 = x00 + x09 + y05 + y07
y00 = x07 + x02 + y10 + t03
y08 = x00 + x09 + t03
y11 = x01 + x03 + x05 + t03
y06 = x04 + y09 + y00 + y11
y04 = x10 + x03 + x02 + y07
y03 = x01 + x06 + y00 + y11

----------------
SLP Heuristic XorCount: 13, Depth: 3
, XOR2: 0, XOR3: 2, XOR4: 11
SLP Heuristic XorCost ASIC1: 61.5
SLP Heuristic XorCost ASIC2: 67.93
SLP Heuristic XorCost ASIC3: 77.15
SLP Heuristic XorCost ASIC4: 75.21
y01 = x01 + x06 + x05 + x11
y10 = x00 + x05 + x07 + x10
y05 = x01 + x05 + x08 + x09
t03 = x02 + x11 + x08 + x04
y00 = x02 + x07 + y10 + t03
y09 = x05 + y01 + y05 + t03
y07 = x03 + y10 + y05 + t03
y04 = x03 + x02 + x10 + y07
y08 = x00 + x09 + t03
y11 = x01 + x05 + x03 + t03
y06 = x06 + x10 + y08 + y11
y02 = x03 + y10 + y08
y03 = x01 + x06 + y00 + y11

----------------
SLP Heuristic XorCount: 13, Depth: 3
, XOR2: 0, XOR3: 1, XOR4: 12
SLP Heuristic XorCost ASIC1: 63.25
SLP Heuristic XorCost ASIC2: 69.715
SLP Heuristic XorCost ASIC3: 79.2
SLP Heuristic XorCost ASIC4: 76.54
y01 = x01 + x06 + x11 + x05
y10 = x00 + x10 + x07 + x05
y05 = x01 + x08 + x09 + x05
t03 = x02 + x11 + x04 + x08
y09 = x05 + y01 + y05 + t03
y07 = x03 + y10 + y05 + t03
y02 = x00 + x09 + y05 + y07
y00 = x02 + x07 + y10 + t03
y04 = x10 + x02 + x03 + y07
y08 = x00 + x09 + t03
y11 = x01 + x05 + x03 + t03
y06 = x10 + x06 + y08 + y11
y03 = x01 + x06 + y00 + y11

----------------
SLP Heuristic XorCount: 13, Depth: 3
, XOR2: 0, XOR3: 2, XOR4: 11
SLP Heuristic XorCost ASIC1: 61.5
SLP Heuristic XorCost ASIC2: 67.93
SLP Heuristic XorCost ASIC3: 77.15
SLP Heuristic XorCost ASIC4: 75.21
y01 = x01 + x05 + x11 + x06
y10 = x00 + x05 + x10 + x07
y05 = x01 + x05 + x08 + x09
t03 = x04 + x02 + x08 + x11
y00 = x02 + x07 + y10 + t03
y11 = x01 + x05 + x03 + t03
y07 = x03 + y10 + y05 + t03
y04 = x10 + x03 + x02 + y07
y08 = x00 + x09 + t03
y06 = x10 + x06 + y11 + y08
y03 = x01 + x06 + y00 + y11
y02 = x03 + y10 + y08
y09 = x05 + y01 + y05 + t03

----------------
SLP Heuristic XorCount: 13, Depth: 3
, XOR2: 0, XOR3: 1, XOR4: 12
SLP Heuristic XorCost ASIC1: 63.25
SLP Heuristic XorCost ASIC2: 69.715
SLP Heuristic XorCost ASIC3: 79.2
SLP Heuristic XorCost ASIC4: 76.54
y10 = x00 + x10 + x05 + x07
y05 = x01 + x05 + x08 + x09
y01 = x01 + x11 + x05 + x06
t03 = x11 + x04 + x08 + x02
y07 = x03 + y10 + y05 + t03
y09 = x05 + y05 + y01 + t03
y02 = x00 + x09 + y05 + y07
y00 = x07 + x02 + y10 + t03
y08 = x00 + x09 + t03
y11 = x01 + x03 + x05 + t03
y06 = x10 + x06 + y08 + y11
y04 = x03 + x10 + x02 + y07
y03 = x01 + x06 + y00 + y11

----------------
SLP Heuristic XorCount: 13, Depth: 3
, XOR2: 0, XOR3: 1, XOR4: 12
SLP Heuristic XorCost ASIC1: 63.25
SLP Heuristic XorCost ASIC2: 69.715
SLP Heuristic XorCost ASIC3: 79.2
SLP Heuristic XorCost ASIC4: 76.54
y01 = x01 + x06 + x05 + x11
y10 = x00 + x05 + x07 + x10
y05 = x01 + x05 + x08 + x09
t03 = x02 + x11 + x08 + x04
y11 = x01 + x05 + x03 + t03
y07 = x03 + y10 + y05 + t03
y02 = x00 + x09 + y05 + y07
y00 = x02 + x07 + y10 + t03
y04 = x03 + x02 + x10 + y07
y08 = x00 + x09 + t03
y06 = x06 + x10 + y11 + y08
y03 = x01 + x06 + y11 + y00
y09 = x05 + y01 + y05 + t03

----------------
SLP Heuristic XorCount: 13, Depth: 3
, XOR2: 0, XOR3: 1, XOR4: 12
SLP Heuristic XorCost ASIC1: 63.25
SLP Heuristic XorCost ASIC2: 69.715
SLP Heuristic XorCost ASIC3: 79.2
SLP Heuristic XorCost ASIC4: 76.54
y10 = x00 + x05 + x07 + x10
y01 = x01 + x05 + x06 + x11
y05 = x01 + x05 + x08 + x09
t03 = x02 + x04 + x08 + x11
y07 = x03 + y10 + y05 + t03
y04 = x02 + x03 + x10 + y07
y09 = x05 + y01 + y05 + t03
y02 = x00 + x09 + y05 + y07
y08 = x00 + x09 + t03
y11 = x01 + x03 + x05 + t03
y06 = x06 + x10 + y08 + y11
y00 = x02 + x07 + y10 + t03
y03 = x01 + x06 + y11 + y00

----------------
SLP Heuristic XorCount: 13, Depth: 3
, XOR2: 0, XOR3: 2, XOR4: 11
SLP Heuristic XorCost ASIC1: 61.5
SLP Heuristic XorCost ASIC2: 67.93
SLP Heuristic XorCost ASIC3: 77.15
SLP Heuristic XorCost ASIC4: 75.21
y01 = x01 + x11 + x05 + x06
y10 = x00 + x05 + x10 + x07
y05 = x01 + x05 + x08 + x09
t03 = x11 + x02 + x08 + x04
y00 = x02 + x07 + y10 + t03
y09 = x05 + y01 + y05 + t03
y07 = x03 + y10 + y05 + t03
y04 = x02 + x10 + x03 + y07
y08 = x00 + x09 + t03
y11 = x01 + x05 + x03 + t03
y06 = x06 + x10 + y08 + y11
y02 = x03 + y10 + y08
y03 = x01 + x06 + y00 + y11

----------------
SLP Heuristic XorCount: 13, Depth: 3
, XOR2: 0, XOR3: 1, XOR4: 12
SLP Heuristic XorCost ASIC1: 63.25
SLP Heuristic XorCost ASIC2: 69.715
SLP Heuristic XorCost ASIC3: 79.2
SLP Heuristic XorCost ASIC4: 76.54
y01 = x01 + x11 + x06 + x05
y10 = x00 + x10 + x07 + x05
y05 = x01 + x08 + x09 + x05
t03 = x04 + x11 + x08 + x02
y09 = x05 + y01 + y05 + t03
y07 = x03 + y10 + y05 + t03
y02 = x00 + x09 + y05 + y07
y00 = x07 + x02 + y10 + t03
y04 = x10 + x03 + x02 + y07
y08 = x00 + x09 + t03
y11 = x01 + x03 + x05 + t03
y06 = x04 + y09 + y00 + y11
y03 = x01 + x06 + y00 + y11

----------------
SLP Heuristic XorCount: 13, Depth: 3
, XOR2: 0, XOR3: 1, XOR4: 12
SLP Heuristic XorCost ASIC1: 63.25
SLP Heuristic XorCost ASIC2: 69.715
SLP Heuristic XorCost ASIC3: 79.2
SLP Heuristic XorCost ASIC4: 76.54
y10 = x00 + x05 + x10 + x07
y05 = x01 + x05 + x08 + x09
y01 = x01 + x05 + x11 + x06
t03 = x04 + x02 + x08 + x11
y07 = x03 + y10 + y05 + t03
y09 = x05 + y05 + y01 + t03
y02 = x00 + x09 + y05 + y07
y00 = x02 + x07 + y10 + t03
y08 = x00 + x09 + t03
y11 = x01 + x05 + x03 + t03
y06 = x04 + y09 + y00 + y11
y04 = x10 + x03 + x02 + y07
y03 = x01 + x06 + y00 + y11

----------------
SLP Heuristic XorCount: 13, Depth: 3
, XOR2: 0, XOR3: 1, XOR4: 12
SLP Heuristic XorCost ASIC1: 63.25
SLP Heuristic XorCost ASIC2: 69.715
SLP Heuristic XorCost ASIC3: 79.2
SLP Heuristic XorCost ASIC4: 76.54
y10 = x00 + x05 + x07 + x10
y01 = x01 + x06 + x05 + x11
y05 = x01 + x05 + x08 + x09
t03 = x02 + x11 + x08 + x04
y07 = x03 + y10 + y05 + t03
y04 = x03 + x02 + x10 + y07
y09 = x05 + y01 + y05 + t03
y02 = x00 + x09 + y05 + y07
y08 = x00 + x09 + t03
y11 = x01 + x05 + x03 + t03
y06 = x06 + x10 + y08 + y11
y00 = x02 + x07 + y10 + t03
y03 = x01 + x06 + y11 + y00

----------------
SLP Heuristic XorCount: 13, Depth: 3
, XOR2: 0, XOR3: 2, XOR4: 11
SLP Heuristic XorCost ASIC1: 61.5
SLP Heuristic XorCost ASIC2: 67.93
SLP Heuristic XorCost ASIC3: 77.15
SLP Heuristic XorCost ASIC4: 75.21
y01 = x01 + x06 + x11 + x05
y10 = x00 + x10 + x07 + x05
y05 = x01 + x08 + x09 + x05
t03 = x02 + x11 + x04 + x08
y00 = x02 + x07 + y10 + t03
y09 = x05 + y01 + y05 + t03
y07 = x03 + y10 + y05 + t03
y04 = x10 + x02 + x03 + y07
y08 = x00 + x09 + t03
y11 = x01 + x05 + x03 + t03
y06 = x10 + x06 + y08 + y11
y02 = x03 + y10 + y08
y03 = x01 + x06 + y00 + y11

----------------
SLP Heuristic XorCount: 13, Depth: 3
, XOR2: 0, XOR3: 1, XOR4: 12
SLP Heuristic XorCost ASIC1: 63.25
SLP Heuristic XorCost ASIC2: 69.715
SLP Heuristic XorCost ASIC3: 79.2
SLP Heuristic XorCost ASIC4: 76.54
y01 = x01 + x11 + x05 + x06
y10 = x00 + x10 + x05 + x07
y05 = x01 + x05 + x08 + x09
t03 = x11 + x04 + x08 + x02
y09 = x05 + y01 + y05 + t03
y07 = x03 + y10 + y05 + t03
y02 = x00 + x09 + y05 + y07
y00 = x07 + x02 + y10 + t03
y04 = x03 + x10 + x02 + y07
y08 = x00 + x09 + t03
y11 = x01 + x03 + x05 + t03
y06 = x10 + x06 + y08 + y11
y03 = x01 + x06 + y00 + y11

----------------
SLP Heuristic XorCount: 13, Depth: 3
, XOR2: 0, XOR3: 2, XOR4: 11
SLP Heuristic XorCost ASIC1: 61.5
SLP Heuristic XorCost ASIC2: 67.93
SLP Heuristic XorCost ASIC3: 77.15
SLP Heuristic XorCost ASIC4: 75.21
y01 = x01 + x06 + x05 + x11
y10 = x00 + x05 + x07 + x10
y05 = x01 + x05 + x08 + x09
t03 = x02 + x11 + x08 + x04
y00 = x02 + x07 + y10 + t03
y11 = x01 + x05 + x03 + t03
y07 = x03 + y10 + y05 + t03
y04 = x03 + x02 + x10 + y07
y08 = x00 + x09 + t03
y06 = x06 + x10 + y11 + y08
y03 = x01 + x06 + y00 + y11
y02 = x03 + y10 + y08
y09 = x05 + y01 + y05 + t03

----------------
SLP Heuristic XorCount: 13, Depth: 3
, XOR2: 0, XOR3: 1, XOR4: 12
SLP Heuristic XorCost ASIC1: 63.25
SLP Heuristic XorCost ASIC2: 69.715
SLP Heuristic XorCost ASIC3: 79.2
SLP Heuristic XorCost ASIC4: 76.54
y10 = x00 + x05 + x07 + x10
y05 = x01 + x05 + x08 + x09
y01 = x01 + x05 + x06 + x11
t03 = x02 + x04 + x08 + x11
y07 = x03 + y10 + y05 + t03
y09 = x05 + y05 + y01 + t03
y02 = x00 + x09 + y05 + y07
y00 = x02 + x07 + y10 + t03
y08 = x00 + x09 + t03
y11 = x01 + x03 + x05 + t03
y06 = x04 + y09 + y00 + y11
y04 = x02 + x03 + x10 + y07
y03 = x01 + x06 + y00 + y11

----------------
SLP Heuristic XorCount: 13, Depth: 3
, XOR2: 0, XOR3: 1, XOR4: 12
SLP Heuristic XorCost ASIC1: 63.25
SLP Heuristic XorCost ASIC2: 69.715
SLP Heuristic XorCost ASIC3: 79.2
SLP Heuristic XorCost ASIC4: 76.54
y10 = x00 + x05 + x10 + x07
y01 = x01 + x11 + x05 + x06
y05 = x01 + x05 + x08 + x09
t03 = x11 + x02 + x08 + x04
y07 = x03 + y10 + y05 + t03
y04 = x02 + x10 + x03 + y07
y09 = x05 + y01 + y05 + t03
y02 = x00 + x09 + y05 + y07
y08 = x00 + x09 + t03
y11 = x01 + x05 + x03 + t03
y06 = x06 + x10 + y08 + y11
y00 = x02 + x07 + y10 + t03
y03 = x01 + x06 + y11 + y00

----------------
SLP Heuristic XorCount: 13, Depth: 3
, XOR2: 0, XOR3: 2, XOR4: 11
SLP Heuristic XorCost ASIC1: 61.5
SLP Heuristic XorCost ASIC2: 67.93
SLP Heuristic XorCost ASIC3: 77.15
SLP Heuristic XorCost ASIC4: 75.21
y01 = x01 + x11 + x06 + x05
y10 = x00 + x10 + x07 + x05
y05 = x01 + x08 + x09 + x05
t03 = x04 + x11 + x08 + x02
y00 = x07 + x02 + y10 + t03
y09 = x05 + y01 + y05 + t03
y07 = x03 + y10 + y05 + t03
y04 = x10 + x03 + x02 + y07
y08 = x00 + x09 + t03
y11 = x01 + x03 + x05 + t03
y06 = x04 + y00 + y09 + y11
y02 = x03 + y10 + y08
y03 = x01 + x06 + y00 + y11

----------------
SLP Heuristic XorCount: 13, Depth: 3
, XOR2: 0, XOR3: 1, XOR4: 12
SLP Heuristic XorCost ASIC1: 63.25
SLP Heuristic XorCost ASIC2: 69.715
SLP Heuristic XorCost ASIC3: 79.2
SLP Heuristic XorCost ASIC4: 76.54
y01 = x01 + x05 + x11 + x06
y10 = x00 + x05 + x10 + x07
y05 = x01 + x05 + x08 + x09
t03 = x04 + x02 + x08 + x11
y09 = x05 + y01 + y05 + t03
y07 = x03 + y10 + y05 + t03
y02 = x00 + x09 + y05 + y07
y00 = x02 + x07 + y10 + t03
y04 = x10 + x03 + x02 + y07
y08 = x00 + x09 + t03
y11 = x01 + x05 + x03 + t03
y06 = x04 + y09 + y00 + y11
y03 = x01 + x06 + y00 + y11

----------------
SLP Heuristic XorCount: 13, Depth: 3
, XOR2: 0, XOR3: 1, XOR4: 12
SLP Heuristic XorCost ASIC1: 63.25
SLP Heuristic XorCost ASIC2: 69.715
SLP Heuristic XorCost ASIC3: 79.2
SLP Heuristic XorCost ASIC4: 76.54
y10 = x00 + x05 + x07 + x10
y05 = x01 + x05 + x08 + x09
y01 = x01 + x06 + x05 + x11
t03 = x02 + x11 + x08 + x04
y07 = x03 + y10 + y05 + t03
y09 = x05 + y05 + y01 + t03
y02 = x00 + x09 + y05 + y07
y00 = x02 + x07 + y10 + t03
y08 = x00 + x09 + t03
y11 = x01 + x05 + x03 + t03
y06 = x06 + x10 + y08 + y11
y04 = x03 + x02 + x10 + y07
y03 = x01 + x06 + y00 + y11

----------------
SLP Heuristic XorCount: 13, Depth: 3
, XOR2: 0, XOR3: 2, XOR4: 11
SLP Heuristic XorCost ASIC1: 61.5
SLP Heuristic XorCost ASIC2: 67.93
SLP Heuristic XorCost ASIC3: 77.15
SLP Heuristic XorCost ASIC4: 75.21
y01 = x01 + x11 + x05 + x06
y10 = x00 + x10 + x05 + x07
y05 = x01 + x05 + x08 + x09
t03 = x11 + x04 + x08 + x02
y00 = x07 + x02 + y10 + t03
y09 = x05 + y01 + y05 + t03
y07 = x03 + y10 + y05 + t03
y04 = x03 + x10 + x02 + y07
y08 = x00 + x09 + t03
y11 = x01 + x03 + x05 + t03
y06 = x10 + x06 + y08 + y11
y02 = x03 + y10 + y08
y03 = x01 + x06 + y00 + y11

----------------
SLP Heuristic XorCount: 13, Depth: 3
, XOR2: 0, XOR3: 1, XOR4: 12
SLP Heuristic XorCost ASIC1: 63.25
SLP Heuristic XorCost ASIC2: 69.715
SLP Heuristic XorCost ASIC3: 79.2
SLP Heuristic XorCost ASIC4: 76.54
y01 = x01 + x05 + x06 + x11
y10 = x00 + x05 + x07 + x10
y05 = x01 + x05 + x08 + x09
t03 = x02 + x04 + x08 + x11
y09 = x05 + y01 + y05 + t03
y07 = x03 + y10 + y05 + t03
y02 = x00 + x09 + y05 + y07
y00 = x02 + x07 + y10 + t03
y04 = x02 + x03 + x10 + y07
y08 = x00 + x09 + t03
y11 = x01 + x03 + x05 + t03
y06 = x04 + y09 + y00 + y11
y03 = x01 + x06 + y00 + y11

----------------
SLP Heuristic XorCount: 13, Depth: 3
, XOR2: 0, XOR3: 2, XOR4: 11
SLP Heuristic XorCost ASIC1: 61.5
SLP Heuristic XorCost ASIC2: 67.93
SLP Heuristic XorCost ASIC3: 77.15
SLP Heuristic XorCost ASIC4: 75.21
y01 = x05 + x11 + x01 + x06
y10 = x00 + x05 + x10 + x07
y05 = x05 + x01 + x08 + x09
t03 = x11 + x04 + x08 + x02
y08 = x00 + x09 + t03
y02 = x03 + y10 + y08
y00 = x07 + x02 + y10 + t03
y09 = x05 + y01 + y05 + t03
y07 = x03 + y10 + y05 + t03
y11 = x03 + x05 + x01 + t03
y03 = x01 + x06 + y00 + y11
y04 = x03 + x10 + x02 + y07
y06 = x10 + x06 + y08 + y11

----------------
SLP Heuristic XorCount: 13, Depth: 3
, XOR2: 0, XOR3: 1, XOR4: 12
SLP Heuristic XorCost ASIC1: 63.25
SLP Heuristic XorCost ASIC2: 69.715
SLP Heuristic XorCost ASIC3: 79.2
SLP Heuristic XorCost ASIC4: 76.54
y01 = x01 + x05 + x06 + x11
y10 = x00 + x05 + x07 + x10
y05 = x01 + x05 + x08 + x09
t03 = x02 + x04 + x08 + x11
y00 = x02 + x07 + y10 + t03
y09 = x05 + y01 + y05 + t03
y07 = x03 + y10 + y05 + t03
y02 = x00 + x09 + y05 + y07
y11 = x01 + x03 + x05 + t03
y06 = x04 + y00 + y09 + y11
y04 = x02 + x03 + x10 + y07
y08 = x00 + x09 + t03
y03 = x01 + x06 + y00 + y11

----------------
SLP Heuristic XorCount: 13, Depth: 3
, XOR2: 0, XOR3: 1, XOR4: 12
SLP Heuristic XorCost ASIC1: 63.25
SLP Heuristic XorCost ASIC2: 69.715
SLP Heuristic XorCost ASIC3: 79.2
SLP Heuristic XorCost ASIC4: 76.54
y01 = x01 + x05 + x06 + x11
y10 = x00 + x05 + x07 + x10
y05 = x01 + x05 + x08 + x09
t03 = x02 + x04 + x08 + x11
y11 = x01 + x03 + x05 + t03
y09 = x05 + y01 + y05 + t03
y07 = x03 + y10 + y05 + t03
y02 = x00 + x09 + y05 + y07
y04 = x02 + x03 + x10 + y07
y08 = x00 + x09 + t03
y06 = x06 + x10 + y11 + y08
y00 = x02 + x07 + y10 + t03
y03 = x01 + x06 + y11 + y00

----------------
SLP Heuristic XorCount: 13, Depth: 3
, XOR2: 0, XOR3: 1, XOR4: 12
SLP Heuristic XorCost ASIC1: 63.25
SLP Heuristic XorCost ASIC2: 69.715
SLP Heuristic XorCost ASIC3: 79.2
SLP Heuristic XorCost ASIC4: 76.54
y01 = x01 + x05 + x06 + x11
y10 = x00 + x05 + x07 + x10
y05 = x01 + x05 + x08 + x09
t03 = x02 + x04 + x08 + x11
y09 = x05 + y01 + y05 + t03
y07 = x03 + y10 + y05 + t03
y02 = x00 + x09 + y05 + y07
y00 = x02 + x07 + y10 + t03
y04 = x02 + x03 + x10 + y07
y08 = x00 + x09 + t03
y11 = x01 + x03 + x05 + t03
y06 = x04 + y09 + y00 + y11
y03 = x01 + x06 + y00 + y11

----------------
