12 12
1 0 0 1 0 0 0 1 1 0 0 1
0 1 0 0 1 0 0 0 1 1 0 0
0 0 1 0 0 1 1 1 1 0 1 1
1 1 0 1 0 0 1 0 1 1 1 0
1 1 1 0 1 0 1 1 0 1 1 1
1 0 1 0 0 1 0 1 0 1 0 1
0 1 0 1 0 0 1 0 0 1 0 1
1 0 1 0 1 0 0 1 0 1 1 0
1 0 0 0 0 1 0 0 1 0 1 0
0 1 1 0 0 1 0 1 1 1 0 0
0 0 1 1 0 0 0 0 1 0 1 0
1 1 1 0 1 1 1 1 1 0 0 1

***********
SLP Heuristic XorCount: 13, Depth: 3
, XOR2: 0, XOR3: 2, XOR4: 11
SLP Heuristic XorCost ASIC1: 61.5
SLP Heuristic XorCost ASIC2: 67.93
SLP Heuristic XorCost ASIC3: 77.15
SLP Heuristic XorCost ASIC4: 75.21
y08 = x10 + x08 + x00 + x05
y10 = x10 + x02 + x03 + x08
y01 = x04 + x08 + x09 + x01
t03 = x11 + x02 + x07 + x05
y02 = x10 + x06 + x08 + t03
y04 = x06 + y08 + y01 + t03
y07 = x11 + x06 + x01 + y04
y05 = x00 + x09 + t03
y03 = x03 + x01 + y02 + y05
y09 = x11 + x04 + y01 + t03
y11 = x06 + y01 + y05
y06 = x10 + x03 + y02 + y09
y00 = x08 + y08 + y10 + t03

----------------
SLP Heuristic XorCount: 13, Depth: 3
, XOR2: 0, XOR3: 2, XOR4: 11
SLP Heuristic XorCost ASIC1: 61.5
SLP Heuristic XorCost ASIC2: 67.93
SLP Heuristic XorCost ASIC3: 77.15
SLP Heuristic XorCost ASIC4: 75.21
y10 = x10 + x02 + x03 + x08
y01 = x04 + x09 + x08 + x01
y08 = x10 + x05 + x08 + x00
t03 = x07 + x02 + x05 + x11
y05 = x09 + x00 + t03
y09 = x04 + x11 + y01 + t03
y00 = x08 + y10 + y08 + t03
y02 = x10 + x06 + x08 + t03
y06 = x10 + x03 + y09 + y02
y03 = x07 + y09 + y00 + y02
y11 = x06 + y01 + y05
y07 = x04 + x01 + y08 + y09
y04 = x05 + x00 + y01 + y02

----------------
SLP Heuristic XorCount: 13, Depth: 3
, XOR2: 0, XOR3: 2, XOR4: 11
SLP Heuristic XorCost ASIC1: 61.5
SLP Heuristic XorCost ASIC2: 67.93
SLP Heuristic XorCost ASIC3: 77.15
SLP Heuristic XorCost ASIC4: 75.21
y08 = x10 + x08 + x00 + x05
y10 = x10 + x02 + x03 + x08
y01 = x04 + x08 + x09 + x01
t03 = x11 + x02 + x07 + x05
y02 = x10 + x06 + x08 + t03
y04 = x06 + y08 + y01 + t03
y07 = x11 + x06 + x01 + y04
y05 = x00 + x09 + t03
y03 = x03 + x01 + y02 + y05
y09 = x11 + x04 + y01 + t03
y11 = x06 + y01 + y05
y06 = x10 + x03 + y02 + y09
y00 = x08 + y08 + y10 + t03

----------------
SLP Heuristic XorCount: 13, Depth: 3
, XOR2: 0, XOR3: 2, XOR4: 11
SLP Heuristic XorCost ASIC1: 61.5
SLP Heuristic XorCost ASIC2: 67.93
SLP Heuristic XorCost ASIC3: 77.15
SLP Heuristic XorCost ASIC4: 75.21
y10 = x10 + x02 + x03 + x08
y01 = x04 + x09 + x08 + x01
y08 = x10 + x05 + x08 + x00
t03 = x07 + x02 + x05 + x11
y05 = x09 + x00 + t03
y09 = x04 + x11 + y01 + t03
y00 = x08 + y10 + y08 + t03
y02 = x10 + x06 + x08 + t03
y06 = x10 + x03 + y09 + y02
y03 = x07 + y09 + y00 + y02
y11 = x06 + y01 + y05
y07 = x04 + x01 + y08 + y09
y04 = x05 + x00 + y01 + y02

----------------
SLP Heuristic XorCount: 13, Depth: 3
, XOR2: 0, XOR3: 2, XOR4: 11
SLP Heuristic XorCost ASIC1: 61.5
SLP Heuristic XorCost ASIC2: 67.93
SLP Heuristic XorCost ASIC3: 77.15
SLP Heuristic XorCost ASIC4: 75.21
y08 = x10 + x08 + x00 + x05
y10 = x10 + x02 + x03 + x08
y01 = x04 + x08 + x09 + x01
t03 = x11 + x02 + x07 + x05
y02 = x10 + x06 + x08 + t03
y04 = x06 + y08 + y01 + t03
y07 = x11 + x06 + x01 + y04
y05 = x00 + x09 + t03
y03 = x03 + x01 + y02 + y05
y09 = x11 + x04 + y01 + t03
y11 = x06 + y01 + y05
y06 = x10 + x03 + y02 + y09
y00 = x08 + y08 + y10 + t03

----------------
SLP Heuristic XorCount: 13, Depth: 3
, XOR2: 0, XOR3: 2, XOR4: 11
SLP Heuristic XorCost ASIC1: 61.5
SLP Heuristic XorCost ASIC2: 67.93
SLP Heuristic XorCost ASIC3: 77.15
SLP Heuristic XorCost ASIC4: 75.21
y10 = x10 + x02 + x03 + x08
y01 = x04 + x09 + x08 + x01
y08 = x10 + x05 + x08 + x00
t03 = x07 + x02 + x05 + x11
y05 = x09 + x00 + t03
y09 = x04 + x11 + y01 + t03
y00 = x08 + y10 + y08 + t03
y02 = x10 + x06 + x08 + t03
y06 = x10 + x03 + y09 + y02
y03 = x07 + y09 + y00 + y02
y11 = x06 + y01 + y05
y07 = x04 + x01 + y08 + y09
y04 = x05 + x00 + y01 + y02

----------------
SLP Heuristic XorCount: 13, Depth: 3
, XOR2: 0, XOR3: 2, XOR4: 11
SLP Heuristic XorCost ASIC1: 61.5
SLP Heuristic XorCost ASIC2: 67.93
SLP Heuristic XorCost ASIC3: 77.15
SLP Heuristic XorCost ASIC4: 75.21
y08 = x10 + x08 + x00 + x05
y10 = x10 + x02 + x03 + x08
y01 = x04 + x08 + x09 + x01
t03 = x11 + x02 + x07 + x05
y02 = x10 + x06 + x08 + t03
y04 = x06 + y08 + y01 + t03
y07 = x11 + x06 + x01 + y04
y05 = x00 + x09 + t03
y03 = x03 + x01 + y02 + y05
y09 = x11 + x04 + y01 + t03
y11 = x06 + y01 + y05
y06 = x10 + x03 + y02 + y09
y00 = x08 + y08 + y10 + t03

----------------
SLP Heuristic XorCount: 13, Depth: 3
, XOR2: 0, XOR3: 2, XOR4: 11
SLP Heuristic XorCost ASIC1: 61.5
SLP Heuristic XorCost ASIC2: 67.93
SLP Heuristic XorCost ASIC3: 77.15
SLP Heuristic XorCost ASIC4: 75.21
y10 = x10 + x02 + x03 + x08
y01 = x04 + x09 + x08 + x01
y08 = x10 + x05 + x08 + x00
t03 = x07 + x02 + x05 + x11
y05 = x09 + x00 + t03
y09 = x04 + x11 + y01 + t03
y00 = x08 + y10 + y08 + t03
y02 = x10 + x06 + x08 + t03
y06 = x10 + x03 + y09 + y02
y03 = x07 + y09 + y00 + y02
y11 = x06 + y01 + y05
y07 = x04 + x01 + y08 + y09
y04 = x05 + x00 + y01 + y02

----------------
SLP Heuristic XorCount: 13, Depth: 3
, XOR2: 0, XOR3: 2, XOR4: 11
SLP Heuristic XorCost ASIC1: 61.5
SLP Heuristic XorCost ASIC2: 67.93
SLP Heuristic XorCost ASIC3: 77.15
SLP Heuristic XorCost ASIC4: 75.21
y08 = x10 + x08 + x00 + x05
y10 = x10 + x02 + x03 + x08
y01 = x04 + x08 + x09 + x01
t03 = x11 + x02 + x07 + x05
y02 = x10 + x06 + x08 + t03
y04 = x06 + y08 + y01 + t03
y07 = x11 + x06 + x01 + y04
y05 = x00 + x09 + t03
y03 = x03 + x01 + y02 + y05
y09 = x11 + x04 + y01 + t03
y11 = x06 + y01 + y05
y06 = x10 + x03 + y02 + y09
y00 = x08 + y08 + y10 + t03

----------------
SLP Heuristic XorCount: 13, Depth: 3
, XOR2: 0, XOR3: 2, XOR4: 11
SLP Heuristic XorCost ASIC1: 61.5
SLP Heuristic XorCost ASIC2: 67.93
SLP Heuristic XorCost ASIC3: 77.15
SLP Heuristic XorCost ASIC4: 75.21
y10 = x10 + x02 + x03 + x08
y01 = x04 + x09 + x08 + x01
y08 = x10 + x05 + x08 + x00
t03 = x07 + x02 + x05 + x11
y05 = x09 + x00 + t03
y09 = x04 + x11 + y01 + t03
y00 = x08 + y10 + y08 + t03
y02 = x10 + x06 + x08 + t03
y06 = x10 + x03 + y09 + y02
y03 = x07 + y09 + y00 + y02
y11 = x06 + y01 + y05
y07 = x04 + x01 + y08 + y09
y04 = x05 + x00 + y01 + y02

----------------
SLP Heuristic XorCount: 13, Depth: 3
, XOR2: 0, XOR3: 2, XOR4: 11
SLP Heuristic XorCost ASIC1: 61.5
SLP Heuristic XorCost ASIC2: 67.93
SLP Heuristic XorCost ASIC3: 77.15
SLP Heuristic XorCost ASIC4: 75.21
y08 = x10 + x08 + x00 + x05
y10 = x10 + x02 + x03 + x08
y01 = x04 + x08 + x09 + x01
t03 = x11 + x02 + x07 + x05
y02 = x10 + x06 + x08 + t03
y04 = x06 + y08 + y01 + t03
y07 = x11 + x06 + x01 + y04
y05 = x00 + x09 + t03
y03 = x03 + x01 + y02 + y05
y09 = x11 + x04 + y01 + t03
y11 = x06 + y01 + y05
y06 = x10 + x03 + y02 + y09
y00 = x08 + y08 + y10 + t03

----------------
SLP Heuristic XorCount: 13, Depth: 3
, XOR2: 0, XOR3: 2, XOR4: 11
SLP Heuristic XorCost ASIC1: 61.5
SLP Heuristic XorCost ASIC2: 67.93
SLP Heuristic XorCost ASIC3: 77.15
SLP Heuristic XorCost ASIC4: 75.21
y10 = x10 + x02 + x03 + x08
y01 = x04 + x09 + x08 + x01
y08 = x10 + x05 + x08 + x00
t03 = x07 + x02 + x05 + x11
y05 = x09 + x00 + t03
y09 = x04 + x11 + y01 + t03
y00 = x08 + y10 + y08 + t03
y02 = x10 + x06 + x08 + t03
y06 = x10 + x03 + y09 + y02
y03 = x07 + y09 + y00 + y02
y11 = x06 + y01 + y05
y07 = x04 + x01 + y08 + y09
y04 = x05 + x00 + y01 + y02

----------------
SLP Heuristic XorCount: 13, Depth: 3
, XOR2: 0, XOR3: 2, XOR4: 11
SLP Heuristic XorCost ASIC1: 61.5
SLP Heuristic XorCost ASIC2: 67.93
SLP Heuristic XorCost ASIC3: 77.15
SLP Heuristic XorCost ASIC4: 75.21
y08 = x10 + x08 + x00 + x05
y10 = x10 + x02 + x03 + x08
y01 = x04 + x08 + x09 + x01
t03 = x11 + x02 + x07 + x05
y02 = x10 + x06 + x08 + t03
y04 = x06 + y08 + y01 + t03
y07 = x11 + x06 + x01 + y04
y05 = x00 + x09 + t03
y03 = x03 + x01 + y02 + y05
y09 = x11 + x04 + y01 + t03
y11 = x06 + y01 + y05
y06 = x10 + x03 + y02 + y09
y00 = x08 + y08 + y10 + t03

----------------
SLP Heuristic XorCount: 13, Depth: 3
, XOR2: 0, XOR3: 2, XOR4: 11
SLP Heuristic XorCost ASIC1: 61.5
SLP Heuristic XorCost ASIC2: 67.93
SLP Heuristic XorCost ASIC3: 77.15
SLP Heuristic XorCost ASIC4: 75.21
y10 = x10 + x02 + x03 + x08
y01 = x04 + x09 + x08 + x01
y08 = x10 + x05 + x08 + x00
t03 = x07 + x02 + x05 + x11
y05 = x09 + x00 + t03
y09 = x04 + x11 + y01 + t03
y00 = x08 + y10 + y08 + t03
y02 = x10 + x06 + x08 + t03
y06 = x10 + x03 + y09 + y02
y03 = x07 + y09 + y00 + y02
y11 = x06 + y01 + y05
y07 = x04 + x01 + y08 + y09
y04 = x05 + x00 + y01 + y02

----------------
SLP Heuristic XorCount: 13, Depth: 3
, XOR2: 0, XOR3: 2, XOR4: 11
SLP Heuristic XorCost ASIC1: 61.5
SLP Heuristic XorCost ASIC2: 67.93
SLP Heuristic XorCost ASIC3: 77.15
SLP Heuristic XorCost ASIC4: 75.21
y08 = x10 + x08 + x00 + x05
y10 = x10 + x02 + x03 + x08
y01 = x04 + x08 + x09 + x01
t03 = x11 + x02 + x07 + x05
y02 = x10 + x06 + x08 + t03
y04 = x06 + y08 + y01 + t03
y07 = x11 + x06 + x01 + y04
y05 = x00 + x09 + t03
y03 = x03 + x01 + y02 + y05
y09 = x11 + x04 + y01 + t03
y11 = x06 + y01 + y05
y06 = x10 + x03 + y02 + y09
y00 = x08 + y08 + y10 + t03

----------------
SLP Heuristic XorCount: 13, Depth: 3
, XOR2: 0, XOR3: 2, XOR4: 11
SLP Heuristic XorCost ASIC1: 61.5
SLP Heuristic XorCost ASIC2: 67.93
SLP Heuristic XorCost ASIC3: 77.15
SLP Heuristic XorCost ASIC4: 75.21
y10 = x10 + x02 + x03 + x08
y01 = x04 + x09 + x08 + x01
y08 = x10 + x05 + x08 + x00
t03 = x07 + x02 + x05 + x11
y05 = x09 + x00 + t03
y09 = x04 + x11 + y01 + t03
y00 = x08 + y10 + y08 + t03
y02 = x10 + x06 + x08 + t03
y06 = x10 + x03 + y09 + y02
y03 = x07 + y09 + y00 + y02
y11 = x06 + y01 + y05
y07 = x04 + x01 + y08 + y09
y04 = x05 + x00 + y01 + y02

----------------
SLP Heuristic XorCount: 13, Depth: 3
, XOR2: 0, XOR3: 2, XOR4: 11
SLP Heuristic XorCost ASIC1: 61.5
SLP Heuristic XorCost ASIC2: 67.93
SLP Heuristic XorCost ASIC3: 77.15
SLP Heuristic XorCost ASIC4: 75.21
y08 = x10 + x08 + x00 + x05
y10 = x10 + x02 + x03 + x08
y01 = x04 + x08 + x09 + x01
t03 = x11 + x02 + x07 + x05
y02 = x10 + x06 + x08 + t03
y04 = x06 + y08 + y01 + t03
y07 = x11 + x06 + x01 + y04
y05 = x00 + x09 + t03
y03 = x03 + x01 + y02 + y05
y09 = x11 + x04 + y01 + t03
y11 = x06 + y01 + y05
y06 = x10 + x03 + y02 + y09
y00 = x08 + y08 + y10 + t03

----------------
SLP Heuristic XorCount: 13, Depth: 3
, XOR2: 0, XOR3: 2, XOR4: 11
SLP Heuristic XorCost ASIC1: 61.5
SLP Heuristic XorCost ASIC2: 67.93
SLP Heuristic XorCost ASIC3: 77.15
SLP Heuristic XorCost ASIC4: 75.21
y10 = x10 + x02 + x03 + x08
y01 = x04 + x09 + x08 + x01
y08 = x10 + x05 + x08 + x00
t03 = x07 + x02 + x05 + x11
y05 = x09 + x00 + t03
y09 = x04 + x11 + y01 + t03
y00 = x08 + y10 + y08 + t03
y02 = x10 + x06 + x08 + t03
y06 = x10 + x03 + y09 + y02
y03 = x07 + y09 + y00 + y02
y11 = x06 + y01 + y05
y07 = x04 + x01 + y08 + y09
y04 = x05 + x00 + y01 + y02

----------------
SLP Heuristic XorCount: 13, Depth: 3
, XOR2: 0, XOR3: 2, XOR4: 11
SLP Heuristic XorCost ASIC1: 61.5
SLP Heuristic XorCost ASIC2: 67.93
SLP Heuristic XorCost ASIC3: 77.15
SLP Heuristic XorCost ASIC4: 75.21
y08 = x08 + x10 + x05 + x00
y10 = x08 + x10 + x03 + x02
y01 = x08 + x04 + x09 + x01
t03 = x05 + x07 + x11 + x02
y04 = x06 + y08 + y01 + t03
y02 = x08 + x10 + x06 + t03
y05 = x09 + x00 + t03
y09 = x04 + x11 + y01 + t03
y11 = x06 + y01 + y05
y06 = x10 + x03 + y02 + y09
y03 = x01 + x03 + y02 + y05
y00 = x08 + y08 + y10 + t03
y07 = x06 + x01 + x11 + y04

----------------
SLP Heuristic XorCount: 13, Depth: 3
, XOR2: 0, XOR3: 2, XOR4: 11
SLP Heuristic XorCost ASIC1: 61.5
SLP Heuristic XorCost ASIC2: 67.93
SLP Heuristic XorCost ASIC3: 77.15
SLP Heuristic XorCost ASIC4: 75.21
y01 = x09 + x01 + x08 + x04
y10 = x03 + x08 + x02 + x10
y08 = x08 + x05 + x00 + x10
t03 = x02 + x05 + x07 + x11
y04 = x06 + y01 + y08 + t03
y05 = x09 + x00 + t03
y09 = x04 + x11 + y01 + t03
y02 = x06 + x08 + x10 + t03
y03 = x03 + x01 + y05 + y02
y06 = x03 + x10 + y09 + y02
y11 = x06 + y01 + y05
y00 = x08 + y10 + y08 + t03
y07 = x06 + x01 + x11 + y04

----------------
SLP Heuristic XorCount: 13, Depth: 3
, XOR2: 0, XOR3: 2, XOR4: 11
SLP Heuristic XorCost ASIC1: 61.5
SLP Heuristic XorCost ASIC2: 67.93
SLP Heuristic XorCost ASIC3: 77.15
SLP Heuristic XorCost ASIC4: 75.21
y01 = x09 + x01 + x08 + x04
y10 = x03 + x08 + x02 + x10
y08 = x08 + x05 + x00 + x10
t03 = x02 + x05 + x07 + x11
y04 = x06 + y01 + y08 + t03
y05 = x09 + x00 + t03
y09 = x04 + x11 + y01 + t03
y02 = x06 + x08 + x10 + t03
y03 = x03 + x01 + y05 + y02
y06 = x03 + x10 + y09 + y02
y11 = x06 + y01 + y05
y00 = x08 + y10 + y08 + t03
y07 = x06 + x01 + x11 + y04

----------------
SLP Heuristic XorCount: 13, Depth: 3
, XOR2: 0, XOR3: 2, XOR4: 11
SLP Heuristic XorCost ASIC1: 61.5
SLP Heuristic XorCost ASIC2: 67.93
SLP Heuristic XorCost ASIC3: 77.15
SLP Heuristic XorCost ASIC4: 75.21
y08 = x08 + x10 + x05 + x00
y10 = x08 + x10 + x03 + x02
y01 = x08 + x04 + x09 + x01
t03 = x05 + x07 + x11 + x02
y04 = x06 + y08 + y01 + t03
y02 = x08 + x10 + x06 + t03
y05 = x09 + x00 + t03
y09 = x04 + x11 + y01 + t03
y11 = x06 + y01 + y05
y06 = x10 + x03 + y02 + y09
y03 = x01 + x03 + y02 + y05
y00 = x08 + y08 + y10 + t03
y07 = x06 + x01 + x11 + y04

----------------
SLP Heuristic XorCount: 13, Depth: 3
, XOR2: 0, XOR3: 2, XOR4: 11
SLP Heuristic XorCost ASIC1: 61.5
SLP Heuristic XorCost ASIC2: 67.93
SLP Heuristic XorCost ASIC3: 77.15
SLP Heuristic XorCost ASIC4: 75.21
y01 = x09 + x01 + x08 + x04
y10 = x03 + x08 + x02 + x10
y08 = x08 + x05 + x00 + x10
t03 = x02 + x05 + x07 + x11
y04 = x06 + y01 + y08 + t03
y05 = x09 + x00 + t03
y09 = x04 + x11 + y01 + t03
y02 = x06 + x08 + x10 + t03
y03 = x03 + x01 + y05 + y02
y06 = x03 + x10 + y09 + y02
y11 = x06 + y01 + y05
y00 = x08 + y10 + y08 + t03
y07 = x06 + x01 + x11 + y04

----------------
SLP Heuristic XorCount: 13, Depth: 3
, XOR2: 0, XOR3: 2, XOR4: 11
SLP Heuristic XorCost ASIC1: 61.5
SLP Heuristic XorCost ASIC2: 67.93
SLP Heuristic XorCost ASIC3: 77.15
SLP Heuristic XorCost ASIC4: 75.21
y01 = x09 + x01 + x08 + x04
y10 = x03 + x08 + x02 + x10
y08 = x08 + x05 + x00 + x10
t03 = x02 + x05 + x07 + x11
y04 = x06 + y01 + y08 + t03
y05 = x09 + x00 + t03
y09 = x04 + x11 + y01 + t03
y02 = x06 + x08 + x10 + t03
y03 = x03 + x01 + y05 + y02
y06 = x03 + x10 + y09 + y02
y11 = x06 + y01 + y05
y00 = x08 + y10 + y08 + t03
y07 = x06 + x01 + x11 + y04

----------------
SLP Heuristic XorCount: 13, Depth: 3
, XOR2: 0, XOR3: 2, XOR4: 11
SLP Heuristic XorCost ASIC1: 61.5
SLP Heuristic XorCost ASIC2: 67.93
SLP Heuristic XorCost ASIC3: 77.15
SLP Heuristic XorCost ASIC4: 75.21
y08 = x08 + x10 + x05 + x00
y10 = x08 + x10 + x03 + x02
y01 = x08 + x04 + x09 + x01
t03 = x05 + x07 + x11 + x02
y04 = x06 + y08 + y01 + t03
y02 = x08 + x10 + x06 + t03
y05 = x09 + x00 + t03
y09 = x04 + x11 + y01 + t03
y11 = x06 + y01 + y05
y06 = x10 + x03 + y02 + y09
y03 = x01 + x03 + y02 + y05
y00 = x08 + y08 + y10 + t03
y07 = x06 + x01 + x11 + y04

----------------
SLP Heuristic XorCount: 13, Depth: 3
, XOR2: 0, XOR3: 2, XOR4: 11
SLP Heuristic XorCost ASIC1: 61.5
SLP Heuristic XorCost ASIC2: 67.93
SLP Heuristic XorCost ASIC3: 77.15
SLP Heuristic XorCost ASIC4: 75.21
y01 = x09 + x01 + x08 + x04
y10 = x03 + x08 + x02 + x10
y08 = x08 + x05 + x00 + x10
t03 = x02 + x05 + x07 + x11
y04 = x06 + y01 + y08 + t03
y05 = x09 + x00 + t03
y09 = x04 + x11 + y01 + t03
y02 = x06 + x08 + x10 + t03
y03 = x03 + x01 + y05 + y02
y06 = x03 + x10 + y09 + y02
y11 = x06 + y01 + y05
y00 = x08 + y10 + y08 + t03
y07 = x06 + x01 + x11 + y04

----------------
SLP Heuristic XorCount: 13, Depth: 3
, XOR2: 0, XOR3: 2, XOR4: 11
SLP Heuristic XorCost ASIC1: 61.5
SLP Heuristic XorCost ASIC2: 67.93
SLP Heuristic XorCost ASIC3: 77.15
SLP Heuristic XorCost ASIC4: 75.21
y01 = x09 + x01 + x08 + x04
y10 = x03 + x08 + x02 + x10
y08 = x08 + x05 + x00 + x10
t03 = x02 + x05 + x07 + x11
y04 = x06 + y01 + y08 + t03
y05 = x09 + x00 + t03
y09 = x04 + x11 + y01 + t03
y02 = x06 + x08 + x10 + t03
y03 = x03 + x01 + y05 + y02
y06 = x03 + x10 + y09 + y02
y11 = x06 + y01 + y05
y00 = x08 + y10 + y08 + t03
y07 = x06 + x01 + x11 + y04

----------------
SLP Heuristic XorCount: 13, Depth: 3
, XOR2: 0, XOR3: 2, XOR4: 11
SLP Heuristic XorCost ASIC1: 61.5
SLP Heuristic XorCost ASIC2: 67.93
SLP Heuristic XorCost ASIC3: 77.15
SLP Heuristic XorCost ASIC4: 75.21
y08 = x08 + x10 + x05 + x00
y10 = x08 + x10 + x03 + x02
y01 = x08 + x04 + x09 + x01
t03 = x05 + x07 + x11 + x02
y04 = x06 + y08 + y01 + t03
y02 = x08 + x10 + x06 + t03
y05 = x09 + x00 + t03
y09 = x04 + x11 + y01 + t03
y11 = x06 + y01 + y05
y06 = x10 + x03 + y02 + y09
y03 = x01 + x03 + y02 + y05
y00 = x08 + y08 + y10 + t03
y07 = x06 + x01 + x11 + y04

----------------
SLP Heuristic XorCount: 13, Depth: 3
, XOR2: 0, XOR3: 2, XOR4: 11
SLP Heuristic XorCost ASIC1: 61.5
SLP Heuristic XorCost ASIC2: 67.93
SLP Heuristic XorCost ASIC3: 77.15
SLP Heuristic XorCost ASIC4: 75.21
y01 = x09 + x01 + x08 + x04
y10 = x03 + x08 + x02 + x10
y08 = x08 + x05 + x00 + x10
t03 = x02 + x05 + x07 + x11
y04 = x06 + y01 + y08 + t03
y05 = x09 + x00 + t03
y09 = x04 + x11 + y01 + t03
y02 = x06 + x08 + x10 + t03
y03 = x03 + x01 + y05 + y02
y06 = x03 + x10 + y09 + y02
y11 = x06 + y01 + y05
y00 = x08 + y10 + y08 + t03
y07 = x06 + x01 + x11 + y04

----------------
SLP Heuristic XorCount: 13, Depth: 3
, XOR2: 0, XOR3: 2, XOR4: 11
SLP Heuristic XorCost ASIC1: 61.5
SLP Heuristic XorCost ASIC2: 67.93
SLP Heuristic XorCost ASIC3: 77.15
SLP Heuristic XorCost ASIC4: 75.21
y01 = x09 + x01 + x08 + x04
y10 = x03 + x08 + x02 + x10
y08 = x08 + x05 + x00 + x10
t03 = x02 + x05 + x07 + x11
y04 = x06 + y01 + y08 + t03
y05 = x09 + x00 + t03
y09 = x04 + x11 + y01 + t03
y02 = x06 + x08 + x10 + t03
y03 = x03 + x01 + y05 + y02
y06 = x03 + x10 + y09 + y02
y11 = x06 + y01 + y05
y00 = x08 + y10 + y08 + t03
y07 = x06 + x01 + x11 + y04

----------------
SLP Heuristic XorCount: 13, Depth: 3
, XOR2: 0, XOR3: 2, XOR4: 11
SLP Heuristic XorCost ASIC1: 61.5
SLP Heuristic XorCost ASIC2: 67.93
SLP Heuristic XorCost ASIC3: 77.15
SLP Heuristic XorCost ASIC4: 75.21
y08 = x08 + x10 + x05 + x00
y10 = x08 + x10 + x03 + x02
y01 = x08 + x04 + x09 + x01
t03 = x05 + x07 + x11 + x02
y04 = x06 + y08 + y01 + t03
y02 = x08 + x10 + x06 + t03
y05 = x09 + x00 + t03
y09 = x04 + x11 + y01 + t03
y11 = x06 + y01 + y05
y06 = x10 + x03 + y02 + y09
y03 = x01 + x03 + y02 + y05
y00 = x08 + y08 + y10 + t03
y07 = x06 + x01 + x11 + y04

----------------
SLP Heuristic XorCount: 13, Depth: 3
, XOR2: 0, XOR3: 2, XOR4: 11
SLP Heuristic XorCost ASIC1: 61.5
SLP Heuristic XorCost ASIC2: 67.93
SLP Heuristic XorCost ASIC3: 77.15
SLP Heuristic XorCost ASIC4: 75.21
y01 = x09 + x01 + x08 + x04
y10 = x03 + x08 + x02 + x10
y08 = x08 + x05 + x00 + x10
t03 = x02 + x05 + x07 + x11
y04 = x06 + y01 + y08 + t03
y05 = x09 + x00 + t03
y09 = x04 + x11 + y01 + t03
y02 = x06 + x08 + x10 + t03
y03 = x03 + x01 + y05 + y02
y06 = x03 + x10 + y09 + y02
y11 = x06 + y01 + y05
y00 = x08 + y10 + y08 + t03
y07 = x06 + x01 + x11 + y04

----------------
SLP Heuristic XorCount: 13, Depth: 3
, XOR2: 0, XOR3: 2, XOR4: 11
SLP Heuristic XorCost ASIC1: 61.5
SLP Heuristic XorCost ASIC2: 67.93
SLP Heuristic XorCost ASIC3: 77.15
SLP Heuristic XorCost ASIC4: 75.21
y01 = x09 + x01 + x08 + x04
y10 = x03 + x08 + x02 + x10
y08 = x08 + x05 + x00 + x10
t03 = x02 + x05 + x07 + x11
y04 = x06 + y01 + y08 + t03
y05 = x09 + x00 + t03
y09 = x04 + x11 + y01 + t03
y02 = x06 + x08 + x10 + t03
y03 = x03 + x01 + y05 + y02
y06 = x03 + x10 + y09 + y02
y11 = x06 + y01 + y05
y00 = x08 + y10 + y08 + t03
y07 = x06 + x01 + x11 + y04

----------------
SLP Heuristic XorCount: 13, Depth: 3
, XOR2: 0, XOR3: 2, XOR4: 11
SLP Heuristic XorCost ASIC1: 61.5
SLP Heuristic XorCost ASIC2: 67.93
SLP Heuristic XorCost ASIC3: 77.15
SLP Heuristic XorCost ASIC4: 75.21
y08 = x08 + x10 + x05 + x00
y10 = x08 + x10 + x03 + x02
y01 = x08 + x04 + x09 + x01
t03 = x05 + x07 + x11 + x02
y04 = x06 + y08 + y01 + t03
y02 = x08 + x10 + x06 + t03
y05 = x09 + x00 + t03
y09 = x04 + x11 + y01 + t03
y11 = x06 + y01 + y05
y06 = x10 + x03 + y02 + y09
y03 = x01 + x03 + y02 + y05
y00 = x08 + y08 + y10 + t03
y07 = x06 + x01 + x11 + y04

----------------
SLP Heuristic XorCount: 13, Depth: 3
, XOR2: 0, XOR3: 2, XOR4: 11
SLP Heuristic XorCost ASIC1: 61.5
SLP Heuristic XorCost ASIC2: 67.93
SLP Heuristic XorCost ASIC3: 77.15
SLP Heuristic XorCost ASIC4: 75.21
y01 = x09 + x01 + x08 + x04
y10 = x03 + x08 + x02 + x10
y08 = x08 + x05 + x00 + x10
t03 = x02 + x05 + x07 + x11
y04 = x06 + y01 + y08 + t03
y05 = x09 + x00 + t03
y09 = x04 + x11 + y01 + t03
y02 = x06 + x08 + x10 + t03
y03 = x03 + x01 + y05 + y02
y06 = x03 + x10 + y09 + y02
y11 = x06 + y01 + y05
y00 = x08 + y10 + y08 + t03
y07 = x06 + x01 + x11 + y04

----------------
SLP Heuristic XorCount: 13, Depth: 3
, XOR2: 0, XOR3: 2, XOR4: 11
SLP Heuristic XorCost ASIC1: 61.5
SLP Heuristic XorCost ASIC2: 67.93
SLP Heuristic XorCost ASIC3: 77.15
SLP Heuristic XorCost ASIC4: 75.21
y01 = x09 + x01 + x08 + x04
y10 = x03 + x08 + x02 + x10
y08 = x08 + x05 + x00 + x10
t03 = x02 + x05 + x07 + x11
y04 = x06 + y01 + y08 + t03
y05 = x09 + x00 + t03
y09 = x04 + x11 + y01 + t03
y02 = x06 + x08 + x10 + t03
y03 = x03 + x01 + y05 + y02
y06 = x03 + x10 + y09 + y02
y11 = x06 + y01 + y05
y00 = x08 + y10 + y08 + t03
y07 = x06 + x01 + x11 + y04

----------------
SLP Heuristic XorCount: 13, Depth: 3
, XOR2: 0, XOR3: 2, XOR4: 11
SLP Heuristic XorCost ASIC1: 61.5
SLP Heuristic XorCost ASIC2: 67.93
SLP Heuristic XorCost ASIC3: 77.15
SLP Heuristic XorCost ASIC4: 75.21
y08 = x08 + x10 + x05 + x00
y10 = x08 + x10 + x03 + x02
y01 = x08 + x04 + x09 + x01
t03 = x05 + x07 + x11 + x02
y04 = x06 + y08 + y01 + t03
y02 = x08 + x10 + x06 + t03
y05 = x09 + x00 + t03
y09 = x04 + x11 + y01 + t03
y11 = x06 + y01 + y05
y06 = x10 + x03 + y02 + y09
y03 = x01 + x03 + y02 + y05
y00 = x08 + y08 + y10 + t03
y07 = x06 + x01 + x11 + y04

----------------
SLP Heuristic XorCount: 13, Depth: 3
, XOR2: 0, XOR3: 2, XOR4: 11
SLP Heuristic XorCost ASIC1: 61.5
SLP Heuristic XorCost ASIC2: 67.93
SLP Heuristic XorCost ASIC3: 77.15
SLP Heuristic XorCost ASIC4: 75.21
y01 = x09 + x01 + x08 + x04
y10 = x03 + x08 + x02 + x10
y08 = x08 + x05 + x00 + x10
t03 = x02 + x05 + x07 + x11
y04 = x06 + y01 + y08 + t03
y05 = x09 + x00 + t03
y09 = x04 + x11 + y01 + t03
y02 = x06 + x08 + x10 + t03
y03 = x03 + x01 + y05 + y02
y06 = x03 + x10 + y09 + y02
y11 = x06 + y01 + y05
y00 = x08 + y10 + y08 + t03
y07 = x06 + x01 + x11 + y04

----------------
SLP Heuristic XorCount: 13, Depth: 3
, XOR2: 0, XOR3: 2, XOR4: 11
SLP Heuristic XorCost ASIC1: 61.5
SLP Heuristic XorCost ASIC2: 67.93
SLP Heuristic XorCost ASIC3: 77.15
SLP Heuristic XorCost ASIC4: 75.21
y01 = x09 + x01 + x08 + x04
y10 = x03 + x08 + x02 + x10
y08 = x08 + x05 + x00 + x10
t03 = x02 + x05 + x07 + x11
y04 = x06 + y01 + y08 + t03
y05 = x09 + x00 + t03
y09 = x04 + x11 + y01 + t03
y02 = x06 + x08 + x10 + t03
y03 = x03 + x01 + y05 + y02
y06 = x03 + x10 + y09 + y02
y11 = x06 + y01 + y05
y00 = x08 + y10 + y08 + t03
y07 = x06 + x01 + x11 + y04

----------------
SLP Heuristic XorCount: 13, Depth: 3
, XOR2: 0, XOR3: 2, XOR4: 11
SLP Heuristic XorCost ASIC1: 61.5
SLP Heuristic XorCost ASIC2: 67.93
SLP Heuristic XorCost ASIC3: 77.15
SLP Heuristic XorCost ASIC4: 75.21
y08 = x08 + x10 + x05 + x00
y10 = x08 + x10 + x03 + x02
y01 = x08 + x04 + x09 + x01
t03 = x05 + x07 + x11 + x02
y04 = x06 + y08 + y01 + t03
y02 = x08 + x10 + x06 + t03
y05 = x09 + x00 + t03
y09 = x04 + x11 + y01 + t03
y11 = x06 + y01 + y05
y06 = x10 + x03 + y02 + y09
y03 = x01 + x03 + y02 + y05
y00 = x08 + y08 + y10 + t03
y07 = x06 + x01 + x11 + y04

----------------
SLP Heuristic XorCount: 13, Depth: 3
, XOR2: 0, XOR3: 2, XOR4: 11
SLP Heuristic XorCost ASIC1: 61.5
SLP Heuristic XorCost ASIC2: 67.93
SLP Heuristic XorCost ASIC3: 77.15
SLP Heuristic XorCost ASIC4: 75.21
y01 = x09 + x01 + x08 + x04
y10 = x03 + x08 + x02 + x10
y08 = x08 + x05 + x00 + x10
t03 = x02 + x05 + x07 + x11
y04 = x06 + y01 + y08 + t03
y05 = x09 + x00 + t03
y09 = x04 + x11 + y01 + t03
y02 = x06 + x08 + x10 + t03
y03 = x03 + x01 + y05 + y02
y06 = x03 + x10 + y09 + y02
y11 = x06 + y01 + y05
y00 = x08 + y10 + y08 + t03
y07 = x06 + x01 + x11 + y04

----------------
SLP Heuristic XorCount: 13, Depth: 3
, XOR2: 0, XOR3: 2, XOR4: 11
SLP Heuristic XorCost ASIC1: 61.5
SLP Heuristic XorCost ASIC2: 67.93
SLP Heuristic XorCost ASIC3: 77.15
SLP Heuristic XorCost ASIC4: 75.21
y01 = x09 + x01 + x08 + x04
y10 = x03 + x08 + x02 + x10
y08 = x08 + x05 + x00 + x10
t03 = x02 + x05 + x07 + x11
y04 = x06 + y01 + y08 + t03
y05 = x09 + x00 + t03
y09 = x04 + x11 + y01 + t03
y02 = x06 + x08 + x10 + t03
y03 = x03 + x01 + y05 + y02
y06 = x03 + x10 + y09 + y02
y11 = x06 + y01 + y05
y00 = x08 + y10 + y08 + t03
y07 = x06 + x01 + x11 + y04

----------------
SLP Heuristic XorCount: 13, Depth: 3
, XOR2: 0, XOR3: 2, XOR4: 11
SLP Heuristic XorCost ASIC1: 61.5
SLP Heuristic XorCost ASIC2: 67.93
SLP Heuristic XorCost ASIC3: 77.15
SLP Heuristic XorCost ASIC4: 75.21
y08 = x08 + x10 + x05 + x00
y10 = x08 + x10 + x03 + x02
y01 = x08 + x04 + x09 + x01
t03 = x05 + x07 + x11 + x02
y04 = x06 + y08 + y01 + t03
y02 = x08 + x10 + x06 + t03
y05 = x09 + x00 + t03
y09 = x04 + x11 + y01 + t03
y11 = x06 + y01 + y05
y06 = x10 + x03 + y02 + y09
y03 = x01 + x03 + y02 + y05
y00 = x08 + y08 + y10 + t03
y07 = x06 + x01 + x11 + y04

----------------
SLP Heuristic XorCount: 13, Depth: 3
, XOR2: 0, XOR3: 2, XOR4: 11
SLP Heuristic XorCost ASIC1: 61.5
SLP Heuristic XorCost ASIC2: 67.93
SLP Heuristic XorCost ASIC3: 77.15
SLP Heuristic XorCost ASIC4: 75.21
y01 = x09 + x01 + x08 + x04
y10 = x03 + x08 + x02 + x10
y08 = x08 + x05 + x00 + x10
t03 = x02 + x05 + x07 + x11
y04 = x06 + y01 + y08 + t03
y05 = x09 + x00 + t03
y09 = x04 + x11 + y01 + t03
y02 = x06 + x08 + x10 + t03
y03 = x03 + x01 + y05 + y02
y06 = x03 + x10 + y09 + y02
y11 = x06 + y01 + y05
y00 = x08 + y10 + y08 + t03
y07 = x06 + x01 + x11 + y04

----------------
SLP Heuristic XorCount: 13, Depth: 3
, XOR2: 0, XOR3: 2, XOR4: 11
SLP Heuristic XorCost ASIC1: 61.5
SLP Heuristic XorCost ASIC2: 67.93
SLP Heuristic XorCost ASIC3: 77.15
SLP Heuristic XorCost ASIC4: 75.21
y01 = x09 + x01 + x08 + x04
y10 = x03 + x08 + x02 + x10
y08 = x08 + x05 + x00 + x10
t03 = x02 + x05 + x07 + x11
y04 = x06 + y01 + y08 + t03
y05 = x09 + x00 + t03
y09 = x04 + x11 + y01 + t03
y02 = x06 + x08 + x10 + t03
y03 = x03 + x01 + y05 + y02
y06 = x03 + x10 + y09 + y02
y11 = x06 + y01 + y05
y00 = x08 + y10 + y08 + t03
y07 = x06 + x01 + x11 + y04

----------------
