12 12
1 0 0 0 1 1 1 0 0 0 0 1
0 1 0 0 0 1 0 1 0 1 0 0
0 0 1 1 1 1 0 0 1 0 1 1
0 1 0 1 0 0 1 0 0 1 0 1
1 0 1 0 1 0 0 1 0 1 1 0
1 0 0 0 0 1 0 0 1 0 1 0
1 1 0 1 0 1 1 0 0 1 1 0
1 1 1 1 1 0 0 1 0 1 1 1
1 0 1 0 1 0 0 0 1 1 0 1
0 1 1 0 1 1 0 0 1 1 0 0
0 0 1 0 0 1 1 0 0 0 1 0
1 1 1 1 1 1 0 1 1 0 0 1

***********
SLP Heuristic XorCount: 13, Depth: 3
, XOR2: 0, XOR3: 2, XOR4: 11
SLP Heuristic XorCost ASIC1: 61.5
SLP Heuristic XorCost ASIC2: 67.93
SLP Heuristic XorCost ASIC3: 77.15
SLP Heuristic XorCost ASIC4: 75.21
y10 = x06 + x05 + x02 + x10
y01 = x05 + x09 + x07 + x01
y05 = x05 + x08 + x00 + x10
t03 = x04 + x11 + x08 + x02
y02 = x03 + x05 + x10 + t03
y00 = x05 + y10 + y05 + t03
y09 = x11 + x07 + y01 + t03
y08 = x09 + x00 + t03
y07 = x03 + y01 + y05 + t03
y03 = x06 + x10 + y02 + y09
y11 = x03 + y01 + y08
y04 = x03 + x11 + x01 + y07
y06 = x04 + y02 + y00 + y09

----------------
SLP Heuristic XorCount: 13, Depth: 3
, XOR2: 0, XOR3: 2, XOR4: 11
SLP Heuristic XorCost ASIC1: 61.5
SLP Heuristic XorCost ASIC2: 67.93
SLP Heuristic XorCost ASIC3: 77.15
SLP Heuristic XorCost ASIC4: 75.21
y10 = x06 + x05 + x02 + x10
y01 = x05 + x09 + x07 + x01
y05 = x05 + x08 + x00 + x10
t03 = x04 + x11 + x08 + x02
y02 = x03 + x05 + x10 + t03
y00 = x05 + y10 + y05 + t03
y09 = x11 + x07 + y01 + t03
y08 = x09 + x00 + t03
y07 = x03 + y01 + y05 + t03
y03 = x06 + x10 + y02 + y09
y11 = x03 + y01 + y08
y04 = x03 + x11 + x01 + y07
y06 = x04 + y02 + y00 + y09

----------------
SLP Heuristic XorCount: 13, Depth: 3
, XOR2: 0, XOR3: 2, XOR4: 11
SLP Heuristic XorCost ASIC1: 61.5
SLP Heuristic XorCost ASIC2: 67.93
SLP Heuristic XorCost ASIC3: 77.15
SLP Heuristic XorCost ASIC4: 75.21
y10 = x06 + x05 + x02 + x10
y01 = x05 + x09 + x07 + x01
y05 = x05 + x08 + x00 + x10
t03 = x04 + x11 + x08 + x02
y02 = x03 + x05 + x10 + t03
y00 = x05 + y10 + y05 + t03
y09 = x11 + x07 + y01 + t03
y08 = x09 + x00 + t03
y07 = x03 + y01 + y05 + t03
y03 = x06 + x10 + y02 + y09
y11 = x03 + y01 + y08
y04 = x03 + x11 + x01 + y07
y06 = x04 + y02 + y00 + y09

----------------
SLP Heuristic XorCount: 13, Depth: 3
, XOR2: 0, XOR3: 2, XOR4: 11
SLP Heuristic XorCost ASIC1: 61.5
SLP Heuristic XorCost ASIC2: 67.93
SLP Heuristic XorCost ASIC3: 77.15
SLP Heuristic XorCost ASIC4: 75.21
y10 = x06 + x05 + x02 + x10
y01 = x05 + x09 + x07 + x01
y05 = x05 + x08 + x00 + x10
t03 = x04 + x11 + x08 + x02
y02 = x03 + x05 + x10 + t03
y00 = x05 + y10 + y05 + t03
y09 = x11 + x07 + y01 + t03
y08 = x09 + x00 + t03
y07 = x03 + y01 + y05 + t03
y03 = x06 + x10 + y02 + y09
y11 = x03 + y01 + y08
y04 = x03 + x11 + x01 + y07
y06 = x04 + y02 + y00 + y09

----------------
