12 12
1 0 0 0 1 1 0 0 1 0 1 1
0 1 0 0 0 1 1 0 0 0 0 1
0 0 1 1 1 1 0 1 1 1 1 1
0 0 1 1 0 0 1 0 0 0 1 1
1 0 0 0 1 0 0 1 0 0 0 1
0 1 1 0 0 1 0 0 1 1 1 1
1 1 0 1 1 0 1 0 0 1 0 1
1 1 1 1 1 1 0 1 0 1 1 0
1 0 1 1 0 1 0 0 1 0 1 0
1 0 1 0 1 0 1 0 0 1 0 0
1 1 0 1 0 1 0 1 0 0 1 0
0 1 0 1 0 0 0 0 1 0 0 1

***********
SLP Heuristic XorCount: 13, Depth: 3
, XOR2: 0, XOR3: 2, XOR4: 11
SLP Heuristic XorCost ASIC1: 61.5
SLP Heuristic XorCost ASIC2: 67.93
SLP Heuristic XorCost ASIC3: 77.15
SLP Heuristic XorCost ASIC4: 75.21
y11 = x01 + x11 + x03 + x08
y04 = x04 + x11 + x07 + x00
y01 = x01 + x06 + x11 + x05
t03 = x02 + x05 + x08 + x10
y08 = x03 + x00 + t03
y02 = x09 + y04 + y08
y03 = x11 + y11 + y01 + t03
y05 = x01 + x09 + x11 + t03
y00 = x02 + x07 + y04 + t03
y09 = x01 + x06 + y05 + y00
y06 = x04 + x06 + y08 + y05
y07 = x09 + y11 + y04 + t03
y10 = x04 + x09 + x02 + y07

----------------
SLP Heuristic XorCount: 13, Depth: 3
, XOR2: 0, XOR3: 2, XOR4: 11
SLP Heuristic XorCost ASIC1: 61.5
SLP Heuristic XorCost ASIC2: 67.93
SLP Heuristic XorCost ASIC3: 77.15
SLP Heuristic XorCost ASIC4: 75.21
y01 = x11 + x01 + x05 + x06
y04 = x11 + x00 + x07 + x04
y11 = x11 + x01 + x08 + x03
t03 = x05 + x08 + x02 + x10
y03 = x11 + y01 + y11 + t03
y00 = x02 + x07 + y04 + t03
y10 = x07 + x04 + y11 + y00
y08 = x00 + x03 + t03
y02 = x09 + y04 + y08
y05 = x11 + x01 + x09 + t03
y06 = x06 + x04 + y08 + y05
y09 = x01 + x06 + y00 + y05
y07 = x08 + x03 + y04 + y05

----------------
SLP Heuristic XorCount: 13, Depth: 3
, XOR2: 0, XOR3: 1, XOR4: 12
SLP Heuristic XorCost ASIC1: 63.25
SLP Heuristic XorCost ASIC2: 69.715
SLP Heuristic XorCost ASIC3: 79.2
SLP Heuristic XorCost ASIC4: 76.54
y04 = x04 + x07 + x00 + x11
y11 = x01 + x03 + x08 + x11
y01 = x06 + x01 + x05 + x11
t03 = x05 + x08 + x10 + x02
y07 = x09 + y04 + y11 + t03
y02 = x03 + x00 + y11 + y07
y03 = x11 + y11 + y01 + t03
y08 = x03 + x00 + t03
y00 = x07 + x02 + y04 + t03
y05 = x01 + x09 + x11 + t03
y06 = x06 + x04 + y08 + y05
y10 = x04 + x09 + x02 + y07
y09 = x06 + x01 + y00 + y05

----------------
SLP Heuristic XorCount: 13, Depth: 3
, XOR2: 0, XOR3: 1, XOR4: 12
SLP Heuristic XorCost ASIC1: 63.25
SLP Heuristic XorCost ASIC2: 69.715
SLP Heuristic XorCost ASIC3: 79.2
SLP Heuristic XorCost ASIC4: 76.54
y04 = x11 + x00 + x07 + x04
y11 = x11 + x01 + x08 + x03
y01 = x11 + x01 + x05 + x06
t03 = x05 + x08 + x02 + x10
y07 = x09 + y04 + y11 + t03
y02 = x00 + x03 + y11 + y07
y03 = x11 + y11 + y01 + t03
y08 = x00 + x03 + t03
y00 = x02 + x07 + y04 + t03
y05 = x11 + x01 + x09 + t03
y06 = x06 + x04 + y08 + y05
y10 = x02 + x09 + x04 + y07
y09 = x01 + x06 + y00 + y05

----------------
SLP Heuristic XorCount: 13, Depth: 3
, XOR2: 0, XOR3: 2, XOR4: 11
SLP Heuristic XorCost ASIC1: 61.5
SLP Heuristic XorCost ASIC2: 67.93
SLP Heuristic XorCost ASIC3: 77.15
SLP Heuristic XorCost ASIC4: 75.21
y11 = x01 + x08 + x11 + x03
y04 = x04 + x00 + x11 + x07
y01 = x01 + x05 + x11 + x06
t03 = x05 + x08 + x02 + x10
y08 = x00 + x03 + t03
y02 = x09 + y04 + y08
y03 = x11 + y11 + y01 + t03
y05 = x09 + x01 + x11 + t03
y00 = x07 + x02 + y04 + t03
y09 = x01 + x06 + y05 + y00
y06 = x04 + x06 + y08 + y05
y07 = x09 + y11 + y04 + t03
y10 = x09 + x04 + x02 + y07

----------------
SLP Heuristic XorCount: 13, Depth: 3
, XOR2: 0, XOR3: 2, XOR4: 11
SLP Heuristic XorCost ASIC1: 61.5
SLP Heuristic XorCost ASIC2: 67.93
SLP Heuristic XorCost ASIC3: 77.15
SLP Heuristic XorCost ASIC4: 75.21
y11 = x01 + x03 + x11 + x08
y01 = x01 + x11 + x05 + x06
y04 = x07 + x11 + x04 + x00
t03 = x05 + x02 + x10 + x08
y08 = x03 + x00 + t03
y00 = x07 + x02 + y04 + t03
y07 = x09 + y11 + y04 + t03
y05 = x01 + x11 + x09 + t03
y06 = x04 + x06 + y08 + y05
y02 = x09 + y04 + y08
y09 = x01 + x06 + y00 + y05
y03 = x11 + y11 + y01 + t03
y10 = x07 + x04 + y11 + y00

----------------
SLP Heuristic XorCount: 13, Depth: 3
, XOR2: 0, XOR3: 2, XOR4: 11
SLP Heuristic XorCost ASIC1: 61.5
SLP Heuristic XorCost ASIC2: 67.93
SLP Heuristic XorCost ASIC3: 77.15
SLP Heuristic XorCost ASIC4: 75.21
y04 = x04 + x00 + x11 + x07
y11 = x01 + x08 + x11 + x03
y01 = x01 + x05 + x11 + x06
t03 = x05 + x08 + x10 + x02
y00 = x02 + x07 + y04 + t03
y08 = x00 + x03 + t03
y02 = x09 + y04 + y08
y07 = x09 + y04 + y11 + t03
y05 = x09 + x01 + x11 + t03
y06 = x04 + x06 + y08 + y05
y09 = x01 + x06 + y00 + y05
y10 = x09 + x04 + x02 + y07
y03 = x11 + y11 + y01 + t03

----------------
SLP Heuristic XorCount: 13, Depth: 3
, XOR2: 0, XOR3: 2, XOR4: 11
SLP Heuristic XorCost ASIC1: 61.5
SLP Heuristic XorCost ASIC2: 67.93
SLP Heuristic XorCost ASIC3: 77.15
SLP Heuristic XorCost ASIC4: 75.21
y11 = x01 + x08 + x03 + x11
y01 = x01 + x05 + x06 + x11
y04 = x04 + x07 + x00 + x11
t03 = x05 + x02 + x10 + x08
y08 = x00 + x03 + t03
y03 = x11 + y11 + y01 + t03
y07 = x09 + y11 + y04 + t03
y00 = x07 + x02 + y04 + t03
y05 = x01 + x09 + x11 + t03
y02 = x09 + y04 + y08
y09 = x01 + x06 + y00 + y05
y06 = x04 + x06 + y08 + y05
y10 = x04 + x07 + y11 + y00

----------------
SLP Heuristic XorCount: 13, Depth: 3
, XOR2: 0, XOR3: 2, XOR4: 11
SLP Heuristic XorCost ASIC1: 61.5
SLP Heuristic XorCost ASIC2: 67.93
SLP Heuristic XorCost ASIC3: 77.15
SLP Heuristic XorCost ASIC4: 75.21
y01 = x06 + x01 + x11 + x05
y04 = x11 + x00 + x07 + x04
y11 = x01 + x08 + x11 + x03
t03 = x08 + x10 + x02 + x05
y00 = x07 + x02 + y04 + t03
y05 = x01 + x09 + x11 + t03
y10 = x07 + x04 + y11 + y00
y08 = x00 + x03 + t03
y07 = x08 + x03 + y04 + y05
y06 = x06 + x04 + y05 + y08
y03 = x11 + y01 + y11 + t03
y02 = x09 + y04 + y08
y09 = x06 + x01 + y00 + y05

----------------
SLP Heuristic XorCount: 13, Depth: 3
, XOR2: 0, XOR3: 2, XOR4: 11
SLP Heuristic XorCost ASIC1: 61.5
SLP Heuristic XorCost ASIC2: 67.93
SLP Heuristic XorCost ASIC3: 77.15
SLP Heuristic XorCost ASIC4: 75.21
y01 = x01 + x11 + x05 + x06
y04 = x07 + x11 + x04 + x00
y11 = x01 + x03 + x11 + x08
t03 = x05 + x02 + x10 + x08
y08 = x03 + x00 + t03
y00 = x07 + x02 + y04 + t03
y05 = x01 + x11 + x09 + t03
y07 = x03 + x08 + y04 + y05
y06 = x04 + x06 + y08 + y05
y03 = x11 + y01 + y11 + t03
y02 = x09 + y04 + y08
y09 = x01 + x06 + y00 + y05
y10 = x07 + x04 + y11 + y00

----------------
SLP Heuristic XorCount: 13, Depth: 3
, XOR2: 0, XOR3: 2, XOR4: 11
SLP Heuristic XorCost ASIC1: 61.5
SLP Heuristic XorCost ASIC2: 67.93
SLP Heuristic XorCost ASIC3: 77.15
SLP Heuristic XorCost ASIC4: 75.21
y04 = x04 + x00 + x11 + x07
y11 = x01 + x08 + x11 + x03
y01 = x01 + x05 + x11 + x06
t03 = x05 + x08 + x10 + x02
y00 = x02 + x07 + y04 + t03
y05 = x09 + x01 + x11 + t03
y08 = x00 + x03 + t03
y02 = x09 + y04 + y08
y07 = x09 + y04 + y11 + t03
y06 = x04 + x06 + y05 + y08
y03 = x11 + y11 + y01 + t03
y09 = x01 + x06 + y00 + y05
y10 = x09 + x04 + x02 + y07

----------------
SLP Heuristic XorCount: 13, Depth: 3
, XOR2: 0, XOR3: 2, XOR4: 11
SLP Heuristic XorCost ASIC1: 61.5
SLP Heuristic XorCost ASIC2: 67.93
SLP Heuristic XorCost ASIC3: 77.15
SLP Heuristic XorCost ASIC4: 75.21
y01 = x01 + x11 + x06 + x05
y04 = x11 + x07 + x00 + x04
y11 = x03 + x01 + x11 + x08
t03 = x10 + x05 + x02 + x08
y00 = x07 + x02 + y04 + t03
y05 = x01 + x11 + x09 + t03
y10 = x07 + x04 + y11 + y00
y08 = x03 + x00 + t03
y07 = x03 + x08 + y04 + y05
y06 = x06 + x04 + y05 + y08
y03 = x11 + y01 + y11 + t03
y02 = x09 + y04 + y08
y09 = x01 + x06 + y00 + y05

----------------
SLP Heuristic XorCount: 13, Depth: 3
, XOR2: 0, XOR3: 2, XOR4: 11
SLP Heuristic XorCost ASIC1: 61.5
SLP Heuristic XorCost ASIC2: 67.93
SLP Heuristic XorCost ASIC3: 77.15
SLP Heuristic XorCost ASIC4: 75.21
y01 = x06 + x01 + x11 + x05
y11 = x01 + x08 + x11 + x03
y04 = x11 + x00 + x07 + x04
t03 = x08 + x10 + x02 + x05
y03 = x11 + y01 + y11 + t03
y08 = x00 + x03 + t03
y07 = x09 + y11 + y04 + t03
y10 = x09 + x02 + x04 + y07
y00 = x07 + x02 + y04 + t03
y02 = x09 + y04 + y08
y05 = x01 + x09 + x11 + t03
y06 = x06 + x04 + y08 + y05
y09 = x06 + x01 + y00 + y05

----------------
SLP Heuristic XorCount: 13, Depth: 3
, XOR2: 0, XOR3: 2, XOR4: 11
SLP Heuristic XorCost ASIC1: 61.5
SLP Heuristic XorCost ASIC2: 67.93
SLP Heuristic XorCost ASIC3: 77.15
SLP Heuristic XorCost ASIC4: 75.21
y01 = x01 + x11 + x05 + x06
y04 = x07 + x11 + x04 + x00
y11 = x01 + x03 + x11 + x08
t03 = x05 + x02 + x10 + x08
y08 = x03 + x00 + t03
y03 = x11 + y01 + y11 + t03
y07 = x09 + y04 + y11 + t03
y00 = x07 + x02 + y04 + t03
y02 = x09 + y04 + y08
y05 = x01 + x11 + x09 + t03
y06 = x10 + y03 + y00 + y05
y09 = x01 + x06 + y00 + y05
y10 = x07 + x04 + y11 + y00

----------------
SLP Heuristic XorCount: 13, Depth: 3
, XOR2: 0, XOR3: 2, XOR4: 11
SLP Heuristic XorCost ASIC1: 61.5
SLP Heuristic XorCost ASIC2: 67.93
SLP Heuristic XorCost ASIC3: 77.15
SLP Heuristic XorCost ASIC4: 75.21
y01 = x06 + x01 + x11 + x05
y11 = x01 + x08 + x11 + x03
y04 = x11 + x00 + x07 + x04
t03 = x08 + x10 + x02 + x05
y03 = x11 + y01 + y11 + t03
y08 = x00 + x03 + t03
y07 = x09 + y11 + y04 + t03
y10 = x09 + x02 + x04 + y07
y00 = x07 + x02 + y04 + t03
y05 = x01 + x09 + x11 + t03
y02 = x09 + y04 + y08
y06 = x06 + x04 + y08 + y05
y09 = x06 + x01 + y00 + y05

----------------
SLP Heuristic XorCount: 13, Depth: 3
, XOR2: 0, XOR3: 2, XOR4: 11
SLP Heuristic XorCost ASIC1: 61.5
SLP Heuristic XorCost ASIC2: 67.93
SLP Heuristic XorCost ASIC3: 77.15
SLP Heuristic XorCost ASIC4: 75.21
y04 = x04 + x00 + x11 + x07
y11 = x01 + x08 + x11 + x03
y01 = x01 + x05 + x11 + x06
t03 = x05 + x08 + x10 + x02
y03 = x11 + y11 + y01 + t03
y08 = x00 + x03 + t03
y02 = x09 + y04 + y08
y07 = x09 + y04 + y11 + t03
y00 = x02 + x07 + y04 + t03
y05 = x09 + x01 + x11 + t03
y09 = x01 + x06 + y00 + y05
y10 = x09 + x04 + x02 + y07
y06 = x04 + x06 + y08 + y05

----------------
SLP Heuristic XorCount: 13, Depth: 3
, XOR2: 0, XOR3: 2, XOR4: 11
SLP Heuristic XorCost ASIC1: 61.5
SLP Heuristic XorCost ASIC2: 67.93
SLP Heuristic XorCost ASIC3: 77.15
SLP Heuristic XorCost ASIC4: 75.21
y01 = x01 + x05 + x06 + x11
y04 = x04 + x07 + x00 + x11
y11 = x01 + x08 + x03 + x11
t03 = x05 + x02 + x10 + x08
y08 = x00 + x03 + t03
y03 = x11 + y01 + y11 + t03
y07 = x09 + y04 + y11 + t03
y00 = x07 + x02 + y04 + t03
y02 = x09 + y04 + y08
y05 = x01 + x09 + x11 + t03
y06 = x04 + x06 + y08 + y05
y09 = x01 + x06 + y00 + y05
y10 = x04 + x07 + y11 + y00

----------------
SLP Heuristic XorCount: 13, Depth: 3
, XOR2: 0, XOR3: 2, XOR4: 11
SLP Heuristic XorCost ASIC1: 61.5
SLP Heuristic XorCost ASIC2: 67.93
SLP Heuristic XorCost ASIC3: 77.15
SLP Heuristic XorCost ASIC4: 75.21
y11 = x01 + x03 + x11 + x08
y01 = x01 + x11 + x05 + x06
y04 = x07 + x11 + x04 + x00
t03 = x05 + x02 + x10 + x08
y08 = x03 + x00 + t03
y00 = x07 + x02 + y04 + t03
y07 = x09 + y11 + y04 + t03
y05 = x01 + x11 + x09 + t03
y06 = x04 + x06 + y08 + y05
y02 = x09 + y04 + y08
y09 = x01 + x06 + y00 + y05
y03 = x11 + y11 + y01 + t03
y10 = x07 + x04 + y11 + y00

----------------
SLP Heuristic XorCount: 13, Depth: 3
, XOR2: 0, XOR3: 2, XOR4: 11
SLP Heuristic XorCost ASIC1: 61.5
SLP Heuristic XorCost ASIC2: 67.93
SLP Heuristic XorCost ASIC3: 77.15
SLP Heuristic XorCost ASIC4: 75.21
y04 = x04 + x00 + x11 + x07
y11 = x01 + x08 + x11 + x03
y01 = x01 + x05 + x11 + x06
t03 = x05 + x08 + x10 + x02
y00 = x02 + x07 + y04 + t03
y08 = x00 + x03 + t03
y02 = x09 + y04 + y08
y07 = x09 + y04 + y11 + t03
y05 = x09 + x01 + x11 + t03
y06 = x04 + x06 + y08 + y05
y09 = x01 + x06 + y00 + y05
y10 = x09 + x04 + x02 + y07
y03 = x11 + y11 + y01 + t03

----------------
SLP Heuristic XorCount: 13, Depth: 3
, XOR2: 0, XOR3: 2, XOR4: 11
SLP Heuristic XorCost ASIC1: 61.5
SLP Heuristic XorCost ASIC2: 67.93
SLP Heuristic XorCost ASIC3: 77.15
SLP Heuristic XorCost ASIC4: 75.21
y11 = x01 + x08 + x03 + x11
y01 = x01 + x05 + x06 + x11
y04 = x04 + x07 + x00 + x11
t03 = x05 + x02 + x10 + x08
y08 = x00 + x03 + t03
y03 = x11 + y11 + y01 + t03
y07 = x09 + y11 + y04 + t03
y00 = x07 + x02 + y04 + t03
y05 = x01 + x09 + x11 + t03
y02 = x09 + y04 + y08
y09 = x01 + x06 + y00 + y05
y06 = x04 + x06 + y08 + y05
y10 = x04 + x07 + y11 + y00

----------------
SLP Heuristic XorCount: 13, Depth: 3
, XOR2: 0, XOR3: 2, XOR4: 11
SLP Heuristic XorCost ASIC1: 61.5
SLP Heuristic XorCost ASIC2: 67.93
SLP Heuristic XorCost ASIC3: 77.15
SLP Heuristic XorCost ASIC4: 75.21
y01 = x06 + x01 + x11 + x05
y04 = x11 + x00 + x07 + x04
y11 = x01 + x08 + x11 + x03
t03 = x08 + x10 + x02 + x05
y00 = x07 + x02 + y04 + t03
y05 = x01 + x09 + x11 + t03
y10 = x07 + x04 + y11 + y00
y08 = x00 + x03 + t03
y07 = x08 + x03 + y04 + y05
y06 = x06 + x04 + y05 + y08
y03 = x11 + y01 + y11 + t03
y02 = x09 + y04 + y08
y09 = x06 + x01 + y00 + y05

----------------
SLP Heuristic XorCount: 13, Depth: 3
, XOR2: 0, XOR3: 2, XOR4: 11
SLP Heuristic XorCost ASIC1: 61.5
SLP Heuristic XorCost ASIC2: 67.93
SLP Heuristic XorCost ASIC3: 77.15
SLP Heuristic XorCost ASIC4: 75.21
y01 = x01 + x11 + x05 + x06
y04 = x07 + x11 + x04 + x00
y11 = x01 + x03 + x11 + x08
t03 = x05 + x02 + x10 + x08
y08 = x03 + x00 + t03
y00 = x07 + x02 + y04 + t03
y05 = x01 + x11 + x09 + t03
y07 = x03 + x08 + y04 + y05
y06 = x04 + x06 + y08 + y05
y03 = x11 + y01 + y11 + t03
y02 = x09 + y04 + y08
y09 = x01 + x06 + y00 + y05
y10 = x07 + x04 + y11 + y00

----------------
SLP Heuristic XorCount: 13, Depth: 3
, XOR2: 0, XOR3: 2, XOR4: 11
SLP Heuristic XorCost ASIC1: 61.5
SLP Heuristic XorCost ASIC2: 67.93
SLP Heuristic XorCost ASIC3: 77.15
SLP Heuristic XorCost ASIC4: 75.21
y04 = x04 + x00 + x11 + x07
y11 = x01 + x08 + x11 + x03
y01 = x01 + x05 + x11 + x06
t03 = x05 + x08 + x10 + x02
y00 = x02 + x07 + y04 + t03
y05 = x09 + x01 + x11 + t03
y08 = x00 + x03 + t03
y02 = x09 + y04 + y08
y07 = x09 + y04 + y11 + t03
y06 = x04 + x06 + y05 + y08
y03 = x11 + y11 + y01 + t03
y09 = x01 + x06 + y00 + y05
y10 = x09 + x04 + x02 + y07

----------------
SLP Heuristic XorCount: 13, Depth: 3
, XOR2: 0, XOR3: 2, XOR4: 11
SLP Heuristic XorCost ASIC1: 61.5
SLP Heuristic XorCost ASIC2: 67.93
SLP Heuristic XorCost ASIC3: 77.15
SLP Heuristic XorCost ASIC4: 75.21
y01 = x01 + x11 + x06 + x05
y04 = x11 + x07 + x00 + x04
y11 = x03 + x01 + x11 + x08
t03 = x10 + x05 + x02 + x08
y00 = x07 + x02 + y04 + t03
y05 = x01 + x11 + x09 + t03
y10 = x07 + x04 + y11 + y00
y08 = x03 + x00 + t03
y07 = x03 + x08 + y04 + y05
y06 = x06 + x04 + y05 + y08
y03 = x11 + y01 + y11 + t03
y02 = x09 + y04 + y08
y09 = x01 + x06 + y00 + y05

----------------
SLP Heuristic XorCount: 13, Depth: 3
, XOR2: 0, XOR3: 2, XOR4: 11
SLP Heuristic XorCost ASIC1: 61.5
SLP Heuristic XorCost ASIC2: 67.93
SLP Heuristic XorCost ASIC3: 77.15
SLP Heuristic XorCost ASIC4: 75.21
y01 = x06 + x01 + x11 + x05
y11 = x01 + x08 + x11 + x03
y04 = x11 + x00 + x07 + x04
t03 = x08 + x10 + x02 + x05
y03 = x11 + y01 + y11 + t03
y08 = x00 + x03 + t03
y07 = x09 + y11 + y04 + t03
y10 = x09 + x02 + x04 + y07
y00 = x07 + x02 + y04 + t03
y02 = x09 + y04 + y08
y05 = x01 + x09 + x11 + t03
y06 = x06 + x04 + y08 + y05
y09 = x06 + x01 + y00 + y05

----------------
SLP Heuristic XorCount: 13, Depth: 3
, XOR2: 0, XOR3: 2, XOR4: 11
SLP Heuristic XorCost ASIC1: 61.5
SLP Heuristic XorCost ASIC2: 67.93
SLP Heuristic XorCost ASIC3: 77.15
SLP Heuristic XorCost ASIC4: 75.21
y01 = x01 + x11 + x05 + x06
y04 = x07 + x11 + x04 + x00
y11 = x01 + x03 + x11 + x08
t03 = x05 + x02 + x10 + x08
y08 = x03 + x00 + t03
y03 = x11 + y01 + y11 + t03
y07 = x09 + y04 + y11 + t03
y00 = x07 + x02 + y04 + t03
y02 = x09 + y04 + y08
y05 = x01 + x11 + x09 + t03
y06 = x10 + y03 + y00 + y05
y09 = x01 + x06 + y00 + y05
y10 = x07 + x04 + y11 + y00

----------------
SLP Heuristic XorCount: 13, Depth: 3
, XOR2: 0, XOR3: 2, XOR4: 11
SLP Heuristic XorCost ASIC1: 61.5
SLP Heuristic XorCost ASIC2: 67.93
SLP Heuristic XorCost ASIC3: 77.15
SLP Heuristic XorCost ASIC4: 75.21
y01 = x06 + x01 + x11 + x05
y11 = x01 + x08 + x11 + x03
y04 = x11 + x00 + x07 + x04
t03 = x08 + x10 + x02 + x05
y03 = x11 + y01 + y11 + t03
y08 = x00 + x03 + t03
y07 = x09 + y11 + y04 + t03
y10 = x09 + x02 + x04 + y07
y00 = x07 + x02 + y04 + t03
y05 = x01 + x09 + x11 + t03
y02 = x09 + y04 + y08
y06 = x06 + x04 + y08 + y05
y09 = x06 + x01 + y00 + y05

----------------
SLP Heuristic XorCount: 13, Depth: 3
, XOR2: 0, XOR3: 2, XOR4: 11
SLP Heuristic XorCost ASIC1: 61.5
SLP Heuristic XorCost ASIC2: 67.93
SLP Heuristic XorCost ASIC3: 77.15
SLP Heuristic XorCost ASIC4: 75.21
y04 = x04 + x00 + x11 + x07
y11 = x01 + x08 + x11 + x03
y01 = x01 + x05 + x11 + x06
t03 = x05 + x08 + x10 + x02
y03 = x11 + y11 + y01 + t03
y08 = x00 + x03 + t03
y02 = x09 + y04 + y08
y07 = x09 + y04 + y11 + t03
y00 = x02 + x07 + y04 + t03
y05 = x09 + x01 + x11 + t03
y09 = x01 + x06 + y00 + y05
y10 = x09 + x04 + x02 + y07
y06 = x04 + x06 + y08 + y05

----------------
SLP Heuristic XorCount: 13, Depth: 3
, XOR2: 0, XOR3: 2, XOR4: 11
SLP Heuristic XorCost ASIC1: 61.5
SLP Heuristic XorCost ASIC2: 67.93
SLP Heuristic XorCost ASIC3: 77.15
SLP Heuristic XorCost ASIC4: 75.21
y01 = x01 + x05 + x06 + x11
y04 = x04 + x07 + x00 + x11
y11 = x01 + x08 + x03 + x11
t03 = x05 + x02 + x10 + x08
y08 = x00 + x03 + t03
y03 = x11 + y01 + y11 + t03
y07 = x09 + y04 + y11 + t03
y00 = x07 + x02 + y04 + t03
y02 = x09 + y04 + y08
y05 = x01 + x09 + x11 + t03
y06 = x04 + x06 + y08 + y05
y09 = x01 + x06 + y00 + y05
y10 = x04 + x07 + y11 + y00

----------------
SLP Heuristic XorCount: 13, Depth: 3
, XOR2: 0, XOR3: 2, XOR4: 11
SLP Heuristic XorCost ASIC1: 61.5
SLP Heuristic XorCost ASIC2: 67.93
SLP Heuristic XorCost ASIC3: 77.15
SLP Heuristic XorCost ASIC4: 75.21
y11 = x01 + x03 + x11 + x08
y01 = x01 + x11 + x05 + x06
y04 = x07 + x11 + x04 + x00
t03 = x05 + x02 + x10 + x08
y08 = x03 + x00 + t03
y00 = x07 + x02 + y04 + t03
y07 = x09 + y11 + y04 + t03
y05 = x01 + x11 + x09 + t03
y06 = x04 + x06 + y08 + y05
y02 = x09 + y04 + y08
y09 = x01 + x06 + y00 + y05
y03 = x11 + y11 + y01 + t03
y10 = x07 + x04 + y11 + y00

----------------
SLP Heuristic XorCount: 13, Depth: 3
, XOR2: 0, XOR3: 2, XOR4: 11
SLP Heuristic XorCost ASIC1: 61.5
SLP Heuristic XorCost ASIC2: 67.93
SLP Heuristic XorCost ASIC3: 77.15
SLP Heuristic XorCost ASIC4: 75.21
y04 = x04 + x00 + x11 + x07
y11 = x01 + x08 + x11 + x03
y01 = x01 + x05 + x11 + x06
t03 = x05 + x08 + x10 + x02
y00 = x02 + x07 + y04 + t03
y08 = x00 + x03 + t03
y02 = x09 + y04 + y08
y07 = x09 + y04 + y11 + t03
y05 = x09 + x01 + x11 + t03
y06 = x04 + x06 + y08 + y05
y09 = x01 + x06 + y00 + y05
y10 = x09 + x04 + x02 + y07
y03 = x11 + y11 + y01 + t03

----------------
SLP Heuristic XorCount: 13, Depth: 3
, XOR2: 0, XOR3: 2, XOR4: 11
SLP Heuristic XorCost ASIC1: 61.5
SLP Heuristic XorCost ASIC2: 67.93
SLP Heuristic XorCost ASIC3: 77.15
SLP Heuristic XorCost ASIC4: 75.21
y11 = x01 + x08 + x03 + x11
y01 = x01 + x05 + x06 + x11
y04 = x04 + x07 + x00 + x11
t03 = x05 + x02 + x10 + x08
y08 = x00 + x03 + t03
y03 = x11 + y11 + y01 + t03
y07 = x09 + y11 + y04 + t03
y00 = x07 + x02 + y04 + t03
y05 = x01 + x09 + x11 + t03
y02 = x09 + y04 + y08
y09 = x01 + x06 + y00 + y05
y06 = x04 + x06 + y08 + y05
y10 = x04 + x07 + y11 + y00

----------------
SLP Heuristic XorCount: 13, Depth: 3
, XOR2: 0, XOR3: 2, XOR4: 11
SLP Heuristic XorCost ASIC1: 61.5
SLP Heuristic XorCost ASIC2: 67.93
SLP Heuristic XorCost ASIC3: 77.15
SLP Heuristic XorCost ASIC4: 75.21
y01 = x06 + x01 + x11 + x05
y04 = x11 + x00 + x07 + x04
y11 = x01 + x08 + x11 + x03
t03 = x08 + x10 + x02 + x05
y00 = x07 + x02 + y04 + t03
y05 = x01 + x09 + x11 + t03
y10 = x07 + x04 + y11 + y00
y08 = x00 + x03 + t03
y07 = x08 + x03 + y04 + y05
y06 = x06 + x04 + y05 + y08
y03 = x11 + y01 + y11 + t03
y02 = x09 + y04 + y08
y09 = x06 + x01 + y00 + y05

----------------
SLP Heuristic XorCount: 13, Depth: 3
, XOR2: 0, XOR3: 2, XOR4: 11
SLP Heuristic XorCost ASIC1: 61.5
SLP Heuristic XorCost ASIC2: 67.93
SLP Heuristic XorCost ASIC3: 77.15
SLP Heuristic XorCost ASIC4: 75.21
y01 = x01 + x11 + x05 + x06
y04 = x07 + x11 + x04 + x00
y11 = x01 + x03 + x11 + x08
t03 = x05 + x02 + x10 + x08
y08 = x03 + x00 + t03
y00 = x07 + x02 + y04 + t03
y05 = x01 + x11 + x09 + t03
y07 = x03 + x08 + y04 + y05
y06 = x04 + x06 + y08 + y05
y03 = x11 + y01 + y11 + t03
y02 = x09 + y04 + y08
y09 = x01 + x06 + y00 + y05
y10 = x07 + x04 + y11 + y00

----------------
SLP Heuristic XorCount: 13, Depth: 3
, XOR2: 0, XOR3: 2, XOR4: 11
SLP Heuristic XorCost ASIC1: 61.5
SLP Heuristic XorCost ASIC2: 67.93
SLP Heuristic XorCost ASIC3: 77.15
SLP Heuristic XorCost ASIC4: 75.21
y04 = x04 + x00 + x11 + x07
y11 = x01 + x08 + x11 + x03
y01 = x01 + x05 + x11 + x06
t03 = x05 + x08 + x10 + x02
y00 = x02 + x07 + y04 + t03
y05 = x09 + x01 + x11 + t03
y08 = x00 + x03 + t03
y02 = x09 + y04 + y08
y07 = x09 + y04 + y11 + t03
y06 = x04 + x06 + y05 + y08
y03 = x11 + y11 + y01 + t03
y09 = x01 + x06 + y00 + y05
y10 = x09 + x04 + x02 + y07

----------------
SLP Heuristic XorCount: 13, Depth: 3
, XOR2: 0, XOR3: 2, XOR4: 11
SLP Heuristic XorCost ASIC1: 61.5
SLP Heuristic XorCost ASIC2: 67.93
SLP Heuristic XorCost ASIC3: 77.15
SLP Heuristic XorCost ASIC4: 75.21
y01 = x01 + x11 + x06 + x05
y04 = x11 + x07 + x00 + x04
y11 = x03 + x01 + x11 + x08
t03 = x10 + x05 + x02 + x08
y00 = x07 + x02 + y04 + t03
y05 = x01 + x11 + x09 + t03
y10 = x07 + x04 + y11 + y00
y08 = x03 + x00 + t03
y07 = x03 + x08 + y04 + y05
y06 = x06 + x04 + y05 + y08
y03 = x11 + y01 + y11 + t03
y02 = x09 + y04 + y08
y09 = x01 + x06 + y00 + y05

----------------
SLP Heuristic XorCount: 13, Depth: 3
, XOR2: 0, XOR3: 2, XOR4: 11
SLP Heuristic XorCost ASIC1: 61.5
SLP Heuristic XorCost ASIC2: 67.93
SLP Heuristic XorCost ASIC3: 77.15
SLP Heuristic XorCost ASIC4: 75.21
y01 = x06 + x01 + x11 + x05
y11 = x01 + x08 + x11 + x03
y04 = x11 + x00 + x07 + x04
t03 = x08 + x10 + x02 + x05
y03 = x11 + y01 + y11 + t03
y08 = x00 + x03 + t03
y07 = x09 + y11 + y04 + t03
y10 = x09 + x02 + x04 + y07
y00 = x07 + x02 + y04 + t03
y02 = x09 + y04 + y08
y05 = x01 + x09 + x11 + t03
y06 = x06 + x04 + y08 + y05
y09 = x06 + x01 + y00 + y05

----------------
SLP Heuristic XorCount: 13, Depth: 3
, XOR2: 0, XOR3: 2, XOR4: 11
SLP Heuristic XorCost ASIC1: 61.5
SLP Heuristic XorCost ASIC2: 67.93
SLP Heuristic XorCost ASIC3: 77.15
SLP Heuristic XorCost ASIC4: 75.21
y01 = x01 + x11 + x05 + x06
y04 = x07 + x11 + x04 + x00
y11 = x01 + x03 + x11 + x08
t03 = x05 + x02 + x10 + x08
y08 = x03 + x00 + t03
y03 = x11 + y01 + y11 + t03
y07 = x09 + y04 + y11 + t03
y00 = x07 + x02 + y04 + t03
y02 = x09 + y04 + y08
y05 = x01 + x11 + x09 + t03
y06 = x10 + y03 + y00 + y05
y09 = x01 + x06 + y00 + y05
y10 = x07 + x04 + y11 + y00

----------------
SLP Heuristic XorCount: 13, Depth: 3
, XOR2: 0, XOR3: 2, XOR4: 11
SLP Heuristic XorCost ASIC1: 61.5
SLP Heuristic XorCost ASIC2: 67.93
SLP Heuristic XorCost ASIC3: 77.15
SLP Heuristic XorCost ASIC4: 75.21
y01 = x06 + x01 + x11 + x05
y11 = x01 + x08 + x11 + x03
y04 = x11 + x00 + x07 + x04
t03 = x08 + x10 + x02 + x05
y03 = x11 + y01 + y11 + t03
y08 = x00 + x03 + t03
y07 = x09 + y11 + y04 + t03
y10 = x09 + x02 + x04 + y07
y00 = x07 + x02 + y04 + t03
y05 = x01 + x09 + x11 + t03
y02 = x09 + y04 + y08
y06 = x06 + x04 + y08 + y05
y09 = x06 + x01 + y00 + y05

----------------
SLP Heuristic XorCount: 13, Depth: 3
, XOR2: 0, XOR3: 2, XOR4: 11
SLP Heuristic XorCost ASIC1: 61.5
SLP Heuristic XorCost ASIC2: 67.93
SLP Heuristic XorCost ASIC3: 77.15
SLP Heuristic XorCost ASIC4: 75.21
y04 = x04 + x00 + x11 + x07
y11 = x01 + x08 + x11 + x03
y01 = x01 + x05 + x11 + x06
t03 = x05 + x08 + x10 + x02
y03 = x11 + y11 + y01 + t03
y08 = x00 + x03 + t03
y02 = x09 + y04 + y08
y07 = x09 + y04 + y11 + t03
y00 = x02 + x07 + y04 + t03
y05 = x09 + x01 + x11 + t03
y09 = x01 + x06 + y00 + y05
y10 = x09 + x04 + x02 + y07
y06 = x04 + x06 + y08 + y05

----------------
SLP Heuristic XorCount: 13, Depth: 3
, XOR2: 0, XOR3: 2, XOR4: 11
SLP Heuristic XorCost ASIC1: 61.5
SLP Heuristic XorCost ASIC2: 67.93
SLP Heuristic XorCost ASIC3: 77.15
SLP Heuristic XorCost ASIC4: 75.21
y01 = x01 + x05 + x06 + x11
y04 = x04 + x07 + x00 + x11
y11 = x01 + x08 + x03 + x11
t03 = x05 + x02 + x10 + x08
y08 = x00 + x03 + t03
y03 = x11 + y01 + y11 + t03
y07 = x09 + y04 + y11 + t03
y00 = x07 + x02 + y04 + t03
y02 = x09 + y04 + y08
y05 = x01 + x09 + x11 + t03
y06 = x04 + x06 + y08 + y05
y09 = x01 + x06 + y00 + y05
y10 = x04 + x07 + y11 + y00

----------------
SLP Heuristic XorCount: 13, Depth: 3
, XOR2: 0, XOR3: 2, XOR4: 11
SLP Heuristic XorCost ASIC1: 61.5
SLP Heuristic XorCost ASIC2: 67.93
SLP Heuristic XorCost ASIC3: 77.15
SLP Heuristic XorCost ASIC4: 75.21
y11 = x01 + x03 + x11 + x08
y01 = x01 + x11 + x05 + x06
y04 = x07 + x11 + x04 + x00
t03 = x05 + x02 + x10 + x08
y08 = x03 + x00 + t03
y00 = x07 + x02 + y04 + t03
y07 = x09 + y11 + y04 + t03
y05 = x01 + x11 + x09 + t03
y06 = x04 + x06 + y08 + y05
y02 = x09 + y04 + y08
y09 = x01 + x06 + y00 + y05
y03 = x11 + y11 + y01 + t03
y10 = x07 + x04 + y11 + y00

----------------
SLP Heuristic XorCount: 13, Depth: 3
, XOR2: 0, XOR3: 2, XOR4: 11
SLP Heuristic XorCost ASIC1: 61.5
SLP Heuristic XorCost ASIC2: 67.93
SLP Heuristic XorCost ASIC3: 77.15
SLP Heuristic XorCost ASIC4: 75.21
y04 = x04 + x00 + x11 + x07
y11 = x01 + x08 + x11 + x03
y01 = x01 + x05 + x11 + x06
t03 = x05 + x08 + x10 + x02
y00 = x02 + x07 + y04 + t03
y08 = x00 + x03 + t03
y02 = x09 + y04 + y08
y07 = x09 + y04 + y11 + t03
y05 = x09 + x01 + x11 + t03
y06 = x04 + x06 + y08 + y05
y09 = x01 + x06 + y00 + y05
y10 = x09 + x04 + x02 + y07
y03 = x11 + y11 + y01 + t03

----------------
SLP Heuristic XorCount: 13, Depth: 3
, XOR2: 0, XOR3: 2, XOR4: 11
SLP Heuristic XorCost ASIC1: 61.5
SLP Heuristic XorCost ASIC2: 67.93
SLP Heuristic XorCost ASIC3: 77.15
SLP Heuristic XorCost ASIC4: 75.21
y11 = x01 + x08 + x03 + x11
y01 = x01 + x05 + x06 + x11
y04 = x04 + x07 + x00 + x11
t03 = x05 + x02 + x10 + x08
y08 = x00 + x03 + t03
y03 = x11 + y11 + y01 + t03
y07 = x09 + y11 + y04 + t03
y00 = x07 + x02 + y04 + t03
y05 = x01 + x09 + x11 + t03
y02 = x09 + y04 + y08
y09 = x01 + x06 + y00 + y05
y06 = x04 + x06 + y08 + y05
y10 = x04 + x07 + y11 + y00

----------------
SLP Heuristic XorCount: 13, Depth: 3
, XOR2: 0, XOR3: 2, XOR4: 11
SLP Heuristic XorCost ASIC1: 61.5
SLP Heuristic XorCost ASIC2: 67.93
SLP Heuristic XorCost ASIC3: 77.15
SLP Heuristic XorCost ASIC4: 75.21
y01 = x06 + x01 + x11 + x05
y04 = x11 + x00 + x07 + x04
y11 = x01 + x08 + x11 + x03
t03 = x08 + x10 + x02 + x05
y00 = x07 + x02 + y04 + t03
y05 = x01 + x09 + x11 + t03
y10 = x07 + x04 + y11 + y00
y08 = x00 + x03 + t03
y07 = x08 + x03 + y04 + y05
y06 = x06 + x04 + y05 + y08
y03 = x11 + y01 + y11 + t03
y02 = x09 + y04 + y08
y09 = x06 + x01 + y00 + y05

----------------
SLP Heuristic XorCount: 13, Depth: 3
, XOR2: 0, XOR3: 2, XOR4: 11
SLP Heuristic XorCost ASIC1: 61.5
SLP Heuristic XorCost ASIC2: 67.93
SLP Heuristic XorCost ASIC3: 77.15
SLP Heuristic XorCost ASIC4: 75.21
y01 = x01 + x11 + x05 + x06
y04 = x07 + x11 + x04 + x00
y11 = x01 + x03 + x11 + x08
t03 = x05 + x02 + x10 + x08
y08 = x03 + x00 + t03
y00 = x07 + x02 + y04 + t03
y05 = x01 + x11 + x09 + t03
y07 = x03 + x08 + y04 + y05
y06 = x04 + x06 + y08 + y05
y03 = x11 + y01 + y11 + t03
y02 = x09 + y04 + y08
y09 = x01 + x06 + y00 + y05
y10 = x07 + x04 + y11 + y00

----------------
SLP Heuristic XorCount: 13, Depth: 3
, XOR2: 0, XOR3: 2, XOR4: 11
SLP Heuristic XorCost ASIC1: 61.5
SLP Heuristic XorCost ASIC2: 67.93
SLP Heuristic XorCost ASIC3: 77.15
SLP Heuristic XorCost ASIC4: 75.21
y04 = x04 + x00 + x11 + x07
y11 = x01 + x08 + x11 + x03
y01 = x01 + x05 + x11 + x06
t03 = x05 + x08 + x10 + x02
y00 = x02 + x07 + y04 + t03
y05 = x09 + x01 + x11 + t03
y08 = x00 + x03 + t03
y02 = x09 + y04 + y08
y07 = x09 + y04 + y11 + t03
y06 = x04 + x06 + y05 + y08
y03 = x11 + y11 + y01 + t03
y09 = x01 + x06 + y00 + y05
y10 = x09 + x04 + x02 + y07

----------------
SLP Heuristic XorCount: 13, Depth: 3
, XOR2: 0, XOR3: 2, XOR4: 11
SLP Heuristic XorCost ASIC1: 61.5
SLP Heuristic XorCost ASIC2: 67.93
SLP Heuristic XorCost ASIC3: 77.15
SLP Heuristic XorCost ASIC4: 75.21
y01 = x01 + x11 + x06 + x05
y04 = x11 + x07 + x00 + x04
y11 = x03 + x01 + x11 + x08
t03 = x10 + x05 + x02 + x08
y00 = x07 + x02 + y04 + t03
y05 = x01 + x11 + x09 + t03
y10 = x07 + x04 + y11 + y00
y08 = x03 + x00 + t03
y07 = x03 + x08 + y04 + y05
y06 = x06 + x04 + y05 + y08
y03 = x11 + y01 + y11 + t03
y02 = x09 + y04 + y08
y09 = x01 + x06 + y00 + y05

----------------
