20 20
1 0 0 0 0 1 0 0 0 0 1 0 0 0 0 0 0 0 1 0
0 1 0 0 0 0 1 0 0 0 0 1 0 0 0 0 0 0 0 1
0 0 1 0 0 0 0 1 0 0 0 0 1 0 0 1 0 0 1 0
0 0 0 1 0 0 0 0 1 0 0 0 0 1 0 0 1 0 0 1
0 0 0 0 1 0 0 0 0 1 0 0 0 0 1 0 0 1 0 0
0 1 0 0 0 1 0 0 0 0 0 0 0 0 1 1 0 0 0 0
1 0 1 0 0 0 1 0 0 0 1 0 0 0 0 0 1 0 0 0
0 0 0 1 0 0 0 1 0 0 0 1 0 0 1 0 0 1 0 0
0 0 0 0 1 0 0 0 1 0 0 0 1 0 0 0 0 0 1 0
1 0 0 0 0 0 0 0 0 1 0 0 0 1 0 0 0 0 0 1
0 0 0 0 1 0 0 1 0 0 1 0 0 0 0 1 0 0 0 0
1 0 0 0 0 0 0 0 1 0 0 1 0 0 0 0 1 0 0 0
0 1 0 0 1 0 0 1 0 1 0 0 1 0 0 0 0 1 0 0
0 0 1 0 0 1 0 0 1 0 0 0 0 1 0 0 0 0 1 0
0 0 0 1 0 0 1 0 0 1 0 0 0 0 1 0 0 0 0 1
0 0 0 1 0 0 0 0 0 1 0 1 0 0 0 1 0 0 0 0
0 0 0 0 1 1 0 0 0 0 1 0 1 0 0 0 1 0 0 0
1 0 0 1 0 0 1 0 0 1 0 0 0 1 0 0 0 1 0 0
0 1 0 0 1 0 0 1 0 0 0 0 0 0 1 0 0 0 1 0
0 0 1 0 0 0 0 0 1 0 1 0 0 0 0 0 0 0 0 1

***********
SLP Heuristic XorCount: 20, Depth: 3
, XOR2: 0, XOR3: 0, XOR4: 20
SLP Heuristic XorCost ASIC1: 100
SLP Heuristic XorCost ASIC2: 110
SLP Heuristic XorCost ASIC3: 125
SLP Heuristic XorCost ASIC4: 119.8
y19 = x19 + x02 + x10 + x08
y00 = x05 + x00 + x18 + x10
y01 = x01 + x19 + x06 + x11
y04 = x09 + x14 + x17 + x04
y05 = x05 + x01 + x14 + x15
y10 = x07 + x15 + x04 + x10
y18 = x00 + y00 + y05 + y10
y15 = x09 + x15 + x11 + x03
y14 = x05 + y01 + y05 + y15
y07 = x10 + y04 + y10 + y15
y08 = x18 + x04 + x12 + x08
y12 = x08 + y04 + y18 + y08
y02 = x19 + y19 + y10 + y08
y09 = x09 + x00 + x19 + x13
y13 = x09 + y19 + y00 + y09
y17 = x04 + y04 + y14 + y09
y11 = x00 + x16 + x11 + x08
y03 = x15 + y15 + y09 + y11
y06 = x01 + y19 + y01 + y11
y16 = x11 + y00 + y08 + y11

----------------
SLP Heuristic XorCount: 20, Depth: 3
, XOR2: 0, XOR3: 0, XOR4: 20
SLP Heuristic XorCost ASIC1: 100
SLP Heuristic XorCost ASIC2: 110
SLP Heuristic XorCost ASIC3: 125
SLP Heuristic XorCost ASIC4: 119.8
y11 = x16 + x11 + x08 + x00
y19 = x08 + x19 + x10 + x02
y01 = x01 + x06 + x11 + x19
y15 = x11 + x09 + x03 + x15
y04 = x14 + x09 + x04 + x17
y10 = x04 + x10 + x07 + x15
y08 = x08 + x04 + x12 + x18
y09 = x19 + x09 + x00 + x13
y03 = x15 + y11 + y15 + y09
y02 = x19 + y19 + y10 + y08
y00 = x05 + x10 + x18 + x00
y13 = x09 + y19 + y09 + y00
y16 = x11 + y11 + y08 + y00
y05 = x14 + x01 + x05 + x15
y18 = x00 + y10 + y00 + y05
y14 = x05 + y01 + y15 + y05
y17 = x04 + y04 + y09 + y14
y12 = x08 + y04 + y08 + y18
y06 = x01 + y11 + y19 + y01
y07 = x10 + y15 + y04 + y10

----------------
SLP Heuristic XorCount: 20, Depth: 3
, XOR2: 0, XOR3: 0, XOR4: 20
SLP Heuristic XorCost ASIC1: 100
SLP Heuristic XorCost ASIC2: 110
SLP Heuristic XorCost ASIC3: 125
SLP Heuristic XorCost ASIC4: 119.8
y11 = x11 + x08 + x16 + x00
y09 = x19 + x00 + x13 + x09
y08 = x18 + x08 + x12 + x04
y01 = x11 + x01 + x19 + x06
y15 = x11 + x03 + x15 + x09
y03 = x15 + y11 + y09 + y15
y10 = x07 + x10 + x15 + x04
y05 = x01 + x14 + x15 + x05
y00 = x18 + x00 + x10 + x05
y18 = x00 + y10 + y05 + y00
y16 = x11 + y11 + y08 + y00
y19 = x19 + x02 + x08 + x10
y13 = x09 + y09 + y00 + y19
y06 = x01 + y11 + y01 + y19
y02 = x19 + y08 + y10 + y19
y04 = x14 + x04 + x17 + x09
y07 = x10 + y15 + y10 + y04
y14 = x05 + y01 + y15 + y05
y17 = x04 + y09 + y04 + y14
y12 = x08 + y08 + y18 + y04

----------------
SLP Heuristic XorCount: 20, Depth: 3
, XOR2: 0, XOR3: 0, XOR4: 20
SLP Heuristic XorCost ASIC1: 100
SLP Heuristic XorCost ASIC2: 110
SLP Heuristic XorCost ASIC3: 125
SLP Heuristic XorCost ASIC4: 119.8
y09 = x00 + x09 + x13 + x19
y05 = x01 + x05 + x15 + x14
y10 = x15 + x04 + x07 + x10
y08 = x18 + x08 + x12 + x04
y04 = x09 + x17 + x04 + x14
y00 = x18 + x00 + x05 + x10
y18 = x00 + y05 + y10 + y00
y12 = x08 + y08 + y04 + y18
y19 = x08 + x02 + x19 + x10
y13 = x09 + y09 + y00 + y19
y02 = x19 + y10 + y08 + y19
y11 = x00 + x11 + x08 + x16
y16 = x11 + y08 + y00 + y11
y01 = x01 + x11 + x06 + x19
y06 = x01 + y19 + y11 + y01
y15 = x11 + x09 + x03 + x15
y07 = x10 + y10 + y04 + y15
y03 = x15 + y09 + y11 + y15
y14 = x05 + y05 + y01 + y15
y17 = x04 + y09 + y04 + y14

----------------
SLP Heuristic XorCount: 20, Depth: 3
, XOR2: 0, XOR3: 0, XOR4: 20
SLP Heuristic XorCost ASIC1: 100
SLP Heuristic XorCost ASIC2: 110
SLP Heuristic XorCost ASIC3: 125
SLP Heuristic XorCost ASIC4: 119.8
y09 = x13 + x09 + x00 + x19
y00 = x05 + x18 + x00 + x10
y04 = x09 + x14 + x04 + x17
y10 = x10 + x04 + x07 + x15
y05 = x01 + x05 + x14 + x15
y18 = x00 + y00 + y10 + y05
y01 = x01 + x19 + x11 + x06
y15 = x09 + x11 + x15 + x03
y14 = x05 + y05 + y01 + y15
y17 = x04 + y09 + y04 + y14
y19 = x02 + x19 + x10 + x08
y13 = x09 + y09 + y00 + y19
y11 = x16 + x00 + x08 + x11
y06 = x01 + y01 + y19 + y11
y07 = x10 + y04 + y10 + y15
y03 = x15 + y09 + y15 + y11
y08 = x12 + x18 + x04 + x08
y12 = x08 + y04 + y18 + y08
y02 = x19 + y10 + y19 + y08
y16 = x11 + y00 + y11 + y08

----------------
SLP Heuristic XorCount: 20, Depth: 3
, XOR2: 0, XOR3: 0, XOR4: 20
SLP Heuristic XorCost ASIC1: 100
SLP Heuristic XorCost ASIC2: 110
SLP Heuristic XorCost ASIC3: 125
SLP Heuristic XorCost ASIC4: 119.8
y08 = x12 + x08 + x18 + x04
y15 = x09 + x03 + x11 + x15
y09 = x13 + x09 + x19 + x00
y19 = x08 + x10 + x02 + x19
y01 = x01 + x11 + x06 + x19
y00 = x05 + x10 + x18 + x00
y10 = x15 + x07 + x10 + x04
y04 = x14 + x09 + x17 + x04
y11 = x16 + x11 + x08 + x00
y06 = x01 + y19 + y01 + y11
y03 = x15 + y15 + y09 + y11
y16 = x11 + y08 + y00 + y11
y07 = x10 + y15 + y10 + y04
y13 = x09 + y09 + y19 + y00
y02 = x19 + y08 + y19 + y10
y05 = x01 + x14 + x05 + x15
y14 = x05 + y15 + y01 + y05
y17 = x04 + y09 + y04 + y14
y18 = x00 + y00 + y10 + y05
y12 = x08 + y08 + y04 + y18

----------------
SLP Heuristic XorCount: 20, Depth: 3
, XOR2: 0, XOR3: 0, XOR4: 20
SLP Heuristic XorCost ASIC1: 100
SLP Heuristic XorCost ASIC2: 110
SLP Heuristic XorCost ASIC3: 125
SLP Heuristic XorCost ASIC4: 119.8
y05 = x01 + x14 + x15 + x05
y15 = x11 + x03 + x15 + x09
y08 = x18 + x04 + x12 + x08
y11 = x11 + x16 + x00 + x08
y09 = x13 + x00 + x19 + x09
y03 = x15 + y15 + y11 + y09
y19 = x10 + x02 + x19 + x08
y10 = x10 + x04 + x15 + x07
y01 = x01 + x11 + x06 + x19
y14 = x05 + y05 + y15 + y01
y06 = x01 + y11 + y19 + y01
y02 = x19 + y08 + y19 + y10
y00 = x10 + x00 + x18 + x05
y16 = x11 + y08 + y11 + y00
y13 = x09 + y09 + y19 + y00
y18 = x00 + y05 + y10 + y00
y04 = x17 + x14 + x04 + x09
y07 = x10 + y15 + y10 + y04
y12 = x08 + y08 + y18 + y04
y17 = x04 + y09 + y14 + y04

----------------
SLP Heuristic XorCount: 20, Depth: 3
, XOR2: 0, XOR3: 0, XOR4: 20
SLP Heuristic XorCost ASIC1: 100
SLP Heuristic XorCost ASIC2: 110
SLP Heuristic XorCost ASIC3: 125
SLP Heuristic XorCost ASIC4: 119.8
y04 = x17 + x09 + x04 + x14
y05 = x01 + x15 + x05 + x14
y15 = x03 + x15 + x11 + x09
y11 = x00 + x11 + x08 + x16
y10 = x10 + x15 + x07 + x04
y07 = x10 + y04 + y15 + y10
y00 = x10 + x18 + x05 + x00
y18 = x00 + y05 + y10 + y00
y08 = x18 + x12 + x08 + x04
y16 = x11 + y11 + y00 + y08
y12 = x08 + y04 + y18 + y08
y09 = x00 + x09 + x19 + x13
y03 = x15 + y15 + y11 + y09
y19 = x10 + x19 + x08 + x02
y02 = x19 + y10 + y08 + y19
y13 = x09 + y00 + y09 + y19
y01 = x01 + x11 + x19 + x06
y14 = x05 + y05 + y15 + y01
y06 = x01 + y11 + y19 + y01
y17 = x04 + y04 + y09 + y14

----------------
SLP Heuristic XorCount: 20, Depth: 3
, XOR2: 0, XOR3: 0, XOR4: 20
SLP Heuristic XorCost ASIC1: 100
SLP Heuristic XorCost ASIC2: 110
SLP Heuristic XorCost ASIC3: 125
SLP Heuristic XorCost ASIC4: 119.8
y01 = x01 + x06 + x19 + x11
y04 = x04 + x14 + x17 + x09
y00 = x10 + x00 + x05 + x18
y15 = x15 + x03 + x09 + x11
y10 = x15 + x10 + x04 + x07
y07 = x10 + y04 + y15 + y10
y09 = x00 + x13 + x09 + x19
y19 = x10 + x08 + x02 + x19
y13 = x09 + y00 + y09 + y19
y08 = x12 + x04 + x18 + x08
y02 = x19 + y10 + y19 + y08
y05 = x15 + x01 + x14 + x05
y18 = x00 + y00 + y10 + y05
y12 = x08 + y04 + y08 + y18
y14 = x05 + y01 + y15 + y05
y17 = x04 + y04 + y09 + y14
y11 = x00 + x16 + x08 + x11
y16 = x11 + y00 + y08 + y11
y06 = x01 + y01 + y19 + y11
y03 = x15 + y15 + y09 + y11

----------------
SLP Heuristic XorCount: 20, Depth: 3
, XOR2: 0, XOR3: 0, XOR4: 20
SLP Heuristic XorCost ASIC1: 100
SLP Heuristic XorCost ASIC2: 110
SLP Heuristic XorCost ASIC3: 125
SLP Heuristic XorCost ASIC4: 119.8
y00 = x05 + x00 + x10 + x18
y01 = x01 + x11 + x19 + x06
y19 = x19 + x02 + x10 + x08
y09 = x13 + x19 + x09 + x00
y15 = x15 + x11 + x03 + x09
y10 = x04 + x15 + x07 + x10
y11 = x11 + x00 + x16 + x08
y03 = x15 + y09 + y15 + y11
y06 = x01 + y01 + y19 + y11
y08 = x04 + x12 + x08 + x18
y02 = x19 + y19 + y10 + y08
y16 = x11 + y00 + y11 + y08
y05 = x01 + x15 + x05 + x14
y18 = x00 + y00 + y10 + y05
y04 = x04 + x14 + x17 + x09
y12 = x08 + y08 + y18 + y04
y14 = x05 + y01 + y15 + y05
y17 = x04 + y09 + y04 + y14
y07 = x10 + y15 + y10 + y04
y13 = x09 + y00 + y19 + y09

----------------
