20 20
1 0 0 0 0 0 0 0 0 1 0 1 0 0 0 0 1 0 0 0
0 1 0 0 0 1 0 0 0 0 1 0 1 0 0 1 0 1 0 0
0 0 1 0 0 0 1 0 0 1 0 0 0 1 0 0 0 0 1 0
0 0 0 1 0 0 0 1 0 0 0 0 0 0 1 0 0 0 0 1
0 0 0 0 1 0 0 0 1 0 1 0 0 0 0 1 0 0 0 0
0 0 1 0 0 1 0 0 0 0 0 0 0 0 1 0 1 0 0 0
0 0 0 1 0 0 1 0 0 0 1 0 0 0 0 1 0 1 0 0
0 0 1 0 1 0 0 1 0 0 0 1 0 0 1 0 0 0 1 0
1 0 0 1 0 0 0 0 1 0 0 0 1 0 0 0 0 0 0 1
0 1 0 0 1 0 0 0 0 1 0 0 0 1 0 1 0 0 0 0
1 0 0 0 0 1 0 0 0 0 1 0 0 0 0 0 0 0 0 1
0 1 0 0 0 0 1 0 0 0 0 1 0 0 0 1 0 0 0 0
0 0 1 0 0 0 0 1 0 0 0 0 1 0 0 0 1 0 0 1
0 0 0 1 0 0 0 0 1 0 0 0 0 1 0 0 0 1 0 0
0 0 0 0 1 0 0 0 0 1 0 0 0 0 1 0 0 0 1 0
0 0 0 1 0 1 0 0 0 0 0 0 1 0 0 1 0 0 0 0
0 0 0 0 1 0 1 0 0 0 0 0 0 1 0 0 1 0 0 0
1 0 0 1 0 0 0 1 0 0 0 0 1 0 1 0 0 1 0 0
0 1 0 0 1 0 0 0 1 0 1 0 0 1 0 0 0 0 1 0
0 0 1 0 0 0 0 0 0 1 0 1 0 0 1 0 0 0 0 1

***********
SLP Heuristic XorCount: 20, Depth: 3
, XOR2: 0, XOR3: 0, XOR4: 20
SLP Heuristic XorCost ASIC1: 100
SLP Heuristic XorCost ASIC2: 110
SLP Heuristic XorCost ASIC3: 125
SLP Heuristic XorCost ASIC4: 119.8
y05 = x02 + x05 + x14 + x16
y03 = x07 + x19 + x14 + x03
y11 = x06 + x15 + x11 + x01
y14 = x04 + x18 + x09 + x14
y16 = x04 + x06 + x13 + x16
y04 = x10 + x08 + x04 + x15
y02 = x05 + y05 + y14 + y16
y15 = x05 + x15 + x03 + x12
y00 = x09 + x11 + x00 + x16
y10 = x10 + x19 + x05 + x00
y19 = x10 + y05 + y00 + y10
y07 = x03 + y03 + y14 + y19
y08 = x04 + y04 + y15 + y10
y12 = x15 + y05 + y03 + y15
y13 = x08 + x13 + x17 + x03
y17 = x13 + y03 + y08 + y13
y06 = x16 + y16 + y04 + y13
y09 = x00 + y11 + y16 + y00
y18 = x14 + y14 + y04 + y09
y01 = x11 + y11 + y15 + y06

----------------
SLP Heuristic XorCount: 20, Depth: 3
, XOR2: 0, XOR3: 0, XOR4: 20
SLP Heuristic XorCost ASIC1: 100
SLP Heuristic XorCost ASIC2: 110
SLP Heuristic XorCost ASIC3: 125
SLP Heuristic XorCost ASIC4: 119.8
y14 = x04 + x18 + x14 + x09
y15 = x05 + x15 + x03 + x12
y10 = x10 + x05 + x19 + x00
y16 = x06 + x04 + x16 + x13
y13 = x03 + x13 + x17 + x08
y11 = x15 + x06 + x01 + x11
y05 = x05 + x16 + x14 + x02
y02 = x05 + y14 + y16 + y05
y04 = x10 + x15 + x04 + x08
y06 = x16 + y16 + y13 + y04
y01 = x11 + y15 + y11 + y06
y08 = x04 + y15 + y10 + y04
y00 = x16 + x09 + x00 + x11
y19 = x10 + y10 + y05 + y00
y09 = x00 + y16 + y11 + y00
y18 = x14 + y14 + y04 + y09
y03 = x19 + x14 + x03 + x07
y12 = x15 + y15 + y05 + y03
y17 = x13 + y13 + y08 + y03
y07 = x03 + y14 + y19 + y03

----------------
SLP Heuristic XorCount: 20, Depth: 3
, XOR2: 0, XOR3: 0, XOR4: 20
SLP Heuristic XorCost ASIC1: 100
SLP Heuristic XorCost ASIC2: 110
SLP Heuristic XorCost ASIC3: 125
SLP Heuristic XorCost ASIC4: 119.8
y10 = x19 + x00 + x10 + x05
y03 = x03 + x19 + x07 + x14
y00 = x16 + x00 + x09 + x11
y13 = x03 + x17 + x08 + x13
y15 = x15 + x03 + x12 + x05
y04 = x15 + x04 + x08 + x10
y08 = x04 + y10 + y15 + y04
y17 = x13 + y03 + y13 + y08
y11 = x15 + x01 + x06 + x11
y16 = x04 + x16 + x13 + x06
y06 = x16 + y13 + y04 + y16
y01 = x11 + y15 + y11 + y06
y05 = x16 + x14 + x02 + x05
y12 = x15 + y03 + y15 + y05
y19 = x10 + y10 + y00 + y05
y09 = x00 + y00 + y11 + y16
y14 = x18 + x04 + x14 + x09
y02 = x05 + y16 + y05 + y14
y18 = x14 + y04 + y09 + y14
y07 = x03 + y03 + y19 + y14

----------------
SLP Heuristic XorCount: 20, Depth: 3
, XOR2: 0, XOR3: 0, XOR4: 20
SLP Heuristic XorCost ASIC1: 100
SLP Heuristic XorCost ASIC2: 110
SLP Heuristic XorCost ASIC3: 125
SLP Heuristic XorCost ASIC4: 119.8
y03 = x03 + x07 + x14 + x19
y04 = x08 + x04 + x10 + x15
y11 = x01 + x11 + x06 + x15
y14 = x04 + x14 + x18 + x09
y05 = x16 + x05 + x14 + x02
y00 = x16 + x11 + x00 + x09
y16 = x16 + x04 + x06 + x13
y02 = x05 + y14 + y05 + y16
y09 = x00 + y11 + y00 + y16
y13 = x03 + x08 + x17 + x13
y06 = x16 + y04 + y16 + y13
y15 = x03 + x05 + x12 + x15
y01 = x11 + y11 + y06 + y15
y12 = x15 + y03 + y05 + y15
y18 = x14 + y04 + y14 + y09
y10 = x05 + x00 + x10 + x19
y08 = x04 + y04 + y15 + y10
y17 = x13 + y03 + y13 + y08
y19 = x10 + y05 + y00 + y10
y07 = x03 + y03 + y14 + y19

----------------
SLP Heuristic XorCount: 20, Depth: 3
, XOR2: 0, XOR3: 0, XOR4: 20
SLP Heuristic XorCost ASIC1: 100
SLP Heuristic XorCost ASIC2: 110
SLP Heuristic XorCost ASIC3: 125
SLP Heuristic XorCost ASIC4: 119.8
y14 = x04 + x18 + x09 + x14
y11 = x06 + x11 + x15 + x01
y16 = x06 + x04 + x16 + x13
y15 = x12 + x05 + x15 + x03
y10 = x05 + x19 + x00 + x10
y05 = x05 + x02 + x16 + x14
y04 = x08 + x04 + x10 + x15
y00 = x09 + x11 + x00 + x16
y19 = x10 + y10 + y05 + y00
y03 = x07 + x19 + x14 + x03
y07 = x03 + y14 + y19 + y03
y12 = x15 + y15 + y05 + y03
y08 = x04 + y15 + y10 + y04
y13 = x08 + x17 + x03 + x13
y17 = x13 + y03 + y08 + y13
y06 = x16 + y16 + y04 + y13
y01 = x11 + y11 + y15 + y06
y09 = x00 + y11 + y16 + y00
y18 = x14 + y14 + y04 + y09
y02 = x05 + y14 + y16 + y05

----------------
SLP Heuristic XorCount: 20, Depth: 3
, XOR2: 0, XOR3: 0, XOR4: 20
SLP Heuristic XorCost ASIC1: 100
SLP Heuristic XorCost ASIC2: 110
SLP Heuristic XorCost ASIC3: 125
SLP Heuristic XorCost ASIC4: 119.8
y10 = x05 + x19 + x10 + x00
y15 = x05 + x15 + x03 + x12
y13 = x13 + x03 + x17 + x08
y16 = x06 + x04 + x13 + x16
y05 = x05 + x16 + x02 + x14
y14 = x04 + x18 + x09 + x14
y02 = x05 + y16 + y05 + y14
y04 = x04 + x10 + x15 + x08
y06 = x16 + y13 + y16 + y04
y08 = x04 + y10 + y15 + y04
y00 = x11 + x09 + x16 + x00
y19 = x10 + y10 + y05 + y00
y03 = x19 + x03 + x07 + x14
y12 = x15 + y15 + y05 + y03
y17 = x13 + y13 + y08 + y03
y07 = x03 + y14 + y19 + y03
y11 = x06 + x11 + x01 + x15
y01 = x11 + y15 + y06 + y11
y09 = x00 + y16 + y00 + y11
y18 = x14 + y14 + y04 + y09

----------------
SLP Heuristic XorCount: 20, Depth: 3
, XOR2: 0, XOR3: 0, XOR4: 20
SLP Heuristic XorCost ASIC1: 100
SLP Heuristic XorCost ASIC2: 110
SLP Heuristic XorCost ASIC3: 125
SLP Heuristic XorCost ASIC4: 119.8
y04 = x04 + x15 + x10 + x08
y00 = x16 + x09 + x11 + x00
y11 = x01 + x15 + x11 + x06
y13 = x13 + x03 + x08 + x17
y03 = x19 + x07 + x14 + x03
y10 = x19 + x10 + x00 + x05
y16 = x16 + x04 + x13 + x06
y06 = x16 + y04 + y13 + y16
y05 = x16 + x14 + x02 + x05
y19 = x10 + y00 + y10 + y05
y14 = x18 + x09 + x04 + x14
y02 = x05 + y16 + y05 + y14
y07 = x03 + y03 + y19 + y14
y09 = x00 + y00 + y11 + y16
y18 = x14 + y04 + y14 + y09
y15 = x15 + x12 + x03 + x05
y08 = x04 + y04 + y10 + y15
y01 = x11 + y11 + y06 + y15
y12 = x15 + y03 + y05 + y15
y17 = x13 + y13 + y03 + y08

----------------
SLP Heuristic XorCount: 20, Depth: 3
, XOR2: 0, XOR3: 0, XOR4: 20
SLP Heuristic XorCost ASIC1: 100
SLP Heuristic XorCost ASIC2: 110
SLP Heuristic XorCost ASIC3: 125
SLP Heuristic XorCost ASIC4: 119.8
y11 = x01 + x11 + x15 + x06
y04 = x04 + x15 + x10 + x08
y16 = x16 + x13 + x04 + x06
y05 = x16 + x05 + x14 + x02
y15 = x12 + x05 + x03 + x15
y00 = x16 + x11 + x09 + x00
y14 = x04 + x14 + x09 + x18
y03 = x07 + x14 + x03 + x19
y09 = x00 + y11 + y16 + y00
y02 = x05 + y16 + y05 + y14
y12 = x15 + y05 + y15 + y03
y13 = x13 + x17 + x03 + x08
y10 = x05 + x10 + x19 + x00
y08 = x04 + y04 + y15 + y10
y17 = x13 + y03 + y13 + y08
y19 = x10 + y05 + y00 + y10
y07 = x03 + y14 + y03 + y19
y18 = x14 + y04 + y14 + y09
y06 = x16 + y04 + y16 + y13
y01 = x11 + y11 + y15 + y06

----------------
SLP Heuristic XorCount: 20, Depth: 3
, XOR2: 0, XOR3: 0, XOR4: 20
SLP Heuristic XorCost ASIC1: 100
SLP Heuristic XorCost ASIC2: 110
SLP Heuristic XorCost ASIC3: 125
SLP Heuristic XorCost ASIC4: 119.8
y15 = x12 + x05 + x03 + x15
y16 = x04 + x06 + x13 + x16
y05 = x14 + x05 + x16 + x02
y10 = x00 + x05 + x19 + x10
y14 = x14 + x04 + x18 + x09
y13 = x17 + x08 + x03 + x13
y03 = x07 + x14 + x03 + x19
y12 = x15 + y15 + y05 + y03
y11 = x11 + x15 + x06 + x01
y00 = x11 + x00 + x09 + x16
y19 = x10 + y05 + y10 + y00
y07 = x03 + y14 + y03 + y19
y02 = x05 + y16 + y05 + y14
y09 = x00 + y16 + y11 + y00
y04 = x04 + x08 + x15 + x10
y06 = x16 + y16 + y13 + y04
y18 = x14 + y14 + y09 + y04
y08 = x04 + y15 + y10 + y04
y17 = x13 + y13 + y03 + y08
y01 = x11 + y15 + y11 + y06

----------------
SLP Heuristic XorCount: 20, Depth: 3
, XOR2: 0, XOR3: 0, XOR4: 20
SLP Heuristic XorCost ASIC1: 100
SLP Heuristic XorCost ASIC2: 110
SLP Heuristic XorCost ASIC3: 125
SLP Heuristic XorCost ASIC4: 119.8
y13 = x17 + x13 + x08 + x03
y04 = x04 + x08 + x15 + x10
y10 = x05 + x00 + x19 + x10
y00 = x11 + x09 + x00 + x16
y14 = x09 + x04 + x18 + x14
y15 = x05 + x03 + x15 + x12
y08 = x04 + y04 + y10 + y15
y05 = x05 + x02 + x16 + x14
y19 = x10 + y10 + y00 + y05
y03 = x03 + x19 + x14 + x07
y12 = x15 + y15 + y05 + y03
y17 = x13 + y13 + y08 + y03
y07 = x03 + y14 + y19 + y03
y11 = x11 + x01 + x06 + x15
y16 = x04 + x06 + x13 + x16
y06 = x16 + y13 + y04 + y16
y01 = x11 + y15 + y11 + y06
y02 = x05 + y14 + y05 + y16
y09 = x00 + y00 + y11 + y16
y18 = x14 + y04 + y14 + y09

----------------
