20 20
1 0 0 0 0 0 1 0 0 0 0 1 0 0 0 0 0 0 0 1
0 1 0 0 0 1 0 1 0 0 1 0 1 0 0 1 0 0 0 0
0 0 1 0 0 0 0 0 1 0 0 0 0 1 0 0 1 0 0 1
0 0 0 1 0 0 0 0 0 1 0 0 0 0 1 0 0 1 0 0
0 0 0 0 1 1 0 0 0 0 1 0 0 0 0 0 0 0 1 0
1 0 0 0 0 1 0 0 0 0 0 0 0 0 1 1 0 0 0 0
0 1 0 0 0 0 1 0 0 0 1 0 0 0 0 0 1 0 0 0
0 0 1 0 0 0 0 1 0 0 0 1 0 0 1 0 0 1 0 0
0 0 0 1 0 0 0 0 1 0 0 0 1 0 0 0 0 0 1 0
0 0 0 0 1 0 0 0 0 1 0 0 0 1 0 0 0 0 0 1
0 0 0 1 0 0 0 1 0 0 1 0 0 0 0 1 0 0 0 0
0 0 0 0 1 0 0 0 1 0 0 1 0 0 0 0 1 0 0 0
1 0 0 1 0 0 0 1 0 1 0 0 1 0 0 0 0 1 0 0
0 1 0 0 1 1 0 0 1 0 0 0 0 1 0 0 0 0 1 0
0 0 1 0 0 0 1 0 0 1 0 0 0 0 1 0 0 0 0 1
0 0 1 0 0 0 0 0 0 1 0 1 0 0 0 1 0 0 0 0
0 0 0 1 0 1 0 0 0 0 1 0 1 0 0 0 1 0 0 0
0 0 1 0 1 0 1 0 0 1 0 0 0 1 0 0 0 1 0 0
1 0 0 1 0 0 0 1 0 0 0 0 0 0 1 0 0 0 1 0
0 1 0 0 1 0 0 0 1 0 1 0 0 0 0 0 0 0 0 1

***********
SLP Heuristic XorCount: 20, Depth: 3
, XOR2: 0, XOR3: 0, XOR4: 20
SLP Heuristic XorCost ASIC1: 100
SLP Heuristic XorCost ASIC2: 110
SLP Heuristic XorCost ASIC3: 125
SLP Heuristic XorCost ASIC4: 119.8
y11 = x08 + x04 + x11 + x16
y03 = x03 + x14 + x09 + x17
y10 = x07 + x10 + x03 + x15
y06 = x10 + x06 + x01 + x16
y05 = x05 + x00 + x14 + x15
y15 = x02 + x09 + x11 + x15
y07 = x10 + y03 + y10 + y15
y04 = x10 + x05 + x18 + x04
y18 = x04 + y10 + y05 + y04
y00 = x06 + x00 + x19 + x11
y19 = x00 + y11 + y06 + y00
y09 = x13 + x04 + x09 + x19
y13 = x09 + y04 + y19 + y09
y02 = x15 + y11 + y15 + y09
y08 = x08 + x12 + x03 + x18
y12 = x08 + y03 + y18 + y08
y16 = x11 + y11 + y04 + y08
y01 = x06 + y10 + y06 + y16
y14 = x05 + y05 + y15 + y00
y17 = x03 + y03 + y09 + y14

----------------
SLP Heuristic XorCount: 20, Depth: 3
, XOR2: 0, XOR3: 0, XOR4: 20
SLP Heuristic XorCost ASIC1: 100
SLP Heuristic XorCost ASIC2: 110
SLP Heuristic XorCost ASIC3: 125
SLP Heuristic XorCost ASIC4: 119.8
y11 = x08 + x04 + x16 + x11
y03 = x03 + x09 + x14 + x17
y15 = x02 + x09 + x15 + x11
y06 = x06 + x01 + x16 + x10
y05 = x00 + x05 + x15 + x14
y04 = x18 + x05 + x04 + x10
y00 = x00 + x06 + x19 + x11
y19 = x00 + y11 + y06 + y00
y14 = x05 + y15 + y05 + y00
y10 = x03 + x07 + x15 + x10
y08 = x03 + x18 + x12 + x08
y16 = x11 + y11 + y04 + y08
y01 = x06 + y06 + y10 + y16
y09 = x09 + x13 + x19 + x04
y02 = x15 + y11 + y15 + y09
y17 = x03 + y03 + y14 + y09
y13 = x09 + y04 + y19 + y09
y07 = x10 + y03 + y15 + y10
y18 = x04 + y05 + y04 + y10
y12 = x08 + y03 + y08 + y18

----------------
SLP Heuristic XorCount: 20, Depth: 3
, XOR2: 0, XOR3: 0, XOR4: 20
SLP Heuristic XorCost ASIC1: 100
SLP Heuristic XorCost ASIC2: 110
SLP Heuristic XorCost ASIC3: 125
SLP Heuristic XorCost ASIC4: 119.8
y03 = x09 + x03 + x17 + x14
y00 = x06 + x11 + x19 + x00
y09 = x13 + x04 + x09 + x19
y06 = x06 + x01 + x10 + x16
y10 = x07 + x10 + x03 + x15
y15 = x09 + x02 + x11 + x15
y07 = x10 + y03 + y10 + y15
y11 = x08 + x04 + x16 + x11
y19 = x00 + y00 + y06 + y11
y02 = x15 + y09 + y15 + y11
y04 = x04 + x05 + x10 + x18
y13 = x09 + y09 + y19 + y04
y05 = x05 + x15 + x00 + x14
y14 = x05 + y00 + y15 + y05
y17 = x03 + y03 + y09 + y14
y18 = x04 + y10 + y04 + y05
y08 = x08 + x03 + x18 + x12
y12 = x08 + y03 + y18 + y08
y16 = x11 + y11 + y04 + y08
y01 = x06 + y06 + y10 + y16

----------------
SLP Heuristic XorCount: 20, Depth: 3
, XOR2: 0, XOR3: 0, XOR4: 20
SLP Heuristic XorCost ASIC1: 100
SLP Heuristic XorCost ASIC2: 110
SLP Heuristic XorCost ASIC3: 125
SLP Heuristic XorCost ASIC4: 119.8
y03 = x03 + x09 + x14 + x17
y09 = x09 + x04 + x13 + x19
y15 = x09 + x11 + x02 + x15
y11 = x04 + x08 + x11 + x16
y02 = x15 + y09 + y15 + y11
y08 = x03 + x18 + x12 + x08
y00 = x00 + x06 + x11 + x19
y05 = x05 + x00 + x14 + x15
y14 = x05 + y15 + y00 + y05
y17 = x03 + y03 + y09 + y14
y04 = x05 + x10 + x18 + x04
y16 = x11 + y11 + y08 + y04
y10 = x03 + x10 + x15 + x07
y18 = x04 + y05 + y04 + y10
y12 = x08 + y03 + y08 + y18
y06 = x10 + x06 + x01 + x16
y01 = x06 + y16 + y10 + y06
y19 = x00 + y11 + y00 + y06
y13 = x09 + y09 + y04 + y19
y07 = x10 + y03 + y15 + y10

----------------
SLP Heuristic XorCount: 20, Depth: 3
, XOR2: 0, XOR3: 0, XOR4: 20
SLP Heuristic XorCost ASIC1: 100
SLP Heuristic XorCost ASIC2: 110
SLP Heuristic XorCost ASIC3: 125
SLP Heuristic XorCost ASIC4: 119.8
y08 = x12 + x18 + x08 + x03
y03 = x09 + x14 + x17 + x03
y11 = x04 + x08 + x11 + x16
y04 = x04 + x18 + x05 + x10
y09 = x13 + x04 + x09 + x19
y00 = x06 + x00 + x19 + x11
y06 = x06 + x01 + x10 + x16
y19 = x00 + y11 + y00 + y06
y13 = x09 + y04 + y09 + y19
y10 = x07 + x10 + x15 + x03
y15 = x02 + x09 + x11 + x15
y07 = x10 + y03 + y10 + y15
y02 = x15 + y11 + y09 + y15
y16 = x11 + y08 + y11 + y04
y01 = x06 + y06 + y10 + y16
y05 = x00 + x05 + x14 + x15
y18 = x04 + y04 + y10 + y05
y12 = x08 + y08 + y03 + y18
y14 = x05 + y00 + y15 + y05
y17 = x03 + y03 + y09 + y14

----------------
SLP Heuristic XorCount: 20, Depth: 3
, XOR2: 0, XOR3: 0, XOR4: 20
SLP Heuristic XorCost ASIC1: 100
SLP Heuristic XorCost ASIC2: 110
SLP Heuristic XorCost ASIC3: 125
SLP Heuristic XorCost ASIC4: 119.8
y08 = x12 + x08 + x03 + x18
y03 = x09 + x03 + x14 + x17
y04 = x05 + x10 + x04 + x18
y10 = x07 + x10 + x03 + x15
y09 = x09 + x04 + x13 + x19
y05 = x05 + x00 + x15 + x14
y11 = x08 + x04 + x16 + x11
y16 = x11 + y08 + y04 + y11
y18 = x04 + y04 + y10 + y05
y12 = x08 + y08 + y03 + y18
y15 = x09 + x02 + x15 + x11
y07 = x10 + y03 + y10 + y15
y02 = x15 + y09 + y11 + y15
y00 = x19 + x00 + x06 + x11
y14 = x05 + y05 + y15 + y00
y17 = x03 + y03 + y09 + y14
y06 = x10 + x01 + x16 + x06
y19 = x00 + y11 + y00 + y06
y13 = x09 + y04 + y09 + y19
y01 = x06 + y10 + y16 + y06

----------------
SLP Heuristic XorCount: 20, Depth: 3
, XOR2: 0, XOR3: 0, XOR4: 20
SLP Heuristic XorCost ASIC1: 100
SLP Heuristic XorCost ASIC2: 110
SLP Heuristic XorCost ASIC3: 125
SLP Heuristic XorCost ASIC4: 119.8
y05 = x00 + x15 + x05 + x14
y03 = x03 + x09 + x17 + x14
y10 = x03 + x10 + x07 + x15
y15 = x02 + x09 + x11 + x15
y07 = x10 + y03 + y10 + y15
y04 = x04 + x18 + x10 + x05
y11 = x04 + x08 + x16 + x11
y18 = x04 + y05 + y10 + y04
y06 = x06 + x10 + x16 + x01
y08 = x03 + x18 + x08 + x12
y12 = x08 + y03 + y18 + y08
y00 = x00 + x06 + x11 + x19
y14 = x05 + y05 + y15 + y00
y19 = x00 + y11 + y06 + y00
y09 = x04 + x13 + x09 + x19
y13 = x09 + y04 + y19 + y09
y02 = x15 + y15 + y11 + y09
y17 = x03 + y03 + y14 + y09
y16 = x11 + y04 + y11 + y08
y01 = x06 + y10 + y06 + y16

----------------
SLP Heuristic XorCount: 20, Depth: 3
, XOR2: 0, XOR3: 0, XOR4: 20
SLP Heuristic XorCost ASIC1: 100
SLP Heuristic XorCost ASIC2: 110
SLP Heuristic XorCost ASIC3: 125
SLP Heuristic XorCost ASIC4: 119.8
y05 = x05 + x00 + x14 + x15
y06 = x06 + x01 + x10 + x16
y03 = x09 + x03 + x14 + x17
y15 = x09 + x02 + x11 + x15
y00 = x06 + x00 + x11 + x19
y10 = x07 + x03 + x10 + x15
y04 = x18 + x05 + x04 + x10
y18 = x04 + y05 + y10 + y04
y08 = x12 + x08 + x18 + x03
y12 = x08 + y03 + y18 + y08
y14 = x05 + y05 + y15 + y00
y09 = x09 + x04 + x13 + x19
y07 = x10 + y03 + y15 + y10
y11 = x08 + x04 + x11 + x16
y02 = x15 + y15 + y09 + y11
y19 = x00 + y06 + y00 + y11
y16 = x11 + y04 + y08 + y11
y01 = x06 + y06 + y10 + y16
y13 = x09 + y04 + y09 + y19
y17 = x03 + y03 + y14 + y09

----------------
SLP Heuristic XorCount: 20, Depth: 3
, XOR2: 0, XOR3: 0, XOR4: 20
SLP Heuristic XorCost ASIC1: 100
SLP Heuristic XorCost ASIC2: 110
SLP Heuristic XorCost ASIC3: 125
SLP Heuristic XorCost ASIC4: 119.8
y06 = x10 + x01 + x06 + x16
y03 = x03 + x14 + x17 + x09
y08 = x18 + x03 + x08 + x12
y00 = x06 + x00 + x19 + x11
y15 = x02 + x11 + x15 + x09
y10 = x03 + x10 + x07 + x15
y07 = x10 + y03 + y15 + y10
y05 = x05 + x14 + x00 + x15
y14 = x05 + y00 + y15 + y05
y11 = x04 + x08 + x11 + x16
y19 = x00 + y06 + y00 + y11
y04 = x04 + x05 + x18 + x10
y16 = x11 + y08 + y11 + y04
y01 = x06 + y06 + y10 + y16
y18 = x04 + y10 + y05 + y04
y12 = x08 + y03 + y08 + y18
y09 = x04 + x13 + x19 + x09
y17 = x03 + y03 + y14 + y09
y02 = x15 + y15 + y11 + y09
y13 = x09 + y19 + y04 + y09

----------------
SLP Heuristic XorCount: 20, Depth: 3
, XOR2: 0, XOR3: 0, XOR4: 20
SLP Heuristic XorCost ASIC1: 100
SLP Heuristic XorCost ASIC2: 110
SLP Heuristic XorCost ASIC3: 125
SLP Heuristic XorCost ASIC4: 119.8
y03 = x09 + x03 + x14 + x17
y11 = x08 + x16 + x04 + x11
y00 = x06 + x00 + x19 + x11
y15 = x09 + x02 + x15 + x11
y05 = x00 + x05 + x15 + x14
y09 = x13 + x09 + x19 + x04
y02 = x15 + y11 + y15 + y09
y08 = x08 + x12 + x18 + x03
y04 = x10 + x18 + x05 + x04
y16 = x11 + y11 + y08 + y04
y06 = x01 + x06 + x10 + x16
y19 = x00 + y11 + y00 + y06
y14 = x05 + y00 + y15 + y05
y17 = x03 + y03 + y09 + y14
y10 = x10 + x03 + x07 + x15
y07 = x10 + y03 + y15 + y10
y01 = x06 + y16 + y06 + y10
y18 = x04 + y05 + y04 + y10
y12 = x08 + y03 + y08 + y18
y13 = x09 + y09 + y04 + y19

----------------
