20 20
1 0 0 0 0 0 1 0 0 0 0 0 0 0 1 0 1 0 0 0
0 1 0 0 0 1 0 1 0 0 1 0 0 0 0 1 0 1 0 0
0 0 1 0 0 0 0 0 1 0 0 1 0 0 1 0 0 0 1 0
0 0 0 1 0 0 0 0 0 1 0 0 1 0 0 0 0 0 0 1
0 0 0 0 1 1 0 0 0 0 0 0 0 1 0 1 0 0 0 0
1 0 0 0 0 1 0 0 0 0 1 0 0 0 0 0 0 0 0 1
0 1 0 0 0 0 1 0 0 0 0 1 0 0 0 1 0 0 0 0
0 0 1 0 0 0 0 1 0 0 0 0 1 0 0 0 1 0 0 1
0 0 0 1 0 0 0 0 1 0 0 0 0 1 0 0 0 1 0 0
0 0 0 0 1 0 0 0 0 1 0 0 0 0 1 0 0 0 1 0
0 0 1 0 0 0 0 0 0 1 1 0 0 0 0 0 1 0 0 0
0 0 0 1 0 1 0 0 0 0 0 1 0 0 0 1 0 1 0 0
0 0 1 0 1 0 1 0 0 1 0 0 1 0 0 0 0 0 1 0
1 0 0 1 0 0 0 1 0 0 0 0 0 1 0 0 0 0 0 1
0 1 0 0 1 0 0 0 1 0 0 0 0 0 1 1 0 0 0 0
0 0 0 1 0 0 0 1 0 0 1 0 0 0 0 1 0 0 0 0
0 0 0 0 1 0 0 0 1 0 0 1 0 0 0 0 1 0 0 0
1 0 0 1 0 0 0 1 0 1 0 0 1 0 0 0 0 1 0 0
0 1 0 0 1 1 0 0 1 0 0 0 0 1 0 0 0 0 1 0
0 0 1 0 0 0 1 0 0 1 0 0 0 0 1 0 0 0 0 1

***********
SLP Heuristic XorCount: 20, Depth: 3
, XOR2: 0, XOR3: 0, XOR4: 20
SLP Heuristic XorCost ASIC1: 100
SLP Heuristic XorCost ASIC2: 110
SLP Heuristic XorCost ASIC3: 125
SLP Heuristic XorCost ASIC4: 119.8
y10 = x09 + x10 + x02 + x16
y00 = x00 + x14 + x06 + x16
y15 = x03 + x15 + x10 + x07
y05 = x19 + x00 + x05 + x10
y09 = x04 + x09 + x18 + x14
y16 = x04 + x08 + x11 + x16
y08 = x03 + x08 + x17 + x13
y02 = x10 + y10 + y09 + y16
y04 = x04 + x15 + x05 + x13
y13 = x04 + y15 + y05 + y04
y11 = x16 + y16 + y08 + y04
y19 = x05 + y10 + y00 + y05
y06 = x11 + x15 + x01 + x06
y14 = x00 + y00 + y16 + y06
y01 = x06 + y15 + y11 + y06
y03 = x12 + x03 + x19 + x09
y17 = x08 + y08 + y13 + y03
y12 = x03 + y09 + y19 + y03
y07 = x15 + y10 + y15 + y03
y18 = x09 + y09 + y04 + y14

----------------
SLP Heuristic XorCount: 20, Depth: 3
, XOR2: 0, XOR3: 0, XOR4: 20
SLP Heuristic XorCost ASIC1: 100
SLP Heuristic XorCost ASIC2: 110
SLP Heuristic XorCost ASIC3: 125
SLP Heuristic XorCost ASIC4: 119.8
y16 = x16 + x11 + x04 + x08
y10 = x10 + x09 + x16 + x02
y06 = x15 + x01 + x06 + x11
y04 = x15 + x05 + x04 + x13
y08 = x17 + x08 + x03 + x13
y15 = x10 + x15 + x07 + x03
y09 = x09 + x18 + x14 + x04
y02 = x10 + y16 + y10 + y09
y11 = x16 + y16 + y04 + y08
y01 = x06 + y06 + y15 + y11
y05 = x10 + x19 + x05 + x00
y13 = x04 + y04 + y15 + y05
y00 = x16 + x06 + x00 + x14
y19 = x05 + y10 + y05 + y00
y14 = x00 + y16 + y06 + y00
y18 = x09 + y04 + y09 + y14
y03 = x09 + x19 + x12 + x03
y12 = x03 + y09 + y19 + y03
y07 = x15 + y10 + y15 + y03
y17 = x08 + y08 + y13 + y03

----------------
SLP Heuristic XorCount: 20, Depth: 3
, XOR2: 0, XOR3: 0, XOR4: 20
SLP Heuristic XorCost ASIC1: 100
SLP Heuristic XorCost ASIC2: 110
SLP Heuristic XorCost ASIC3: 125
SLP Heuristic XorCost ASIC4: 119.8
y00 = x16 + x06 + x00 + x14
y16 = x16 + x04 + x08 + x11
y08 = x17 + x13 + x08 + x03
y05 = x10 + x00 + x05 + x19
y04 = x13 + x04 + x05 + x15
y09 = x18 + x04 + x14 + x09
y11 = x16 + y16 + y08 + y04
y15 = x10 + x03 + x15 + x07
y10 = x16 + x10 + x02 + x09
y19 = x05 + y00 + y05 + y10
y02 = x10 + y16 + y09 + y10
y03 = x03 + x12 + x09 + x19
y07 = x15 + y15 + y10 + y03
y12 = x03 + y09 + y19 + y03
y13 = x04 + y05 + y04 + y15
y06 = x06 + x01 + x11 + x15
y14 = x00 + y00 + y16 + y06
y18 = x09 + y04 + y09 + y14
y01 = x06 + y11 + y15 + y06
y17 = x08 + y08 + y03 + y13

----------------
SLP Heuristic XorCount: 20, Depth: 3
, XOR2: 0, XOR3: 0, XOR4: 20
SLP Heuristic XorCost ASIC1: 100
SLP Heuristic XorCost ASIC2: 110
SLP Heuristic XorCost ASIC3: 125
SLP Heuristic XorCost ASIC4: 119.8
y10 = x02 + x09 + x10 + x16
y05 = x19 + x10 + x00 + x05
y15 = x07 + x15 + x10 + x03
y09 = x18 + x04 + x09 + x14
y03 = x12 + x09 + x19 + x03
y00 = x06 + x00 + x14 + x16
y19 = x05 + y10 + y05 + y00
y12 = x03 + y09 + y03 + y19
y04 = x13 + x04 + x15 + x05
y13 = x04 + y05 + y15 + y04
y16 = x08 + x04 + x16 + x11
y02 = x10 + y10 + y09 + y16
y08 = x13 + x08 + x03 + x17
y11 = x16 + y04 + y16 + y08
y17 = x08 + y03 + y13 + y08
y07 = x15 + y10 + y15 + y03
y06 = x06 + x15 + x01 + x11
y01 = x06 + y15 + y11 + y06
y14 = x00 + y00 + y16 + y06
y18 = x09 + y09 + y04 + y14

----------------
SLP Heuristic XorCount: 20, Depth: 3
, XOR2: 0, XOR3: 0, XOR4: 20
SLP Heuristic XorCost ASIC1: 100
SLP Heuristic XorCost ASIC2: 110
SLP Heuristic XorCost ASIC3: 125
SLP Heuristic XorCost ASIC4: 119.8
y03 = x03 + x09 + x19 + x12
y16 = x08 + x11 + x16 + x04
y08 = x03 + x08 + x17 + x13
y00 = x16 + x14 + x06 + x00
y15 = x03 + x07 + x15 + x10
y04 = x15 + x04 + x13 + x05
y09 = x09 + x18 + x14 + x04
y11 = x16 + y16 + y08 + y04
y10 = x02 + x09 + x10 + x16
y02 = x10 + y16 + y09 + y10
y06 = x11 + x15 + x01 + x06
y14 = x00 + y16 + y00 + y06
y18 = x09 + y04 + y09 + y14
y01 = x06 + y15 + y11 + y06
y05 = x10 + x19 + x00 + x05
y19 = x05 + y00 + y10 + y05
y12 = x03 + y03 + y09 + y19
y13 = x04 + y15 + y04 + y05
y17 = x08 + y03 + y08 + y13
y07 = x15 + y03 + y15 + y10

----------------
SLP Heuristic XorCount: 20, Depth: 3
, XOR2: 0, XOR3: 0, XOR4: 20
SLP Heuristic XorCost ASIC1: 100
SLP Heuristic XorCost ASIC2: 110
SLP Heuristic XorCost ASIC3: 125
SLP Heuristic XorCost ASIC4: 119.8
y03 = x19 + x03 + x12 + x09
y05 = x19 + x05 + x10 + x00
y10 = x02 + x16 + x10 + x09
y04 = x15 + x05 + x04 + x13
y09 = x18 + x04 + x14 + x09
y06 = x15 + x11 + x01 + x06
y16 = x11 + x04 + x16 + x08
y02 = x10 + y10 + y09 + y16
y00 = x06 + x16 + x14 + x00
y19 = x05 + y05 + y10 + y00
y12 = x03 + y03 + y09 + y19
y14 = x00 + y06 + y16 + y00
y18 = x09 + y04 + y09 + y14
y15 = x15 + x03 + x10 + x07
y07 = x15 + y03 + y10 + y15
y08 = x03 + x17 + x13 + x08
y11 = x16 + y04 + y16 + y08
y01 = x06 + y06 + y15 + y11
y13 = x04 + y05 + y04 + y15
y17 = x08 + y03 + y08 + y13

----------------
SLP Heuristic XorCount: 20, Depth: 3
, XOR2: 0, XOR3: 0, XOR4: 20
SLP Heuristic XorCost ASIC1: 100
SLP Heuristic XorCost ASIC2: 110
SLP Heuristic XorCost ASIC3: 125
SLP Heuristic XorCost ASIC4: 119.8
y06 = x01 + x06 + x15 + x11
y15 = x07 + x03 + x15 + x10
y16 = x16 + x04 + x08 + x11
y00 = x16 + x00 + x06 + x14
y09 = x04 + x09 + x18 + x14
y14 = x00 + y06 + y16 + y00
y03 = x19 + x09 + x03 + x12
y10 = x16 + x02 + x09 + x10
y02 = x10 + y16 + y09 + y10
y07 = x15 + y15 + y03 + y10
y04 = x05 + x04 + x13 + x15
y18 = x09 + y09 + y14 + y04
y05 = x05 + x00 + x19 + x10
y19 = x05 + y00 + y10 + y05
y12 = x03 + y09 + y03 + y19
y13 = x04 + y15 + y04 + y05
y08 = x08 + x03 + x13 + x17
y17 = x08 + y03 + y13 + y08
y11 = x16 + y16 + y04 + y08
y01 = x06 + y06 + y15 + y11

----------------
SLP Heuristic XorCount: 20, Depth: 3
, XOR2: 0, XOR3: 0, XOR4: 20
SLP Heuristic XorCost ASIC1: 100
SLP Heuristic XorCost ASIC2: 110
SLP Heuristic XorCost ASIC3: 125
SLP Heuristic XorCost ASIC4: 119.8
y03 = x12 + x09 + x03 + x19
y06 = x15 + x11 + x01 + x06
y04 = x13 + x04 + x15 + x05
y10 = x09 + x16 + x02 + x10
y00 = x00 + x16 + x14 + x06
y09 = x04 + x09 + x14 + x18
y16 = x04 + x16 + x08 + x11
y14 = x00 + y06 + y00 + y16
y18 = x09 + y04 + y09 + y14
y02 = x10 + y10 + y09 + y16
y08 = x13 + x08 + x03 + x17
y11 = x16 + y04 + y16 + y08
y15 = x03 + x15 + x07 + x10
y07 = x15 + y03 + y10 + y15
y01 = x06 + y06 + y11 + y15
y05 = x00 + x19 + x05 + x10
y19 = x05 + y10 + y00 + y05
y13 = x04 + y04 + y15 + y05
y17 = x08 + y03 + y08 + y13
y12 = x03 + y03 + y09 + y19

----------------
SLP Heuristic XorCount: 20, Depth: 3
, XOR2: 0, XOR3: 0, XOR4: 20
SLP Heuristic XorCost ASIC1: 100
SLP Heuristic XorCost ASIC2: 110
SLP Heuristic XorCost ASIC3: 125
SLP Heuristic XorCost ASIC4: 119.8
y16 = x16 + x11 + x04 + x08
y10 = x09 + x10 + x16 + x02
y09 = x09 + x14 + x04 + x18
y02 = x10 + y16 + y10 + y09
y08 = x17 + x13 + x03 + x08
y03 = x09 + x12 + x19 + x03
y00 = x06 + x16 + x14 + x00
y06 = x15 + x01 + x06 + x11
y14 = x00 + y16 + y00 + y06
y05 = x10 + x19 + x05 + x00
y19 = x05 + y10 + y00 + y05
y12 = x03 + y09 + y03 + y19
y04 = x13 + x15 + x05 + x04
y18 = x09 + y09 + y14 + y04
y11 = x16 + y16 + y08 + y04
y15 = x07 + x10 + x15 + x03
y13 = x04 + y05 + y04 + y15
y17 = x08 + y08 + y03 + y13
y07 = x15 + y10 + y03 + y15
y01 = x06 + y06 + y11 + y15

----------------
SLP Heuristic XorCount: 20, Depth: 3
, XOR2: 0, XOR3: 0, XOR4: 20
SLP Heuristic XorCost ASIC1: 100
SLP Heuristic XorCost ASIC2: 110
SLP Heuristic XorCost ASIC3: 125
SLP Heuristic XorCost ASIC4: 119.8
y08 = x17 + x08 + x13 + x03
y06 = x11 + x06 + x01 + x15
y03 = x19 + x09 + x03 + x12
y00 = x06 + x16 + x00 + x14
y16 = x11 + x16 + x04 + x08
y09 = x18 + x04 + x14 + x09
y05 = x10 + x00 + x05 + x19
y10 = x10 + x16 + x09 + x02
y19 = x05 + y00 + y05 + y10
y02 = x10 + y16 + y09 + y10
y15 = x10 + x07 + x03 + x15
y07 = x15 + y03 + y10 + y15
y14 = x00 + y06 + y00 + y16
y12 = x03 + y03 + y09 + y19
y04 = x04 + x13 + x05 + x15
y13 = x04 + y05 + y15 + y04
y11 = x16 + y08 + y16 + y04
y01 = x06 + y06 + y15 + y11
y17 = x08 + y08 + y03 + y13
y18 = x09 + y09 + y14 + y04

----------------
