20 20
1 0 0 0 0 0 0 1 0 0 0 0 0 0 1 1 0 0 0 0
0 1 0 0 0 0 0 0 1 0 1 0 0 0 0 0 1 0 0 0
0 0 1 0 0 0 0 1 0 1 0 1 0 0 1 0 0 1 0 0
0 0 0 1 0 1 0 0 1 0 0 0 1 0 0 0 0 0 1 0
0 0 0 0 1 0 1 0 0 1 0 0 0 1 0 0 0 0 0 1
0 0 0 0 1 1 0 0 0 0 0 1 0 0 0 1 0 0 0 0
1 0 0 0 0 0 1 0 0 0 1 0 1 0 0 0 1 0 0 0
0 1 0 0 1 0 0 1 0 0 0 0 0 1 0 0 0 1 0 0
0 0 1 0 0 0 0 0 1 0 0 0 0 0 1 0 0 0 1 0
0 0 0 1 0 0 0 0 0 1 1 0 0 0 0 0 0 0 0 1
1 0 0 0 0 1 0 0 0 0 1 0 0 0 0 0 0 0 1 0
0 1 0 0 0 0 1 0 0 0 0 1 0 0 0 0 0 0 0 1
0 0 1 0 0 0 0 1 0 0 0 0 1 0 0 1 0 0 1 0
0 0 0 1 0 0 0 0 1 0 0 0 0 1 0 0 1 0 0 1
0 0 0 0 1 0 0 0 0 1 0 0 0 0 1 0 0 1 0 0
0 1 0 0 0 0 0 0 0 1 0 0 0 1 0 1 0 0 0 0
1 0 1 0 0 1 0 0 0 0 0 0 0 0 1 0 1 0 0 0
0 0 0 1 0 0 1 0 0 1 1 0 0 1 0 0 0 1 0 0
0 0 0 0 1 0 0 1 0 0 0 1 0 0 1 0 0 0 1 0
1 0 0 0 0 0 0 0 1 0 0 0 1 0 0 0 0 0 0 1

***********
SLP Heuristic XorCount: 20, Depth: 3
, XOR2: 0, XOR3: 0, XOR4: 20
SLP Heuristic XorCost ASIC1: 100
SLP Heuristic XorCost ASIC2: 110
SLP Heuristic XorCost ASIC3: 125
SLP Heuristic XorCost ASIC4: 119.8
y14 = x09 + x14 + x17 + x04
y01 = x01 + x10 + x16 + x08
y19 = x00 + x12 + x08 + x19
y10 = x10 + x00 + x05 + x18
y08 = x02 + x14 + x08 + x18
y16 = x01 + y01 + y10 + y08
y11 = x01 + x11 + x06 + x19
y06 = x11 + y01 + y19 + y11
y09 = x09 + x10 + x03 + x19
y03 = x09 + y19 + y10 + y09
y00 = x15 + x07 + x00 + x14
y12 = x19 + y19 + y08 + y00
y15 = x15 + x01 + x09 + x13
y07 = x00 + y14 + y00 + y15
y13 = x15 + y01 + y09 + y15
y05 = x15 + x11 + x05 + x04
y04 = x05 + y11 + y15 + y05
y17 = x14 + y14 + y09 + y04
y18 = x10 + y10 + y00 + y05
y02 = x08 + y14 + y08 + y18

----------------
SLP Heuristic XorCount: 20, Depth: 3
, XOR2: 0, XOR3: 0, XOR4: 20
SLP Heuristic XorCost ASIC1: 100
SLP Heuristic XorCost ASIC2: 110
SLP Heuristic XorCost ASIC3: 125
SLP Heuristic XorCost ASIC4: 119.8
y01 = x16 + x01 + x08 + x10
y10 = x00 + x10 + x05 + x18
y05 = x15 + x04 + x11 + x05
y11 = x01 + x11 + x06 + x19
y19 = x00 + x12 + x08 + x19
y08 = x02 + x14 + x08 + x18
y00 = x07 + x14 + x15 + x00
y18 = x10 + y10 + y05 + y00
y16 = x01 + y01 + y10 + y08
y15 = x13 + x15 + x01 + x09
y04 = x05 + y05 + y11 + y15
y12 = x19 + y19 + y08 + y00
y14 = x14 + x04 + x09 + x17
y02 = x08 + y08 + y18 + y14
y07 = x00 + y00 + y15 + y14
y06 = x11 + y01 + y11 + y19
y09 = x03 + x09 + x10 + x19
y03 = x09 + y10 + y19 + y09
y17 = x14 + y04 + y14 + y09
y13 = x15 + y01 + y15 + y09

----------------
SLP Heuristic XorCount: 20, Depth: 3
, XOR2: 0, XOR3: 0, XOR4: 20
SLP Heuristic XorCost ASIC1: 100
SLP Heuristic XorCost ASIC2: 110
SLP Heuristic XorCost ASIC3: 125
SLP Heuristic XorCost ASIC4: 119.8
y15 = x01 + x13 + x09 + x15
y01 = x01 + x10 + x16 + x08
y19 = x12 + x08 + x00 + x19
y05 = x04 + x15 + x05 + x11
y08 = x02 + x14 + x08 + x18
y14 = x04 + x09 + x17 + x14
y00 = x07 + x15 + x14 + x00
y07 = x00 + y15 + y14 + y00
y09 = x09 + x10 + x03 + x19
y13 = x15 + y15 + y01 + y09
y10 = x10 + x05 + x00 + x18
y16 = x01 + y01 + y08 + y10
y03 = x09 + y19 + y09 + y10
y18 = x10 + y05 + y00 + y10
y02 = x08 + y08 + y14 + y18
y12 = x19 + y19 + y08 + y00
y11 = x06 + x01 + x11 + x19
y06 = x11 + y01 + y19 + y11
y04 = x05 + y15 + y05 + y11
y17 = x14 + y14 + y09 + y04

----------------
SLP Heuristic XorCount: 20, Depth: 3
, XOR2: 0, XOR3: 0, XOR4: 20
SLP Heuristic XorCost ASIC1: 100
SLP Heuristic XorCost ASIC2: 110
SLP Heuristic XorCost ASIC3: 125
SLP Heuristic XorCost ASIC4: 119.8
y09 = x10 + x09 + x03 + x19
y01 = x01 + x10 + x16 + x08
y11 = x11 + x01 + x06 + x19
y05 = x11 + x04 + x05 + x15
y00 = x07 + x14 + x00 + x15
y08 = x14 + x02 + x08 + x18
y10 = x10 + x00 + x05 + x18
y18 = x10 + y05 + y00 + y10
y19 = x08 + x00 + x12 + x19
y06 = x11 + y01 + y11 + y19
y03 = x09 + y09 + y10 + y19
y14 = x17 + x14 + x04 + x09
y02 = x08 + y08 + y18 + y14
y12 = x19 + y00 + y08 + y19
y15 = x01 + x13 + x09 + x15
y13 = x15 + y09 + y01 + y15
y07 = x00 + y00 + y14 + y15
y04 = x05 + y11 + y05 + y15
y17 = x14 + y09 + y14 + y04
y16 = x01 + y01 + y08 + y10

----------------
SLP Heuristic XorCount: 20, Depth: 3
, XOR2: 0, XOR3: 0, XOR4: 20
SLP Heuristic XorCost ASIC1: 100
SLP Heuristic XorCost ASIC2: 110
SLP Heuristic XorCost ASIC3: 125
SLP Heuristic XorCost ASIC4: 119.8
y01 = x16 + x08 + x01 + x10
y14 = x04 + x14 + x17 + x09
y10 = x05 + x10 + x00 + x18
y11 = x11 + x01 + x06 + x19
y08 = x02 + x08 + x14 + x18
y16 = x01 + y01 + y10 + y08
y19 = x08 + x12 + x00 + x19
y06 = x11 + y01 + y11 + y19
y15 = x01 + x15 + x09 + x13
y05 = x11 + x04 + x05 + x15
y04 = x05 + y11 + y15 + y05
y09 = x03 + x10 + x09 + x19
y13 = x15 + y01 + y15 + y09
y17 = x14 + y14 + y04 + y09
y03 = x09 + y10 + y19 + y09
y00 = x07 + x15 + x14 + x00
y12 = x19 + y08 + y19 + y00
y18 = x10 + y10 + y05 + y00
y02 = x08 + y14 + y08 + y18
y07 = x00 + y14 + y15 + y00

----------------
SLP Heuristic XorCount: 20, Depth: 3
, XOR2: 0, XOR3: 0, XOR4: 20
SLP Heuristic XorCost ASIC1: 100
SLP Heuristic XorCost ASIC2: 110
SLP Heuristic XorCost ASIC3: 125
SLP Heuristic XorCost ASIC4: 119.8
y01 = x01 + x10 + x16 + x08
y10 = x05 + x10 + x00 + x18
y00 = x07 + x00 + x14 + x15
y11 = x01 + x11 + x06 + x19
y08 = x02 + x08 + x14 + x18
y16 = x01 + y01 + y10 + y08
y05 = x05 + x11 + x04 + x15
y18 = x10 + y10 + y00 + y05
y09 = x09 + x03 + x10 + x19
y15 = x09 + x01 + x13 + x15
y04 = x05 + y11 + y05 + y15
y13 = x15 + y01 + y09 + y15
y19 = x12 + x00 + x08 + x19
y12 = x19 + y00 + y08 + y19
y06 = x11 + y01 + y11 + y19
y03 = x09 + y10 + y09 + y19
y14 = x09 + x17 + x04 + x14
y17 = x14 + y09 + y04 + y14
y02 = x08 + y08 + y18 + y14
y07 = x00 + y00 + y15 + y14

----------------
SLP Heuristic XorCount: 20, Depth: 3
, XOR2: 0, XOR3: 0, XOR4: 20
SLP Heuristic XorCost ASIC1: 100
SLP Heuristic XorCost ASIC2: 110
SLP Heuristic XorCost ASIC3: 125
SLP Heuristic XorCost ASIC4: 119.8
y01 = x01 + x16 + x08 + x10
y14 = x14 + x17 + x09 + x04
y15 = x01 + x09 + x15 + x13
y00 = x14 + x07 + x00 + x15
y07 = x00 + y14 + y15 + y00
y08 = x14 + x02 + x08 + x18
y11 = x01 + x06 + x11 + x19
y09 = x09 + x03 + x10 + x19
y13 = x15 + y01 + y15 + y09
y05 = x15 + x05 + x04 + x11
y04 = x05 + y15 + y11 + y05
y17 = x14 + y14 + y09 + y04
y10 = x00 + x10 + x05 + x18
y16 = x01 + y01 + y08 + y10
y19 = x00 + x08 + x12 + x19
y06 = x11 + y01 + y11 + y19
y12 = x19 + y00 + y08 + y19
y03 = x09 + y09 + y10 + y19
y18 = x10 + y00 + y05 + y10
y02 = x08 + y14 + y08 + y18

----------------
SLP Heuristic XorCount: 20, Depth: 3
, XOR2: 0, XOR3: 0, XOR4: 20
SLP Heuristic XorCost ASIC1: 100
SLP Heuristic XorCost ASIC2: 110
SLP Heuristic XorCost ASIC3: 125
SLP Heuristic XorCost ASIC4: 119.8
y01 = x08 + x01 + x16 + x10
y00 = x07 + x15 + x14 + x00
y09 = x09 + x10 + x03 + x19
y14 = x04 + x14 + x09 + x17
y08 = x02 + x08 + x14 + x18
y11 = x01 + x11 + x06 + x19
y10 = x05 + x00 + x10 + x18
y16 = x01 + y01 + y08 + y10
y19 = x08 + x12 + x00 + x19
y03 = x09 + y09 + y10 + y19
y06 = x11 + y01 + y11 + y19
y12 = x19 + y00 + y08 + y19
y05 = x04 + x15 + x05 + x11
y18 = x10 + y00 + y10 + y05
y02 = x08 + y14 + y08 + y18
y15 = x15 + x01 + x09 + x13
y04 = x05 + y11 + y05 + y15
y13 = x15 + y01 + y09 + y15
y07 = x00 + y00 + y14 + y15
y17 = x14 + y09 + y14 + y04

----------------
SLP Heuristic XorCount: 20, Depth: 3
, XOR2: 0, XOR3: 0, XOR4: 20
SLP Heuristic XorCost ASIC1: 100
SLP Heuristic XorCost ASIC2: 110
SLP Heuristic XorCost ASIC3: 125
SLP Heuristic XorCost ASIC4: 119.8
y19 = x00 + x08 + x12 + x19
y01 = x10 + x01 + x08 + x16
y15 = x01 + x13 + x15 + x09
y14 = x04 + x17 + x14 + x09
y10 = x10 + x05 + x00 + x18
y08 = x02 + x14 + x08 + x18
y16 = x01 + y01 + y10 + y08
y00 = x07 + x14 + x00 + x15
y12 = x19 + y19 + y08 + y00
y07 = x00 + y15 + y14 + y00
y05 = x05 + x04 + x15 + x11
y18 = x10 + y10 + y00 + y05
y11 = x01 + x06 + x11 + x19
y06 = x11 + y19 + y01 + y11
y04 = x05 + y15 + y05 + y11
y02 = x08 + y14 + y08 + y18
y09 = x10 + x03 + x09 + x19
y17 = x14 + y14 + y04 + y09
y03 = x09 + y19 + y10 + y09
y13 = x15 + y01 + y15 + y09

----------------
SLP Heuristic XorCount: 20, Depth: 3
, XOR2: 0, XOR3: 0, XOR4: 20
SLP Heuristic XorCost ASIC1: 100
SLP Heuristic XorCost ASIC2: 110
SLP Heuristic XorCost ASIC3: 125
SLP Heuristic XorCost ASIC4: 119.8
y05 = x04 + x15 + x11 + x05
y01 = x16 + x01 + x10 + x08
y10 = x00 + x10 + x05 + x18
y09 = x10 + x09 + x03 + x19
y15 = x01 + x15 + x09 + x13
y08 = x08 + x02 + x14 + x18
y00 = x07 + x00 + x15 + x14
y18 = x10 + y05 + y10 + y00
y14 = x04 + x09 + x17 + x14
y02 = x08 + y08 + y18 + y14
y07 = x00 + y15 + y00 + y14
y13 = x15 + y01 + y09 + y15
y16 = x01 + y01 + y10 + y08
y19 = x00 + x08 + x12 + x19
y03 = x09 + y10 + y09 + y19
y11 = x01 + x06 + x11 + x19
y04 = x05 + y05 + y15 + y11
y17 = x14 + y09 + y14 + y04
y06 = x11 + y01 + y19 + y11
y12 = x19 + y08 + y00 + y19

----------------
