20 20
1 0 0 0 0 0 0 0 1 0 1 0 0 0 0 1 0 0 0 0
0 1 0 0 0 0 0 0 0 1 0 1 0 0 0 0 1 0 0 0
0 0 1 0 0 1 0 0 1 0 0 0 1 0 0 0 0 1 0 0
0 0 0 1 0 0 1 0 0 1 0 0 0 1 0 0 0 0 1 0
0 0 0 0 1 0 0 1 0 0 0 0 0 0 1 0 0 0 0 1
0 0 0 1 0 1 0 0 0 0 0 1 0 0 0 0 0 0 0 1
0 0 0 0 1 0 1 0 0 0 1 0 1 0 0 1 0 0 0 0
1 0 0 1 0 0 0 1 0 0 0 0 0 1 0 0 1 0 0 1
0 1 0 0 1 0 0 0 1 0 0 0 0 0 1 0 0 1 0 0
0 0 1 0 0 0 0 0 0 1 1 0 0 0 0 0 0 0 1 0
0 0 0 0 1 1 0 0 0 0 1 0 0 0 0 0 0 1 0 0
1 0 0 0 0 0 1 0 0 0 0 1 0 0 0 0 0 0 1 0
0 1 0 0 1 0 0 1 0 0 0 0 1 0 0 0 0 1 0 1
0 0 1 0 0 0 0 0 1 0 0 0 0 1 0 1 0 0 1 0
0 0 0 1 0 0 0 0 0 1 0 0 0 0 1 0 1 0 0 1
0 1 0 0 0 1 0 0 0 0 0 0 0 0 1 1 0 0 0 0
1 0 1 0 0 0 1 0 0 0 1 0 0 0 0 0 1 0 0 0
0 0 0 1 0 0 0 1 0 0 0 1 0 0 1 0 0 1 0 0
0 0 0 0 1 0 0 0 1 0 0 0 1 0 0 0 0 0 1 0
1 0 0 0 0 0 0 0 0 1 0 0 0 1 0 0 0 0 0 1

***********
SLP Heuristic XorCount: 20, Depth: 3
, XOR2: 0, XOR3: 0, XOR4: 20
SLP Heuristic XorCost ASIC1: 100
SLP Heuristic XorCost ASIC2: 110
SLP Heuristic XorCost ASIC3: 125
SLP Heuristic XorCost ASIC4: 119.8
y18 = x08 + x12 + x18 + x04
y05 = x03 + x19 + x05 + x11
y01 = x09 + x01 + x16 + x11
y00 = x08 + x00 + x10 + x15
y19 = x13 + x09 + x19 + x00
y10 = x05 + x10 + x17 + x04
y09 = x09 + x02 + x10 + x18
y02 = x09 + y18 + y10 + y09
y13 = x19 + y00 + y19 + y09
y15 = x01 + x05 + x14 + x15
y14 = x15 + y05 + y01 + y15
y08 = x00 + y00 + y10 + y15
y04 = x19 + x07 + x14 + x04
y17 = x10 + y05 + y10 + y04
y07 = x04 + y19 + y14 + y04
y12 = x18 + y18 + y08 + y04
y11 = x06 + x11 + x00 + x18
y16 = x01 + y01 + y09 + y11
y06 = x11 + y18 + y00 + y11
y03 = x05 + y05 + y19 + y11

----------------
SLP Heuristic XorCount: 20, Depth: 3
, XOR2: 0, XOR3: 0, XOR4: 20
SLP Heuristic XorCost ASIC1: 100
SLP Heuristic XorCost ASIC2: 110
SLP Heuristic XorCost ASIC3: 125
SLP Heuristic XorCost ASIC4: 119.8
y04 = x07 + x14 + x04 + x19
y15 = x14 + x01 + x05 + x15
y09 = x09 + x18 + x02 + x10
y18 = x12 + x04 + x18 + x08
y05 = x03 + x05 + x11 + x19
y11 = x18 + x00 + x06 + x11
y10 = x04 + x05 + x17 + x10
y17 = x10 + y04 + y05 + y10
y00 = x00 + x08 + x10 + x15
y08 = x00 + y15 + y10 + y00
y02 = x09 + y09 + y18 + y10
y19 = x09 + x00 + x13 + x19
y03 = x05 + y05 + y11 + y19
y13 = x19 + y09 + y00 + y19
y01 = x09 + x16 + x01 + x11
y14 = x15 + y15 + y05 + y01
y07 = x04 + y04 + y19 + y14
y12 = x18 + y04 + y18 + y08
y16 = x01 + y09 + y11 + y01
y06 = x11 + y18 + y11 + y00

----------------
SLP Heuristic XorCount: 20, Depth: 3
, XOR2: 0, XOR3: 0, XOR4: 20
SLP Heuristic XorCost ASIC1: 100
SLP Heuristic XorCost ASIC2: 110
SLP Heuristic XorCost ASIC3: 125
SLP Heuristic XorCost ASIC4: 119.8
y09 = x09 + x18 + x02 + x10
y15 = x14 + x01 + x05 + x15
y01 = x11 + x16 + x09 + x01
y19 = x00 + x19 + x09 + x13
y04 = x14 + x19 + x07 + x04
y10 = x17 + x05 + x10 + x04
y18 = x18 + x12 + x08 + x04
y02 = x09 + y09 + y10 + y18
y05 = x11 + x19 + x03 + x05
y14 = x15 + y15 + y01 + y05
y07 = x04 + y19 + y04 + y14
y11 = x11 + x00 + x18 + x06
y16 = x01 + y09 + y01 + y11
y17 = x10 + y04 + y10 + y05
y03 = x05 + y19 + y05 + y11
y00 = x00 + x15 + x08 + x10
y06 = x11 + y18 + y11 + y00
y08 = x00 + y15 + y10 + y00
y12 = x18 + y04 + y18 + y08
y13 = x19 + y09 + y19 + y00

----------------
SLP Heuristic XorCount: 20, Depth: 3
, XOR2: 0, XOR3: 0, XOR4: 20
SLP Heuristic XorCost ASIC1: 100
SLP Heuristic XorCost ASIC2: 110
SLP Heuristic XorCost ASIC3: 125
SLP Heuristic XorCost ASIC4: 119.8
y19 = x00 + x13 + x09 + x19
y11 = x00 + x18 + x06 + x11
y09 = x02 + x18 + x09 + x10
y00 = x00 + x15 + x10 + x08
y13 = x19 + y19 + y09 + y00
y10 = x04 + x17 + x10 + x05
y04 = x04 + x14 + x07 + x19
y05 = x03 + x11 + x05 + x19
y03 = x05 + y19 + y11 + y05
y17 = x10 + y10 + y04 + y05
y15 = x14 + x15 + x01 + x05
y08 = x00 + y00 + y10 + y15
y01 = x09 + x16 + x11 + x01
y16 = x01 + y11 + y09 + y01
y14 = x15 + y05 + y15 + y01
y07 = x04 + y19 + y04 + y14
y18 = x18 + x04 + x12 + x08
y12 = x18 + y04 + y08 + y18
y06 = x11 + y11 + y00 + y18
y02 = x09 + y09 + y10 + y18

----------------
SLP Heuristic XorCount: 20, Depth: 3
, XOR2: 0, XOR3: 0, XOR4: 20
SLP Heuristic XorCost ASIC1: 100
SLP Heuristic XorCost ASIC2: 110
SLP Heuristic XorCost ASIC3: 125
SLP Heuristic XorCost ASIC4: 119.8
y01 = x11 + x09 + x16 + x01
y11 = x06 + x00 + x11 + x18
y15 = x15 + x14 + x01 + x05
y19 = x13 + x19 + x00 + x09
y18 = x12 + x18 + x08 + x04
y10 = x17 + x10 + x05 + x04
y09 = x10 + x09 + x18 + x02
y16 = x01 + y01 + y11 + y09
y00 = x00 + x15 + x10 + x08
y08 = x00 + y15 + y10 + y00
y13 = x19 + y19 + y09 + y00
y06 = x11 + y11 + y18 + y00
y05 = x19 + x11 + x03 + x05
y03 = x05 + y11 + y19 + y05
y14 = x15 + y01 + y15 + y05
y02 = x09 + y18 + y10 + y09
y04 = x19 + x14 + x07 + x04
y07 = x04 + y19 + y14 + y04
y12 = x18 + y18 + y08 + y04
y17 = x10 + y10 + y05 + y04

----------------
SLP Heuristic XorCount: 20, Depth: 3
, XOR2: 0, XOR3: 0, XOR4: 20
SLP Heuristic XorCost ASIC1: 100
SLP Heuristic XorCost ASIC2: 110
SLP Heuristic XorCost ASIC3: 125
SLP Heuristic XorCost ASIC4: 119.8
y00 = x15 + x10 + x08 + x00
y01 = x11 + x16 + x09 + x01
y11 = x11 + x00 + x18 + x06
y04 = x07 + x04 + x14 + x19
y10 = x04 + x10 + x17 + x05
y09 = x10 + x02 + x18 + x09
y19 = x13 + x00 + x09 + x19
y18 = x12 + x04 + x08 + x18
y02 = x09 + y10 + y09 + y18
y06 = x11 + y00 + y11 + y18
y13 = x19 + y00 + y09 + y19
y05 = x11 + x05 + x03 + x19
y17 = x10 + y04 + y10 + y05
y03 = x05 + y11 + y19 + y05
y15 = x15 + x14 + x05 + x01
y08 = x00 + y00 + y10 + y15
y12 = x18 + y04 + y18 + y08
y14 = x15 + y01 + y05 + y15
y07 = x04 + y04 + y19 + y14
y16 = x01 + y01 + y11 + y09

----------------
SLP Heuristic XorCount: 20, Depth: 3
, XOR2: 0, XOR3: 0, XOR4: 20
SLP Heuristic XorCost ASIC1: 100
SLP Heuristic XorCost ASIC2: 110
SLP Heuristic XorCost ASIC3: 125
SLP Heuristic XorCost ASIC4: 119.8
y15 = x05 + x15 + x14 + x01
y05 = x11 + x19 + x05 + x03
y00 = x10 + x08 + x00 + x15
y18 = x12 + x08 + x18 + x04
y10 = x10 + x05 + x17 + x04
y01 = x16 + x11 + x01 + x09
y19 = x19 + x13 + x00 + x09
y11 = x11 + x06 + x00 + x18
y06 = x11 + y00 + y18 + y11
y04 = x19 + x07 + x14 + x04
y17 = x10 + y05 + y10 + y04
y09 = x10 + x02 + x18 + x09
y02 = x09 + y18 + y10 + y09
y13 = x19 + y00 + y19 + y09
y16 = x01 + y01 + y11 + y09
y08 = x00 + y15 + y00 + y10
y14 = x15 + y15 + y05 + y01
y07 = x04 + y19 + y04 + y14
y12 = x18 + y18 + y04 + y08
y03 = x05 + y05 + y19 + y11

----------------
SLP Heuristic XorCount: 20, Depth: 3
, XOR2: 0, XOR3: 0, XOR4: 20
SLP Heuristic XorCost ASIC1: 100
SLP Heuristic XorCost ASIC2: 110
SLP Heuristic XorCost ASIC3: 125
SLP Heuristic XorCost ASIC4: 119.8
y18 = x18 + x08 + x04 + x12
y05 = x11 + x05 + x03 + x19
y04 = x04 + x07 + x14 + x19
y15 = x05 + x01 + x15 + x14
y00 = x08 + x10 + x15 + x00
y10 = x04 + x05 + x10 + x17
y08 = x00 + y15 + y00 + y10
y12 = x18 + y18 + y04 + y08
y17 = x10 + y05 + y04 + y10
y11 = x18 + x06 + x11 + x00
y06 = x11 + y18 + y00 + y11
y19 = x13 + x00 + x09 + x19
y03 = x05 + y05 + y11 + y19
y09 = x18 + x02 + x10 + x09
y02 = x09 + y18 + y10 + y09
y13 = x19 + y00 + y19 + y09
y01 = x11 + x01 + x16 + x09
y14 = x15 + y05 + y15 + y01
y07 = x04 + y04 + y19 + y14
y16 = x01 + y11 + y09 + y01

----------------
SLP Heuristic XorCount: 20, Depth: 3
, XOR2: 0, XOR3: 0, XOR4: 20
SLP Heuristic XorCost ASIC1: 100
SLP Heuristic XorCost ASIC2: 110
SLP Heuristic XorCost ASIC3: 125
SLP Heuristic XorCost ASIC4: 119.8
y09 = x02 + x10 + x18 + x09
y04 = x07 + x19 + x14 + x04
y18 = x12 + x08 + x18 + x04
y01 = x01 + x11 + x16 + x09
y10 = x17 + x05 + x10 + x04
y02 = x09 + y09 + y18 + y10
y15 = x05 + x01 + x15 + x14
y00 = x08 + x10 + x15 + x00
y11 = x06 + x11 + x18 + x00
y16 = x01 + y09 + y01 + y11
y06 = x11 + y18 + y00 + y11
y05 = x05 + x19 + x03 + x11
y14 = x15 + y01 + y15 + y05
y19 = x19 + x13 + x09 + x00
y13 = x19 + y09 + y00 + y19
y07 = x04 + y04 + y14 + y19
y03 = x05 + y11 + y05 + y19
y08 = x00 + y10 + y15 + y00
y12 = x18 + y04 + y18 + y08
y17 = x10 + y04 + y10 + y05

----------------
SLP Heuristic XorCount: 20, Depth: 3
, XOR2: 0, XOR3: 0, XOR4: 20
SLP Heuristic XorCost ASIC1: 100
SLP Heuristic XorCost ASIC2: 110
SLP Heuristic XorCost ASIC3: 125
SLP Heuristic XorCost ASIC4: 119.8
y19 = x09 + x13 + x00 + x19
y09 = x09 + x02 + x18 + x10
y05 = x03 + x11 + x05 + x19
y04 = x07 + x04 + x14 + x19
y10 = x04 + x05 + x10 + x17
y17 = x10 + y05 + y04 + y10
y00 = x15 + x08 + x10 + x00
y13 = x19 + y19 + y09 + y00
y18 = x04 + x18 + x08 + x12
y01 = x01 + x16 + x09 + x11
y11 = x06 + x18 + x11 + x00
y16 = x01 + y09 + y01 + y11
y03 = x05 + y19 + y05 + y11
y06 = x11 + y00 + y18 + y11
y02 = x09 + y09 + y10 + y18
y15 = x15 + x01 + x05 + x14
y08 = x00 + y10 + y00 + y15
y12 = x18 + y04 + y18 + y08
y14 = x15 + y05 + y01 + y15
y07 = x04 + y19 + y04 + y14

----------------
