20 20
1 0 0 0 0 0 0 0 0 1 0 0 1 0 0 0 1 0 0 0
0 1 0 0 0 1 0 0 0 0 0 0 0 1 0 1 0 1 0 0
0 0 1 0 0 0 1 0 0 1 0 0 1 0 1 0 0 0 1 0
0 0 0 1 0 0 0 1 0 0 1 0 0 1 0 0 0 0 0 1
0 0 0 0 1 0 0 0 1 0 0 1 0 0 1 1 0 0 0 0
1 0 0 0 0 1 0 0 0 0 1 0 0 0 0 0 0 0 0 1
0 1 0 0 0 0 1 0 0 0 0 1 0 0 0 1 0 0 0 0
0 0 1 0 0 0 0 1 0 0 0 0 1 0 0 0 1 0 0 1
0 0 0 1 0 0 0 0 1 0 0 0 0 1 0 0 0 1 0 0
0 0 0 0 1 0 0 0 0 1 0 0 0 0 1 0 0 0 1 0
0 0 0 0 1 0 1 0 0 0 1 0 0 0 0 0 1 0 0 0
1 0 0 0 0 1 0 1 0 0 0 1 0 0 0 1 0 1 0 0
0 1 0 0 1 0 0 0 1 0 0 0 1 0 0 0 0 0 1 0
0 0 1 0 0 0 0 0 0 1 0 0 0 1 0 0 0 0 0 1
0 0 0 1 0 1 0 0 0 0 0 0 0 0 1 1 0 0 0 0
1 0 0 0 0 0 0 1 0 0 0 0 0 1 0 1 0 0 0 0
0 1 0 0 0 0 0 0 1 0 0 0 0 0 1 0 1 0 0 0
0 0 1 0 0 0 0 1 0 1 1 0 0 1 0 0 0 1 0 0
0 0 0 1 0 1 0 0 1 0 0 1 0 0 1 0 0 0 1 0
0 0 0 0 1 0 1 0 0 1 0 0 1 0 0 0 0 0 0 1

***********
SLP Heuristic XorCount: 20, Depth: 3
, XOR2: 0, XOR3: 0, XOR4: 20
SLP Heuristic XorCost ASIC1: 100
SLP Heuristic XorCost ASIC2: 110
SLP Heuristic XorCost ASIC3: 125
SLP Heuristic XorCost ASIC4: 119.8
y05 = x19 + x10 + x00 + x05
y13 = x19 + x13 + x02 + x09
y10 = x04 + x10 + x16 + x06
y09 = x04 + x18 + x14 + x09
y16 = x08 + x01 + x14 + x16
y00 = x00 + x12 + x16 + x09
y19 = x05 + y05 + y10 + y00
y02 = x13 + y13 + y09 + y19
y14 = x03 + x15 + x05 + x14
y15 = x07 + x13 + x00 + x15
y03 = x14 + y05 + y14 + y15
y07 = x15 + y13 + y00 + y15
y12 = x00 + y09 + y16 + y00
y06 = x15 + x11 + x01 + x06
y04 = x10 + y10 + y16 + y06
y18 = x09 + y09 + y14 + y04
y08 = x08 + x03 + x13 + x17
y01 = x16 + y16 + y14 + y08
y11 = x06 + y15 + y06 + y01
y17 = x08 + y13 + y03 + y08

----------------
SLP Heuristic XorCount: 20, Depth: 3
, XOR2: 0, XOR3: 0, XOR4: 20
SLP Heuristic XorCost ASIC1: 100
SLP Heuristic XorCost ASIC2: 110
SLP Heuristic XorCost ASIC3: 125
SLP Heuristic XorCost ASIC4: 119.8
y10 = x04 + x06 + x16 + x10
y13 = x02 + x13 + x19 + x09
y16 = x14 + x01 + x08 + x16
y00 = x00 + x12 + x16 + x09
y05 = x00 + x19 + x05 + x10
y19 = x05 + y10 + y00 + y05
y08 = x03 + x17 + x13 + x08
y14 = x03 + x15 + x14 + x05
y01 = x16 + y16 + y08 + y14
y15 = x15 + x00 + x07 + x13
y03 = x14 + y05 + y14 + y15
y06 = x15 + x11 + x01 + x06
y11 = x06 + y01 + y15 + y06
y04 = x10 + y10 + y16 + y06
y17 = x08 + y13 + y08 + y03
y09 = x04 + x14 + x18 + x09
y02 = x13 + y13 + y19 + y09
y18 = x09 + y14 + y04 + y09
y12 = x00 + y16 + y00 + y09
y07 = x15 + y13 + y00 + y15

----------------
SLP Heuristic XorCount: 20, Depth: 3
, XOR2: 0, XOR3: 0, XOR4: 20
SLP Heuristic XorCost ASIC1: 100
SLP Heuristic XorCost ASIC2: 110
SLP Heuristic XorCost ASIC3: 125
SLP Heuristic XorCost ASIC4: 119.8
y13 = x09 + x19 + x02 + x13
y08 = x03 + x08 + x17 + x13
y00 = x09 + x00 + x12 + x16
y10 = x04 + x10 + x06 + x16
y06 = x01 + x15 + x06 + x11
y05 = x00 + x19 + x10 + x05
y19 = x05 + y00 + y10 + y05
y14 = x14 + x03 + x15 + x05
y15 = x07 + x00 + x15 + x13
y03 = x14 + y05 + y14 + y15
y17 = x08 + y13 + y08 + y03
y07 = x15 + y13 + y00 + y15
y09 = x14 + x09 + x04 + x18
y16 = x14 + x01 + x08 + x16
y04 = x10 + y10 + y06 + y16
y18 = x09 + y14 + y09 + y04
y01 = x16 + y08 + y14 + y16
y11 = x06 + y06 + y15 + y01
y12 = x00 + y00 + y09 + y16
y02 = x13 + y13 + y19 + y09

----------------
SLP Heuristic XorCount: 20, Depth: 3
, XOR2: 0, XOR3: 0, XOR4: 20
SLP Heuristic XorCost ASIC1: 100
SLP Heuristic XorCost ASIC2: 110
SLP Heuristic XorCost ASIC3: 125
SLP Heuristic XorCost ASIC4: 119.8
y00 = x00 + x09 + x16 + x12
y05 = x00 + x05 + x19 + x10
y08 = x03 + x17 + x08 + x13
y06 = x01 + x06 + x15 + x11
y10 = x04 + x06 + x10 + x16
y19 = x05 + y00 + y05 + y10
y09 = x18 + x04 + x14 + x09
y13 = x19 + x09 + x02 + x13
y02 = x13 + y19 + y09 + y13
y14 = x05 + x03 + x15 + x14
y15 = x00 + x07 + x15 + x13
y07 = x15 + y00 + y13 + y15
y03 = x14 + y05 + y14 + y15
y16 = x01 + x08 + x14 + x16
y01 = x16 + y08 + y14 + y16
y11 = x06 + y06 + y15 + y01
y12 = x00 + y00 + y09 + y16
y17 = x08 + y08 + y13 + y03
y04 = x10 + y06 + y10 + y16
y18 = x09 + y09 + y14 + y04

----------------
SLP Heuristic XorCount: 20, Depth: 3
, XOR2: 0, XOR3: 0, XOR4: 20
SLP Heuristic XorCost ASIC1: 100
SLP Heuristic XorCost ASIC2: 110
SLP Heuristic XorCost ASIC3: 125
SLP Heuristic XorCost ASIC4: 119.8
y08 = x13 + x03 + x08 + x17
y05 = x00 + x10 + x05 + x19
y09 = x04 + x09 + x14 + x18
y00 = x09 + x00 + x12 + x16
y16 = x08 + x14 + x16 + x01
y13 = x13 + x09 + x19 + x02
y14 = x03 + x15 + x14 + x05
y01 = x16 + y08 + y16 + y14
y15 = x13 + x07 + x00 + x15
y03 = x14 + y05 + y14 + y15
y07 = x15 + y00 + y13 + y15
y17 = x08 + y08 + y13 + y03
y12 = x00 + y09 + y00 + y16
y06 = x06 + x15 + x11 + x01
y11 = x06 + y01 + y15 + y06
y10 = x04 + x06 + x10 + x16
y19 = x05 + y05 + y00 + y10
y02 = x13 + y09 + y13 + y19
y04 = x10 + y16 + y06 + y10
y18 = x09 + y09 + y14 + y04

----------------
SLP Heuristic XorCount: 20, Depth: 3
, XOR2: 0, XOR3: 0, XOR4: 20
SLP Heuristic XorCost ASIC1: 100
SLP Heuristic XorCost ASIC2: 110
SLP Heuristic XorCost ASIC3: 125
SLP Heuristic XorCost ASIC4: 119.8
y13 = x02 + x09 + x13 + x19
y16 = x14 + x01 + x16 + x08
y05 = x10 + x00 + x05 + x19
y00 = x00 + x09 + x12 + x16
y08 = x03 + x13 + x17 + x08
y10 = x10 + x04 + x06 + x16
y19 = x05 + y05 + y00 + y10
y14 = x03 + x05 + x15 + x14
y01 = x16 + y16 + y08 + y14
y15 = x00 + x07 + x15 + x13
y07 = x15 + y13 + y00 + y15
y03 = x14 + y05 + y14 + y15
y06 = x15 + x11 + x06 + x01
y04 = x10 + y16 + y10 + y06
y17 = x08 + y13 + y08 + y03
y09 = x04 + x09 + x14 + x18
y02 = x13 + y13 + y19 + y09
y18 = x09 + y14 + y04 + y09
y12 = x00 + y16 + y00 + y09
y11 = x06 + y01 + y15 + y06

----------------
SLP Heuristic XorCount: 20, Depth: 3
, XOR2: 0, XOR3: 0, XOR4: 20
SLP Heuristic XorCost ASIC1: 100
SLP Heuristic XorCost ASIC2: 110
SLP Heuristic XorCost ASIC3: 125
SLP Heuristic XorCost ASIC4: 119.8
y10 = x04 + x06 + x10 + x16
y13 = x19 + x13 + x02 + x09
y05 = x19 + x00 + x05 + x10
y06 = x11 + x06 + x01 + x15
y08 = x13 + x03 + x08 + x17
y14 = x14 + x03 + x05 + x15
y15 = x07 + x00 + x13 + x15
y03 = x14 + y05 + y14 + y15
y17 = x08 + y13 + y08 + y03
y09 = x04 + x14 + x18 + x09
y16 = x14 + x08 + x01 + x16
y04 = x10 + y10 + y06 + y16
y18 = x09 + y14 + y09 + y04
y01 = x16 + y08 + y14 + y16
y11 = x06 + y06 + y15 + y01
y00 = x00 + x12 + x16 + x09
y19 = x05 + y10 + y05 + y00
y02 = x13 + y13 + y09 + y19
y07 = x15 + y13 + y15 + y00
y12 = x00 + y09 + y16 + y00

----------------
SLP Heuristic XorCount: 20, Depth: 3
, XOR2: 0, XOR3: 0, XOR4: 20
SLP Heuristic XorCost ASIC1: 100
SLP Heuristic XorCost ASIC2: 110
SLP Heuristic XorCost ASIC3: 125
SLP Heuristic XorCost ASIC4: 119.8
y08 = x17 + x03 + x13 + x08
y10 = x04 + x06 + x10 + x16
y06 = x01 + x06 + x11 + x15
y13 = x02 + x13 + x19 + x09
y09 = x04 + x18 + x14 + x09
y00 = x00 + x12 + x16 + x09
y14 = x03 + x15 + x05 + x14
y15 = x00 + x07 + x13 + x15
y07 = x15 + y13 + y00 + y15
y16 = x01 + x08 + x16 + x14
y04 = x10 + y10 + y06 + y16
y01 = x16 + y08 + y14 + y16
y11 = x06 + y06 + y15 + y01
y12 = x00 + y09 + y00 + y16
y18 = x09 + y09 + y14 + y04
y05 = x00 + x10 + x19 + x05
y19 = x05 + y10 + y00 + y05
y03 = x14 + y14 + y15 + y05
y02 = x13 + y13 + y09 + y19
y17 = x08 + y08 + y13 + y03

----------------
SLP Heuristic XorCount: 20, Depth: 3
, XOR2: 0, XOR3: 0, XOR4: 20
SLP Heuristic XorCost ASIC1: 100
SLP Heuristic XorCost ASIC2: 110
SLP Heuristic XorCost ASIC3: 125
SLP Heuristic XorCost ASIC4: 119.8
y10 = x04 + x06 + x10 + x16
y00 = x09 + x00 + x12 + x16
y08 = x03 + x08 + x17 + x13
y09 = x04 + x09 + x14 + x18
y13 = x09 + x19 + x02 + x13
y16 = x01 + x08 + x14 + x16
y05 = x19 + x00 + x10 + x05
y19 = x05 + y10 + y00 + y05
y02 = x13 + y09 + y13 + y19
y14 = x03 + x14 + x15 + x05
y15 = x07 + x00 + x15 + x13
y03 = x14 + y05 + y14 + y15
y07 = x15 + y00 + y13 + y15
y17 = x08 + y08 + y13 + y03
y12 = x00 + y00 + y09 + y16
y06 = x01 + x06 + x11 + x15
y04 = x10 + y10 + y16 + y06
y18 = x09 + y09 + y14 + y04
y01 = x16 + y08 + y16 + y14
y11 = x06 + y15 + y06 + y01

----------------
SLP Heuristic XorCount: 20, Depth: 3
, XOR2: 0, XOR3: 0, XOR4: 20
SLP Heuristic XorCost ASIC1: 100
SLP Heuristic XorCost ASIC2: 110
SLP Heuristic XorCost ASIC3: 125
SLP Heuristic XorCost ASIC4: 119.8
y05 = x05 + x00 + x10 + x19
y00 = x00 + x12 + x09 + x16
y16 = x08 + x01 + x14 + x16
y08 = x03 + x08 + x17 + x13
y10 = x10 + x04 + x16 + x06
y19 = x05 + y05 + y00 + y10
y14 = x03 + x05 + x15 + x14
y01 = x16 + y16 + y08 + y14
y15 = x00 + x07 + x15 + x13
y03 = x14 + y05 + y14 + y15
y06 = x15 + x11 + x01 + x06
y11 = x06 + y01 + y15 + y06
y04 = x10 + y16 + y10 + y06
y09 = x04 + x09 + x18 + x14
y18 = x09 + y14 + y04 + y09
y12 = x00 + y00 + y16 + y09
y13 = x19 + x09 + x02 + x13
y07 = x15 + y00 + y15 + y13
y02 = x13 + y19 + y09 + y13
y17 = x08 + y08 + y03 + y13

----------------
