20 20
1 0 0 0 0 1 0 0 0 0 0 0 0 0 1 0 0 1 0 0
0 1 0 0 0 0 1 0 0 0 1 0 0 0 0 0 0 0 1 0
0 0 1 0 0 0 0 1 0 0 0 1 0 0 1 0 0 1 0 1
0 0 0 1 0 0 0 0 1 0 0 0 1 0 0 1 0 0 1 0
0 0 0 0 1 0 0 0 0 1 0 0 0 1 0 0 1 0 0 1
0 1 0 0 0 1 0 0 0 0 0 0 0 1 0 0 0 0 0 1
1 0 1 0 0 0 1 0 0 0 0 0 0 0 1 1 0 0 0 0
0 0 0 1 0 0 0 1 0 0 1 0 0 1 0 0 1 0 0 1
0 0 0 0 1 0 0 0 1 0 0 1 0 0 1 0 0 1 0 0
1 0 0 0 0 0 0 0 0 1 0 0 1 0 0 0 0 0 1 0
1 0 0 0 0 0 0 0 1 0 1 0 0 0 0 1 0 0 0 0
0 1 0 0 0 0 0 0 0 1 0 1 0 0 0 0 1 0 0 0
0 0 1 0 0 1 0 0 1 0 0 0 1 0 0 0 0 1 0 0
0 0 0 1 0 0 1 0 0 1 0 0 0 1 0 0 0 0 1 0
0 0 0 0 1 0 0 1 0 0 0 0 0 0 1 0 0 0 0 1
0 0 0 0 1 1 0 0 0 0 0 1 0 0 0 1 0 0 0 0
1 0 0 0 0 0 1 0 0 0 1 0 1 0 0 0 1 0 0 0
0 1 0 0 1 0 0 1 0 0 0 0 0 1 0 0 0 1 0 0
0 0 1 0 0 0 0 0 1 0 0 0 0 0 1 0 0 0 1 0
0 0 0 1 0 0 0 0 0 1 1 0 0 0 0 0 0 0 0 1

***********
SLP Heuristic XorCount: 20, Depth: 3
, XOR2: 0, XOR3: 0, XOR4: 20
SLP Heuristic XorCost ASIC1: 100
SLP Heuristic XorCost ASIC2: 110
SLP Heuristic XorCost ASIC3: 125
SLP Heuristic XorCost ASIC4: 119.8
y14 = x04 + x19 + x14 + x07
y11 = x09 + x11 + x16 + x01
y19 = x19 + x03 + x09 + x10
y10 = x08 + x15 + x10 + x00
y18 = x14 + x08 + x18 + x02
y05 = x13 + x19 + x05 + x01
y09 = x12 + x09 + x18 + x00
y03 = x19 + y19 + y10 + y09
y15 = x04 + x05 + x11 + x15
y04 = x15 + y11 + y05 + y15
y07 = x14 + y14 + y19 + y04
y01 = x06 + x10 + x18 + x01
y16 = x11 + y11 + y09 + y01
y13 = x05 + y19 + y05 + y01
y06 = x01 + y10 + y18 + y01
y00 = x14 + x05 + x17 + x00
y08 = x10 + y10 + y15 + y00
y02 = x18 + y14 + y18 + y08
y12 = x09 + y18 + y09 + y00
y17 = x00 + y14 + y05 + y00

----------------
SLP Heuristic XorCount: 20, Depth: 3
, XOR2: 0, XOR3: 0, XOR4: 20
SLP Heuristic XorCost ASIC1: 100
SLP Heuristic XorCost ASIC2: 110
SLP Heuristic XorCost ASIC3: 125
SLP Heuristic XorCost ASIC4: 119.8
y10 = x15 + x10 + x08 + x00
y09 = x09 + x18 + x00 + x12
y05 = x19 + x01 + x05 + x13
y00 = x17 + x14 + x05 + x00
y01 = x01 + x10 + x18 + x06
y14 = x19 + x04 + x14 + x07
y17 = x00 + y05 + y00 + y14
y11 = x01 + x09 + x11 + x16
y16 = x11 + y09 + y01 + y11
y19 = x03 + x19 + x10 + x09
y03 = x19 + y10 + y09 + y19
y13 = x05 + y05 + y01 + y19
y18 = x14 + x08 + x18 + x02
y06 = x01 + y10 + y01 + y18
y15 = x15 + x04 + x05 + x11
y04 = x15 + y05 + y11 + y15
y07 = x14 + y14 + y19 + y04
y12 = x09 + y09 + y00 + y18
y08 = x10 + y10 + y00 + y15
y02 = x18 + y14 + y18 + y08

----------------
SLP Heuristic XorCount: 20, Depth: 3
, XOR2: 0, XOR3: 0, XOR4: 20
SLP Heuristic XorCost ASIC1: 100
SLP Heuristic XorCost ASIC2: 110
SLP Heuristic XorCost ASIC3: 125
SLP Heuristic XorCost ASIC4: 119.8
y15 = x04 + x11 + x05 + x15
y19 = x19 + x10 + x09 + x03
y18 = x18 + x08 + x14 + x02
y14 = x04 + x19 + x14 + x07
y09 = x18 + x00 + x09 + x12
y05 = x01 + x13 + x19 + x05
y00 = x00 + x05 + x14 + x17
y17 = x00 + y14 + y05 + y00
y01 = x18 + x01 + x10 + x06
y13 = x05 + y19 + y05 + y01
y11 = x01 + x11 + x09 + x16
y04 = x15 + y15 + y05 + y11
y07 = x14 + y19 + y14 + y04
y12 = x09 + y18 + y09 + y00
y10 = x00 + x10 + x08 + x15
y03 = x19 + y19 + y09 + y10
y08 = x10 + y15 + y00 + y10
y02 = x18 + y18 + y14 + y08
y06 = x01 + y18 + y01 + y10
y16 = x11 + y09 + y01 + y11

----------------
SLP Heuristic XorCount: 20, Depth: 3
, XOR2: 0, XOR3: 0, XOR4: 20
SLP Heuristic XorCost ASIC1: 100
SLP Heuristic XorCost ASIC2: 110
SLP Heuristic XorCost ASIC3: 125
SLP Heuristic XorCost ASIC4: 119.8
y15 = x11 + x15 + x05 + x04
y00 = x17 + x14 + x05 + x00
y01 = x01 + x10 + x06 + x18
y09 = x12 + x09 + x18 + x00
y10 = x08 + x10 + x15 + x00
y19 = x19 + x09 + x10 + x03
y03 = x19 + y09 + y10 + y19
y18 = x02 + x08 + x14 + x18
y12 = x09 + y00 + y09 + y18
y14 = x19 + x07 + x14 + x04
y08 = x10 + y15 + y00 + y10
y02 = x18 + y18 + y14 + y08
y05 = x19 + x13 + x01 + x05
y13 = x05 + y01 + y19 + y05
y06 = x01 + y01 + y10 + y18
y11 = x01 + x11 + x09 + x16
y16 = x11 + y01 + y09 + y11
y04 = x15 + y15 + y05 + y11
y07 = x14 + y19 + y14 + y04
y17 = x00 + y00 + y14 + y05

----------------
SLP Heuristic XorCount: 20, Depth: 3
, XOR2: 0, XOR3: 0, XOR4: 20
SLP Heuristic XorCost ASIC1: 100
SLP Heuristic XorCost ASIC2: 110
SLP Heuristic XorCost ASIC3: 125
SLP Heuristic XorCost ASIC4: 119.8
y18 = x08 + x18 + x14 + x02
y19 = x09 + x10 + x03 + x19
y00 = x17 + x00 + x05 + x14
y01 = x06 + x01 + x10 + x18
y09 = x00 + x09 + x18 + x12
y12 = x09 + y18 + y00 + y09
y10 = x15 + x00 + x08 + x10
y06 = x01 + y18 + y01 + y10
y03 = x19 + y19 + y09 + y10
y14 = x07 + x14 + x04 + x19
y11 = x01 + x09 + x11 + x16
y16 = x11 + y01 + y09 + y11
y05 = x01 + x05 + x13 + x19
y17 = x00 + y00 + y14 + y05
y13 = x05 + y19 + y01 + y05
y15 = x15 + x05 + x11 + x04
y08 = x10 + y00 + y10 + y15
y02 = x18 + y18 + y14 + y08
y04 = x15 + y11 + y05 + y15
y07 = x14 + y19 + y14 + y04

----------------
SLP Heuristic XorCount: 20, Depth: 3
, XOR2: 0, XOR3: 0, XOR4: 20
SLP Heuristic XorCost ASIC1: 100
SLP Heuristic XorCost ASIC2: 110
SLP Heuristic XorCost ASIC3: 125
SLP Heuristic XorCost ASIC4: 119.8
y19 = x03 + x09 + x10 + x19
y11 = x09 + x11 + x16 + x01
y10 = x00 + x08 + x10 + x15
y01 = x18 + x10 + x06 + x01
y15 = x05 + x11 + x04 + x15
y00 = x00 + x14 + x17 + x05
y08 = x10 + y10 + y15 + y00
y18 = x18 + x14 + x08 + x02
y06 = x01 + y10 + y01 + y18
y09 = x18 + x00 + x12 + x09
y03 = x19 + y19 + y10 + y09
y16 = x11 + y11 + y01 + y09
y05 = x13 + x05 + x19 + x01
y13 = x05 + y19 + y01 + y05
y04 = x15 + y11 + y15 + y05
y14 = x14 + x07 + x04 + x19
y02 = x18 + y08 + y18 + y14
y17 = x00 + y00 + y05 + y14
y07 = x14 + y19 + y04 + y14
y12 = x09 + y00 + y18 + y09

----------------
SLP Heuristic XorCount: 20, Depth: 3
, XOR2: 0, XOR3: 0, XOR4: 20
SLP Heuristic XorCost ASIC1: 100
SLP Heuristic XorCost ASIC2: 110
SLP Heuristic XorCost ASIC3: 125
SLP Heuristic XorCost ASIC4: 119.8
y11 = x09 + x11 + x01 + x16
y00 = x17 + x00 + x14 + x05
y05 = x05 + x19 + x01 + x13
y10 = x15 + x10 + x00 + x08
y01 = x10 + x06 + x01 + x18
y15 = x04 + x15 + x05 + x11
y04 = x15 + y11 + y05 + y15
y08 = x10 + y00 + y10 + y15
y18 = x02 + x14 + x08 + x18
y14 = x04 + x14 + x07 + x19
y17 = x00 + y00 + y05 + y14
y02 = x18 + y08 + y18 + y14
y09 = x12 + x00 + x09 + x18
y12 = x09 + y00 + y18 + y09
y16 = x11 + y11 + y01 + y09
y19 = x10 + x09 + x19 + x03
y03 = x19 + y10 + y09 + y19
y07 = x14 + y04 + y14 + y19
y13 = x05 + y05 + y01 + y19
y06 = x01 + y10 + y01 + y18

----------------
SLP Heuristic XorCount: 20, Depth: 3
, XOR2: 0, XOR3: 0, XOR4: 20
SLP Heuristic XorCost ASIC1: 100
SLP Heuristic XorCost ASIC2: 110
SLP Heuristic XorCost ASIC3: 125
SLP Heuristic XorCost ASIC4: 119.8
y05 = x19 + x05 + x01 + x13
y14 = x19 + x14 + x07 + x04
y15 = x15 + x11 + x05 + x04
y10 = x00 + x15 + x10 + x08
y19 = x19 + x10 + x09 + x03
y01 = x06 + x18 + x10 + x01
y13 = x05 + y05 + y19 + y01
y09 = x00 + x18 + x12 + x09
y03 = x19 + y10 + y19 + y09
y18 = x18 + x08 + x14 + x02
y06 = x01 + y10 + y01 + y18
y00 = x00 + x05 + x14 + x17
y17 = x00 + y05 + y14 + y00
y08 = x10 + y15 + y10 + y00
y02 = x18 + y14 + y18 + y08
y12 = x09 + y09 + y18 + y00
y11 = x11 + x09 + x01 + x16
y16 = x11 + y01 + y09 + y11
y04 = x15 + y05 + y15 + y11
y07 = x14 + y14 + y19 + y04

----------------
SLP Heuristic XorCount: 20, Depth: 3
, XOR2: 0, XOR3: 0, XOR4: 20
SLP Heuristic XorCost ASIC1: 100
SLP Heuristic XorCost ASIC2: 110
SLP Heuristic XorCost ASIC3: 125
SLP Heuristic XorCost ASIC4: 119.8
y14 = x07 + x14 + x04 + x19
y09 = x12 + x18 + x09 + x00
y11 = x01 + x11 + x09 + x16
y00 = x14 + x05 + x17 + x00
y15 = x15 + x11 + x04 + x05
y10 = x15 + x08 + x10 + x00
y19 = x03 + x09 + x10 + x19
y03 = x19 + y09 + y10 + y19
y08 = x10 + y00 + y15 + y10
y18 = x18 + x02 + x08 + x14
y12 = x09 + y09 + y00 + y18
y01 = x01 + x18 + x10 + x06
y16 = x11 + y09 + y11 + y01
y06 = x01 + y10 + y18 + y01
y02 = x18 + y14 + y08 + y18
y05 = x01 + x13 + x05 + x19
y04 = x15 + y11 + y15 + y05
y07 = x14 + y14 + y19 + y04
y17 = x00 + y14 + y00 + y05
y13 = x05 + y19 + y01 + y05

----------------
SLP Heuristic XorCount: 20, Depth: 3
, XOR2: 0, XOR3: 0, XOR4: 20
SLP Heuristic XorCost ASIC1: 100
SLP Heuristic XorCost ASIC2: 110
SLP Heuristic XorCost ASIC3: 125
SLP Heuristic XorCost ASIC4: 119.8
y09 = x18 + x09 + x00 + x12
y18 = x02 + x18 + x08 + x14
y19 = x09 + x10 + x19 + x03
y05 = x13 + x05 + x19 + x01
y15 = x04 + x15 + x05 + x11
y11 = x09 + x11 + x16 + x01
y04 = x15 + y05 + y15 + y11
y00 = x05 + x17 + x14 + x00
y12 = x09 + y09 + y18 + y00
y10 = x15 + x08 + x10 + x00
y03 = x19 + y09 + y19 + y10
y01 = x06 + x18 + x10 + x01
y06 = x01 + y18 + y10 + y01
y13 = x05 + y19 + y05 + y01
y08 = x10 + y15 + y00 + y10
y16 = x11 + y09 + y11 + y01
y14 = x04 + x07 + x19 + x14
y17 = x00 + y05 + y00 + y14
y02 = x18 + y18 + y08 + y14
y07 = x14 + y19 + y04 + y14

----------------
