20 20
1 0 0 0 0 1 0 0 0 0 0 0 0 0 1 1 0 0 0 0
0 1 0 0 0 0 1 0 0 0 1 0 0 0 0 0 1 0 0 0
0 0 1 0 0 0 0 1 0 0 0 1 0 0 1 0 0 1 0 0
0 0 0 1 0 0 0 0 1 0 0 0 1 0 0 0 0 0 1 0
0 0 0 0 1 0 0 0 0 1 0 0 0 1 0 0 0 0 0 1
0 0 0 0 1 1 0 0 0 0 0 1 0 0 0 0 0 1 0 0
1 0 0 0 0 0 1 0 0 0 1 0 1 0 0 0 0 0 1 0
0 1 0 0 1 0 0 1 0 0 0 0 0 1 0 0 0 1 0 1
0 0 1 0 0 0 0 0 1 0 0 0 0 0 1 1 0 0 1 0
0 0 0 1 0 0 0 0 0 1 1 0 0 0 0 0 1 0 0 1
0 0 1 0 0 1 0 0 0 0 1 0 0 0 0 0 0 0 1 0
0 0 0 1 0 0 1 0 0 0 0 1 0 0 0 0 0 0 0 1
0 0 1 0 1 0 0 1 0 0 0 0 1 0 0 1 0 0 1 0
1 0 0 1 0 0 0 0 1 0 0 0 0 1 0 0 1 0 0 1
0 1 0 0 1 0 0 0 0 1 0 0 0 0 1 0 0 1 0 0
0 1 0 0 0 0 0 0 0 1 0 1 0 0 0 1 0 0 0 0
1 0 1 0 0 1 0 0 0 0 1 0 1 0 0 0 1 0 0 0
0 0 0 1 0 0 1 0 0 1 0 0 0 1 0 0 0 1 0 0
0 0 0 0 1 0 0 1 0 0 0 0 0 0 1 0 0 0 1 0
1 0 0 0 0 0 0 0 1 0 1 0 0 0 0 0 0 0 0 1

***********
SLP Heuristic XorCount: 20, Depth: 3
, XOR2: 0, XOR3: 0, XOR4: 20
SLP Heuristic XorCost ASIC1: 100
SLP Heuristic XorCost ASIC2: 110
SLP Heuristic XorCost ASIC3: 125
SLP Heuristic XorCost ASIC4: 119.8
y19 = x10 + x19 + x08 + x00
y18 = x14 + x18 + x07 + x04
y04 = x19 + x13 + x04 + x09
y01 = x06 + x10 + x01 + x16
y03 = x18 + x03 + x08 + x12
y05 = x11 + x17 + x05 + x04
y10 = x02 + x10 + x18 + x05
y02 = x10 + y18 + y05 + y10
y11 = x06 + x11 + x19 + x03
y17 = x05 + y04 + y05 + y11
y06 = x11 + y19 + y03 + y11
y16 = x01 + y01 + y10 + y06
y15 = x11 + x15 + x01 + x09
y09 = x15 + y01 + y11 + y15
y00 = x14 + x15 + x05 + x00
y08 = x19 + y19 + y10 + y00
y14 = x00 + y05 + y15 + y00
y07 = x18 + y18 + y04 + y14
y13 = x04 + y19 + y04 + y09
y12 = x03 + y18 + y03 + y08

----------------
SLP Heuristic XorCount: 20, Depth: 3
, XOR2: 0, XOR3: 0, XOR4: 20
SLP Heuristic XorCost ASIC1: 100
SLP Heuristic XorCost ASIC2: 110
SLP Heuristic XorCost ASIC3: 125
SLP Heuristic XorCost ASIC4: 119.8
y05 = x05 + x17 + x11 + x04
y04 = x09 + x04 + x19 + x13
y18 = x14 + x18 + x04 + x07
y01 = x01 + x06 + x16 + x10
y00 = x14 + x05 + x00 + x15
y11 = x11 + x06 + x03 + x19
y17 = x05 + y05 + y04 + y11
y15 = x01 + x09 + x11 + x15
y09 = x15 + y01 + y11 + y15
y14 = x00 + y05 + y00 + y15
y07 = x18 + y04 + y18 + y14
y03 = x18 + x12 + x08 + x03
y19 = x00 + x08 + x19 + x10
y13 = x04 + y04 + y09 + y19
y06 = x11 + y11 + y03 + y19
y10 = x18 + x05 + x10 + x02
y02 = x10 + y05 + y18 + y10
y08 = x19 + y00 + y19 + y10
y12 = x03 + y18 + y03 + y08
y16 = x01 + y01 + y06 + y10

----------------
SLP Heuristic XorCount: 20, Depth: 3
, XOR2: 0, XOR3: 0, XOR4: 20
SLP Heuristic XorCost ASIC1: 100
SLP Heuristic XorCost ASIC2: 110
SLP Heuristic XorCost ASIC3: 125
SLP Heuristic XorCost ASIC4: 119.8
y10 = x05 + x02 + x18 + x10
y04 = x04 + x13 + x19 + x09
y01 = x06 + x16 + x10 + x01
y05 = x05 + x04 + x17 + x11
y18 = x04 + x18 + x07 + x14
y02 = x10 + y10 + y05 + y18
y19 = x00 + x10 + x19 + x08
y00 = x05 + x00 + x15 + x14
y08 = x19 + y10 + y19 + y00
y11 = x06 + x03 + x19 + x11
y17 = x05 + y04 + y05 + y11
y03 = x03 + x18 + x12 + x08
y06 = x11 + y19 + y11 + y03
y16 = x01 + y10 + y01 + y06
y12 = x03 + y18 + y08 + y03
y15 = x15 + x11 + x09 + x01
y14 = x00 + y05 + y00 + y15
y07 = x18 + y04 + y18 + y14
y09 = x15 + y01 + y11 + y15
y13 = x04 + y04 + y19 + y09

----------------
SLP Heuristic XorCount: 20, Depth: 3
, XOR2: 0, XOR3: 0, XOR4: 20
SLP Heuristic XorCost ASIC1: 100
SLP Heuristic XorCost ASIC2: 110
SLP Heuristic XorCost ASIC3: 125
SLP Heuristic XorCost ASIC4: 119.8
y15 = x15 + x11 + x01 + x09
y18 = x18 + x07 + x14 + x04
y04 = x04 + x09 + x19 + x13
y10 = x02 + x10 + x18 + x05
y01 = x10 + x01 + x16 + x06
y19 = x10 + x08 + x00 + x19
y11 = x11 + x19 + x06 + x03
y09 = x15 + y15 + y01 + y11
y13 = x04 + y04 + y19 + y09
y03 = x12 + x18 + x08 + x03
y00 = x15 + x14 + x00 + x05
y08 = x19 + y10 + y19 + y00
y12 = x03 + y18 + y03 + y08
y05 = x04 + x11 + x17 + x05
y02 = x10 + y18 + y10 + y05
y14 = x00 + y15 + y00 + y05
y07 = x18 + y18 + y04 + y14
y17 = x05 + y04 + y11 + y05
y06 = x11 + y19 + y11 + y03
y16 = x01 + y10 + y01 + y06

----------------
SLP Heuristic XorCount: 20, Depth: 3
, XOR2: 0, XOR3: 0, XOR4: 20
SLP Heuristic XorCost ASIC1: 100
SLP Heuristic XorCost ASIC2: 110
SLP Heuristic XorCost ASIC3: 125
SLP Heuristic XorCost ASIC4: 119.8
y04 = x19 + x13 + x04 + x09
y18 = x14 + x04 + x07 + x18
y10 = x05 + x10 + x02 + x18
y19 = x00 + x19 + x10 + x08
y11 = x19 + x03 + x06 + x11
y01 = x16 + x01 + x10 + x06
y05 = x05 + x17 + x04 + x11
y17 = x05 + y04 + y11 + y05
y02 = x10 + y18 + y10 + y05
y15 = x01 + x09 + x15 + x11
y09 = x15 + y11 + y01 + y15
y13 = x04 + y04 + y19 + y09
y00 = x14 + x00 + x05 + x15
y08 = x19 + y10 + y19 + y00
y14 = x00 + y05 + y15 + y00
y07 = x18 + y04 + y18 + y14
y03 = x12 + x03 + x08 + x18
y06 = x11 + y19 + y11 + y03
y16 = x01 + y10 + y01 + y06
y12 = x03 + y18 + y08 + y03

----------------
SLP Heuristic XorCount: 20, Depth: 3
, XOR2: 0, XOR3: 0, XOR4: 20
SLP Heuristic XorCost ASIC1: 100
SLP Heuristic XorCost ASIC2: 110
SLP Heuristic XorCost ASIC3: 125
SLP Heuristic XorCost ASIC4: 119.8
y03 = x18 + x08 + x03 + x12
y00 = x05 + x15 + x14 + x00
y10 = x05 + x02 + x18 + x10
y04 = x09 + x04 + x19 + x13
y15 = x09 + x15 + x11 + x01
y11 = x06 + x11 + x19 + x03
y05 = x05 + x11 + x04 + x17
y17 = x05 + y04 + y11 + y05
y14 = x00 + y00 + y15 + y05
y18 = x07 + x04 + x14 + x18
y02 = x10 + y10 + y05 + y18
y01 = x16 + x06 + x01 + x10
y09 = x15 + y15 + y11 + y01
y19 = x08 + x10 + x19 + x00
y13 = x04 + y04 + y09 + y19
y08 = x19 + y00 + y10 + y19
y12 = x03 + y03 + y18 + y08
y06 = x11 + y03 + y11 + y19
y16 = x01 + y10 + y01 + y06
y07 = x18 + y04 + y14 + y18

----------------
SLP Heuristic XorCount: 20, Depth: 3
, XOR2: 0, XOR3: 0, XOR4: 20
SLP Heuristic XorCost ASIC1: 100
SLP Heuristic XorCost ASIC2: 110
SLP Heuristic XorCost ASIC3: 125
SLP Heuristic XorCost ASIC4: 119.8
y19 = x19 + x10 + x00 + x08
y04 = x19 + x13 + x09 + x04
y00 = x15 + x14 + x05 + x00
y10 = x18 + x10 + x05 + x02
y08 = x19 + y19 + y00 + y10
y15 = x15 + x01 + x09 + x11
y01 = x06 + x10 + x01 + x16
y11 = x19 + x06 + x03 + x11
y09 = x15 + y15 + y01 + y11
y13 = x04 + y19 + y04 + y09
y18 = x07 + x18 + x14 + x04
y03 = x18 + x12 + x03 + x08
y06 = x11 + y19 + y11 + y03
y16 = x01 + y10 + y01 + y06
y12 = x03 + y08 + y18 + y03
y05 = x17 + x05 + x11 + x04
y02 = x10 + y10 + y18 + y05
y17 = x05 + y04 + y11 + y05
y14 = x00 + y00 + y15 + y05
y07 = x18 + y04 + y18 + y14

----------------
SLP Heuristic XorCount: 20, Depth: 3
, XOR2: 0, XOR3: 0, XOR4: 20
SLP Heuristic XorCost ASIC1: 100
SLP Heuristic XorCost ASIC2: 110
SLP Heuristic XorCost ASIC3: 125
SLP Heuristic XorCost ASIC4: 119.8
y05 = x05 + x04 + x11 + x17
y04 = x19 + x09 + x04 + x13
y19 = x19 + x00 + x08 + x10
y00 = x00 + x05 + x15 + x14
y03 = x12 + x08 + x18 + x03
y11 = x19 + x11 + x06 + x03
y17 = x05 + y05 + y04 + y11
y06 = x11 + y19 + y03 + y11
y18 = x04 + x18 + x14 + x07
y15 = x09 + x01 + x15 + x11
y14 = x00 + y05 + y00 + y15
y10 = x05 + x18 + x02 + x10
y02 = x10 + y05 + y18 + y10
y08 = x19 + y19 + y00 + y10
y12 = x03 + y03 + y18 + y08
y07 = x18 + y04 + y18 + y14
y01 = x16 + x01 + x06 + x10
y09 = x15 + y11 + y15 + y01
y13 = x04 + y04 + y19 + y09
y16 = x01 + y06 + y10 + y01

----------------
SLP Heuristic XorCount: 20, Depth: 3
, XOR2: 0, XOR3: 0, XOR4: 20
SLP Heuristic XorCost ASIC1: 100
SLP Heuristic XorCost ASIC2: 110
SLP Heuristic XorCost ASIC3: 125
SLP Heuristic XorCost ASIC4: 119.8
y01 = x16 + x10 + x06 + x01
y04 = x09 + x13 + x04 + x19
y00 = x15 + x00 + x14 + x05
y19 = x10 + x00 + x08 + x19
y03 = x03 + x12 + x18 + x08
y11 = x03 + x06 + x11 + x19
y06 = x11 + y19 + y03 + y11
y10 = x02 + x10 + x18 + x05
y16 = x01 + y01 + y06 + y10
y08 = x19 + y00 + y19 + y10
y05 = x17 + x11 + x04 + x05
y17 = x05 + y04 + y11 + y05
y15 = x09 + x15 + x11 + x01
y14 = x00 + y00 + y05 + y15
y09 = x15 + y01 + y11 + y15
y13 = x04 + y04 + y19 + y09
y18 = x07 + x14 + x18 + x04
y02 = x10 + y10 + y05 + y18
y12 = x03 + y03 + y08 + y18
y07 = x18 + y04 + y14 + y18

----------------
SLP Heuristic XorCount: 20, Depth: 3
, XOR2: 0, XOR3: 0, XOR4: 20
SLP Heuristic XorCost ASIC1: 100
SLP Heuristic XorCost ASIC2: 110
SLP Heuristic XorCost ASIC3: 125
SLP Heuristic XorCost ASIC4: 119.8
y18 = x07 + x14 + x18 + x04
y15 = x11 + x01 + x15 + x09
y19 = x08 + x19 + x00 + x10
y04 = x13 + x19 + x04 + x09
y00 = x14 + x05 + x00 + x15
y05 = x11 + x05 + x04 + x17
y11 = x11 + x19 + x03 + x06
y10 = x02 + x18 + x05 + x10
y02 = x10 + y18 + y05 + y10
y08 = x19 + y19 + y00 + y10
y03 = x08 + x12 + x18 + x03
y12 = x03 + y18 + y08 + y03
y14 = x00 + y15 + y00 + y05
y07 = x18 + y18 + y04 + y14
y17 = x05 + y04 + y05 + y11
y01 = x01 + x16 + x10 + x06
y09 = x15 + y15 + y11 + y01
y06 = x11 + y19 + y11 + y03
y16 = x01 + y10 + y01 + y06
y13 = x04 + y19 + y04 + y09

----------------
