20 20
1 0 0 0 0 0 1 0 0 0 0 0 1 0 0 0 0 0 0 1
0 1 0 0 0 1 0 1 0 0 0 0 0 1 0 1 0 0 0 0
0 0 1 0 0 0 0 0 1 0 0 0 1 0 1 0 1 0 0 1
0 0 0 1 0 0 0 0 0 1 1 0 0 1 0 0 0 1 0 0
0 0 0 0 1 1 0 0 0 0 0 1 0 0 1 0 0 0 1 0
1 0 0 0 0 1 0 0 0 0 0 0 0 1 0 0 0 1 0 0
0 1 0 0 0 0 1 0 0 0 0 0 0 0 1 0 0 0 1 0
0 0 1 0 0 0 0 1 0 0 1 0 0 1 0 0 0 1 0 1
0 0 0 1 0 0 0 0 1 0 0 1 0 0 1 1 0 0 1 0
0 0 0 0 1 0 0 0 0 1 0 0 1 0 0 0 1 0 0 1
0 0 0 0 1 0 1 0 0 0 1 0 0 0 0 0 1 0 0 0
1 0 0 0 0 1 0 1 0 0 0 1 0 0 0 1 0 1 0 0
0 1 0 0 1 0 0 0 1 0 0 0 1 0 0 0 0 0 1 0
0 0 1 0 0 0 0 0 0 1 0 0 0 1 0 0 0 0 0 1
0 0 0 1 0 1 0 0 0 0 0 0 0 0 1 1 0 0 0 0
1 0 0 0 0 0 0 0 0 1 1 0 0 0 0 1 0 0 0 0
0 1 0 0 0 1 0 0 0 0 0 1 0 0 0 0 1 0 0 0
0 0 1 0 0 0 1 0 0 1 0 0 1 0 0 0 0 1 0 0
0 0 0 1 0 0 0 1 0 0 0 0 0 1 0 0 0 0 1 0
0 0 0 0 1 0 0 0 1 0 0 0 0 0 1 0 0 0 0 1

***********
SLP Heuristic XorCount: 20, Depth: 3
, XOR2: 0, XOR3: 0, XOR4: 20
SLP Heuristic XorCost ASIC1: 100
SLP Heuristic XorCost ASIC2: 110
SLP Heuristic XorCost ASIC3: 125
SLP Heuristic XorCost ASIC4: 119.8
y19 = x08 + x04 + x14 + x19
y05 = x13 + x05 + x17 + x00
y10 = x04 + x10 + x16 + x06
y06 = x01 + x18 + x14 + x06
y18 = x07 + x13 + x18 + x03
y16 = x05 + x11 + x01 + x16
y04 = x10 + y10 + y06 + y16
y15 = x09 + x15 + x00 + x10
y13 = x13 + x09 + x02 + x19
y00 = x12 + x00 + x19 + x06
y17 = x05 + y05 + y13 + y00
y09 = x15 + y10 + y15 + y00
y12 = x00 + y19 + y06 + y00
y02 = x13 + y19 + y13 + y09
y14 = x05 + x15 + x14 + x03
y01 = x06 + y06 + y18 + y14
y11 = x16 + y05 + y16 + y01
y08 = x19 + y19 + y04 + y14
y03 = x14 + y05 + y15 + y14
y07 = x18 + y18 + y13 + y03

----------------
SLP Heuristic XorCount: 20, Depth: 3
, XOR2: 0, XOR3: 0, XOR4: 20
SLP Heuristic XorCost ASIC1: 100
SLP Heuristic XorCost ASIC2: 110
SLP Heuristic XorCost ASIC3: 125
SLP Heuristic XorCost ASIC4: 119.8
y14 = x15 + x14 + x03 + x05
y00 = x12 + x00 + x19 + x06
y19 = x14 + x04 + x19 + x08
y05 = x00 + x17 + x13 + x05
y06 = x14 + x18 + x01 + x06
y10 = x04 + x16 + x06 + x10
y12 = x00 + y00 + y19 + y06
y13 = x09 + x02 + x19 + x13
y15 = x15 + x09 + x00 + x10
y03 = x14 + y14 + y05 + y15
y09 = x15 + y00 + y10 + y15
y02 = x13 + y19 + y13 + y09
y18 = x18 + x07 + x03 + x13
y01 = x06 + y14 + y06 + y18
y07 = x18 + y13 + y03 + y18
y17 = x05 + y00 + y05 + y13
y16 = x11 + x16 + x01 + x05
y04 = x10 + y06 + y10 + y16
y08 = x19 + y14 + y19 + y04
y11 = x16 + y05 + y01 + y16

----------------
SLP Heuristic XorCount: 20, Depth: 3
, XOR2: 0, XOR3: 0, XOR4: 20
SLP Heuristic XorCost ASIC1: 100
SLP Heuristic XorCost ASIC2: 110
SLP Heuristic XorCost ASIC3: 125
SLP Heuristic XorCost ASIC4: 119.8
y16 = x11 + x16 + x05 + x01
y19 = x08 + x19 + x14 + x04
y14 = x03 + x14 + x15 + x05
y05 = x00 + x17 + x13 + x05
y10 = x16 + x06 + x10 + x04
y06 = x18 + x06 + x14 + x01
y04 = x10 + y16 + y10 + y06
y18 = x07 + x03 + x18 + x13
y01 = x06 + y14 + y06 + y18
y11 = x16 + y16 + y05 + y01
y15 = x00 + x09 + x10 + x15
y03 = x14 + y14 + y05 + y15
y08 = x19 + y19 + y14 + y04
y00 = x00 + x19 + x06 + x12
y09 = x15 + y10 + y15 + y00
y12 = x00 + y19 + y06 + y00
y13 = x02 + x19 + x09 + x13
y07 = x18 + y18 + y03 + y13
y17 = x05 + y05 + y00 + y13
y02 = x13 + y19 + y09 + y13

----------------
SLP Heuristic XorCount: 20, Depth: 3
, XOR2: 0, XOR3: 0, XOR4: 20
SLP Heuristic XorCost ASIC1: 100
SLP Heuristic XorCost ASIC2: 110
SLP Heuristic XorCost ASIC3: 125
SLP Heuristic XorCost ASIC4: 119.8
y13 = x02 + x13 + x19 + x09
y14 = x15 + x05 + x14 + x03
y16 = x16 + x11 + x05 + x01
y05 = x17 + x13 + x05 + x00
y06 = x06 + x01 + x14 + x18
y19 = x08 + x19 + x14 + x04
y10 = x10 + x16 + x06 + x04
y04 = x10 + y16 + y06 + y10
y08 = x19 + y14 + y19 + y04
y00 = x19 + x06 + x00 + x12
y12 = x00 + y06 + y19 + y00
y15 = x10 + x15 + x00 + x09
y09 = x15 + y10 + y00 + y15
y02 = x13 + y13 + y19 + y09
y17 = x05 + y13 + y05 + y00
y03 = x14 + y14 + y05 + y15
y18 = x13 + x07 + x03 + x18
y01 = x06 + y14 + y06 + y18
y11 = x16 + y16 + y05 + y01
y07 = x18 + y13 + y03 + y18

----------------
SLP Heuristic XorCount: 20, Depth: 3
, XOR2: 0, XOR3: 0, XOR4: 20
SLP Heuristic XorCost ASIC1: 100
SLP Heuristic XorCost ASIC2: 110
SLP Heuristic XorCost ASIC3: 125
SLP Heuristic XorCost ASIC4: 119.8
y18 = x07 + x03 + x13 + x18
y16 = x01 + x05 + x11 + x16
y13 = x19 + x02 + x13 + x09
y05 = x00 + x05 + x17 + x13
y19 = x19 + x14 + x04 + x08
y14 = x15 + x14 + x05 + x03
y10 = x06 + x10 + x04 + x16
y06 = x14 + x06 + x01 + x18
y01 = x06 + y18 + y14 + y06
y11 = x16 + y16 + y05 + y01
y15 = x15 + x10 + x00 + x09
y03 = x14 + y05 + y14 + y15
y07 = x18 + y18 + y13 + y03
y00 = x19 + x06 + x00 + x12
y09 = x15 + y10 + y15 + y00
y12 = x00 + y19 + y06 + y00
y17 = x05 + y13 + y05 + y00
y04 = x10 + y16 + y10 + y06
y08 = x19 + y19 + y14 + y04
y02 = x13 + y13 + y19 + y09

----------------
SLP Heuristic XorCount: 20, Depth: 3
, XOR2: 0, XOR3: 0, XOR4: 20
SLP Heuristic XorCost ASIC1: 100
SLP Heuristic XorCost ASIC2: 110
SLP Heuristic XorCost ASIC3: 125
SLP Heuristic XorCost ASIC4: 119.8
y19 = x04 + x08 + x19 + x14
y13 = x02 + x19 + x09 + x13
y18 = x03 + x07 + x18 + x13
y05 = x00 + x05 + x13 + x17
y06 = x06 + x01 + x18 + x14
y14 = x03 + x05 + x14 + x15
y16 = x05 + x01 + x16 + x11
y10 = x06 + x04 + x16 + x10
y04 = x10 + y06 + y16 + y10
y08 = x19 + y19 + y14 + y04
y00 = x00 + x06 + x12 + x19
y12 = x00 + y19 + y06 + y00
y15 = x00 + x09 + x15 + x10
y09 = x15 + y10 + y00 + y15
y02 = x13 + y19 + y13 + y09
y01 = x06 + y18 + y06 + y14
y11 = x16 + y05 + y16 + y01
y03 = x14 + y05 + y14 + y15
y07 = x18 + y13 + y18 + y03
y17 = x05 + y13 + y05 + y00

----------------
SLP Heuristic XorCount: 20, Depth: 3
, XOR2: 0, XOR3: 0, XOR4: 20
SLP Heuristic XorCost ASIC1: 100
SLP Heuristic XorCost ASIC2: 110
SLP Heuristic XorCost ASIC3: 125
SLP Heuristic XorCost ASIC4: 119.8
y14 = x05 + x15 + x14 + x03
y18 = x07 + x13 + x18 + x03
y05 = x05 + x13 + x00 + x17
y16 = x05 + x16 + x11 + x01
y13 = x13 + x09 + x02 + x19
y10 = x04 + x06 + x16 + x10
y06 = x18 + x06 + x14 + x01
y01 = x06 + y14 + y18 + y06
y11 = x16 + y05 + y16 + y01
y15 = x09 + x15 + x00 + x10
y03 = x14 + y14 + y05 + y15
y07 = x18 + y18 + y13 + y03
y19 = x08 + x04 + x14 + x19
y04 = x10 + y16 + y10 + y06
y08 = x19 + y14 + y19 + y04
y00 = x12 + x06 + x00 + x19
y17 = x05 + y05 + y13 + y00
y09 = x15 + y10 + y15 + y00
y02 = x13 + y13 + y19 + y09
y12 = x00 + y06 + y19 + y00

----------------
SLP Heuristic XorCount: 20, Depth: 3
, XOR2: 0, XOR3: 0, XOR4: 20
SLP Heuristic XorCost ASIC1: 100
SLP Heuristic XorCost ASIC2: 110
SLP Heuristic XorCost ASIC3: 125
SLP Heuristic XorCost ASIC4: 119.8
y16 = x11 + x16 + x05 + x01
y00 = x12 + x00 + x06 + x19
y19 = x14 + x08 + x19 + x04
y05 = x00 + x05 + x17 + x13
y06 = x14 + x18 + x06 + x01
y13 = x02 + x09 + x13 + x19
y17 = x05 + y00 + y05 + y13
y18 = x18 + x07 + x03 + x13
y10 = x16 + x10 + x06 + x04
y12 = x00 + y00 + y19 + y06
y04 = x10 + y16 + y06 + y10
y15 = x15 + x09 + x00 + x10
y09 = x15 + y00 + y10 + y15
y02 = x13 + y19 + y13 + y09
y14 = x15 + x14 + x05 + x03
y08 = x19 + y19 + y04 + y14
y03 = x14 + y05 + y15 + y14
y01 = x06 + y06 + y18 + y14
y11 = x16 + y16 + y05 + y01
y07 = x18 + y13 + y18 + y03

----------------
SLP Heuristic XorCount: 20, Depth: 3
, XOR2: 0, XOR3: 0, XOR4: 20
SLP Heuristic XorCost ASIC1: 100
SLP Heuristic XorCost ASIC2: 110
SLP Heuristic XorCost ASIC3: 125
SLP Heuristic XorCost ASIC4: 119.8
y13 = x02 + x19 + x13 + x09
y14 = x03 + x14 + x15 + x05
y00 = x00 + x12 + x19 + x06
y05 = x00 + x17 + x13 + x05
y17 = x05 + y13 + y00 + y05
y18 = x18 + x07 + x03 + x13
y10 = x16 + x10 + x04 + x06
y06 = x18 + x01 + x14 + x06
y01 = x06 + y14 + y18 + y06
y15 = x00 + x10 + x15 + x09
y09 = x15 + y00 + y10 + y15
y03 = x14 + y14 + y05 + y15
y07 = x18 + y13 + y18 + y03
y16 = x16 + x11 + x01 + x05
y11 = x16 + y05 + y01 + y16
y04 = x10 + y10 + y06 + y16
y19 = x08 + x19 + x14 + x04
y02 = x13 + y13 + y09 + y19
y12 = x00 + y00 + y06 + y19
y08 = x19 + y14 + y04 + y19

----------------
SLP Heuristic XorCount: 20, Depth: 3
, XOR2: 0, XOR3: 0, XOR4: 20
SLP Heuristic XorCost ASIC1: 100
SLP Heuristic XorCost ASIC2: 110
SLP Heuristic XorCost ASIC3: 125
SLP Heuristic XorCost ASIC4: 119.8
y18 = x13 + x07 + x18 + x03
y16 = x16 + x01 + x05 + x11
y00 = x19 + x06 + x00 + x12
y05 = x13 + x17 + x00 + x05
y06 = x01 + x18 + x06 + x14
y10 = x16 + x10 + x04 + x06
y19 = x08 + x19 + x04 + x14
y12 = x00 + y00 + y06 + y19
y04 = x10 + y16 + y06 + y10
y15 = x10 + x15 + x00 + x09
y09 = x15 + y00 + y10 + y15
y13 = x02 + x13 + x19 + x09
y02 = x13 + y19 + y09 + y13
y17 = x05 + y00 + y05 + y13
y14 = x15 + x14 + x03 + x05
y08 = x19 + y19 + y04 + y14
y01 = x06 + y18 + y06 + y14
y11 = x16 + y16 + y05 + y01
y03 = x14 + y05 + y15 + y14
y07 = x18 + y18 + y13 + y03

----------------
