20 20
1 0 0 0 0 0 0 1 0 0 1 0 0 0 0 0 0 0 0 1
0 1 0 0 0 0 0 0 1 0 0 1 0 0 0 1 0 0 0 0
0 0 1 0 0 0 0 1 0 1 0 0 1 0 0 0 1 0 0 1
0 0 0 1 0 1 0 0 1 0 0 0 0 1 0 0 0 1 0 0
0 0 0 0 1 0 1 0 0 1 0 0 0 0 1 0 0 0 1 0
0 0 0 0 1 1 0 0 0 0 1 0 0 0 0 0 1 0 0 0
1 0 0 0 0 0 1 0 0 0 0 1 0 0 0 1 0 1 0 0
0 1 0 0 1 0 0 1 0 0 0 0 1 0 0 0 0 0 1 0
0 0 1 0 0 0 0 0 1 0 0 0 0 1 0 0 0 0 0 1
0 0 0 1 0 0 0 0 0 1 0 0 0 0 1 1 0 0 0 0
0 1 0 0 0 0 0 0 0 1 1 0 0 0 0 0 0 0 1 0
1 0 1 0 0 1 0 0 0 0 0 1 0 0 0 0 0 0 0 1
0 0 0 1 0 0 1 0 0 1 0 0 1 0 0 1 0 0 1 0
0 0 0 0 1 0 0 1 0 0 0 0 0 1 0 0 1 0 0 1
1 0 0 0 0 0 0 0 1 0 0 0 0 0 1 0 0 1 0 0
1 0 0 0 0 1 0 0 0 0 0 0 0 1 0 1 0 0 0 0
0 1 0 0 0 0 1 0 0 0 0 0 0 0 1 0 1 0 0 0
0 0 1 0 0 0 0 1 0 0 1 0 0 1 0 0 0 1 0 0
0 0 0 1 0 0 0 0 1 0 0 1 0 0 1 0 0 0 1 0
0 0 0 0 1 0 0 0 0 1 0 0 1 0 0 0 0 0 0 1

***********
SLP Heuristic XorCount: 20, Depth: 3
, XOR2: 0, XOR3: 0, XOR4: 20
SLP Heuristic XorCost ASIC1: 100
SLP Heuristic XorCost ASIC2: 110
SLP Heuristic XorCost ASIC3: 125
SLP Heuristic XorCost ASIC4: 119.8
y05 = x05 + x10 + x04 + x16
y08 = x08 + x02 + x13 + x19
y19 = x12 + x09 + x19 + x04
y00 = x00 + x07 + x10 + x19
y01 = x08 + x11 + x15 + x01
y16 = x06 + x14 + x01 + x16
y09 = x03 + x15 + x09 + x14
y15 = x00 + x15 + x13 + x05
y13 = x15 + y05 + y00 + y15
y02 = x08 + y08 + y19 + y13
y11 = x01 + y08 + y01 + y15
y14 = x08 + x00 + x17 + x14
y17 = x14 + y08 + y00 + y14
y03 = x09 + y09 + y15 + y14
y06 = x16 + y01 + y16 + y14
y10 = x18 + x09 + x10 + x01
y04 = x05 + y05 + y16 + y10
y07 = x00 + y19 + y00 + y10
y18 = x10 + y01 + y09 + y10
y12 = x19 + y19 + y09 + y04

----------------
SLP Heuristic XorCount: 20, Depth: 3
, XOR2: 0, XOR3: 0, XOR4: 20
SLP Heuristic XorCost ASIC1: 100
SLP Heuristic XorCost ASIC2: 110
SLP Heuristic XorCost ASIC3: 125
SLP Heuristic XorCost ASIC4: 119.8
y09 = x14 + x09 + x15 + x03
y19 = x12 + x04 + x09 + x19
y08 = x08 + x13 + x02 + x19
y10 = x01 + x09 + x10 + x18
y05 = x05 + x04 + x10 + x16
y00 = x07 + x10 + x00 + x19
y07 = x00 + y19 + y10 + y00
y14 = x17 + x08 + x14 + x00
y01 = x11 + x08 + x01 + x15
y18 = x10 + y09 + y10 + y01
y17 = x14 + y08 + y00 + y14
y15 = x05 + x00 + x13 + x15
y11 = x01 + y08 + y01 + y15
y13 = x15 + y05 + y00 + y15
y02 = x08 + y19 + y08 + y13
y03 = x09 + y09 + y14 + y15
y16 = x14 + x01 + x06 + x16
y06 = x16 + y14 + y01 + y16
y04 = x05 + y10 + y05 + y16
y12 = x19 + y09 + y19 + y04

----------------
SLP Heuristic XorCount: 20, Depth: 3
, XOR2: 0, XOR3: 0, XOR4: 20
SLP Heuristic XorCost ASIC1: 100
SLP Heuristic XorCost ASIC2: 110
SLP Heuristic XorCost ASIC3: 125
SLP Heuristic XorCost ASIC4: 119.8
y01 = x01 + x15 + x08 + x11
y10 = x18 + x09 + x01 + x10
y16 = x06 + x01 + x14 + x16
y09 = x03 + x09 + x14 + x15
y00 = x00 + x07 + x10 + x19
y19 = x04 + x09 + x12 + x19
y07 = x00 + y10 + y00 + y19
y15 = x05 + x00 + x13 + x15
y05 = x05 + x04 + x10 + x16
y04 = x05 + y10 + y16 + y05
y13 = x15 + y00 + y15 + y05
y18 = x10 + y01 + y10 + y09
y14 = x00 + x17 + x14 + x08
y08 = x02 + x13 + x19 + x08
y02 = x08 + y19 + y13 + y08
y11 = x01 + y01 + y15 + y08
y17 = x14 + y00 + y14 + y08
y06 = x16 + y01 + y16 + y14
y12 = x19 + y09 + y19 + y04
y03 = x09 + y09 + y15 + y14

----------------
SLP Heuristic XorCount: 20, Depth: 3
, XOR2: 0, XOR3: 0, XOR4: 20
SLP Heuristic XorCost ASIC1: 100
SLP Heuristic XorCost ASIC2: 110
SLP Heuristic XorCost ASIC3: 125
SLP Heuristic XorCost ASIC4: 119.8
y05 = x04 + x10 + x16 + x05
y16 = x01 + x06 + x14 + x16
y00 = x00 + x10 + x07 + x19
y01 = x01 + x15 + x11 + x08
y10 = x01 + x18 + x09 + x10
y08 = x02 + x08 + x13 + x19
y09 = x15 + x09 + x03 + x14
y19 = x12 + x04 + x09 + x19
y07 = x00 + y00 + y10 + y19
y14 = x00 + x08 + x14 + x17
y06 = x16 + y16 + y01 + y14
y15 = x00 + x15 + x13 + x05
y03 = x09 + y09 + y14 + y15
y13 = x15 + y05 + y00 + y15
y02 = x08 + y08 + y19 + y13
y11 = x01 + y01 + y08 + y15
y17 = x14 + y00 + y08 + y14
y18 = x10 + y01 + y10 + y09
y04 = x05 + y05 + y16 + y10
y12 = x19 + y09 + y19 + y04

----------------
SLP Heuristic XorCount: 20, Depth: 3
, XOR2: 0, XOR3: 0, XOR4: 20
SLP Heuristic XorCost ASIC1: 100
SLP Heuristic XorCost ASIC2: 110
SLP Heuristic XorCost ASIC3: 125
SLP Heuristic XorCost ASIC4: 119.8
y19 = x12 + x09 + x19 + x04
y00 = x07 + x10 + x19 + x00
y05 = x05 + x10 + x04 + x16
y09 = x03 + x14 + x09 + x15
y16 = x01 + x14 + x06 + x16
y01 = x08 + x01 + x11 + x15
y10 = x01 + x09 + x18 + x10
y04 = x05 + y05 + y16 + y10
y18 = x10 + y09 + y01 + y10
y15 = x05 + x13 + x15 + x00
y13 = x15 + y00 + y05 + y15
y12 = x19 + y19 + y09 + y04
y07 = x00 + y19 + y00 + y10
y14 = x08 + x14 + x17 + x00
y03 = x09 + y09 + y15 + y14
y06 = x16 + y16 + y01 + y14
y08 = x08 + x02 + x13 + x19
y02 = x08 + y19 + y13 + y08
y17 = x14 + y00 + y14 + y08
y11 = x01 + y01 + y15 + y08

----------------
SLP Heuristic XorCount: 20, Depth: 3
, XOR2: 0, XOR3: 0, XOR4: 20
SLP Heuristic XorCost ASIC1: 100
SLP Heuristic XorCost ASIC2: 110
SLP Heuristic XorCost ASIC3: 125
SLP Heuristic XorCost ASIC4: 119.8
y10 = x18 + x09 + x10 + x01
y09 = x03 + x09 + x14 + x15
y08 = x08 + x13 + x02 + x19
y19 = x04 + x09 + x12 + x19
y01 = x11 + x08 + x01 + x15
y05 = x04 + x10 + x05 + x16
y14 = x17 + x08 + x00 + x14
y16 = x06 + x01 + x14 + x16
y04 = x05 + y10 + y05 + y16
y06 = x16 + y01 + y14 + y16
y12 = x19 + y09 + y19 + y04
y18 = x10 + y10 + y09 + y01
y00 = x07 + x00 + x10 + x19
y07 = x00 + y10 + y19 + y00
y17 = x14 + y08 + y14 + y00
y15 = x00 + x05 + x13 + x15
y13 = x15 + y05 + y00 + y15
y02 = x08 + y08 + y19 + y13
y03 = x09 + y09 + y14 + y15
y11 = x01 + y08 + y01 + y15

----------------
SLP Heuristic XorCount: 20, Depth: 3
, XOR2: 0, XOR3: 0, XOR4: 20
SLP Heuristic XorCost ASIC1: 100
SLP Heuristic XorCost ASIC2: 110
SLP Heuristic XorCost ASIC3: 125
SLP Heuristic XorCost ASIC4: 119.8
y16 = x01 + x06 + x14 + x16
y08 = x02 + x13 + x19 + x08
y09 = x15 + x09 + x03 + x14
y01 = x01 + x11 + x15 + x08
y10 = x18 + x01 + x09 + x10
y05 = x05 + x04 + x10 + x16
y04 = x05 + y16 + y10 + y05
y00 = x00 + x10 + x19 + x07
y19 = x04 + x12 + x09 + x19
y15 = x05 + x15 + x13 + x00
y11 = x01 + y08 + y01 + y15
y18 = x10 + y09 + y01 + y10
y14 = x17 + x00 + x14 + x08
y17 = x14 + y08 + y00 + y14
y03 = x09 + y09 + y15 + y14
y13 = x15 + y05 + y00 + y15
y02 = x08 + y08 + y19 + y13
y06 = x16 + y16 + y01 + y14
y12 = x19 + y09 + y04 + y19
y07 = x00 + y10 + y00 + y19

----------------
SLP Heuristic XorCount: 20, Depth: 3
, XOR2: 0, XOR3: 0, XOR4: 20
SLP Heuristic XorCost ASIC1: 100
SLP Heuristic XorCost ASIC2: 110
SLP Heuristic XorCost ASIC3: 125
SLP Heuristic XorCost ASIC4: 119.8
y01 = x01 + x08 + x11 + x15
y05 = x04 + x05 + x10 + x16
y16 = x01 + x14 + x06 + x16
y19 = x04 + x09 + x12 + x19
y08 = x02 + x08 + x13 + x19
y10 = x01 + x09 + x10 + x18
y04 = x05 + y05 + y16 + y10
y14 = x00 + x14 + x08 + x17
y06 = x16 + y01 + y16 + y14
y15 = x00 + x05 + x13 + x15
y11 = x01 + y01 + y08 + y15
y09 = x03 + x14 + x09 + x15
y03 = x09 + y14 + y15 + y09
y12 = x19 + y19 + y04 + y09
y18 = x10 + y01 + y10 + y09
y00 = x00 + x07 + x10 + x19
y07 = x00 + y19 + y10 + y00
y13 = x15 + y05 + y15 + y00
y02 = x08 + y19 + y08 + y13
y17 = x14 + y08 + y14 + y00

----------------
SLP Heuristic XorCount: 20, Depth: 3
, XOR2: 0, XOR3: 0, XOR4: 20
SLP Heuristic XorCost ASIC1: 100
SLP Heuristic XorCost ASIC2: 110
SLP Heuristic XorCost ASIC3: 125
SLP Heuristic XorCost ASIC4: 119.8
y05 = x05 + x10 + x04 + x16
y19 = x12 + x09 + x19 + x04
y00 = x00 + x07 + x10 + x19
y10 = x18 + x09 + x10 + x01
y07 = x00 + y19 + y00 + y10
y09 = x03 + x09 + x14 + x15
y16 = x06 + x14 + x01 + x16
y04 = x05 + y05 + y10 + y16
y08 = x08 + x02 + x13 + x19
y15 = x00 + x13 + x05 + x15
y12 = x19 + y19 + y09 + y04
y01 = x08 + x11 + x15 + x01
y11 = x01 + y08 + y15 + y01
y18 = x10 + y10 + y09 + y01
y14 = x08 + x00 + x17 + x14
y17 = x14 + y00 + y08 + y14
y03 = x09 + y09 + y15 + y14
y06 = x16 + y16 + y01 + y14
y13 = x15 + y05 + y00 + y15
y02 = x08 + y19 + y08 + y13

----------------
SLP Heuristic XorCount: 20, Depth: 3
, XOR2: 0, XOR3: 0, XOR4: 20
SLP Heuristic XorCost ASIC1: 100
SLP Heuristic XorCost ASIC2: 110
SLP Heuristic XorCost ASIC3: 125
SLP Heuristic XorCost ASIC4: 119.8
y08 = x08 + x13 + x02 + x19
y00 = x07 + x10 + x00 + x19
y19 = x12 + x04 + x09 + x19
y10 = x01 + x09 + x10 + x18
y16 = x01 + x06 + x14 + x16
y07 = x00 + y00 + y19 + y10
y01 = x11 + x08 + x15 + x01
y14 = x17 + x08 + x00 + x14
y06 = x16 + y16 + y01 + y14
y05 = x05 + x04 + x10 + x16
y04 = x05 + y10 + y16 + y05
y17 = x14 + y08 + y00 + y14
y15 = x05 + x15 + x00 + x13
y13 = x15 + y00 + y05 + y15
y02 = x08 + y08 + y19 + y13
y11 = x01 + y08 + y01 + y15
y09 = x15 + x09 + x14 + x03
y03 = x09 + y14 + y15 + y09
y12 = x19 + y19 + y04 + y09
y18 = x10 + y10 + y01 + y09

----------------
