20 20
1 0 0 0 0 1 0 0 0 0 1 0 0 0 0 0 0 0 0 1
0 1 0 0 0 0 1 0 0 0 0 1 0 0 0 1 0 0 0 0
0 0 1 0 0 0 0 1 0 0 0 0 1 0 0 0 1 0 0 1
0 0 0 1 0 0 0 0 1 0 0 0 0 1 0 0 0 1 0 0
0 0 0 0 1 0 0 0 0 1 0 0 0 0 1 0 0 0 1 0
0 1 0 0 0 1 0 0 0 0 0 0 0 0 1 0 1 0 0 0
1 0 1 0 0 0 1 0 0 0 1 0 0 0 0 1 0 1 0 0
0 0 0 1 0 0 0 1 0 0 0 1 0 0 1 0 0 0 1 0
0 0 0 0 1 0 0 0 1 0 0 0 1 0 0 0 0 0 0 1
1 0 0 0 0 0 0 0 0 1 0 0 0 1 0 1 0 0 0 0
0 0 0 0 1 0 0 1 0 0 1 0 0 0 0 0 1 0 0 0
1 0 0 0 0 0 0 0 1 0 0 1 0 0 0 1 0 1 0 0
0 1 0 0 1 0 0 1 0 1 0 0 1 0 0 0 0 0 1 0
0 0 1 0 0 1 0 0 1 0 0 0 0 1 0 0 0 0 0 1
0 0 0 1 0 0 1 0 0 1 0 0 0 0 1 1 0 0 0 0
0 0 1 0 0 0 0 0 1 0 1 0 0 0 0 1 0 0 0 0
0 0 0 1 0 0 0 0 0 1 0 1 0 0 0 0 1 0 0 0
0 0 1 0 1 1 0 0 1 0 0 0 1 0 0 0 0 1 0 0
1 0 0 1 0 0 1 0 0 1 0 0 0 1 0 0 0 0 1 0
0 1 0 0 1 0 0 1 0 0 0 0 0 0 1 0 0 0 0 1

***********
SLP Heuristic XorCount: 20, Depth: 3
, XOR2: 0, XOR3: 0, XOR4: 20
SLP Heuristic XorCost ASIC1: 100
SLP Heuristic XorCost ASIC2: 110
SLP Heuristic XorCost ASIC3: 125
SLP Heuristic XorCost ASIC4: 119.8
y15 = x15 + x02 + x10 + x08
y04 = x04 + x09 + x18 + x14
y10 = x04 + x07 + x16 + x10
y03 = x03 + x13 + x17 + x08
y01 = x15 + x06 + x01 + x11
y16 = x03 + x09 + x16 + x11
y07 = x10 + y04 + y10 + y16
y09 = x15 + x00 + x13 + x09
y11 = x16 + y03 + y16 + y09
y06 = x01 + y15 + y01 + y11
y00 = x00 + x19 + x05 + x10
y13 = x09 + y15 + y09 + y00
y05 = x05 + x16 + x01 + x14
y19 = x00 + y10 + y00 + y05
y14 = x05 + y01 + y16 + y05
y18 = x04 + y04 + y09 + y14
y08 = x12 + x04 + x19 + x08
y17 = x03 + y03 + y13 + y08
y12 = x08 + y04 + y19 + y08
y02 = x15 + y15 + y10 + y08

----------------
SLP Heuristic XorCount: 20, Depth: 3
, XOR2: 0, XOR3: 0, XOR4: 20
SLP Heuristic XorCost ASIC1: 100
SLP Heuristic XorCost ASIC2: 110
SLP Heuristic XorCost ASIC3: 125
SLP Heuristic XorCost ASIC4: 119.8
y05 = x01 + x16 + x05 + x14
y10 = x16 + x04 + x07 + x10
y03 = x17 + x08 + x03 + x13
y09 = x00 + x15 + x13 + x09
y15 = x15 + x08 + x02 + x10
y00 = x00 + x19 + x05 + x10
y19 = x00 + y05 + y10 + y00
y01 = x15 + x01 + x06 + x11
y16 = x16 + x03 + x11 + x09
y11 = x16 + y03 + y09 + y16
y14 = x05 + y05 + y01 + y16
y06 = x01 + y15 + y01 + y11
y08 = x12 + x19 + x08 + x04
y02 = x15 + y10 + y15 + y08
y13 = x09 + y09 + y15 + y00
y17 = x03 + y03 + y08 + y13
y04 = x18 + x04 + x14 + x09
y07 = x10 + y10 + y16 + y04
y18 = x04 + y09 + y14 + y04
y12 = x08 + y19 + y08 + y04

----------------
SLP Heuristic XorCount: 20, Depth: 3
, XOR2: 0, XOR3: 0, XOR4: 20
SLP Heuristic XorCost ASIC1: 100
SLP Heuristic XorCost ASIC2: 110
SLP Heuristic XorCost ASIC3: 125
SLP Heuristic XorCost ASIC4: 119.8
y03 = x17 + x08 + x03 + x13
y04 = x18 + x04 + x09 + x14
y08 = x12 + x04 + x08 + x19
y01 = x01 + x11 + x15 + x06
y05 = x01 + x16 + x14 + x05
y00 = x19 + x00 + x10 + x05
y16 = x09 + x11 + x03 + x16
y14 = x05 + y01 + y05 + y16
y15 = x08 + x15 + x10 + x02
y09 = x09 + x15 + x00 + x13
y11 = x16 + y03 + y16 + y09
y06 = x01 + y01 + y15 + y11
y18 = x04 + y04 + y14 + y09
y13 = x09 + y00 + y15 + y09
y17 = x03 + y03 + y08 + y13
y10 = x04 + x16 + x07 + x10
y19 = x00 + y05 + y00 + y10
y02 = x15 + y08 + y15 + y10
y07 = x10 + y04 + y16 + y10
y12 = x08 + y04 + y08 + y19

----------------
SLP Heuristic XorCount: 20, Depth: 3
, XOR2: 0, XOR3: 0, XOR4: 20
SLP Heuristic XorCost ASIC1: 100
SLP Heuristic XorCost ASIC2: 110
SLP Heuristic XorCost ASIC3: 125
SLP Heuristic XorCost ASIC4: 119.8
y10 = x04 + x07 + x10 + x16
y00 = x00 + x10 + x19 + x05
y04 = x14 + x04 + x18 + x09
y15 = x02 + x15 + x08 + x10
y05 = x14 + x01 + x16 + x05
y19 = x00 + y10 + y00 + y05
y03 = x17 + x08 + x13 + x03
y08 = x04 + x08 + x19 + x12
y02 = x15 + y10 + y15 + y08
y12 = x08 + y04 + y19 + y08
y16 = x09 + x11 + x16 + x03
y07 = x10 + y10 + y04 + y16
y09 = x00 + x09 + x15 + x13
y13 = x09 + y00 + y15 + y09
y17 = x03 + y03 + y08 + y13
y01 = x15 + x01 + x11 + x06
y14 = x05 + y05 + y16 + y01
y18 = x04 + y04 + y09 + y14
y11 = x16 + y03 + y16 + y09
y06 = x01 + y15 + y01 + y11

----------------
SLP Heuristic XorCount: 20, Depth: 3
, XOR2: 0, XOR3: 0, XOR4: 20
SLP Heuristic XorCost ASIC1: 100
SLP Heuristic XorCost ASIC2: 110
SLP Heuristic XorCost ASIC3: 125
SLP Heuristic XorCost ASIC4: 119.8
y08 = x12 + x04 + x08 + x19
y00 = x10 + x00 + x05 + x19
y09 = x00 + x13 + x09 + x15
y04 = x18 + x14 + x04 + x09
y10 = x10 + x04 + x07 + x16
y05 = x14 + x01 + x05 + x16
y03 = x03 + x13 + x08 + x17
y16 = x03 + x09 + x16 + x11
y11 = x16 + y09 + y03 + y16
y07 = x10 + y04 + y10 + y16
y19 = x00 + y00 + y10 + y05
y12 = x08 + y08 + y04 + y19
y01 = x01 + x11 + x06 + x15
y15 = x10 + x02 + x08 + x15
y02 = x15 + y08 + y10 + y15
y06 = x01 + y11 + y01 + y15
y13 = x09 + y00 + y09 + y15
y17 = x03 + y08 + y03 + y13
y14 = x05 + y05 + y16 + y01
y18 = x04 + y09 + y04 + y14

----------------
SLP Heuristic XorCount: 20, Depth: 3
, XOR2: 0, XOR3: 0, XOR4: 20
SLP Heuristic XorCost ASIC1: 100
SLP Heuristic XorCost ASIC2: 110
SLP Heuristic XorCost ASIC3: 125
SLP Heuristic XorCost ASIC4: 119.8
y04 = x14 + x04 + x09 + x18
y01 = x15 + x06 + x11 + x01
y10 = x10 + x16 + x04 + x07
y08 = x12 + x04 + x19 + x08
y03 = x17 + x03 + x13 + x08
y09 = x15 + x00 + x13 + x09
y16 = x03 + x16 + x11 + x09
y07 = x10 + y04 + y10 + y16
y11 = x16 + y03 + y09 + y16
y15 = x10 + x15 + x02 + x08
y06 = x01 + y01 + y11 + y15
y02 = x15 + y10 + y08 + y15
y05 = x05 + x14 + x16 + x01
y14 = x05 + y01 + y16 + y05
y18 = x04 + y04 + y09 + y14
y00 = x05 + x10 + x00 + x19
y13 = x09 + y09 + y15 + y00
y17 = x03 + y08 + y03 + y13
y19 = x00 + y10 + y05 + y00
y12 = x08 + y04 + y08 + y19

----------------
SLP Heuristic XorCount: 20, Depth: 3
, XOR2: 0, XOR3: 0, XOR4: 20
SLP Heuristic XorCost ASIC1: 100
SLP Heuristic XorCost ASIC2: 110
SLP Heuristic XorCost ASIC3: 125
SLP Heuristic XorCost ASIC4: 119.8
y10 = x10 + x16 + x07 + x04
y09 = x15 + x00 + x13 + x09
y00 = x10 + x05 + x00 + x19
y03 = x17 + x03 + x13 + x08
y15 = x10 + x15 + x02 + x08
y13 = x09 + y09 + y00 + y15
y16 = x11 + x03 + x16 + x09
y11 = x16 + y09 + y03 + y16
y08 = x12 + x19 + x08 + x04
y02 = x15 + y10 + y15 + y08
y04 = x18 + x14 + x09 + x04
y07 = x10 + y10 + y16 + y04
y01 = x06 + x15 + x01 + x11
y05 = x05 + x01 + x16 + x14
y14 = x05 + y16 + y01 + y05
y18 = x04 + y09 + y04 + y14
y19 = x00 + y10 + y00 + y05
y12 = x08 + y08 + y04 + y19
y17 = x03 + y03 + y13 + y08
y06 = x01 + y15 + y11 + y01

----------------
SLP Heuristic XorCount: 20, Depth: 3
, XOR2: 0, XOR3: 0, XOR4: 20
SLP Heuristic XorCost ASIC1: 100
SLP Heuristic XorCost ASIC2: 110
SLP Heuristic XorCost ASIC3: 125
SLP Heuristic XorCost ASIC4: 119.8
y01 = x06 + x01 + x15 + x11
y03 = x17 + x08 + x13 + x03
y05 = x05 + x14 + x01 + x16
y00 = x19 + x05 + x10 + x00
y08 = x19 + x04 + x12 + x08
y09 = x15 + x13 + x09 + x00
y04 = x18 + x14 + x04 + x09
y10 = x04 + x07 + x10 + x16
y19 = x00 + y05 + y00 + y10
y12 = x08 + y08 + y04 + y19
y15 = x15 + x08 + x10 + x02
y02 = x15 + y08 + y10 + y15
y13 = x09 + y00 + y09 + y15
y16 = x11 + x03 + x16 + x09
y11 = x16 + y03 + y09 + y16
y06 = x01 + y01 + y15 + y11
y14 = x05 + y01 + y05 + y16
y17 = x03 + y03 + y08 + y13
y18 = x04 + y09 + y04 + y14
y07 = x10 + y04 + y10 + y16

----------------
SLP Heuristic XorCount: 20, Depth: 3
, XOR2: 0, XOR3: 0, XOR4: 20
SLP Heuristic XorCost ASIC1: 100
SLP Heuristic XorCost ASIC2: 110
SLP Heuristic XorCost ASIC3: 125
SLP Heuristic XorCost ASIC4: 119.8
y15 = x08 + x10 + x15 + x02
y00 = x10 + x19 + x00 + x05
y01 = x06 + x01 + x15 + x11
y04 = x14 + x04 + x18 + x09
y10 = x10 + x04 + x07 + x16
y16 = x09 + x16 + x11 + x03
y07 = x10 + y04 + y10 + y16
y09 = x00 + x13 + x09 + x15
y13 = x09 + y15 + y00 + y09
y05 = x14 + x01 + x16 + x05
y14 = x05 + y01 + y16 + y05
y19 = x00 + y00 + y10 + y05
y18 = x04 + y04 + y09 + y14
y08 = x08 + x19 + x04 + x12
y02 = x15 + y15 + y10 + y08
y12 = x08 + y04 + y19 + y08
y03 = x08 + x13 + x17 + x03
y17 = x03 + y13 + y08 + y03
y11 = x16 + y16 + y09 + y03
y06 = x01 + y15 + y01 + y11

----------------
SLP Heuristic XorCount: 20, Depth: 3
, XOR2: 0, XOR3: 0, XOR4: 20
SLP Heuristic XorCost ASIC1: 100
SLP Heuristic XorCost ASIC2: 110
SLP Heuristic XorCost ASIC3: 125
SLP Heuristic XorCost ASIC4: 119.8
y00 = x19 + x10 + x05 + x00
y05 = x05 + x16 + x14 + x01
y03 = x08 + x13 + x03 + x17
y04 = x09 + x18 + x14 + x04
y09 = x09 + x00 + x13 + x15
y15 = x10 + x08 + x02 + x15
y10 = x10 + x16 + x04 + x07
y01 = x11 + x01 + x06 + x15
y16 = x09 + x16 + x11 + x03
y07 = x10 + y04 + y10 + y16
y11 = x16 + y03 + y09 + y16
y06 = x01 + y15 + y01 + y11
y14 = x05 + y05 + y01 + y16
y18 = x04 + y04 + y09 + y14
y08 = x19 + x08 + x12 + x04
y02 = x15 + y15 + y10 + y08
y13 = x09 + y00 + y09 + y15
y17 = x03 + y03 + y08 + y13
y19 = x00 + y00 + y05 + y10
y12 = x08 + y04 + y08 + y19

----------------
