20 20
1 0 0 0 0 1 0 0 0 0 0 1 0 0 0 0 0 0 1 0
0 1 0 0 0 0 1 0 0 0 1 0 1 0 0 0 0 0 0 1
0 0 1 0 0 0 0 1 0 0 0 0 0 1 0 1 0 0 1 0
0 0 0 1 0 0 0 0 1 0 0 0 0 0 1 0 1 0 0 1
0 0 0 0 1 0 0 0 0 1 1 0 0 0 0 0 0 1 0 0
0 0 0 0 1 1 0 0 0 0 0 0 0 1 0 1 0 0 0 0
1 0 0 0 0 0 1 0 0 0 0 0 0 0 1 0 1 0 0 0
0 1 0 0 1 0 0 1 0 0 1 0 0 1 0 0 0 1 0 0
0 0 1 0 0 0 0 0 1 0 0 1 0 0 1 0 0 0 1 0
0 0 0 1 0 0 0 0 0 1 0 0 1 0 0 0 0 0 0 1
1 0 0 0 0 0 0 0 1 0 1 0 0 0 0 0 0 0 0 1
0 1 0 0 0 0 0 0 0 1 0 1 0 0 0 1 0 0 0 0
0 0 1 0 0 1 0 0 1 0 0 0 1 0 0 0 1 0 0 1
0 0 0 1 0 0 1 0 0 1 0 0 0 1 0 0 0 1 0 0
0 0 0 0 1 0 0 1 0 0 0 0 0 0 1 0 0 0 1 0
0 0 0 1 0 0 1 0 0 0 1 0 0 0 0 1 0 0 0 0
0 0 0 0 1 1 0 1 0 0 0 1 0 0 0 0 1 0 0 0
1 0 0 1 0 0 0 0 1 0 0 0 1 0 0 0 0 1 0 0
0 1 0 0 1 0 0 0 0 1 0 0 0 1 0 0 0 0 1 0
0 0 1 0 0 1 0 0 0 0 0 0 0 0 1 0 0 0 0 1

***********
SLP Heuristic XorCount: 20, Depth: 3
, XOR2: 0, XOR3: 0, XOR4: 20
SLP Heuristic XorCost ASIC1: 100
SLP Heuristic XorCost ASIC2: 110
SLP Heuristic XorCost ASIC3: 125
SLP Heuristic XorCost ASIC4: 119.8
y06 = x06 + x00 + x16 + x14
y00 = x18 + x00 + x11 + x05
y09 = x19 + x09 + x12 + x03
y11 = x01 + x09 + x11 + x15
y05 = x04 + x13 + x15 + x05
y14 = x18 + x04 + x14 + x07
y15 = x06 + x15 + x10 + x03
y18 = x00 + y00 + y11 + y05
y19 = x02 + x19 + x14 + x05
y16 = x06 + y06 + y00 + y14
y02 = x19 + y05 + y14 + y19
y01 = x11 + y09 + y11 + y15
y04 = x04 + x17 + x09 + x10
y13 = x05 + y05 + y15 + y04
y07 = x14 + y14 + y18 + y04
y10 = x19 + x00 + x08 + x10
y08 = x10 + y00 + y19 + y10
y17 = x04 + y09 + y04 + y10
y03 = x15 + y06 + y15 + y10
y12 = x09 + y09 + y19 + y03

----------------
SLP Heuristic XorCount: 20, Depth: 3
, XOR2: 0, XOR3: 0, XOR4: 20
SLP Heuristic XorCost ASIC1: 100
SLP Heuristic XorCost ASIC2: 110
SLP Heuristic XorCost ASIC3: 125
SLP Heuristic XorCost ASIC4: 119.8
y19 = x02 + x19 + x05 + x14
y14 = x07 + x18 + x14 + x04
y11 = x01 + x11 + x15 + x09
y04 = x10 + x17 + x04 + x09
y10 = x19 + x10 + x08 + x00
y05 = x13 + x05 + x15 + x04
y02 = x19 + y19 + y14 + y05
y00 = x11 + x18 + x05 + x00
y18 = x00 + y11 + y05 + y00
y07 = x14 + y14 + y04 + y18
y08 = x10 + y19 + y10 + y00
y06 = x16 + x14 + x06 + x00
y16 = x06 + y14 + y00 + y06
y09 = x03 + x19 + x12 + x09
y17 = x04 + y04 + y10 + y09
y15 = x03 + x10 + x15 + x06
y13 = x05 + y04 + y05 + y15
y01 = x11 + y11 + y09 + y15
y03 = x15 + y10 + y06 + y15
y12 = x09 + y19 + y09 + y03

----------------
SLP Heuristic XorCount: 20, Depth: 3
, XOR2: 0, XOR3: 0, XOR4: 20
SLP Heuristic XorCost ASIC1: 100
SLP Heuristic XorCost ASIC2: 110
SLP Heuristic XorCost ASIC3: 125
SLP Heuristic XorCost ASIC4: 119.8
y10 = x00 + x10 + x08 + x19
y19 = x02 + x05 + x14 + x19
y04 = x09 + x04 + x17 + x10
y05 = x04 + x05 + x15 + x13
y06 = x06 + x00 + x14 + x16
y09 = x12 + x03 + x09 + x19
y15 = x06 + x03 + x10 + x15
y11 = x01 + x11 + x09 + x15
y01 = x11 + y09 + y15 + y11
y00 = x11 + x00 + x05 + x18
y18 = x00 + y05 + y11 + y00
y08 = x10 + y10 + y19 + y00
y14 = x07 + x04 + x14 + x18
y07 = x14 + y04 + y18 + y14
y16 = x06 + y06 + y00 + y14
y02 = x19 + y19 + y05 + y14
y13 = x05 + y04 + y05 + y15
y17 = x04 + y10 + y04 + y09
y03 = x15 + y10 + y06 + y15
y12 = x09 + y19 + y09 + y03

----------------
SLP Heuristic XorCount: 20, Depth: 3
, XOR2: 0, XOR3: 0, XOR4: 20
SLP Heuristic XorCost ASIC1: 100
SLP Heuristic XorCost ASIC2: 110
SLP Heuristic XorCost ASIC3: 125
SLP Heuristic XorCost ASIC4: 119.8
y15 = x06 + x10 + x15 + x03
y05 = x13 + x04 + x15 + x05
y10 = x00 + x08 + x19 + x10
y06 = x00 + x06 + x16 + x14
y09 = x12 + x19 + x09 + x03
y11 = x01 + x09 + x15 + x11
y04 = x04 + x10 + x09 + x17
y00 = x18 + x00 + x05 + x11
y13 = x05 + y15 + y05 + y04
y14 = x18 + x04 + x14 + x07
y17 = x04 + y10 + y09 + y04
y03 = x15 + y15 + y10 + y06
y18 = x00 + y05 + y11 + y00
y16 = x06 + y06 + y00 + y14
y19 = x02 + x19 + x14 + x05
y02 = x19 + y05 + y14 + y19
y12 = x09 + y09 + y03 + y19
y07 = x14 + y04 + y14 + y18
y01 = x11 + y15 + y09 + y11
y08 = x10 + y10 + y00 + y19

----------------
SLP Heuristic XorCount: 20, Depth: 3
, XOR2: 0, XOR3: 0, XOR4: 20
SLP Heuristic XorCost ASIC1: 100
SLP Heuristic XorCost ASIC2: 110
SLP Heuristic XorCost ASIC3: 125
SLP Heuristic XorCost ASIC4: 119.8
y11 = x11 + x01 + x09 + x15
y15 = x03 + x10 + x15 + x06
y00 = x11 + x18 + x05 + x00
y09 = x03 + x19 + x09 + x12
y01 = x11 + y11 + y15 + y09
y04 = x17 + x09 + x10 + x04
y19 = x02 + x05 + x19 + x14
y10 = x08 + x19 + x10 + x00
y17 = x04 + y09 + y04 + y10
y08 = x10 + y00 + y19 + y10
y05 = x13 + x05 + x15 + x04
y13 = x05 + y15 + y04 + y05
y18 = x00 + y11 + y00 + y05
y06 = x16 + x14 + x00 + x06
y03 = x15 + y15 + y10 + y06
y12 = x09 + y09 + y19 + y03
y14 = x18 + x07 + x14 + x04
y07 = x14 + y04 + y18 + y14
y16 = x06 + y00 + y06 + y14
y02 = x19 + y19 + y05 + y14

----------------
SLP Heuristic XorCount: 20, Depth: 3
, XOR2: 0, XOR3: 0, XOR4: 20
SLP Heuristic XorCost ASIC1: 100
SLP Heuristic XorCost ASIC2: 110
SLP Heuristic XorCost ASIC3: 125
SLP Heuristic XorCost ASIC4: 119.8
y04 = x17 + x10 + x04 + x09
y19 = x02 + x05 + x14 + x19
y05 = x04 + x05 + x15 + x13
y06 = x06 + x00 + x16 + x14
y14 = x04 + x07 + x14 + x18
y02 = x19 + y19 + y05 + y14
y09 = x12 + x03 + x09 + x19
y10 = x10 + x00 + x19 + x08
y17 = x04 + y04 + y09 + y10
y00 = x11 + x00 + x05 + x18
y08 = x10 + y19 + y10 + y00
y15 = x06 + x03 + x10 + x15
y03 = x15 + y06 + y10 + y15
y12 = x09 + y19 + y09 + y03
y11 = x01 + x11 + x09 + x15
y18 = x00 + y05 + y00 + y11
y07 = x14 + y04 + y14 + y18
y01 = x11 + y09 + y15 + y11
y13 = x05 + y04 + y05 + y15
y16 = x06 + y06 + y14 + y00

----------------
SLP Heuristic XorCount: 20, Depth: 3
, XOR2: 0, XOR3: 0, XOR4: 20
SLP Heuristic XorCost ASIC1: 100
SLP Heuristic XorCost ASIC2: 110
SLP Heuristic XorCost ASIC3: 125
SLP Heuristic XorCost ASIC4: 119.8
y14 = x18 + x04 + x14 + x07
y04 = x10 + x09 + x04 + x17
y19 = x02 + x19 + x05 + x14
y05 = x13 + x05 + x04 + x15
y06 = x06 + x00 + x16 + x14
y09 = x09 + x12 + x19 + x03
y10 = x08 + x10 + x19 + x00
y11 = x01 + x09 + x15 + x11
y00 = x18 + x00 + x05 + x11
y08 = x10 + y19 + y10 + y00
y16 = x06 + y14 + y06 + y00
y17 = x04 + y04 + y09 + y10
y15 = x10 + x06 + x15 + x03
y01 = x11 + y09 + y11 + y15
y13 = x05 + y04 + y05 + y15
y03 = x15 + y06 + y10 + y15
y12 = x09 + y19 + y09 + y03
y18 = x00 + y05 + y11 + y00
y07 = x14 + y14 + y04 + y18
y02 = x19 + y14 + y19 + y05

----------------
SLP Heuristic XorCount: 20, Depth: 3
, XOR2: 0, XOR3: 0, XOR4: 20
SLP Heuristic XorCost ASIC1: 100
SLP Heuristic XorCost ASIC2: 110
SLP Heuristic XorCost ASIC3: 125
SLP Heuristic XorCost ASIC4: 119.8
y09 = x09 + x03 + x19 + x12
y14 = x07 + x18 + x04 + x14
y10 = x08 + x19 + x00 + x10
y11 = x01 + x09 + x11 + x15
y06 = x16 + x14 + x06 + x00
y15 = x03 + x15 + x06 + x10
y01 = x11 + y09 + y11 + y15
y03 = x15 + y10 + y06 + y15
y19 = x02 + x19 + x05 + x14
y12 = x09 + y09 + y03 + y19
y04 = x17 + x09 + x04 + x10
y17 = x04 + y09 + y10 + y04
y05 = x13 + x04 + x05 + x15
y13 = x05 + y15 + y04 + y05
y02 = x19 + y14 + y19 + y05
y00 = x11 + x18 + x05 + x00
y16 = x06 + y14 + y06 + y00
y18 = x00 + y11 + y05 + y00
y07 = x14 + y14 + y04 + y18
y08 = x10 + y10 + y19 + y00

----------------
SLP Heuristic XorCount: 20, Depth: 3
, XOR2: 0, XOR3: 0, XOR4: 20
SLP Heuristic XorCost ASIC1: 100
SLP Heuristic XorCost ASIC2: 110
SLP Heuristic XorCost ASIC3: 125
SLP Heuristic XorCost ASIC4: 119.8
y15 = x10 + x06 + x03 + x15
y04 = x10 + x17 + x04 + x09
y19 = x02 + x05 + x19 + x14
y05 = x05 + x04 + x15 + x13
y13 = x05 + y15 + y04 + y05
y00 = x11 + x05 + x00 + x18
y06 = x16 + x00 + x06 + x14
y10 = x10 + x00 + x19 + x08
y03 = x15 + y15 + y06 + y10
y08 = x10 + y19 + y00 + y10
y14 = x07 + x04 + x14 + x18
y02 = x19 + y19 + y05 + y14
y16 = x06 + y00 + y06 + y14
y09 = x12 + x03 + x19 + x09
y17 = x04 + y04 + y10 + y09
y11 = x01 + x11 + x15 + x09
y18 = x00 + y05 + y00 + y11
y07 = x14 + y04 + y14 + y18
y01 = x11 + y15 + y09 + y11
y12 = x09 + y19 + y03 + y09

----------------
SLP Heuristic XorCount: 20, Depth: 3
, XOR2: 0, XOR3: 0, XOR4: 20
SLP Heuristic XorCost ASIC1: 100
SLP Heuristic XorCost ASIC2: 110
SLP Heuristic XorCost ASIC3: 125
SLP Heuristic XorCost ASIC4: 119.8
y00 = x05 + x18 + x00 + x11
y04 = x09 + x04 + x10 + x17
y05 = x05 + x04 + x13 + x15
y06 = x06 + x00 + x14 + x16
y09 = x09 + x12 + x19 + x03
y10 = x08 + x10 + x00 + x19
y11 = x09 + x01 + x15 + x11
y14 = x04 + x18 + x07 + x14
y15 = x10 + x06 + x15 + x03
y01 = x11 + y09 + y11 + y15
y03 = x15 + y06 + y10 + y15
y13 = x05 + y04 + y05 + y15
y16 = x06 + y00 + y06 + y14
y17 = x04 + y04 + y09 + y10
y18 = x00 + y00 + y05 + y11
y07 = x14 + y04 + y14 + y18
y19 = x02 + x05 + x19 + x14
y02 = x19 + y05 + y14 + y19
y08 = x10 + y00 + y10 + y19
y12 = x09 + y09 + y03 + y19

----------------
