20 20
1 0 0 0 0 0 0 0 0 1 1 0 0 0 0 1 0 0 0 0
0 1 0 0 0 1 0 0 0 0 0 1 0 0 0 0 1 0 0 0
0 0 1 0 0 0 1 0 0 1 0 0 1 0 0 0 0 1 0 0
0 0 0 1 0 0 0 1 0 0 0 0 0 1 0 0 0 0 1 0
0 0 0 0 1 0 0 0 1 0 0 0 0 0 1 0 0 0 0 1
0 0 1 0 0 1 0 0 0 0 0 0 0 1 0 1 0 0 0 0
0 0 0 1 0 0 1 0 0 0 0 0 0 0 1 0 1 0 0 0
0 0 1 0 1 0 0 1 0 0 1 0 0 1 0 0 0 1 0 0
1 0 0 1 0 0 0 0 1 0 0 1 0 0 1 0 0 0 1 0
0 1 0 0 1 0 0 0 0 1 0 0 1 0 0 0 0 0 0 1
0 1 0 0 0 0 1 0 0 0 1 0 0 0 0 0 0 0 0 1
1 0 1 0 0 1 0 1 0 0 0 1 0 0 0 1 0 0 0 0
0 0 0 1 0 0 0 0 1 0 0 0 1 0 0 0 1 0 0 1
0 0 0 0 1 0 0 0 0 1 0 0 0 1 0 0 0 1 0 0
1 0 0 0 0 1 0 0 0 0 0 0 0 0 1 0 0 0 1 0
0 0 0 0 1 0 1 0 0 0 0 0 1 0 0 1 0 0 0 0
1 0 0 0 0 1 0 1 0 0 0 0 0 1 0 0 1 0 0 0
0 1 0 0 1 0 0 0 1 0 0 0 1 0 1 0 0 1 0 0
0 0 1 0 0 0 0 0 0 1 1 0 0 1 0 0 0 0 1 0
0 0 0 1 0 1 0 0 0 0 0 1 0 0 1 0 0 0 0 1

***********
SLP Heuristic XorCount: 20, Depth: 3
, XOR2: 0, XOR3: 0, XOR4: 20
SLP Heuristic XorCost ASIC1: 100
SLP Heuristic XorCost ASIC2: 110
SLP Heuristic XorCost ASIC3: 125
SLP Heuristic XorCost ASIC4: 119.8
y04 = x14 + x19 + x08 + x04
y00 = x15 + x10 + x00 + x09
y15 = x15 + x12 + x04 + x06
y14 = x05 + x18 + x00 + x14
y01 = x05 + x16 + x11 + x01
y03 = x03 + x18 + x07 + x13
y13 = x13 + x09 + x04 + x17
y05 = x05 + x15 + x13 + x02
y02 = x05 + y15 + y13 + y05
y10 = x10 + x19 + x01 + x06
y09 = x00 + y00 + y15 + y10
y06 = x03 + x16 + x14 + x06
y16 = x06 + y14 + y03 + y06
y12 = x15 + y04 + y15 + y06
y11 = x01 + y01 + y05 + y16
y19 = x10 + y01 + y10 + y06
y17 = x13 + y04 + y13 + y09
y18 = x14 + y00 + y14 + y05
y07 = x03 + y03 + y13 + y18
y08 = x04 + y04 + y14 + y19

----------------
SLP Heuristic XorCount: 20, Depth: 3
, XOR2: 0, XOR3: 0, XOR4: 20
SLP Heuristic XorCost ASIC1: 100
SLP Heuristic XorCost ASIC2: 110
SLP Heuristic XorCost ASIC3: 125
SLP Heuristic XorCost ASIC4: 119.8
y06 = x06 + x16 + x14 + x03
y05 = x05 + x02 + x15 + x13
y10 = x10 + x06 + x19 + x01
y04 = x08 + x04 + x14 + x19
y00 = x10 + x09 + x15 + x00
y15 = x06 + x12 + x04 + x15
y09 = x00 + y10 + y00 + y15
y12 = x15 + y06 + y04 + y15
y03 = x07 + x18 + x03 + x13
y13 = x09 + x04 + x17 + x13
y02 = x05 + y05 + y15 + y13
y14 = x05 + x14 + x00 + x18
y16 = x06 + y06 + y03 + y14
y17 = x13 + y04 + y09 + y13
y18 = x14 + y05 + y00 + y14
y07 = x03 + y03 + y13 + y18
y01 = x16 + x05 + x11 + x01
y11 = x01 + y05 + y16 + y01
y19 = x10 + y06 + y10 + y01
y08 = x04 + y04 + y14 + y19

----------------
SLP Heuristic XorCount: 20, Depth: 3
, XOR2: 0, XOR3: 0, XOR4: 20
SLP Heuristic XorCost ASIC1: 100
SLP Heuristic XorCost ASIC2: 110
SLP Heuristic XorCost ASIC3: 125
SLP Heuristic XorCost ASIC4: 119.8
y14 = x00 + x14 + x18 + x05
y15 = x04 + x15 + x06 + x12
y06 = x16 + x14 + x06 + x03
y13 = x09 + x13 + x04 + x17
y01 = x16 + x11 + x01 + x05
y03 = x13 + x18 + x07 + x03
y16 = x06 + y14 + y06 + y03
y05 = x13 + x15 + x02 + x05
y02 = x05 + y15 + y13 + y05
y11 = x01 + y01 + y16 + y05
y00 = x09 + x00 + x15 + x10
y10 = x19 + x01 + x06 + x10
y19 = x10 + y06 + y01 + y10
y09 = x00 + y15 + y00 + y10
y18 = x14 + y14 + y05 + y00
y07 = x03 + y13 + y03 + y18
y04 = x14 + x04 + x19 + x08
y12 = x15 + y15 + y06 + y04
y08 = x04 + y14 + y19 + y04
y17 = x13 + y13 + y09 + y04

----------------
SLP Heuristic XorCount: 20, Depth: 3
, XOR2: 0, XOR3: 0, XOR4: 20
SLP Heuristic XorCost ASIC1: 100
SLP Heuristic XorCost ASIC2: 110
SLP Heuristic XorCost ASIC3: 125
SLP Heuristic XorCost ASIC4: 119.8
y10 = x06 + x01 + x19 + x10
y14 = x14 + x05 + x18 + x00
y05 = x05 + x02 + x15 + x13
y04 = x04 + x14 + x08 + x19
y06 = x14 + x06 + x16 + x03
y00 = x15 + x00 + x09 + x10
y15 = x04 + x12 + x06 + x15
y12 = x15 + y04 + y06 + y15
y09 = x00 + y10 + y00 + y15
y03 = x18 + x03 + x07 + x13
y16 = x06 + y14 + y06 + y03
y01 = x05 + x16 + x11 + x01
y19 = x10 + y10 + y06 + y01
y08 = x04 + y14 + y04 + y19
y13 = x04 + x17 + x13 + x09
y02 = x05 + y05 + y15 + y13
y17 = x13 + y04 + y09 + y13
y18 = x14 + y14 + y05 + y00
y07 = x03 + y03 + y13 + y18
y11 = x01 + y05 + y16 + y01

----------------
SLP Heuristic XorCount: 20, Depth: 3
, XOR2: 0, XOR3: 0, XOR4: 20
SLP Heuristic XorCost ASIC1: 100
SLP Heuristic XorCost ASIC2: 110
SLP Heuristic XorCost ASIC3: 125
SLP Heuristic XorCost ASIC4: 119.8
y13 = x13 + x04 + x17 + x09
y05 = x02 + x15 + x13 + x05
y10 = x19 + x06 + x01 + x10
y15 = x15 + x06 + x04 + x12
y01 = x01 + x11 + x05 + x16
y03 = x18 + x07 + x13 + x03
y14 = x18 + x00 + x05 + x14
y06 = x06 + x03 + x16 + x14
y19 = x10 + y10 + y01 + y06
y16 = x06 + y03 + y14 + y06
y11 = x01 + y05 + y01 + y16
y00 = x15 + x00 + x10 + x09
y04 = x19 + x04 + x08 + x14
y12 = x15 + y15 + y06 + y04
y08 = x04 + y14 + y19 + y04
y09 = x00 + y10 + y15 + y00
y17 = x13 + y13 + y04 + y09
y18 = x14 + y05 + y14 + y00
y07 = x03 + y13 + y03 + y18
y02 = x05 + y13 + y05 + y15

----------------
SLP Heuristic XorCount: 20, Depth: 3
, XOR2: 0, XOR3: 0, XOR4: 20
SLP Heuristic XorCost ASIC1: 100
SLP Heuristic XorCost ASIC2: 110
SLP Heuristic XorCost ASIC3: 125
SLP Heuristic XorCost ASIC4: 119.8
y15 = x06 + x15 + x12 + x04
y13 = x17 + x13 + x09 + x04
y04 = x08 + x04 + x19 + x14
y00 = x15 + x00 + x09 + x10
y05 = x15 + x13 + x05 + x02
y02 = x05 + y15 + y13 + y05
y10 = x06 + x10 + x19 + x01
y09 = x00 + y15 + y00 + y10
y06 = x06 + x16 + x03 + x14
y01 = x16 + x05 + x11 + x01
y19 = x10 + y10 + y06 + y01
y14 = x18 + x05 + x00 + x14
y08 = x04 + y04 + y19 + y14
y03 = x13 + x03 + x18 + x07
y16 = x06 + y06 + y14 + y03
y11 = x01 + y05 + y01 + y16
y17 = x13 + y13 + y04 + y09
y18 = x14 + y00 + y05 + y14
y07 = x03 + y13 + y03 + y18
y12 = x15 + y15 + y04 + y06

----------------
SLP Heuristic XorCount: 20, Depth: 3
, XOR2: 0, XOR3: 0, XOR4: 20
SLP Heuristic XorCost ASIC1: 100
SLP Heuristic XorCost ASIC2: 110
SLP Heuristic XorCost ASIC3: 125
SLP Heuristic XorCost ASIC4: 119.8
y03 = x13 + x07 + x18 + x03
y01 = x01 + x05 + x11 + x16
y15 = x04 + x12 + x06 + x15
y13 = x13 + x04 + x09 + x17
y14 = x00 + x05 + x14 + x18
y04 = x08 + x04 + x19 + x14
y10 = x01 + x10 + x19 + x06
y06 = x06 + x14 + x16 + x03
y19 = x10 + y01 + y10 + y06
y16 = x06 + y03 + y14 + y06
y12 = x15 + y15 + y04 + y06
y08 = x04 + y14 + y04 + y19
y00 = x00 + x10 + x09 + x15
y09 = x00 + y15 + y10 + y00
y17 = x13 + y13 + y04 + y09
y05 = x13 + x05 + x15 + x02
y11 = x01 + y01 + y16 + y05
y02 = x05 + y15 + y13 + y05
y18 = x14 + y14 + y00 + y05
y07 = x03 + y03 + y13 + y18

----------------
SLP Heuristic XorCount: 20, Depth: 3
, XOR2: 0, XOR3: 0, XOR4: 20
SLP Heuristic XorCost ASIC1: 100
SLP Heuristic XorCost ASIC2: 110
SLP Heuristic XorCost ASIC3: 125
SLP Heuristic XorCost ASIC4: 119.8
y00 = x00 + x09 + x10 + x15
y04 = x19 + x14 + x04 + x08
y03 = x18 + x03 + x13 + x07
y06 = x03 + x16 + x14 + x06
y05 = x05 + x13 + x02 + x15
y10 = x19 + x06 + x01 + x10
y01 = x05 + x16 + x11 + x01
y19 = x10 + y06 + y10 + y01
y13 = x09 + x17 + x13 + x04
y14 = x00 + x18 + x05 + x14
y08 = x04 + y04 + y19 + y14
y16 = x06 + y03 + y06 + y14
y11 = x01 + y05 + y01 + y16
y18 = x14 + y00 + y05 + y14
y07 = x03 + y03 + y13 + y18
y15 = x12 + x04 + x06 + x15
y02 = x05 + y05 + y13 + y15
y09 = x00 + y00 + y10 + y15
y12 = x15 + y04 + y06 + y15
y17 = x13 + y04 + y13 + y09

----------------
SLP Heuristic XorCount: 20, Depth: 3
, XOR2: 0, XOR3: 0, XOR4: 20
SLP Heuristic XorCost ASIC1: 100
SLP Heuristic XorCost ASIC2: 110
SLP Heuristic XorCost ASIC3: 125
SLP Heuristic XorCost ASIC4: 119.8
y00 = x10 + x15 + x00 + x09
y01 = x05 + x01 + x16 + x11
y14 = x05 + x14 + x18 + x00
y15 = x06 + x12 + x04 + x15
y03 = x07 + x18 + x13 + x03
y13 = x17 + x04 + x13 + x09
y04 = x19 + x14 + x04 + x08
y10 = x19 + x06 + x10 + x01
y09 = x00 + y00 + y15 + y10
y05 = x05 + x15 + x02 + x13
y02 = x05 + y15 + y13 + y05
y06 = x06 + x14 + x16 + x03
y16 = x06 + y14 + y03 + y06
y11 = x01 + y01 + y05 + y16
y12 = x15 + y15 + y04 + y06
y19 = x10 + y01 + y10 + y06
y08 = x04 + y14 + y04 + y19
y17 = x13 + y13 + y04 + y09
y18 = x14 + y00 + y14 + y05
y07 = x03 + y03 + y13 + y18

----------------
SLP Heuristic XorCount: 20, Depth: 3
, XOR2: 0, XOR3: 0, XOR4: 20
SLP Heuristic XorCost ASIC1: 100
SLP Heuristic XorCost ASIC2: 110
SLP Heuristic XorCost ASIC3: 125
SLP Heuristic XorCost ASIC4: 119.8
y06 = x16 + x03 + x06 + x14
y01 = x16 + x01 + x11 + x05
y04 = x19 + x04 + x08 + x14
y05 = x13 + x02 + x15 + x05
y10 = x01 + x19 + x06 + x10
y00 = x09 + x15 + x10 + x00
y03 = x07 + x13 + x03 + x18
y13 = x17 + x13 + x09 + x04
y15 = x04 + x15 + x06 + x12
y02 = x05 + y05 + y13 + y15
y09 = x00 + y10 + y00 + y15
y12 = x15 + y06 + y04 + y15
y14 = x18 + x05 + x14 + x00
y16 = x06 + y06 + y03 + y14
y11 = x01 + y01 + y05 + y16
y17 = x13 + y04 + y13 + y09
y18 = x14 + y05 + y00 + y14
y07 = x03 + y03 + y13 + y18
y19 = x10 + y06 + y01 + y10
y08 = x04 + y04 + y14 + y19

----------------
