20 20
1 0 0 0 0 0 0 0 0 1 1 0 0 0 0 0 0 1 0 0
0 1 0 0 0 1 0 0 0 0 0 1 0 0 0 0 0 0 1 0
0 0 1 0 0 0 1 0 0 1 0 0 1 0 0 0 0 1 0 1
0 0 0 1 0 0 0 1 0 0 0 0 0 1 0 1 0 0 1 0
0 0 0 0 1 0 0 0 1 0 0 0 0 0 1 0 1 0 0 1
1 0 0 0 0 1 0 0 0 0 0 0 0 1 0 1 0 0 0 0
0 1 0 0 0 0 1 0 0 0 0 0 0 0 1 0 1 0 0 0
0 0 1 0 0 0 0 1 0 0 1 0 0 1 0 0 0 1 0 0
0 0 0 1 0 0 0 0 1 0 0 1 0 0 1 0 0 0 1 0
0 0 0 0 1 0 0 0 0 1 0 0 1 0 0 0 0 0 0 1
0 1 0 0 0 0 0 0 1 0 1 0 0 0 0 0 0 0 0 1
1 0 1 0 0 0 0 0 0 1 0 1 0 0 0 1 0 0 0 0
0 0 0 1 0 1 0 0 1 0 0 0 1 0 0 0 1 0 0 1
0 0 0 0 1 0 1 0 0 1 0 0 0 1 0 0 0 1 0 0
1 0 0 0 0 0 0 1 0 0 0 0 0 0 1 0 0 0 1 0
0 0 0 0 1 0 1 0 0 0 1 0 0 0 0 1 0 0 0 0
1 0 0 0 0 1 0 1 0 0 0 1 0 0 0 0 1 0 0 0
0 1 0 0 1 0 0 0 1 0 0 0 1 0 0 0 0 1 0 0
0 0 1 0 0 0 0 0 0 1 0 0 0 1 0 0 0 0 1 0
0 0 0 1 0 1 0 0 0 0 0 0 0 0 1 0 0 0 0 1

***********
SLP Heuristic XorCount: 20, Depth: 3
, XOR2: 0, XOR3: 0, XOR4: 20
SLP Heuristic XorCost ASIC1: 100
SLP Heuristic XorCost ASIC2: 110
SLP Heuristic XorCost ASIC3: 125
SLP Heuristic XorCost ASIC4: 119.8
y09 = x04 + x12 + x19 + x09
y10 = x10 + x01 + x19 + x08
y00 = x10 + x00 + x17 + x09
y14 = x00 + x07 + x18 + x14
y05 = x13 + x00 + x05 + x15
y18 = x13 + x18 + x09 + x02
y07 = x14 + y00 + y14 + y18
y17 = x00 + y09 + y10 + y00
y19 = x05 + x19 + x03 + x14
y03 = x19 + y14 + y05 + y19
y06 = x16 + x06 + x01 + x14
y15 = x10 + x04 + x06 + x15
y04 = x15 + y10 + y06 + y15
y13 = x05 + y00 + y05 + y15
y02 = x18 + y09 + y18 + y13
y12 = x09 + y09 + y19 + y04
y01 = x05 + x18 + x01 + x11
y08 = x10 + y10 + y19 + y01
y11 = x01 + y05 + y18 + y01
y16 = x06 + y14 + y06 + y01

----------------
SLP Heuristic XorCount: 20, Depth: 3
, XOR2: 0, XOR3: 0, XOR4: 20
SLP Heuristic XorCost ASIC1: 100
SLP Heuristic XorCost ASIC2: 110
SLP Heuristic XorCost ASIC3: 125
SLP Heuristic XorCost ASIC4: 119.8
y05 = x13 + x05 + x15 + x00
y18 = x09 + x13 + x02 + x18
y10 = x01 + x19 + x10 + x08
y14 = x14 + x07 + x18 + x00
y00 = x09 + x00 + x10 + x17
y07 = x14 + y18 + y14 + y00
y15 = x04 + x15 + x06 + x10
y13 = x05 + y05 + y00 + y15
y19 = x14 + x05 + x19 + x03
y06 = x14 + x01 + x16 + x06
y04 = x15 + y10 + y15 + y06
y01 = x01 + x05 + x11 + x18
y11 = x01 + y05 + y18 + y01
y08 = x10 + y10 + y19 + y01
y16 = x06 + y14 + y06 + y01
y03 = x19 + y05 + y14 + y19
y09 = x09 + x04 + x12 + x19
y12 = x09 + y19 + y04 + y09
y02 = x18 + y18 + y13 + y09
y17 = x00 + y10 + y00 + y09

----------------
SLP Heuristic XorCount: 20, Depth: 3
, XOR2: 0, XOR3: 0, XOR4: 20
SLP Heuristic XorCost ASIC1: 100
SLP Heuristic XorCost ASIC2: 110
SLP Heuristic XorCost ASIC3: 125
SLP Heuristic XorCost ASIC4: 119.8
y00 = x09 + x10 + x17 + x00
y14 = x18 + x14 + x07 + x00
y15 = x04 + x10 + x15 + x06
y18 = x18 + x09 + x13 + x02
y07 = x14 + y00 + y14 + y18
y01 = x18 + x05 + x11 + x01
y05 = x05 + x15 + x13 + x00
y13 = x05 + y00 + y15 + y05
y11 = x01 + y18 + y01 + y05
y19 = x03 + x05 + x19 + x14
y03 = x19 + y14 + y05 + y19
y09 = x09 + x04 + x19 + x12
y02 = x18 + y18 + y13 + y09
y10 = x19 + x08 + x10 + x01
y17 = x00 + y00 + y09 + y10
y08 = x10 + y01 + y19 + y10
y06 = x16 + x14 + x01 + x06
y16 = x06 + y14 + y01 + y06
y04 = x15 + y15 + y10 + y06
y12 = x09 + y19 + y09 + y04

----------------
SLP Heuristic XorCount: 20, Depth: 3
, XOR2: 0, XOR3: 0, XOR4: 20
SLP Heuristic XorCost ASIC1: 100
SLP Heuristic XorCost ASIC2: 110
SLP Heuristic XorCost ASIC3: 125
SLP Heuristic XorCost ASIC4: 119.8
y19 = x14 + x05 + x19 + x03
y15 = x15 + x04 + x06 + x10
y06 = x14 + x06 + x01 + x16
y05 = x15 + x00 + x05 + x13
y09 = x04 + x19 + x09 + x12
y14 = x00 + x14 + x18 + x07
y01 = x18 + x05 + x11 + x01
y16 = x06 + y06 + y14 + y01
y10 = x19 + x01 + x08 + x10
y08 = x10 + y19 + y01 + y10
y04 = x15 + y15 + y06 + y10
y12 = x09 + y19 + y09 + y04
y18 = x18 + x02 + x09 + x13
y11 = x01 + y05 + y01 + y18
y03 = x19 + y19 + y05 + y14
y00 = x00 + x17 + x09 + x10
y07 = x14 + y14 + y18 + y00
y17 = x00 + y09 + y10 + y00
y13 = x05 + y15 + y05 + y00
y02 = x18 + y09 + y18 + y13

----------------
SLP Heuristic XorCount: 20, Depth: 3
, XOR2: 0, XOR3: 0, XOR4: 20
SLP Heuristic XorCost ASIC1: 100
SLP Heuristic XorCost ASIC2: 110
SLP Heuristic XorCost ASIC3: 125
SLP Heuristic XorCost ASIC4: 119.8
y06 = x16 + x06 + x14 + x01
y01 = x05 + x11 + x18 + x01
y05 = x13 + x15 + x05 + x00
y19 = x03 + x05 + x19 + x14
y14 = x07 + x00 + x18 + x14
y16 = x06 + y06 + y01 + y14
y03 = x19 + y05 + y19 + y14
y09 = x04 + x19 + x09 + x12
y18 = x13 + x02 + x18 + x09
y11 = x01 + y01 + y05 + y18
y00 = x17 + x00 + x10 + x09
y15 = x15 + x04 + x10 + x06
y13 = x05 + y05 + y00 + y15
y02 = x18 + y09 + y18 + y13
y10 = x08 + x10 + x19 + x01
y08 = x10 + y01 + y19 + y10
y17 = x00 + y09 + y00 + y10
y04 = x15 + y06 + y15 + y10
y12 = x09 + y19 + y09 + y04
y07 = x14 + y14 + y18 + y00

----------------
SLP Heuristic XorCount: 20, Depth: 3
, XOR2: 0, XOR3: 0, XOR4: 20
SLP Heuristic XorCost ASIC1: 100
SLP Heuristic XorCost ASIC2: 110
SLP Heuristic XorCost ASIC3: 125
SLP Heuristic XorCost ASIC4: 119.8
y05 = x00 + x05 + x13 + x15
y19 = x05 + x14 + x03 + x19
y09 = x09 + x04 + x12 + x19
y06 = x06 + x14 + x01 + x16
y14 = x00 + x14 + x07 + x18
y03 = x19 + y05 + y19 + y14
y01 = x05 + x01 + x11 + x18
y10 = x08 + x10 + x01 + x19
y08 = x10 + y19 + y01 + y10
y00 = x09 + x00 + x10 + x17
y16 = x06 + y06 + y14 + y01
y15 = x06 + x04 + x10 + x15
y13 = x05 + y05 + y00 + y15
y04 = x15 + y06 + y10 + y15
y12 = x09 + y19 + y09 + y04
y17 = x00 + y09 + y10 + y00
y18 = x09 + x02 + x13 + x18
y02 = x18 + y09 + y13 + y18
y07 = x14 + y14 + y00 + y18
y11 = x01 + y05 + y01 + y18

----------------
SLP Heuristic XorCount: 20, Depth: 3
, XOR2: 0, XOR3: 0, XOR4: 20
SLP Heuristic XorCost ASIC1: 100
SLP Heuristic XorCost ASIC2: 110
SLP Heuristic XorCost ASIC3: 125
SLP Heuristic XorCost ASIC4: 119.8
y14 = x07 + x18 + x00 + x14
y01 = x18 + x05 + x01 + x11
y10 = x10 + x01 + x19 + x08
y05 = x13 + x05 + x15 + x00
y09 = x04 + x19 + x09 + x12
y18 = x18 + x13 + x02 + x09
y19 = x05 + x19 + x03 + x14
y03 = x19 + y14 + y05 + y19
y08 = x10 + y01 + y10 + y19
y00 = x10 + x09 + x17 + x00
y07 = x14 + y14 + y18 + y00
y17 = x00 + y10 + y09 + y00
y11 = x01 + y01 + y05 + y18
y06 = x06 + x01 + x16 + x14
y16 = x06 + y14 + y01 + y06
y15 = x06 + x04 + x10 + x15
y04 = x15 + y10 + y06 + y15
y12 = x09 + y09 + y19 + y04
y13 = x05 + y05 + y00 + y15
y02 = x18 + y09 + y18 + y13

----------------
SLP Heuristic XorCount: 20, Depth: 3
, XOR2: 0, XOR3: 0, XOR4: 20
SLP Heuristic XorCost ASIC1: 100
SLP Heuristic XorCost ASIC2: 110
SLP Heuristic XorCost ASIC3: 125
SLP Heuristic XorCost ASIC4: 119.8
y09 = x12 + x09 + x04 + x19
y18 = x09 + x18 + x02 + x13
y14 = x07 + x18 + x00 + x14
y00 = x09 + x10 + x00 + x17
y10 = x01 + x10 + x19 + x08
y05 = x15 + x05 + x00 + x13
y15 = x15 + x04 + x10 + x06
y19 = x05 + x14 + x19 + x03
y01 = x05 + x01 + x11 + x18
y08 = x10 + y10 + y19 + y01
y11 = x01 + y18 + y05 + y01
y07 = x14 + y18 + y14 + y00
y06 = x01 + x16 + x14 + x06
y16 = x06 + y14 + y01 + y06
y04 = x15 + y10 + y15 + y06
y12 = x09 + y09 + y19 + y04
y13 = x05 + y00 + y05 + y15
y03 = x19 + y14 + y05 + y19
y17 = x00 + y09 + y00 + y10
y02 = x18 + y09 + y18 + y13

----------------
SLP Heuristic XorCount: 20, Depth: 3
, XOR2: 0, XOR3: 0, XOR4: 20
SLP Heuristic XorCost ASIC1: 100
SLP Heuristic XorCost ASIC2: 110
SLP Heuristic XorCost ASIC3: 125
SLP Heuristic XorCost ASIC4: 119.8
y05 = x05 + x15 + x13 + x00
y15 = x04 + x15 + x10 + x06
y18 = x18 + x13 + x09 + x02
y19 = x19 + x05 + x14 + x03
y00 = x17 + x10 + x09 + x00
y14 = x18 + x14 + x07 + x00
y07 = x14 + y18 + y00 + y14
y01 = x18 + x05 + x01 + x11
y13 = x05 + y05 + y15 + y00
y09 = x19 + x12 + x04 + x09
y11 = x01 + y05 + y18 + y01
y03 = x19 + y05 + y19 + y14
y02 = x18 + y18 + y13 + y09
y10 = x19 + x08 + x01 + x10
y17 = x00 + y00 + y09 + y10
y06 = x16 + x14 + x01 + x06
y16 = x06 + y14 + y01 + y06
y04 = x15 + y15 + y10 + y06
y12 = x09 + y19 + y09 + y04
y08 = x10 + y19 + y01 + y10

----------------
SLP Heuristic XorCount: 20, Depth: 3
, XOR2: 0, XOR3: 0, XOR4: 20
SLP Heuristic XorCost ASIC1: 100
SLP Heuristic XorCost ASIC2: 110
SLP Heuristic XorCost ASIC3: 125
SLP Heuristic XorCost ASIC4: 119.8
y19 = x19 + x05 + x14 + x03
y14 = x14 + x00 + x07 + x18
y00 = x09 + x00 + x17 + x10
y15 = x06 + x15 + x04 + x10
y01 = x11 + x05 + x01 + x18
y06 = x06 + x14 + x16 + x01
y16 = x06 + y14 + y01 + y06
y09 = x19 + x04 + x09 + x12
y10 = x19 + x08 + x01 + x10
y17 = x00 + y00 + y09 + y10
y04 = x15 + y15 + y06 + y10
y12 = x09 + y19 + y09 + y04
y08 = x10 + y19 + y01 + y10
y18 = x02 + x09 + x18 + x13
y07 = x14 + y14 + y00 + y18
y05 = x15 + x05 + x00 + x13
y11 = x01 + y01 + y18 + y05
y13 = x05 + y00 + y15 + y05
y02 = x18 + y09 + y18 + y13
y03 = x19 + y19 + y14 + y05

----------------
