20 20
1 0 0 0 0 0 0 0 1 0 0 1 0 0 0 1 0 0 0 0
0 1 0 0 0 0 0 0 0 1 1 0 1 0 0 0 1 0 0 0
0 0 1 0 0 1 0 0 1 0 0 0 0 1 0 0 0 1 0 0
0 0 0 1 0 0 1 0 0 1 0 0 0 0 1 0 0 0 1 0
0 0 0 0 1 0 0 1 0 0 1 0 0 0 0 0 0 0 0 1
0 0 0 1 0 1 0 0 0 0 1 0 0 0 0 0 1 0 0 0
0 0 0 0 1 0 1 0 0 0 0 1 0 0 0 1 0 1 0 0
1 0 0 1 0 0 0 1 0 0 0 0 1 0 0 0 0 0 1 0
0 1 0 0 1 0 0 0 1 0 0 0 0 1 0 0 0 0 0 1
0 0 1 0 0 0 0 0 0 1 0 0 0 0 1 1 0 0 0 0
1 0 0 0 0 0 0 0 0 1 1 0 0 0 0 0 0 0 1 0
0 1 0 0 0 1 0 0 0 0 0 1 0 0 0 0 0 0 0 1
0 0 1 0 0 0 1 0 0 1 0 0 1 0 0 1 0 0 1 0
0 0 0 1 0 0 0 1 0 0 0 0 0 1 0 0 1 0 0 1
0 0 0 0 1 0 0 0 1 0 0 0 0 0 1 0 0 1 0 0
0 0 0 0 1 1 0 0 0 0 0 0 0 1 0 1 0 0 0 0
1 0 0 0 0 0 1 0 0 0 0 0 0 0 1 0 1 0 0 0
0 1 0 0 1 0 0 1 0 0 1 0 0 1 0 0 0 1 0 0
0 0 1 0 0 0 0 0 1 0 0 1 0 0 1 0 0 0 1 0
0 0 0 1 0 0 0 0 0 1 0 0 1 0 0 0 0 0 0 1

***********
SLP Heuristic XorCount: 20, Depth: 3
, XOR2: 0, XOR3: 0, XOR4: 20
SLP Heuristic XorCost ASIC1: 100
SLP Heuristic XorCost ASIC2: 110
SLP Heuristic XorCost ASIC3: 125
SLP Heuristic XorCost ASIC4: 119.8
y09 = x14 + x02 + x15 + x09
y04 = x07 + x19 + x10 + x04
y15 = x13 + x15 + x04 + x05
y19 = x19 + x03 + x12 + x09
y00 = x00 + x11 + x15 + x08
y05 = x10 + x16 + x03 + x05
y14 = x14 + x17 + x04 + x08
y02 = x09 + y09 + y15 + y14
y13 = x15 + y04 + y15 + y05
y10 = x10 + x00 + x18 + x09
y18 = x10 + y09 + y00 + y10
y07 = x04 + y04 + y19 + y10
y16 = x00 + x14 + x16 + x06
y06 = x16 + y00 + y14 + y16
y03 = x05 + y05 + y10 + y16
y12 = x19 + y09 + y19 + y03
y11 = x19 + x11 + x01 + x05
y08 = x00 + y15 + y00 + y11
y17 = x14 + y04 + y14 + y08
y01 = x11 + y19 + y05 + y11

----------------
SLP Heuristic XorCount: 20, Depth: 3
, XOR2: 0, XOR3: 0, XOR4: 20
SLP Heuristic XorCost ASIC1: 100
SLP Heuristic XorCost ASIC2: 110
SLP Heuristic XorCost ASIC3: 125
SLP Heuristic XorCost ASIC4: 119.8
y15 = x04 + x05 + x13 + x15
y04 = x07 + x04 + x10 + x19
y16 = x16 + x00 + x06 + x14
y19 = x09 + x19 + x12 + x03
y11 = x05 + x01 + x19 + x11
y14 = x08 + x04 + x14 + x17
y05 = x16 + x05 + x10 + x03
y13 = x15 + y15 + y04 + y05
y01 = x11 + y19 + y11 + y05
y10 = x09 + x18 + x00 + x10
y03 = x05 + y16 + y05 + y10
y07 = x04 + y04 + y19 + y10
y09 = x02 + x09 + x15 + x14
y12 = x19 + y19 + y03 + y09
y02 = x09 + y15 + y14 + y09
y00 = x08 + x00 + x15 + x11
y06 = x16 + y16 + y14 + y00
y08 = x00 + y15 + y11 + y00
y18 = x10 + y10 + y09 + y00
y17 = x14 + y04 + y14 + y08

----------------
SLP Heuristic XorCount: 20, Depth: 3
, XOR2: 0, XOR3: 0, XOR4: 20
SLP Heuristic XorCost ASIC1: 100
SLP Heuristic XorCost ASIC2: 110
SLP Heuristic XorCost ASIC3: 125
SLP Heuristic XorCost ASIC4: 119.8
y09 = x14 + x15 + x02 + x09
y15 = x05 + x15 + x04 + x13
y04 = x10 + x07 + x19 + x04
y10 = x10 + x09 + x18 + x00
y05 = x05 + x03 + x10 + x16
y11 = x05 + x11 + x01 + x19
y00 = x15 + x11 + x08 + x00
y08 = x00 + y15 + y11 + y00
y19 = x03 + x12 + x19 + x09
y16 = x16 + x14 + x06 + x00
y03 = x05 + y10 + y05 + y16
y12 = x19 + y09 + y19 + y03
y14 = x14 + x17 + x04 + x08
y06 = x16 + y00 + y16 + y14
y13 = x15 + y15 + y04 + y05
y17 = x14 + y04 + y08 + y14
y02 = x09 + y09 + y15 + y14
y01 = x11 + y05 + y11 + y19
y07 = x04 + y04 + y10 + y19
y18 = x10 + y09 + y10 + y00

----------------
SLP Heuristic XorCount: 20, Depth: 3
, XOR2: 0, XOR3: 0, XOR4: 20
SLP Heuristic XorCost ASIC1: 100
SLP Heuristic XorCost ASIC2: 110
SLP Heuristic XorCost ASIC3: 125
SLP Heuristic XorCost ASIC4: 119.8
y05 = x05 + x16 + x10 + x03
y19 = x09 + x19 + x03 + x12
y04 = x04 + x10 + x19 + x07
y00 = x00 + x11 + x08 + x15
y11 = x05 + x11 + x01 + x19
y01 = x11 + y05 + y19 + y11
y15 = x05 + x04 + x13 + x15
y09 = x02 + x09 + x14 + x15
y10 = x00 + x09 + x10 + x18
y07 = x04 + y19 + y04 + y10
y18 = x10 + y00 + y09 + y10
y13 = x15 + y05 + y04 + y15
y14 = x17 + x04 + x08 + x14
y16 = x00 + x16 + x14 + x06
y06 = x16 + y00 + y14 + y16
y02 = x09 + y15 + y09 + y14
y08 = x00 + y00 + y11 + y15
y17 = x14 + y04 + y14 + y08
y03 = x05 + y05 + y10 + y16
y12 = x19 + y19 + y09 + y03

----------------
SLP Heuristic XorCount: 20, Depth: 3
, XOR2: 0, XOR3: 0, XOR4: 20
SLP Heuristic XorCost ASIC1: 100
SLP Heuristic XorCost ASIC2: 110
SLP Heuristic XorCost ASIC3: 125
SLP Heuristic XorCost ASIC4: 119.8
y05 = x10 + x05 + x03 + x16
y11 = x05 + x19 + x01 + x11
y04 = x07 + x10 + x19 + x04
y16 = x14 + x06 + x00 + x16
y00 = x15 + x08 + x00 + x11
y14 = x17 + x14 + x08 + x04
y10 = x09 + x10 + x18 + x00
y03 = x05 + y05 + y16 + y10
y15 = x15 + x05 + x04 + x13
y08 = x00 + y11 + y00 + y15
y17 = x14 + y04 + y14 + y08
y13 = x15 + y05 + y04 + y15
y06 = x16 + y16 + y00 + y14
y19 = x09 + x12 + x19 + x03
y07 = x04 + y04 + y10 + y19
y01 = x11 + y05 + y11 + y19
y09 = x09 + x14 + x15 + x02
y02 = x09 + y14 + y15 + y09
y18 = x10 + y00 + y10 + y09
y12 = x19 + y03 + y19 + y09

----------------
SLP Heuristic XorCount: 20, Depth: 3
, XOR2: 0, XOR3: 0, XOR4: 20
SLP Heuristic XorCost ASIC1: 100
SLP Heuristic XorCost ASIC2: 110
SLP Heuristic XorCost ASIC3: 125
SLP Heuristic XorCost ASIC4: 119.8
y19 = x12 + x09 + x03 + x19
y16 = x16 + x06 + x00 + x14
y00 = x08 + x11 + x00 + x15
y04 = x04 + x10 + x07 + x19
y10 = x09 + x10 + x00 + x18
y09 = x02 + x09 + x14 + x15
y18 = x10 + y00 + y10 + y09
y05 = x16 + x10 + x03 + x05
y03 = x05 + y16 + y10 + y05
y14 = x04 + x17 + x08 + x14
y06 = x16 + y16 + y00 + y14
y12 = x19 + y19 + y09 + y03
y15 = x04 + x13 + x15 + x05
y02 = x09 + y09 + y14 + y15
y13 = x15 + y04 + y05 + y15
y11 = x01 + x11 + x19 + x05
y08 = x00 + y00 + y15 + y11
y17 = x14 + y04 + y14 + y08
y01 = x11 + y19 + y05 + y11
y07 = x04 + y19 + y04 + y10

----------------
SLP Heuristic XorCount: 20, Depth: 3
, XOR2: 0, XOR3: 0, XOR4: 20
SLP Heuristic XorCost ASIC1: 100
SLP Heuristic XorCost ASIC2: 110
SLP Heuristic XorCost ASIC3: 125
SLP Heuristic XorCost ASIC4: 119.8
y11 = x05 + x19 + x11 + x01
y16 = x14 + x00 + x16 + x06
y10 = x10 + x09 + x18 + x00
y04 = x10 + x19 + x07 + x04
y15 = x13 + x05 + x15 + x04
y09 = x14 + x15 + x09 + x02
y19 = x12 + x19 + x09 + x03
y07 = x04 + y10 + y04 + y19
y14 = x14 + x04 + x08 + x17
y02 = x09 + y15 + y09 + y14
y05 = x05 + x10 + x03 + x16
y01 = x11 + y11 + y19 + y05
y03 = x05 + y16 + y10 + y05
y13 = x15 + y04 + y15 + y05
y12 = x19 + y09 + y19 + y03
y00 = x11 + x15 + x00 + x08
y18 = x10 + y10 + y09 + y00
y06 = x16 + y16 + y14 + y00
y08 = x00 + y11 + y15 + y00
y17 = x14 + y04 + y14 + y08

----------------
SLP Heuristic XorCount: 20, Depth: 3
, XOR2: 0, XOR3: 0, XOR4: 20
SLP Heuristic XorCost ASIC1: 100
SLP Heuristic XorCost ASIC2: 110
SLP Heuristic XorCost ASIC3: 125
SLP Heuristic XorCost ASIC4: 119.8
y00 = x15 + x08 + x00 + x11
y10 = x18 + x00 + x10 + x09
y04 = x04 + x10 + x07 + x19
y09 = x15 + x02 + x14 + x09
y16 = x00 + x06 + x16 + x14
y11 = x01 + x05 + x19 + x11
y15 = x15 + x13 + x04 + x05
y08 = x00 + y00 + y11 + y15
y14 = x17 + x04 + x08 + x14
y02 = x09 + y09 + y15 + y14
y06 = x16 + y00 + y16 + y14
y17 = x14 + y04 + y08 + y14
y05 = x10 + x16 + x05 + x03
y03 = x05 + y10 + y16 + y05
y13 = x15 + y04 + y15 + y05
y18 = x10 + y00 + y10 + y09
y19 = x12 + x19 + x03 + x09
y01 = x11 + y11 + y05 + y19
y12 = x19 + y09 + y03 + y19
y07 = x04 + y10 + y04 + y19

----------------
SLP Heuristic XorCount: 20, Depth: 3
, XOR2: 0, XOR3: 0, XOR4: 20
SLP Heuristic XorCost ASIC1: 100
SLP Heuristic XorCost ASIC2: 110
SLP Heuristic XorCost ASIC3: 125
SLP Heuristic XorCost ASIC4: 119.8
y09 = x09 + x15 + x14 + x02
y04 = x10 + x19 + x07 + x04
y05 = x10 + x03 + x16 + x05
y19 = x09 + x03 + x19 + x12
y10 = x09 + x10 + x00 + x18
y07 = x04 + y04 + y19 + y10
y00 = x15 + x11 + x08 + x00
y18 = x10 + y09 + y10 + y00
y14 = x14 + x04 + x17 + x08
y15 = x15 + x13 + x05 + x04
y02 = x09 + y09 + y14 + y15
y13 = x15 + y04 + y05 + y15
y16 = x14 + x06 + x16 + x00
y06 = x16 + y00 + y14 + y16
y03 = x05 + y05 + y10 + y16
y12 = x19 + y09 + y19 + y03
y11 = x01 + x19 + x11 + x05
y01 = x11 + y05 + y19 + y11
y08 = x00 + y00 + y15 + y11
y17 = x14 + y04 + y14 + y08

----------------
SLP Heuristic XorCount: 20, Depth: 3
, XOR2: 0, XOR3: 0, XOR4: 20
SLP Heuristic XorCost ASIC1: 100
SLP Heuristic XorCost ASIC2: 110
SLP Heuristic XorCost ASIC3: 125
SLP Heuristic XorCost ASIC4: 119.8
y04 = x19 + x04 + x10 + x07
y15 = x04 + x15 + x05 + x13
y19 = x19 + x12 + x09 + x03
y11 = x19 + x01 + x11 + x05
y05 = x16 + x10 + x05 + x03
y01 = x11 + y19 + y11 + y05
y13 = x15 + y04 + y15 + y05
y14 = x04 + x08 + x17 + x14
y10 = x00 + x10 + x18 + x09
y07 = x04 + y04 + y19 + y10
y16 = x00 + x16 + x14 + x06
y03 = x05 + y05 + y10 + y16
y09 = x02 + x15 + x14 + x09
y02 = x09 + y15 + y14 + y09
y12 = x19 + y19 + y03 + y09
y00 = x00 + x11 + x08 + x15
y06 = x16 + y14 + y16 + y00
y08 = x00 + y15 + y11 + y00
y17 = x14 + y04 + y14 + y08
y18 = x10 + y10 + y09 + y00

----------------
