20 20
1 0 0 0 0 0 0 0 0 1 1 0 0 0 0 0 1 0 0 0
0 1 0 0 0 1 0 0 0 0 0 1 0 0 0 1 0 1 0 0
0 0 1 0 0 0 1 0 0 1 0 0 1 0 0 0 0 0 1 0
0 0 0 1 0 0 0 1 0 0 0 0 0 1 0 0 0 0 0 1
0 0 0 0 1 0 0 0 1 0 0 0 0 0 1 1 0 0 0 0
0 0 1 0 0 1 0 0 0 0 1 0 0 0 0 0 0 0 0 1
0 0 0 1 0 0 1 0 0 0 0 1 0 0 0 1 0 0 0 0
0 0 1 0 1 0 0 1 0 0 0 0 1 0 0 0 1 0 0 1
1 0 0 1 0 0 0 0 1 0 0 0 0 1 0 0 0 1 0 0
0 1 0 0 1 0 0 0 0 1 0 0 0 0 1 0 0 0 1 0
0 0 0 0 1 0 1 0 0 0 1 0 0 0 0 0 0 0 1 0
1 0 0 0 0 1 0 1 0 0 0 1 0 0 0 0 0 0 0 1
0 1 0 0 1 0 0 0 1 0 0 0 1 0 0 1 0 0 1 0
0 0 1 0 0 0 0 0 0 1 0 0 0 1 0 0 1 0 0 1
0 0 0 1 0 1 0 0 0 0 0 0 0 0 1 0 0 1 0 0
1 0 0 0 0 1 0 0 0 0 0 0 0 1 0 1 0 0 0 0
0 1 0 0 0 0 1 0 0 0 0 0 0 0 1 0 1 0 0 0
0 0 1 0 0 0 0 1 0 0 1 0 0 1 0 0 0 1 0 0
0 0 0 1 0 0 0 0 1 0 0 1 0 0 1 0 0 0 1 0
0 0 0 0 1 0 0 0 0 1 0 0 1 0 0 0 0 0 0 1

***********
SLP Heuristic XorCount: 20, Depth: 3
, XOR2: 0, XOR3: 0, XOR4: 20
SLP Heuristic XorCost ASIC1: 100
SLP Heuristic XorCost ASIC2: 110
SLP Heuristic XorCost ASIC3: 125
SLP Heuristic XorCost ASIC4: 119.8
y14 = x14 + x17 + x05 + x03
y15 = x13 + x00 + x05 + x15
y19 = x09 + x19 + x12 + x04
y16 = x01 + x14 + x16 + x06
y10 = x10 + x18 + x04 + x06
y03 = x19 + x07 + x13 + x03
y04 = x14 + x08 + x04 + x15
y08 = x04 + y14 + y15 + y04
y05 = x10 + x02 + x19 + x05
y17 = x14 + y14 + y03 + y05
y02 = x05 + y19 + y10 + y05
y00 = x10 + x16 + x09 + x00
y09 = x00 + y16 + y10 + y00
y13 = x15 + y15 + y05 + y00
y07 = x03 + y19 + y03 + y13
y12 = x19 + y19 + y04 + y09
y06 = x11 + x06 + x15 + x03
y01 = x16 + y14 + y16 + y06
y11 = x06 + y15 + y03 + y06
y18 = x10 + y10 + y04 + y06

----------------
SLP Heuristic XorCount: 20, Depth: 3
, XOR2: 0, XOR3: 0, XOR4: 20
SLP Heuristic XorCost ASIC1: 100
SLP Heuristic XorCost ASIC2: 110
SLP Heuristic XorCost ASIC3: 125
SLP Heuristic XorCost ASIC4: 119.8
y16 = x14 + x06 + x01 + x16
y14 = x14 + x03 + x05 + x17
y04 = x08 + x14 + x04 + x15
y05 = x10 + x05 + x19 + x02
y06 = x06 + x03 + x15 + x11
y00 = x10 + x09 + x00 + x16
y01 = x16 + y16 + y14 + y06
y10 = x10 + x06 + x04 + x18
y18 = x10 + y04 + y06 + y10
y15 = x13 + x15 + x05 + x00
y13 = x15 + y05 + y00 + y15
y08 = x04 + y14 + y04 + y15
y09 = x00 + y16 + y00 + y10
y03 = x07 + x13 + x03 + x19
y11 = x06 + y06 + y15 + y03
y17 = x14 + y14 + y05 + y03
y19 = x04 + x09 + x19 + x12
y07 = x03 + y13 + y03 + y19
y02 = x05 + y05 + y10 + y19
y12 = x19 + y04 + y09 + y19

----------------
SLP Heuristic XorCount: 20, Depth: 3
, XOR2: 0, XOR3: 0, XOR4: 20
SLP Heuristic XorCost ASIC1: 100
SLP Heuristic XorCost ASIC2: 110
SLP Heuristic XorCost ASIC3: 125
SLP Heuristic XorCost ASIC4: 119.8
y00 = x09 + x16 + x10 + x00
y10 = x18 + x10 + x06 + x04
y15 = x05 + x15 + x13 + x00
y19 = x09 + x19 + x12 + x04
y14 = x05 + x17 + x03 + x14
y04 = x08 + x15 + x04 + x14
y08 = x04 + y15 + y14 + y04
y05 = x19 + x05 + x02 + x10
y02 = x05 + y10 + y19 + y05
y16 = x16 + x01 + x06 + x14
y09 = x00 + y00 + y10 + y16
y12 = x19 + y19 + y04 + y09
y03 = x07 + x19 + x13 + x03
y17 = x14 + y14 + y05 + y03
y13 = x15 + y00 + y15 + y05
y07 = x03 + y19 + y03 + y13
y06 = x15 + x11 + x03 + x06
y11 = x06 + y15 + y03 + y06
y18 = x10 + y10 + y04 + y06
y01 = x16 + y14 + y16 + y06

----------------
SLP Heuristic XorCount: 20, Depth: 3
, XOR2: 0, XOR3: 0, XOR4: 20
SLP Heuristic XorCost ASIC1: 100
SLP Heuristic XorCost ASIC2: 110
SLP Heuristic XorCost ASIC3: 125
SLP Heuristic XorCost ASIC4: 119.8
y10 = x18 + x04 + x06 + x10
y05 = x19 + x05 + x02 + x10
y06 = x03 + x11 + x06 + x15
y03 = x03 + x19 + x13 + x07
y16 = x06 + x14 + x16 + x01
y14 = x03 + x14 + x05 + x17
y17 = x14 + y05 + y03 + y14
y01 = x16 + y06 + y16 + y14
y15 = x00 + x15 + x13 + x05
y11 = x06 + y06 + y03 + y15
y00 = x09 + x00 + x10 + x16
y09 = x00 + y10 + y16 + y00
y13 = x15 + y05 + y15 + y00
y04 = x04 + x14 + x15 + x08
y18 = x10 + y10 + y06 + y04
y08 = x04 + y14 + y15 + y04
y19 = x09 + x19 + x04 + x12
y02 = x05 + y10 + y05 + y19
y07 = x03 + y03 + y13 + y19
y12 = x19 + y09 + y04 + y19

----------------
SLP Heuristic XorCount: 20, Depth: 3
, XOR2: 0, XOR3: 0, XOR4: 20
SLP Heuristic XorCost ASIC1: 100
SLP Heuristic XorCost ASIC2: 110
SLP Heuristic XorCost ASIC3: 125
SLP Heuristic XorCost ASIC4: 119.8
y16 = x16 + x01 + x14 + x06
y15 = x15 + x13 + x00 + x05
y19 = x12 + x09 + x04 + x19
y03 = x03 + x13 + x07 + x19
y00 = x16 + x00 + x09 + x10
y10 = x18 + x04 + x06 + x10
y14 = x03 + x17 + x05 + x14
y05 = x02 + x05 + x10 + x19
y02 = x05 + y19 + y10 + y05
y17 = x14 + y03 + y14 + y05
y13 = x15 + y15 + y00 + y05
y07 = x03 + y19 + y03 + y13
y09 = x00 + y16 + y00 + y10
y04 = x15 + x08 + x14 + x04
y12 = x19 + y19 + y09 + y04
y08 = x04 + y15 + y14 + y04
y06 = x15 + x03 + x11 + x06
y01 = x16 + y16 + y14 + y06
y11 = x06 + y15 + y03 + y06
y18 = x10 + y10 + y04 + y06

----------------
SLP Heuristic XorCount: 20, Depth: 3
, XOR2: 0, XOR3: 0, XOR4: 20
SLP Heuristic XorCost ASIC1: 100
SLP Heuristic XorCost ASIC2: 110
SLP Heuristic XorCost ASIC3: 125
SLP Heuristic XorCost ASIC4: 119.8
y00 = x10 + x00 + x09 + x16
y14 = x14 + x05 + x17 + x03
y03 = x19 + x13 + x07 + x03
y05 = x02 + x05 + x19 + x10
y06 = x15 + x06 + x11 + x03
y04 = x15 + x14 + x04 + x08
y10 = x06 + x04 + x10 + x18
y18 = x10 + y06 + y04 + y10
y17 = x14 + y14 + y03 + y05
y15 = x15 + x05 + x00 + x13
y13 = x15 + y00 + y05 + y15
y11 = x06 + y03 + y06 + y15
y16 = x14 + x06 + x01 + x16
y01 = x16 + y14 + y06 + y16
y09 = x00 + y00 + y10 + y16
y08 = x04 + y14 + y04 + y15
y19 = x12 + x04 + x19 + x09
y02 = x05 + y05 + y10 + y19
y12 = x19 + y04 + y09 + y19
y07 = x03 + y03 + y13 + y19

----------------
SLP Heuristic XorCount: 20, Depth: 3
, XOR2: 0, XOR3: 0, XOR4: 20
SLP Heuristic XorCost ASIC1: 100
SLP Heuristic XorCost ASIC2: 110
SLP Heuristic XorCost ASIC3: 125
SLP Heuristic XorCost ASIC4: 119.8
y14 = x14 + x17 + x03 + x05
y15 = x00 + x13 + x15 + x05
y19 = x12 + x19 + x04 + x09
y04 = x08 + x14 + x15 + x04
y08 = x04 + y14 + y15 + y04
y16 = x14 + x16 + x01 + x06
y03 = x03 + x07 + x13 + x19
y10 = x10 + x18 + x06 + x04
y05 = x10 + x05 + x19 + x02
y02 = x05 + y19 + y10 + y05
y00 = x00 + x16 + x10 + x09
y09 = x00 + y16 + y10 + y00
y12 = x19 + y19 + y04 + y09
y13 = x15 + y15 + y05 + y00
y07 = x03 + y19 + y03 + y13
y17 = x14 + y14 + y03 + y05
y06 = x11 + x03 + x15 + x06
y11 = x06 + y15 + y03 + y06
y01 = x16 + y14 + y16 + y06
y18 = x10 + y04 + y10 + y06

----------------
SLP Heuristic XorCount: 20, Depth: 3
, XOR2: 0, XOR3: 0, XOR4: 20
SLP Heuristic XorCost ASIC1: 100
SLP Heuristic XorCost ASIC2: 110
SLP Heuristic XorCost ASIC3: 125
SLP Heuristic XorCost ASIC4: 119.8
y16 = x01 + x06 + x16 + x14
y10 = x04 + x06 + x10 + x18
y03 = x19 + x13 + x07 + x03
y04 = x08 + x04 + x15 + x14
y05 = x19 + x02 + x10 + x05
y06 = x06 + x11 + x03 + x15
y00 = x00 + x09 + x10 + x16
y14 = x05 + x03 + x17 + x14
y01 = x16 + y16 + y06 + y14
y15 = x00 + x13 + x05 + x15
y11 = x06 + y03 + y06 + y15
y08 = x04 + y04 + y14 + y15
y13 = x15 + y05 + y00 + y15
y09 = x00 + y16 + y10 + y00
y17 = x14 + y03 + y05 + y14
y18 = x10 + y10 + y04 + y06
y19 = x19 + x04 + x09 + x12
y07 = x03 + y03 + y13 + y19
y12 = x19 + y04 + y09 + y19
y02 = x05 + y10 + y05 + y19

----------------
SLP Heuristic XorCount: 20, Depth: 3
, XOR2: 0, XOR3: 0, XOR4: 20
SLP Heuristic XorCost ASIC1: 100
SLP Heuristic XorCost ASIC2: 110
SLP Heuristic XorCost ASIC3: 125
SLP Heuristic XorCost ASIC4: 119.8
y00 = x10 + x16 + x09 + x00
y10 = x10 + x18 + x04 + x06
y15 = x05 + x00 + x13 + x15
y19 = x19 + x09 + x12 + x04
y14 = x03 + x17 + x05 + x14
y03 = x03 + x19 + x07 + x13
y04 = x14 + x04 + x15 + x08
y08 = x04 + y15 + y14 + y04
y05 = x10 + x19 + x05 + x02
y02 = x05 + y10 + y19 + y05
y13 = x15 + y00 + y15 + y05
y17 = x14 + y14 + y03 + y05
y07 = x03 + y19 + y03 + y13
y16 = x01 + x16 + x14 + x06
y09 = x00 + y00 + y10 + y16
y12 = x19 + y19 + y04 + y09
y06 = x03 + x11 + x06 + x15
y11 = x06 + y15 + y03 + y06
y01 = x16 + y14 + y16 + y06
y18 = x10 + y10 + y04 + y06

----------------
SLP Heuristic XorCount: 20, Depth: 3
, XOR2: 0, XOR3: 0, XOR4: 20
SLP Heuristic XorCost ASIC1: 100
SLP Heuristic XorCost ASIC2: 110
SLP Heuristic XorCost ASIC3: 125
SLP Heuristic XorCost ASIC4: 119.8
y04 = x04 + x08 + x15 + x14
y05 = x10 + x02 + x05 + x19
y06 = x03 + x06 + x11 + x15
y16 = x06 + x01 + x14 + x16
y10 = x10 + x06 + x04 + x18
y18 = x10 + y04 + y06 + y10
y14 = x03 + x05 + x14 + x17
y01 = x16 + y06 + y16 + y14
y15 = x15 + x13 + x05 + x00
y08 = x04 + y04 + y14 + y15
y00 = x10 + x09 + x00 + x16
y09 = x00 + y16 + y10 + y00
y13 = x15 + y05 + y15 + y00
y03 = x07 + x03 + x13 + x19
y17 = x14 + y05 + y14 + y03
y11 = x06 + y06 + y15 + y03
y19 = x04 + x09 + x12 + x19
y02 = x05 + y05 + y10 + y19
y07 = x03 + y13 + y03 + y19
y12 = x19 + y04 + y09 + y19

----------------
